#
# There is insufficient memory for the Java Runtime Environment to continue.
# Native memory allocation (mmap) failed to map 73400320 bytes for G1 virtual space
# Possible reasons:
#   The system is out of physical RAM or swap space
#   The process is running with CompressedOops enabled, and the Java Heap may be blocking the growth of the native heap
# Possible solutions:
#   Reduce memory load on the system
#   Increase physical memory or swap space
#   Check if swap backing store is full
#   Decrease Java heap size (-Xmx/-Xms)
#   Decrease number of Java threads
#   Decrease Java thread stack sizes (-Xss)
#   Set larger code cache with -XX:ReservedCodeCacheSize=
#   JVM is running with Unscaled Compressed Oops mode in which the Java heap is
#     placed in the first 4GB address space. The Java Heap base address is the
#     maximum limit for the native heap growth. Please use -XX:HeapBaseMinAddress
#     to set the Java Heap base and to place the Java Heap above 4GB virtual address.
# This output file may be truncated or incomplete.
#
#  Out of Memory Error (os_windows.cpp:3600), pid=23060, tid=29096
#
# JRE version: OpenJDK Runtime Environment (21.0+35) (build 21+35-2513)
# Java VM: OpenJDK 64-Bit Server VM (21+35-2513, mixed mode, sharing, tiered, compressed oops, compressed class ptrs, g1 gc, windows-amd64)
# No core dump will be written. Minidumps are not enabled by default on client versions of Windows
#

---------------  S U M M A R Y ------------

Command Line: --module-path=C:\Users\Lenovo\.m2\repository\org\openjfx\javafx-base\20.0.1\javafx-base-20.0.1-win.jar;C:\Users\Lenovo\.m2\repository\org\openjfx\javafx-base\20.0.1\javafx-base-20.0.1.jar;C:\Users\Lenovo\.m2\repository\org\openjfx\javafx-controls\20.0.1\javafx-controls-20.0.1-win.jar;C:\Users\Lenovo\.m2\repository\org\openjfx\javafx-controls\20.0.1\javafx-controls-20.0.1.jar;C:\Users\Lenovo\.m2\repository\org\openjfx\javafx-fxml\20.0.1\javafx-fxml-20.0.1-win.jar;C:\Users\Lenovo\.m2\repository\org\openjfx\javafx-fxml\20.0.1\javafx-fxml-20.0.1.jar;C:\Users\Lenovo\.m2\repository\org\openjfx\javafx-graphics\20.0.1\javafx-graphics-20.0.1-win.jar;C:\Users\Lenovo\.m2\repository\org\openjfx\javafx-graphics\20.0.1\javafx-graphics-20.0.1.jar --add-modules=javafx.base,javafx.controls,javafx.fxml,javafx.graphics test.Main

Host: Intel(R) Core(TM) i5-10210U CPU @ 1.60GHz, 8 cores, 7G,  Windows 10 , 64 bit Build 19041 (10.0.19041.3636)
Time: Sat May  4 16:07:11 2024 Paris, Madrid (heure duild 19041 (10.0.19041.3636) elapsed time: 10.902013 seconds (0d 0h 0m 10s)

---------------  T H R E A D  ---------------

Current thread (0x000002217f0a67f0):  VMThread "VM Thread"          [id=29096, stack(0x000000938aa00000,0x000000938ab00000) (1024K)]

Stack: [0x000000938aa00000,0x000000938ab00000]
Native frames: (J=compiled Java code, j=interpreted, Vv=VM code, C=native code)
V  [jvm.dll+0x6c8d39]
V  [jvm.dll+0x854091]
V  [jvm.dll+0x85630e]
V  [jvm.dll+0x8569e3]
V  [jvm.dll+0x2809a6]
V  [jvm.dll+0x6c5425]
V  [jvm.dll+0x6b9e1a]
V  [jvm.dll+0x3555ba]
V  [jvm.dll+0x35d206]
V  [jvm.dll+0x3adf6e]
V  [jvm.dll+0x3ae218]
V  [jvm.dll+0x328fcc]
V  [jvm.dll+0x32b876]
V  [jvm.dll+0x3357ce]
V  [jvm.dll+0x36ba35]
V  [jvm.dll+0x85c4e8]
V  [jvm.dll+0x85d5e4]
V  [jvm.dll+0x85db20]
V  [jvm.dll+0x85ddc3]
V  [jvm.dll+0x7fd2c8]
V  [jvm.dll+0x6c748d]
C  [ucrtbase.dll+0x21bb2]
C  [KERNEL32.DLL+0x17344]
C  [ntdll.dll+0x526b1]

VM_Operation (0x000000938a5ff8d0): G1PauseRemark, mode: safepoint, requested by thread 0x000002216f8b60f0


---------------  P R O C E S S  ---------------

Threads class SMR info:
_java_thread_list=0x000002215b3bed80, length=19, elements={
0x000002216f68a500, 0x000002217f0c3310, 0x000002217f0c4040, 0x000002217f0c6d90,
0x000002217f0c8d30, 0x000002217f0cb870, 0x000002217f0cfd70, 0x000002217f0de780,
0x000002217f0e9c50, 0x000002217f0cf6e0, 0x000002217f0ce330, 0x000002217f0d0a90,
0x000002217f0d1120, 0x000002217f0d17b0, 0x000002217f0ce9c0, 0x000002217f0cf050,
0x000002217f0d0400, 0x0000022158e57b60, 0x0000022158e58880
}

Java Threads: ( => current thread )
  0x000002216f68a500 JavaThread "main"                              [_thread_blocked, id=27368, stack(0x000000938a300000,0x000000938a400000) (1024K)]
  0x000002217f0c3310 JavaThread "Reference Handler"          daemon [_thread_blocked, id=14332, stack(0x000000938ab00000,0x000000938ac00000) (1024K)]
  0x000002217f0c4040 JavaThread "Finalizer"                  daemon [_thread_blocked, id=23396, stack(0x000000938ac00000,0x000000938ad00000) (1024K)]
  0x000002217f0c6d90 JavaThread "Signal Dispatcher"          daemon [_thread_blocked, id=9496, stack(0x000000938ad00000,0x000000938ae00000) (1024K)]
  0x000002217f0c8d30 JavaThread "Attach Listener"            daemon [_thread_blocked, id=19984, stack(0x000000938ae00000,0x000000938af00000) (1024K)]
  0x000002217f0cb870 JavaThread "Service Thread"             daemon [_thread_blocked, id=27068, stack(0x000000938af00000,0x000000938b000000) (1024K)]
  0x000002217f0cfd70 JavaThread "Monitor Deflation Thread"   daemon [_thread_blocked, id=15448, stack(0x000000938b000000,0x000000938b100000) (1024K)]
  0x000002217f0de780 JavaThread "C2 CompilerThread0"         daemon [_thread_blocked, id=24400, stack(0x000000938b100000,0x000000938b200000) (1024K)]
  0x000002217f0e9c50 JavaThread "C1 CompilerThread0"         daemon [_thread_blocked, id=23644, stack(0x000000938b200000,0x000000938b300000) (1024K)]
  0x000002217f0cf6e0 JavaThread "Common-Cleaner"             daemon [_thread_blocked, id=27840, stack(0x000000938b300000,0x000000938b400000) (1024K)]
  0x000002217f0ce330 JavaThread "Notification Thread"        daemon [_thread_blocked, id=28048, stack(0x000000938b400000,0x000000938b500000) (1024K)]
  0x000002217f0d0a90 JavaThread "QuantumRenderer-0"          daemon [_thread_blocked, id=5600, stack(0x000000938b500000,0x000000938b600000) (1024K)]
  0x000002217f0d1120 JavaThread "InvokeLaterDispatcher"      daemon [_thread_blocked, id=26464, stack(0x000000938b600000,0x000000938b700000) (1024K)]
  0x000002217f0d17b0 JavaThread "JavaFX Application Thread"         [_thread_in_native, id=7812, stack(0x000000938b700000,0x000000938b800000) (1024K)]
  0x000002217f0ce9c0 JavaThread "JavaFX-Launcher"                   [_thread_blocked, id=24732, stack(0x000000938bc00000,0x000000938bd00000) (1024K)]
  0x000002217f0cf050 JavaThread "Thread-2"                   daemon [_thread_blocked, id=9952, stack(0x000000938bb00000,0x000000938bc00000) (1024K)]
  0x000002217f0d0400 JavaThread "mysql-cj-abandoned-connection-cleanup" daemon [_thread_blocked, id=29304, stack(0x000000938c200000,0x000000938c300000) (1024K)]
  0x0000022158e57b60 JavaThread "Prism Font Disposer"        daemon [_thread_blocked, id=24300, stack(0x000000938c500000,0x000000938c600000) (1024K)]
  0x0000022158e58880 JavaThread "Cleaner-0"                  daemon [_thread_blocked, id=10140, stack(0x000000938ca00000,0x000000938cb00000) (1024K)]
Total: 19

Other Threads:
=>0x000002217f0a67f0 VMThread "VM Thread"                           [id=29096, stack(0x000000938aa00000,0x000000938ab00000) (1024K)]
  0x000002217f08e060 WatcherThread "VM Periodic Task Thread"        [id=26804, stack(0x000000938a900000,0x000000938aa00000) (1024K)]
  0x000002216f8a5610 WorkerThread "GC Thread#0"                     [id=5936, stack(0x000000938a400000,0x000000938a500000) (1024K)]
  0x000002217fcff060 WorkerThread "GC Thread#1"                     [id=21308, stack(0x000000938bd00000,0x000000938be00000) (1024K)]
  0x000002217fd23000 WorkerThread "GC Thread#2"                     [id=26084, stack(0x000000938be00000,0x000000938bf00000) (1024K)]
  0x000002217fd233a0 WorkerThread "GC Thread#3"                     [id=24232, stack(0x000000938bf00000,0x000000938c000000) (1024K)]
  0x000002217fd22520 WorkerThread "GC Thread#4"                     [id=18756, stack(0x000000938c000000,0x000000938c100000) (1024K)]
  0x000002217fd228c0 WorkerThread "GC Thread#5"                     [id=28524, stack(0x000000938c100000,0x000000938c200000) (1024K)]
  0x000002215957b820 WorkerThread "GC Thread#6"                     [id=22720, stack(0x000000938c300000,0x000000938c400000) (1024K)]
  0x000002215957bbc0 WorkerThread "GC Thread#7"                     [id=6852, stack(0x000000938c400000,0x000000938c500000) (1024K)]
  0x000002216f8b60f0 ConcurrentGCThread "G1 Main Marker"            [id=28040, stack(0x000000938a500000,0x000000938a600000) (1024K)]
  0x000002216f8b7610 WorkerThread "G1 Conc#0"                       [id=8184, stack(0x000000938a600000,0x000000938a700000) (1024K)]
  0x0000022158e2be50 WorkerThread "G1 Conc#1"                       [id=6728, stack(0x000000938c600000,0x000000938c700000) (1024K)]
  0x000002217ef630d0 ConcurrentGCThread "G1 Refine#0"               [id=11740, stack(0x000000938a700000,0x000000938a800000) (1024K)]
  0x000002217ef63ae0 ConcurrentGCThread "G1 Service"                [id=17596, stack(0x000000938a800000,0x000000938a900000) (1024K)]
Total: 15

Threads with active compile tasks:
C2 CompilerThread0    10953 6186   !   4       javafx.scene.CssStyleHelper::transitionToState (1039 bytes)
Total: 1

VM state: at safepoint (normal execution)

VM Mutex/Monitor currently owned by a thread:  ([mutex/lock_event])
[0x00007ff8f3178548] Threads_lock - owner thread: 0x000002217f0a67f0
[0x00007ff8f3178648] Heap_lock - owner thread: 0x000002216f8b60f0

Heap address: 0x0000000082800000, size: 2008 MB, Compressed Oops mode: 32-bit

CDS archive(s) mapped at: [0x000002210f000000-0x000002210fc90000-0x000002210fc90000), size 13172736, SharedBaseAddress: 0x000002210f000000, ArchiveRelocationMode: 1.
Compressed class space mapped at: 0x0000022110000000-0x0000022150000000, reserved size: 1073741824
Narrow klass base: 0x000002210f000000, Narrow klass shift: 0, Narrow klass range: 0x100000000

GC Precious Log:
 CardTable entry size: 512
 Card Set container configuration: InlinePtr #cards 5 size 8 Array Of Cards #cards 12 size 40 Howl #buckets 4 coarsen threshold 1843 Howl Bitmap #cards 512 size 80 coarsen threshold 460 Card regions per heap region 1 cards per card region 2048
 CPUs: 8 total, 8 available
 Memory: 8027M
 Large Page Support: Disabled
 NUMA Support: Disabled
 Compressed Oops: Enabled (32-bit)
 Heap Region Size: 1M
 Heap Min Capacity: 8M
 Heap Initial Capacity: 126M
 Heap Max Capacity: 2008M
 Pre-touch: Disabled
 Parallel Workers: 8
 Concurrent Workers: 2
 Concurrent Refinement Workers: 8
 Periodic GC: Disabled

Heap:
 garbage-first heap   total 232448K, used 180696K [0x0000000082800000, 0x0000000100000000)
  region size 1024K, 2 young (2048K), 1 survivors (1024K)
 Metaspace       used 23305K, committed 23616K, reserved 1114112K
  class space    used 3208K, committed 3328K, reserved 1048576K

Heap Regions: E=young(eden), S=young(survivor), O=old, HS=humongous(starts), HC=humongous(continues), CS=collection set, F=free, TAMS=top-at-mark-start, PB=parsable bottom
|   0|0x0000000082800000, 0x0000000082900000, 0x0000000082900000|100%|HS|  |TAMS 0x0000000082900000| PB 0x0000000082800000| Complete 
|   1|0x0000000082900000, 0x0000000082a00000, 0x0000000082a00000|100%|HC|  |TAMS 0x0000000082a00000| PB 0x0000000082900000| Complete 
|   2|0x0000000082a00000, 0x0000000082b00000, 0x0000000082b00000|100%|HS|  |TAMS 0x0000000082b00000| PB 0x0000000082a00000| Complete 
|   3|0x0000000082b00000, 0x0000000082c00000, 0x0000000082c00000|100%|HC|  |TAMS 0x0000000082c00000| PB 0x0000000082b00000| Complete 
|   4|0x0000000082c00000, 0x0000000082d00000, 0x0000000082d00000|100%|HS|  |TAMS 0x0000000082d00000| PB 0x0000000082c00000| Complete 
|   5|0x0000000082d00000, 0x0000000082e00000, 0x0000000082e00000|100%|HC|  |TAMS 0x0000000082e00000| PB 0x0000000082d00000| Complete 
|   6|0x0000000082e00000, 0x0000000082f00000, 0x0000000082f00000|100%|HS|  |TAMS 0x0000000082f00000| PB 0x0000000082e00000| Complete 
|   7|0x0000000082f00000, 0x0000000083000000, 0x0000000083000000|100%|HC|  |TAMS 0x0000000083000000| PB 0x0000000082f00000| Complete 
|   8|0x0000000083000000, 0x0000000083100000, 0x0000000083100000|100%|HS|  |TAMS 0x0000000083100000| PB 0x0000000083000000| Complete 
|   9|0x0000000083100000, 0x0000000083200000, 0x0000000083200000|100%|HC|  |TAMS 0x0000000083200000| PB 0x0000000083100000| Complete 
|  10|0x0000000083200000, 0x0000000083300000, 0x0000000083300000|100%|HS|  |TAMS 0x0000000083300000| PB 0x0000000083200000| Complete 
|  11|0x0000000083300000, 0x0000000083400000, 0x0000000083400000|100%| O|  |TAMS 0x0000000083400000| PB 0x0000000083400000| Updating 
|  12|0x0000000083400000, 0x0000000083500000, 0x0000000083500000|100%|HS|  |TAMS 0x0000000083500000| PB 0x0000000083400000| Complete 
|  13|0x0000000083500000, 0x0000000083600000, 0x0000000083600000|100%| O|  |TAMS 0x0000000083600000| PB 0x0000000083600000| Untracked 
|  14|0x0000000083600000, 0x0000000083700000, 0x0000000083700000|100%| O|  |TAMS 0x0000000083700000| PB 0x0000000083700000| Untracked 
|  15|0x0000000083700000, 0x0000000083800000, 0x0000000083800000|100%| O|  |TAMS 0x0000000083800000| PB 0x0000000083800000| Untracked 
|  16|0x0000000083800000, 0x0000000083900000, 0x0000000083900000|100%|HS|  |TAMS 0x0000000083900000| PB 0x0000000083800000| Complete 
|  17|0x0000000083900000, 0x0000000083a00000, 0x0000000083a00000|100%|HS|  |TAMS 0x0000000083a00000| PB 0x0000000083900000| Complete 
|  18|0x0000000083a00000, 0x0000000083b00000, 0x0000000083b00000|100%|HS|  |TAMS 0x0000000083b00000| PB 0x0000000083a00000| Complete 
|  19|0x0000000083b00000, 0x0000000083c00000, 0x0000000083c00000|100%|HS|  |TAMS 0x0000000083c00000| PB 0x0000000083b00000| Complete 
|  20|0x0000000083c00000, 0x0000000083d00000, 0x0000000083d00000|100%|HS|  |TAMS 0x0000000083d00000| PB 0x0000000083c00000| Complete 
|  21|0x0000000083d00000, 0x0000000083e00000, 0x0000000083e00000|100%|HS|  |TAMS 0x0000000083e00000| PB 0x0000000083d00000| Complete 
|  22|0x0000000083e00000, 0x0000000083f00000, 0x0000000083f00000|100%|HS|  |TAMS 0x0000000083f00000| PB 0x0000000083e00000| Complete 
|  23|0x0000000083f00000, 0x0000000084000000, 0x0000000084000000|100%|HS|  |TAMS 0x0000000084000000| PB 0x0000000083f00000| Complete 
|  24|0x0000000084000000, 0x0000000084100000, 0x0000000084100000|100%|HS|  |TAMS 0x0000000084100000| PB 0x0000000084000000| Complete 
|  25|0x0000000084100000, 0x0000000084200000, 0x0000000084200000|100%|HS|  |TAMS 0x0000000084200000| PB 0x0000000084100000| Complete 
|  26|0x0000000084200000, 0x0000000084300000, 0x0000000084300000|100%|HS|  |TAMS 0x0000000084300000| PB 0x0000000084200000| Complete 
|  27|0x0000000084300000, 0x0000000084400000, 0x0000000084400000|100%|HS|  |TAMS 0x0000000084400000| PB 0x0000000084300000| Complete 
|  28|0x0000000084400000, 0x0000000084500000, 0x0000000084500000|100%|HS|  |TAMS 0x0000000084500000| PB 0x0000000084400000| Complete 
|  29|0x0000000084500000, 0x0000000084600000, 0x0000000084600000|100%|HS|  |TAMS 0x0000000084600000| PB 0x0000000084500000| Complete 
|  30|0x0000000084600000, 0x0000000084700000, 0x0000000084700000|100%|HS|  |TAMS 0x0000000084700000| PB 0x0000000084600000| Complete 
|  31|0x0000000084700000, 0x0000000084800000, 0x0000000084800000|100%|HS|  |TAMS 0x0000000084800000| PB 0x0000000084700000| Complete 
|  32|0x0000000084800000, 0x0000000084900000, 0x0000000084900000|100%|HS|  |TAMS 0x0000000084900000| PB 0x0000000084800000| Complete 
|  33|0x0000000084900000, 0x0000000084a00000, 0x0000000084a00000|100%|HS|  |TAMS 0x0000000084a00000| PB 0x0000000084900000| Complete 
|  34|0x0000000084a00000, 0x0000000084b00000, 0x0000000084b00000|100%|HS|  |TAMS 0x0000000084b00000| PB 0x0000000084a00000| Complete 
|  35|0x0000000084b00000, 0x0000000084c00000, 0x0000000084c00000|100%|HS|  |TAMS 0x0000000084c00000| PB 0x0000000084b00000| Complete 
|  36|0x0000000084c00000, 0x0000000084d00000, 0x0000000084d00000|100%|HS|  |TAMS 0x0000000084d00000| PB 0x0000000084c00000| Complete 
|  37|0x0000000084d00000, 0x0000000084e00000, 0x0000000084e00000|100%|HS|  |TAMS 0x0000000084e00000| PB 0x0000000084d00000| Complete 
|  38|0x0000000084e00000, 0x0000000084f00000, 0x0000000084f00000|100%|HS|  |TAMS 0x0000000084f00000| PB 0x0000000084e00000| Complete 
|  39|0x0000000084f00000, 0x0000000085000000, 0x0000000085000000|100%|HS|  |TAMS 0x0000000085000000| PB 0x0000000084f00000| Complete 
|  40|0x0000000085000000, 0x0000000085100000, 0x0000000085100000|100%|HS|  |TAMS 0x0000000085100000| PB 0x0000000085000000| Complete 
|  41|0x0000000085100000, 0x0000000085200000, 0x0000000085200000|100%|HS|  |TAMS 0x0000000085200000| PB 0x0000000085100000| Complete 
|  42|0x0000000085200000, 0x0000000085300000, 0x0000000085300000|100%|HS|  |TAMS 0x0000000085300000| PB 0x0000000085200000| Complete 
|  43|0x0000000085300000, 0x0000000085400000, 0x0000000085400000|100%|HS|  |TAMS 0x0000000085400000| PB 0x0000000085300000| Complete 
|  44|0x0000000085400000, 0x0000000085500000, 0x0000000085500000|100%|HS|  |TAMS 0x0000000085500000| PB 0x0000000085400000| Complete 
|  45|0x0000000085500000, 0x0000000085600000, 0x0000000085600000|100%|HS|  |TAMS 0x0000000085600000| PB 0x0000000085500000| Complete 
|  46|0x0000000085600000, 0x0000000085700000, 0x0000000085700000|100%|HS|  |TAMS 0x0000000085700000| PB 0x0000000085600000| Complete 
|  47|0x0000000085700000, 0x0000000085800000, 0x0000000085800000|100%|HS|  |TAMS 0x0000000085800000| PB 0x0000000085700000| Complete 
|  48|0x0000000085800000, 0x0000000085900000, 0x0000000085900000|100%|HS|  |TAMS 0x0000000085900000| PB 0x0000000085800000| Complete 
|  49|0x0000000085900000, 0x0000000085a00000, 0x0000000085a00000|100%|HS|  |TAMS 0x0000000085a00000| PB 0x0000000085900000| Complete 
|  50|0x0000000085a00000, 0x0000000085b00000, 0x0000000085b00000|100%|HS|  |TAMS 0x0000000085b00000| PB 0x0000000085a00000| Complete 
|  51|0x0000000085b00000, 0x0000000085c00000, 0x0000000085c00000|100%|HS|  |TAMS 0x0000000085c00000| PB 0x0000000085b00000| Complete 
|  52|0x0000000085c00000, 0x0000000085d00000, 0x0000000085d00000|100%|HS|  |TAMS 0x0000000085d00000| PB 0x0000000085c00000| Complete 
|  53|0x0000000085d00000, 0x0000000085e00000, 0x0000000085e00000|100%|HS|  |TAMS 0x0000000085e00000| PB 0x0000000085d00000| Complete 
|  54|0x0000000085e00000, 0x0000000085f00000, 0x0000000085f00000|100%|HS|  |TAMS 0x0000000085f00000| PB 0x0000000085e00000| Complete 
|  55|0x0000000085f00000, 0x0000000086000000, 0x0000000086000000|100%|HS|  |TAMS 0x0000000086000000| PB 0x0000000085f00000| Complete 
|  56|0x0000000086000000, 0x0000000086100000, 0x0000000086100000|100%|HS|  |TAMS 0x0000000086100000| PB 0x0000000086000000| Complete 
|  57|0x0000000086100000, 0x0000000086200000, 0x0000000086200000|100%| O|  |TAMS 0x0000000086200000| PB 0x0000000086200000| Untracked 
|  58|0x0000000086200000, 0x0000000086300000, 0x0000000086300000|100%| O|  |TAMS 0x0000000086300000| PB 0x0000000086300000| Untracked 
|  59|0x0000000086300000, 0x0000000086400000, 0x0000000086400000|100%| O|  |TAMS 0x0000000086400000| PB 0x0000000086400000| Untracked 
|  60|0x0000000086400000, 0x0000000086500000, 0x0000000086500000|100%| O|  |TAMS 0x0000000086500000| PB 0x0000000086500000| Untracked 
|  61|0x0000000086500000, 0x0000000086600000, 0x0000000086600000|100%| O|  |TAMS 0x0000000086500000| PB 0x0000000086500000| Untracked 
|  62|0x0000000086600000, 0x0000000086700000, 0x0000000086700000|100%|HS|  |TAMS 0x0000000086700000| PB 0x0000000086600000| Complete 
|  63|0x0000000086700000, 0x0000000086800000, 0x0000000086800000|100%|HS|  |TAMS 0x0000000086800000| PB 0x0000000086700000| Complete 
|  64|0x0000000086800000, 0x0000000086900000, 0x0000000086900000|100%|HS|  |TAMS 0x0000000086900000| PB 0x0000000086800000| Complete 
|  65|0x0000000086900000, 0x0000000086a00000, 0x0000000086a00000|100%|HS|  |TAMS 0x0000000086a00000| PB 0x0000000086900000| Complete 
|  66|0x0000000086a00000, 0x0000000086b00000, 0x0000000086b00000|100%|HS|  |TAMS 0x0000000086b00000| PB 0x0000000086a00000| Complete 
|  67|0x0000000086b00000, 0x0000000086c00000, 0x0000000086c00000|100%|HS|  |TAMS 0x0000000086c00000| PB 0x0000000086b00000| Complete 
|  68|0x0000000086c00000, 0x0000000086d00000, 0x0000000086d00000|100%|HS|  |TAMS 0x0000000086d00000| PB 0x0000000086c00000| Complete 
|  69|0x0000000086d00000, 0x0000000086e00000, 0x0000000086e00000|100%|HS|  |TAMS 0x0000000086e00000| PB 0x0000000086d00000| Complete 
|  70|0x0000000086e00000, 0x0000000086f00000, 0x0000000086f00000|100%|HS|  |TAMS 0x0000000086f00000| PB 0x0000000086e00000| Complete 
|  71|0x0000000086f00000, 0x0000000087000000, 0x0000000087000000|100%|HS|  |TAMS 0x0000000087000000| PB 0x0000000086f00000| Complete 
|  72|0x0000000087000000, 0x0000000087100000, 0x0000000087100000|100%|HS|  |TAMS 0x0000000087100000| PB 0x0000000087000000| Complete 
|  73|0x0000000087100000, 0x0000000087200000, 0x0000000087200000|100%|HS|  |TAMS 0x0000000087200000| PB 0x0000000087100000| Complete 
|  74|0x0000000087200000, 0x0000000087300000, 0x0000000087300000|100%|HS|  |TAMS 0x0000000087300000| PB 0x0000000087200000| Complete 
|  75|0x0000000087300000, 0x0000000087400000, 0x0000000087400000|100%|HS|  |TAMS 0x0000000087400000| PB 0x0000000087300000| Complete 
|  76|0x0000000087400000, 0x0000000087500000, 0x0000000087500000|100%|HS|  |TAMS 0x0000000087500000| PB 0x0000000087400000| Complete 
|  77|0x0000000087500000, 0x0000000087600000, 0x0000000087600000|100%|HS|  |TAMS 0x0000000087600000| PB 0x0000000087500000| Complete 
|  78|0x0000000087600000, 0x0000000087700000, 0x0000000087700000|100%|HS|  |TAMS 0x0000000087700000| PB 0x0000000087600000| Complete 
|  79|0x0000000087700000, 0x0000000087800000, 0x0000000087800000|100%|HS|  |TAMS 0x0000000087800000| PB 0x0000000087700000| Complete 
|  80|0x0000000087800000, 0x0000000087900000, 0x0000000087900000|100%|HS|  |TAMS 0x0000000087900000| PB 0x0000000087800000| Complete 
|  81|0x0000000087900000, 0x0000000087a00000, 0x0000000087a00000|100%|HS|  |TAMS 0x0000000087a00000| PB 0x0000000087900000| Complete 
|  82|0x0000000087a00000, 0x0000000087b00000, 0x0000000087b00000|100%|HS|  |TAMS 0x0000000087b00000| PB 0x0000000087a00000| Complete 
|  83|0x0000000087b00000, 0x0000000087c00000, 0x0000000087c00000|100%|HS|  |TAMS 0x0000000087c00000| PB 0x0000000087b00000| Complete 
|  84|0x0000000087c00000, 0x0000000087d00000, 0x0000000087d00000|100%|HS|  |TAMS 0x0000000087d00000| PB 0x0000000087c00000| Complete 
|  85|0x0000000087d00000, 0x0000000087e00000, 0x0000000087e00000|100%|HS|  |TAMS 0x0000000087e00000| PB 0x0000000087d00000| Complete 
|  86|0x0000000087e00000, 0x0000000087f00000, 0x0000000087f00000|100%|HS|  |TAMS 0x0000000087f00000| PB 0x0000000087e00000| Complete 
|  87|0x0000000087f00000, 0x0000000088000000, 0x0000000088000000|100%|HS|  |TAMS 0x0000000088000000| PB 0x0000000087f00000| Complete 
|  88|0x0000000088000000, 0x0000000088100000, 0x0000000088100000|100%|HS|  |TAMS 0x0000000088100000| PB 0x0000000088000000| Complete 
|  89|0x0000000088100000, 0x0000000088200000, 0x0000000088200000|100%|HS|  |TAMS 0x0000000088200000| PB 0x0000000088100000| Complete 
|  90|0x0000000088200000, 0x0000000088300000, 0x0000000088300000|100%|HS|  |TAMS 0x0000000088300000| PB 0x0000000088200000| Complete 
|  91|0x0000000088300000, 0x0000000088400000, 0x0000000088400000|100%|HS|  |TAMS 0x0000000088400000| PB 0x0000000088300000| Complete 
|  92|0x0000000088400000, 0x0000000088500000, 0x0000000088500000|100%|HS|  |TAMS 0x0000000088500000| PB 0x0000000088400000| Complete 
|  93|0x0000000088500000, 0x0000000088600000, 0x0000000088600000|100%|HS|  |TAMS 0x0000000088600000| PB 0x0000000088500000| Complete 
|  94|0x0000000088600000, 0x0000000088700000, 0x0000000088700000|100%|HS|  |TAMS 0x0000000088700000| PB 0x0000000088600000| Complete 
|  95|0x0000000088700000, 0x0000000088800000, 0x0000000088800000|100%|HS|  |TAMS 0x0000000088800000| PB 0x0000000088700000| Complete 
|  96|0x0000000088800000, 0x0000000088900000, 0x0000000088900000|100%|HS|  |TAMS 0x0000000088900000| PB 0x0000000088800000| Complete 
|  97|0x0000000088900000, 0x0000000088a00000, 0x0000000088a00000|100%|HS|  |TAMS 0x0000000088a00000| PB 0x0000000088900000| Complete 
|  98|0x0000000088a00000, 0x0000000088b00000, 0x0000000088b00000|100%|HS|  |TAMS 0x0000000088b00000| PB 0x0000000088a00000| Complete 
|  99|0x0000000088b00000, 0x0000000088c00000, 0x0000000088c00000|100%|HS|  |TAMS 0x0000000088c00000| PB 0x0000000088b00000| Complete 
| 100|0x0000000088c00000, 0x0000000088d00000, 0x0000000088d00000|100%|HS|  |TAMS 0x0000000088d00000| PB 0x0000000088c00000| Complete 
| 101|0x0000000088d00000, 0x0000000088e00000, 0x0000000088e00000|100%|HS|  |TAMS 0x0000000088e00000| PB 0x0000000088d00000| Complete 
| 102|0x0000000088e00000, 0x0000000088f00000, 0x0000000088f00000|100%|HS|  |TAMS 0x0000000088f00000| PB 0x0000000088e00000| Complete 
| 103|0x0000000088f00000, 0x0000000089000000, 0x0000000089000000|100%|HS|  |TAMS 0x0000000089000000| PB 0x0000000088f00000| Complete 
| 104|0x0000000089000000, 0x0000000089100000, 0x0000000089100000|100%|HS|  |TAMS 0x0000000089100000| PB 0x0000000089000000| Complete 
| 105|0x0000000089100000, 0x0000000089200000, 0x0000000089200000|100%|HS|  |TAMS 0x0000000089200000| PB 0x0000000089100000| Complete 
| 106|0x0000000089200000, 0x0000000089300000, 0x0000000089300000|100%|HS|  |TAMS 0x0000000089300000| PB 0x0000000089200000| Complete 
| 107|0x0000000089300000, 0x0000000089400000, 0x0000000089400000|100%|HS|  |TAMS 0x0000000089400000| PB 0x0000000089300000| Complete 
| 108|0x0000000089400000, 0x0000000089500000, 0x0000000089500000|100%|HS|  |TAMS 0x0000000089500000| PB 0x0000000089400000| Complete 
| 109|0x0000000089500000, 0x0000000089600000, 0x0000000089600000|100%|HS|  |TAMS 0x0000000089600000| PB 0x0000000089500000| Complete 
| 110|0x0000000089600000, 0x0000000089700000, 0x0000000089700000|100%|HS|  |TAMS 0x0000000089700000| PB 0x0000000089600000| Complete 
| 111|0x0000000089700000, 0x0000000089800000, 0x0000000089800000|100%|HS|  |TAMS 0x0000000089800000| PB 0x0000000089700000| Complete 
| 112|0x0000000089800000, 0x0000000089900000, 0x0000000089900000|100%|HS|  |TAMS 0x0000000089900000| PB 0x0000000089800000| Complete 
| 113|0x0000000089900000, 0x0000000089a00000, 0x0000000089a00000|100%|HS|  |TAMS 0x0000000089a00000| PB 0x0000000089900000| Complete 
| 114|0x0000000089a00000, 0x0000000089b00000, 0x0000000089b00000|100%|HS|  |TAMS 0x0000000089b00000| PB 0x0000000089a00000| Complete 
| 115|0x0000000089b00000, 0x0000000089c00000, 0x0000000089c00000|100%|HS|  |TAMS 0x0000000089c00000| PB 0x0000000089b00000| Complete 
| 116|0x0000000089c00000, 0x0000000089d00000, 0x0000000089d00000|100%|HS|  |TAMS 0x0000000089d00000| PB 0x0000000089c00000| Complete 
| 117|0x0000000089d00000, 0x0000000089e00000, 0x0000000089e00000|100%|HS|  |TAMS 0x0000000089e00000| PB 0x0000000089d00000| Complete 
| 118|0x0000000089e00000, 0x0000000089f00000, 0x0000000089f00000|100%|HS|  |TAMS 0x0000000089f00000| PB 0x0000000089e00000| Complete 
| 119|0x0000000089f00000, 0x000000008a000000, 0x000000008a000000|100%|HS|  |TAMS 0x000000008a000000| PB 0x0000000089f00000| Complete 
| 120|0x000000008a000000, 0x000000008a100000, 0x000000008a100000|100%|HS|  |TAMS 0x000000008a100000| PB 0x000000008a000000| Complete 
| 121|0x000000008a100000, 0x000000008a200000, 0x000000008a200000|100%|HS|  |TAMS 0x000000008a200000| PB 0x000000008a100000| Complete 
| 122|0x000000008a200000, 0x000000008a300000, 0x000000008a300000|100%|HS|  |TAMS 0x000000008a300000| PB 0x000000008a200000| Complete 
| 123|0x000000008a300000, 0x000000008a400000, 0x000000008a400000|100%|HS|  |TAMS 0x000000008a400000| PB 0x000000008a300000| Complete 
| 124|0x000000008a400000, 0x000000008a500000, 0x000000008a500000|100%|HS|  |TAMS 0x000000008a500000| PB 0x000000008a400000| Complete 
| 125|0x000000008a500000, 0x000000008a600000, 0x000000008a600000|100%| O|  |TAMS 0x000000008a600000| PB 0x000000008a600000| Updating 
| 126|0x000000008a600000, 0x000000008a700000, 0x000000008a700000|100%|HS|  |TAMS 0x000000008a700000| PB 0x000000008a600000| Complete 
| 127|0x000000008a700000, 0x000000008a800000, 0x000000008a800000|100%|HS|  |TAMS 0x000000008a800000| PB 0x000000008a700000| Complete 
| 128|0x000000008a800000, 0x000000008a900000, 0x000000008a900000|100%|HS|  |TAMS 0x000000008a900000| PB 0x000000008a800000| Complete 
| 129|0x000000008a900000, 0x000000008aa00000, 0x000000008aa00000|100%|HS|  |TAMS 0x000000008aa00000| PB 0x000000008a900000| Complete 
| 130|0x000000008aa00000, 0x000000008ab00000, 0x000000008ab00000|100%|HS|  |TAMS 0x000000008ab00000| PB 0x000000008aa00000| Complete 
| 131|0x000000008ab00000, 0x000000008ac00000, 0x000000008ac00000|100%|HS|  |TAMS 0x000000008ac00000| PB 0x000000008ab00000| Complete 
| 132|0x000000008ac00000, 0x000000008ad00000, 0x000000008ad00000|100%|HS|  |TAMS 0x000000008ad00000| PB 0x000000008ac00000| Complete 
| 133|0x000000008ad00000, 0x000000008ae00000, 0x000000008ae00000|100%|HS|  |TAMS 0x000000008ae00000| PB 0x000000008ad00000| Complete 
| 134|0x000000008ae00000, 0x000000008af00000, 0x000000008af00000|100%|HS|  |TAMS 0x000000008af00000| PB 0x000000008ae00000| Complete 
| 135|0x000000008af00000, 0x000000008b000000, 0x000000008b000000|100%|HS|  |TAMS 0x000000008b000000| PB 0x000000008af00000| Complete 
| 136|0x000000008b000000, 0x000000008b100000, 0x000000008b100000|100%|HS|  |TAMS 0x000000008b100000| PB 0x000000008b000000| Complete 
| 137|0x000000008b100000, 0x000000008b200000, 0x000000008b200000|100%|HS|  |TAMS 0x000000008b200000| PB 0x000000008b100000| Complete 
| 138|0x000000008b200000, 0x000000008b300000, 0x000000008b300000|100%|HS|  |TAMS 0x000000008b300000| PB 0x000000008b200000| Complete 
| 139|0x000000008b300000, 0x000000008b400000, 0x000000008b400000|100%|HS|  |TAMS 0x000000008b400000| PB 0x000000008b300000| Complete 
| 140|0x000000008b400000, 0x000000008b500000, 0x000000008b500000|100%|HS|  |TAMS 0x000000008b500000| PB 0x000000008b400000| Complete 
| 141|0x000000008b500000, 0x000000008b600000, 0x000000008b600000|100%|HS|  |TAMS 0x000000008b600000| PB 0x000000008b500000| Complete 
| 142|0x000000008b600000, 0x000000008b700000, 0x000000008b700000|100%|HS|  |TAMS 0x000000008b700000| PB 0x000000008b600000| Complete 
| 143|0x000000008b700000, 0x000000008b800000, 0x000000008b800000|100%|HS|  |TAMS 0x000000008b800000| PB 0x000000008b700000| Complete 
| 144|0x000000008b800000, 0x000000008b900000, 0x000000008b900000|100%|HS|  |TAMS 0x000000008b900000| PB 0x000000008b800000| Complete 
| 145|0x000000008b900000, 0x000000008ba00000, 0x000000008ba00000|100%|HS|  |TAMS 0x000000008ba00000| PB 0x000000008b900000| Complete 
| 146|0x000000008ba00000, 0x000000008bb00000, 0x000000008bb00000|100%|HS|  |TAMS 0x000000008bb00000| PB 0x000000008ba00000| Complete 
| 147|0x000000008bb00000, 0x000000008bc00000, 0x000000008bc00000|100%|HS|  |TAMS 0x000000008bc00000| PB 0x000000008bb00000| Complete 
| 148|0x000000008bc00000, 0x000000008bd00000, 0x000000008bd00000|100%|HS|  |TAMS 0x000000008bd00000| PB 0x000000008bc00000| Complete 
| 149|0x000000008bd00000, 0x000000008be00000, 0x000000008be00000|100%|HS|  |TAMS 0x000000008be00000| PB 0x000000008bd00000| Complete 
| 150|0x000000008be00000, 0x000000008bf00000, 0x000000008bf00000|100%|HS|  |TAMS 0x000000008bf00000| PB 0x000000008be00000| Complete 
| 151|0x000000008bf00000, 0x000000008c000000, 0x000000008c000000|100%|HS|  |TAMS 0x000000008c000000| PB 0x000000008bf00000| Complete 
| 152|0x000000008c000000, 0x000000008c100000, 0x000000008c100000|100%|HS|  |TAMS 0x000000008c100000| PB 0x000000008c000000| Complete 
| 153|0x000000008c100000, 0x000000008c200000, 0x000000008c200000|100%|HS|  |TAMS 0x000000008c200000| PB 0x000000008c100000| Complete 
| 154|0x000000008c200000, 0x000000008c300000, 0x000000008c300000|100%|HS|  |TAMS 0x000000008c300000| PB 0x000000008c200000| Complete 
| 155|0x000000008c300000, 0x000000008c400000, 0x000000008c400000|100%|HS|  |TAMS 0x000000008c400000| PB 0x000000008c300000| Complete 
| 156|0x000000008c400000, 0x000000008c500000, 0x000000008c500000|100%|HS|  |TAMS 0x000000008c500000| PB 0x000000008c400000| Complete 
| 157|0x000000008c500000, 0x000000008c600000, 0x000000008c600000|100%|HS|  |TAMS 0x000000008c600000| PB 0x000000008c500000| Complete 
| 158|0x000000008c600000, 0x000000008c700000, 0x000000008c700000|100%|HS|  |TAMS 0x000000008c700000| PB 0x000000008c600000| Complete 
| 159|0x000000008c700000, 0x000000008c800000, 0x000000008c800000|100%|HC|  |TAMS 0x000000008c800000| PB 0x000000008c700000| Complete 
| 160|0x000000008c800000, 0x000000008c900000, 0x000000008c900000|100%|HS|  |TAMS 0x000000008c900000| PB 0x000000008c800000| Complete 
| 161|0x000000008c900000, 0x000000008ca00000, 0x000000008ca00000|100%|HC|  |TAMS 0x000000008ca00000| PB 0x000000008c900000| Complete 
| 162|0x000000008ca00000, 0x000000008cb00000, 0x000000008cb00000|100%|HS|  |TAMS 0x000000008cb00000| PB 0x000000008ca00000| Complete 
| 163|0x000000008cb00000, 0x000000008cc00000, 0x000000008cc00000|100%|HC|  |TAMS 0x000000008cc00000| PB 0x000000008cb00000| Complete 
| 164|0x000000008cc00000, 0x000000008cd00000, 0x000000008cd00000|100%| O|  |TAMS 0x000000008cd00000| PB 0x000000008cd00000| Untracked 
| 165|0x000000008cd00000, 0x000000008ce00000, 0x000000008ce00000|100%|HS|  |TAMS 0x000000008ce00000| PB 0x000000008cd00000| Complete 
| 166|0x000000008ce00000, 0x000000008cf00000, 0x000000008cf00000|100%|HC|  |TAMS 0x000000008cf00000| PB 0x000000008ce00000| Complete 
| 167|0x000000008cf00000, 0x000000008d000000, 0x000000008d000000|100%| O|  |TAMS 0x000000008d000000| PB 0x000000008d000000| Updating 
| 168|0x000000008d000000, 0x000000008d100000, 0x000000008d100000|100%| O|  |TAMS 0x000000008d100000| PB 0x000000008d100000| Untracked 
| 169|0x000000008d100000, 0x000000008d200000, 0x000000008d200000|100%| O|  |TAMS 0x000000008d200000| PB 0x000000008d200000| Untracked 
| 170|0x000000008d200000, 0x000000008d300000, 0x000000008d300000|100%| O|  |TAMS 0x000000008d300000| PB 0x000000008d300000| Untracked 
| 171|0x000000008d300000, 0x000000008d400000, 0x000000008d400000|100%| O|  |TAMS 0x000000008d300000| PB 0x000000008d300000| Untracked 
| 172|0x000000008d400000, 0x000000008d500000, 0x000000008d500000|100%| O|  |TAMS 0x000000008d400000| PB 0x000000008d400000| Untracked 
| 173|0x000000008d500000, 0x000000008d500000, 0x000000008d600000|  0%| F|  |TAMS 0x000000008d500000| PB 0x000000008d500000| Untracked 
| 174|0x000000008d600000, 0x000000008d600000, 0x000000008d700000|  0%| F|  |TAMS 0x000000008d600000| PB 0x000000008d600000| Untracked 
| 175|0x000000008d700000, 0x000000008d700000, 0x000000008d800000|  0%| F|  |TAMS 0x000000008d700000| PB 0x000000008d700000| Untracked 
| 176|0x000000008d800000, 0x000000008d800000, 0x000000008d900000|  0%| F|  |TAMS 0x000000008d800000| PB 0x000000008d800000| Untracked 
| 177|0x000000008d900000, 0x000000008d900000, 0x000000008da00000|  0%| F|  |TAMS 0x000000008d900000| PB 0x000000008d900000| Untracked 
| 178|0x000000008da00000, 0x000000008db00000, 0x000000008db00000|100%| O|  |TAMS 0x000000008db00000| PB 0x000000008db00000| Untracked 
| 179|0x000000008db00000, 0x000000008dc00000, 0x000000008dc00000|100%| O|  |TAMS 0x000000008dc00000| PB 0x000000008dc00000| Updating 
| 180|0x000000008dc00000, 0x000000008dc00000, 0x000000008dd00000|  0%| F|  |TAMS 0x000000008dc00000| PB 0x000000008dc00000| Untracked 
| 181|0x000000008dd00000, 0x000000008dd00000, 0x000000008de00000|  0%| F|  |TAMS 0x000000008dd00000| PB 0x000000008dd00000| Untracked 
| 182|0x000000008de00000, 0x000000008de00000, 0x000000008df00000|  0%| F|  |TAMS 0x000000008de00000| PB 0x000000008de00000| Untracked 
| 183|0x000000008df00000, 0x000000008df00000, 0x000000008e000000|  0%| F|  |TAMS 0x000000008df00000| PB 0x000000008df00000| Untracked 
| 184|0x000000008e000000, 0x000000008e000000, 0x000000008e100000|  0%| F|  |TAMS 0x000000008e000000| PB 0x000000008e000000| Untracked 
| 185|0x000000008e100000, 0x000000008e100000, 0x000000008e200000|  0%| F|  |TAMS 0x000000008e100000| PB 0x000000008e100000| Untracked 
| 186|0x000000008e200000, 0x000000008e200000, 0x000000008e300000|  0%| F|  |TAMS 0x000000008e200000| PB 0x000000008e200000| Untracked 
| 187|0x000000008e300000, 0x000000008e300000, 0x000000008e400000|  0%| F|  |TAMS 0x000000008e300000| PB 0x000000008e300000| Untracked 
| 188|0x000000008e400000, 0x000000008e400000, 0x000000008e500000|  0%| F|  |TAMS 0x000000008e400000| PB 0x000000008e400000| Untracked 
| 189|0x000000008e500000, 0x000000008e500000, 0x000000008e600000|  0%| F|  |TAMS 0x000000008e500000| PB 0x000000008e500000| Untracked 
| 190|0x000000008e600000, 0x000000008e600000, 0x000000008e700000|  0%| F|  |TAMS 0x000000008e600000| PB 0x000000008e600000| Untracked 
| 191|0x000000008e700000, 0x000000008e776020, 0x000000008e800000| 46%| S|CS|TAMS 0x000000008e700000| PB 0x000000008e700000| Complete 
| 192|0x000000008e800000, 0x000000008e800000, 0x000000008e900000|  0%| F|  |TAMS 0x000000008e800000| PB 0x000000008e800000| Untracked 
| 193|0x000000008e900000, 0x000000008e900000, 0x000000008ea00000|  0%| F|  |TAMS 0x000000008e900000| PB 0x000000008e900000| Untracked 
| 194|0x000000008ea00000, 0x000000008ea00000, 0x000000008eb00000|  0%| F|  |TAMS 0x000000008ea00000| PB 0x000000008ea00000| Untracked 
| 195|0x000000008eb00000, 0x000000008eb00000, 0x000000008ec00000|  0%| F|  |TAMS 0x000000008eb00000| PB 0x000000008eb00000| Untracked 
| 196|0x000000008ec00000, 0x000000008ec00000, 0x000000008ed00000|  0%| F|  |TAMS 0x000000008ec00000| PB 0x000000008ec00000| Untracked 
| 197|0x000000008ed00000, 0x000000008ed00000, 0x000000008ee00000|  0%| F|  |TAMS 0x000000008ed00000| PB 0x000000008ed00000| Untracked 
| 198|0x000000008ee00000, 0x000000008ee00000, 0x000000008ef00000|  0%| F|  |TAMS 0x000000008ee00000| PB 0x000000008ee00000| Untracked 
| 199|0x000000008ef00000, 0x000000008ef00000, 0x000000008f000000|  0%| F|  |TAMS 0x000000008ef00000| PB 0x000000008ef00000| Untracked 
| 200|0x000000008f000000, 0x000000008f000000, 0x000000008f100000|  0%| F|  |TAMS 0x000000008f000000| PB 0x000000008f000000| Untracked 
| 201|0x000000008f100000, 0x000000008f100000, 0x000000008f200000|  0%| F|  |TAMS 0x000000008f100000| PB 0x000000008f100000| Untracked 
| 202|0x000000008f200000, 0x000000008f200000, 0x000000008f300000|  0%| F|  |TAMS 0x000000008f200000| PB 0x000000008f200000| Untracked 
| 203|0x000000008f300000, 0x000000008f300000, 0x000000008f400000|  0%| F|  |TAMS 0x000000008f300000| PB 0x000000008f300000| Untracked 
| 204|0x000000008f400000, 0x000000008f400000, 0x000000008f500000|  0%| F|  |TAMS 0x000000008f400000| PB 0x000000008f400000| Untracked 
| 205|0x000000008f500000, 0x000000008f500000, 0x000000008f600000|  0%| F|  |TAMS 0x000000008f500000| PB 0x000000008f500000| Untracked 
| 206|0x000000008f600000, 0x000000008f600000, 0x000000008f700000|  0%| F|  |TAMS 0x000000008f600000| PB 0x000000008f600000| Untracked 
| 207|0x000000008f700000, 0x000000008f700000, 0x000000008f800000|  0%| F|  |TAMS 0x000000008f700000| PB 0x000000008f700000| Untracked 
| 208|0x000000008f800000, 0x000000008f800000, 0x000000008f900000|  0%| F|  |TAMS 0x000000008f800000| PB 0x000000008f800000| Untracked 
| 209|0x000000008f900000, 0x000000008f900000, 0x000000008fa00000|  0%| F|  |TAMS 0x000000008f900000| PB 0x000000008f900000| Untracked 
| 210|0x000000008fa00000, 0x000000008fa00000, 0x000000008fb00000|  0%| F|  |TAMS 0x000000008fa00000| PB 0x000000008fa00000| Untracked 
| 211|0x000000008fb00000, 0x000000008fb00000, 0x000000008fc00000|  0%| F|  |TAMS 0x000000008fb00000| PB 0x000000008fb00000| Untracked 
| 212|0x000000008fc00000, 0x000000008fc00000, 0x000000008fd00000|  0%| F|  |TAMS 0x000000008fc00000| PB 0x000000008fc00000| Untracked 
| 213|0x000000008fd00000, 0x000000008fd00000, 0x000000008fe00000|  0%| F|  |TAMS 0x000000008fd00000| PB 0x000000008fd00000| Untracked 
| 214|0x000000008fe00000, 0x000000008fe00000, 0x000000008ff00000|  0%| F|  |TAMS 0x000000008fe00000| PB 0x000000008fe00000| Untracked 
| 215|0x000000008ff00000, 0x000000008ff00000, 0x0000000090000000|  0%| F|  |TAMS 0x000000008ff00000| PB 0x000000008ff00000| Untracked 
| 216|0x0000000090000000, 0x0000000090000000, 0x0000000090100000|  0%| F|  |TAMS 0x0000000090000000| PB 0x0000000090000000| Untracked 
| 217|0x0000000090100000, 0x0000000090100000, 0x0000000090200000|  0%| F|  |TAMS 0x0000000090100000| PB 0x0000000090100000| Untracked 
| 218|0x0000000090200000, 0x0000000090200000, 0x0000000090300000|  0%| F|  |TAMS 0x0000000090200000| PB 0x0000000090200000| Untracked 
| 219|0x0000000090300000, 0x0000000090300000, 0x0000000090400000|  0%| F|  |TAMS 0x0000000090300000| PB 0x0000000090300000| Untracked 
| 220|0x0000000090400000, 0x0000000090400000, 0x0000000090500000|  0%| F|  |TAMS 0x0000000090400000| PB 0x0000000090400000| Untracked 
| 221|0x0000000090500000, 0x0000000090500000, 0x0000000090600000|  0%| F|  |TAMS 0x0000000090500000| PB 0x0000000090500000| Untracked 
| 222|0x0000000090600000, 0x0000000090600000, 0x0000000090700000|  0%| F|  |TAMS 0x0000000090600000| PB 0x0000000090600000| Untracked 
| 223|0x0000000090700000, 0x0000000090700000, 0x0000000090800000|  0%| F|  |TAMS 0x0000000090700000| PB 0x0000000090700000| Untracked 
| 224|0x0000000090800000, 0x0000000090800000, 0x0000000090900000|  0%| F|  |TAMS 0x0000000090800000| PB 0x0000000090800000| Untracked 
| 225|0x0000000090900000, 0x0000000090a00000, 0x0000000090a00000|100%| E|  |TAMS 0x0000000090900000| PB 0x0000000090900000| Complete 
|2007|0x00000000fff00000, 0x0000000100000000, 0x0000000100000000|100%| O|  |TAMS 0x0000000100000000| PB 0x0000000100000000| Untracked 

Card table byte_map: [0x000002217a2d0000,0x000002217a6c0000] _byte_map_base: 0x0000022179ebc000

Marking Bits: (CMBitMap*) 0x000002216f8a5d10
 Bits: [0x000002217a6c0000, 0x000002217c620000)

Polling page: 0x000002216f920000

Metaspace:

Usage:
  Non-class:     19.63 MB used.
      Class:      3.13 MB used.
       Both:     22.76 MB used.

Virtual space:
  Non-class space:       64.00 MB reserved,      19.81 MB ( 31%) committed,  1 nodes.
      Class space:        1.00 GB reserved,       3.25 MB ( <1%) committed,  1 nodes.
             Both:        1.06 GB reserved,      23.06 MB (  2%) committed. 

Chunk freelists:
   Non-Class:  12.20 MB
       Class:  12.75 MB
        Both:  24.96 MB

MaxMetaspaceSize: unlimited
CompressedClassSpaceSize: 1.00 GB
Initial GC threshold: 21.00 MB
Current GC threshold: 23.12 MB
CDS: on
 - commit_granule_bytes: 65536.
 - commit_granule_words: 8192.
 - virtual_space_node_default_size: 8388608.
 - enlarge_chunks_in_place: 1.
 - use_allocation_guard: 0.


Internal statistics:

num_allocs_failed_limit: 0.
num_arena_births: 414.
num_arena_deaths: 0.
num_vsnodes_births: 2.
num_vsnodes_deaths: 0.
num_space_committed: 369.
num_space_uncommitted: 0.
num_chunks_returned_to_freelist: 0.
num_chunks_taken_from_freelist: 1223.
num_chunk_merges: 0.
num_chunk_splits: 843.
num_chunks_enlarged: 627.
num_inconsistent_stats: 0.

CodeHeap 'non-profiled nmethods': size=120000Kb used=2709Kb max_used=2726Kb free=117290Kb
 bounds [0x0000022107ad0000, 0x0000022107d80000, 0x000002210f000000]
CodeHeap 'profiled nmethods': size=120000Kb used=12334Kb max_used=12368Kb free=107665Kb
 bounds [0x0000022100000000, 0x0000022100c20000, 0x0000022107530000]
CodeHeap 'non-nmethods': size=5760Kb used=1875Kb max_used=1923Kb free=3884Kb
 bounds [0x0000022107530000, 0x00000221077a0000, 0x0000022107ad0000]
 total_blobs=6819 nmethods=5944 adapters=776
 compilation: enabled
              stopped_count=0, restarted_count=0
 full_count=0

Compilation events (20 events):
Event: 10.805 Thread 0x000002217f0e9c50 6236       3       com.sun.prism.d3d.D3DTexture::<init> (24 bytes)
Event: 10.805 Thread 0x000002217f0e9c50 nmethod 6236 0x0000022100c0e110 code [0x0000022100c0e2c0, 0x0000022100c0e468]
Event: 10.805 Thread 0x000002217f0e9c50 6237       3       com.sun.prism.d3d.D3DTextureData::estimateSize (12 bytes)
Event: 10.806 Thread 0x000002217f0e9c50 nmethod 6237 0x0000022100c0e590 code [0x0000022100c0e740, 0x0000022100c0e8d8]
Event: 10.820 Thread 0x000002217f0e9c50 6238       3       com.sun.javafx.scene.control.skin.Utils::computeTruncationIndex (108 bytes)
Event: 10.821 Thread 0x000002217f0e9c50 nmethod 6238 0x0000022100c0ea10 code [0x0000022100c0ee40, 0x0000022100c10a50]
Event: 10.821 Thread 0x000002217f0e9c50 6239       3       com.sun.javafx.geom.DirtyRegionContainer::addDirtyRegion (172 bytes)
Event: 10.821 Thread 0x000002217f0e9c50 nmethod 6239 0x0000022100c11290 code [0x0000022100c11520, 0x0000022100c120a0]
Event: 10.836 Thread 0x000002217f0e9c50 6240       3       com.sun.javafx.scene.layout.RegionHelper::pickNodeLocalImpl (12 bytes)
Event: 10.836 Thread 0x000002217f0e9c50 nmethod 6240 0x0000022100c12490 code [0x0000022100c12660, 0x0000022100c12960]
Event: 10.836 Thread 0x000002217f0e9c50 6241       3       javafx.scene.layout.Region$1::doPickNodeLocal (10 bytes)
Event: 10.836 Thread 0x000002217f0e9c50 nmethod 6241 0x0000022100c12b10 code [0x0000022100c12cc0, 0x0000022100c12f00]
Event: 10.864 Thread 0x000002217f0e9c50 6242       3       jdk.internal.misc.Unsafe::checkNativeAddress (28 bytes)
Event: 10.865 Thread 0x000002217f0e9c50 nmethod 6242 0x0000022100c13010 code [0x0000022100c131a0, 0x0000022100c132c0]
Event: 10.873 Thread 0x000002217f0e9c50 6244       3       com.sun.javafx.geom.PickRay::setOrigin (12 bytes)
Event: 10.873 Thread 0x000002217f0e9c50 nmethod 6244 0x0000022100c13390 code [0x0000022100c13540, 0x0000022100c136c8]
Event: 10.873 Thread 0x000002217f0e9c50 6245       3       com.sun.javafx.geom.PickRay::setDirection (12 bytes)
Event: 10.874 Thread 0x000002217f0e9c50 nmethod 6245 0x0000022100c13810 code [0x0000022100c139c0, 0x0000022100c13b48]
Event: 10.874 Thread 0x000002217f0e9c50 6246       3       com.sun.prism.impl.BaseTexture::update (52 bytes)
Event: 10.874 Thread 0x000002217f0e9c50 nmethod 6246 0x0000022100c13c90 code [0x0000022100c13e60, 0x0000022100c14268]

GC Heap History (20 events):
Event: 0.848 GC heap before
{Heap before GC invocations=0 (full 0):
 garbage-first heap   total 129024K, used 22528K [0x0000000082800000, 0x0000000100000000)
  region size 1024K, 23 young (23552K), 0 survivors (0K)
 Metaspace       used 4092K, committed 4288K, reserved 1114112K
  class space    used 476K, committed 576K, reserved 1048576K
}
Event: 0.852 GC heap after
{Heap after GC invocations=1 (full 0):
 garbage-first heap   total 129024K, used 2687K [0x0000000082800000, 0x0000000100000000)
  region size 1024K, 3 young (3072K), 3 survivors (3072K)
 Metaspace       used 4092K, committed 4288K, reserved 1114112K
  class space    used 476K, committed 576K, reserved 1048576K
}
Event: 2.065 GC heap before
{Heap before GC invocations=1 (full 0):
 garbage-first heap   total 129024K, used 47743K [0x0000000082800000, 0x0000000100000000)
  region size 1024K, 37 young (37888K), 3 survivors (3072K)
 Metaspace       used 13487K, committed 13760K, reserved 1114112K
  class space    used 1720K, committed 1856K, reserved 1048576K
}
Event: 2.071 GC heap after
{Heap after GC invocations=2 (full 0):
 garbage-first heap   total 129024K, used 19943K [0x0000000082800000, 0x0000000100000000)
  region size 1024K, 5 young (5120K), 5 survivors (5120K)
 Metaspace       used 13487K, committed 13760K, reserved 1114112K
  class space    used 1720K, committed 1856K, reserved 1048576K
}
Event: 2.258 GC heap before
{Heap before GC invocations=2 (full 0):
 garbage-first heap   total 129024K, used 71143K [0x0000000082800000, 0x0000000100000000)
  region size 1024K, 16 young (16384K), 5 survivors (5120K)
 Metaspace       used 13885K, committed 14208K, reserved 1114112K
  class space    used 1800K, committed 1920K, reserved 1048576K
}
Event: 2.262 GC heap after
{Heap after GC invocations=3 (full 0):
 garbage-first heap   total 129024K, used 62658K [0x0000000082800000, 0x0000000100000000)
  region size 1024K, 6 young (6144K), 6 survivors (6144K)
 Metaspace       used 13885K, committed 14208K, reserved 1114112K
  class space    used 1800K, committed 1920K, reserved 1048576K
}
Event: 2.264 GC heap before
{Heap before GC invocations=3 (full 0):
 garbage-first heap   total 129024K, used 63682K [0x0000000082800000, 0x0000000100000000)
  region size 1024K, 7 young (7168K), 6 survivors (6144K)
 Metaspace       used 13885K, committed 14208K, reserved 1114112K
  class space    used 1800K, committed 1920K, reserved 1048576K
}
Event: 2.267 GC heap after
{Heap after GC invocations=4 (full 0):
 garbage-first heap   total 129024K, used 63910K [0x0000000082800000, 0x0000000100000000)
  region size 1024K, 1 young (1024K), 1 survivors (1024K)
 Metaspace       used 13885K, committed 14208K, reserved 1114112K
  class space    used 1800K, committed 1920K, reserved 1048576K
}
Event: 2.348 GC heap before
{Heap before GC invocations=5 (full 0):
 garbage-first heap   total 129024K, used 128422K [0x0000000082800000, 0x0000000100000000)
  region size 1024K, 10 young (10240K), 1 survivors (1024K)
 Metaspace       used 13885K, committed 14208K, reserved 1114112K
  class space    used 1800K, committed 1920K, reserved 1048576K
}
Event: 2.349 GC heap after
{Heap after GC invocations=6 (full 0):
 garbage-first heap   total 130048K, used 118749K [0x0000000082800000, 0x0000000100000000)
  region size 1024K, 1 young (1024K), 1 survivors (1024K)
 Metaspace       used 13885K, committed 14208K, reserved 1114112K
  class space    used 1800K, committed 1920K, reserved 1048576K
}
Event: 2.364 GC heap before
{Heap before GC invocations=6 (full 0):
 garbage-first heap   total 134144K, used 133085K [0x0000000082800000, 0x0000000100000000)
  region size 1024K, 3 young (3072K), 1 survivors (1024K)
 Metaspace       used 13885K, committed 14208K, reserved 1114112K
  class space    used 1800K, committed 1920K, reserved 1048576K
}
Event: 2.366 GC heap after
{Heap after GC invocations=7 (full 0):
 garbage-first heap   total 136192K, used 130996K [0x0000000082800000, 0x0000000100000000)
  region size 1024K, 1 young (1024K), 1 survivors (1024K)
 Metaspace       used 13885K, committed 14208K, reserved 1114112K
  class space    used 1800K, committed 1920K, reserved 1048576K
}
Event: 2.367 GC heap before
{Heap before GC invocations=7 (full 0):
 garbage-first heap   total 136192K, used 130996K [0x0000000082800000, 0x0000000100000000)
  region size 1024K, 2 young (2048K), 1 survivors (1024K)
 Metaspace       used 13885K, committed 14208K, reserved 1114112K
  class space    used 1800K, committed 1920K, reserved 1048576K
}
Event: 2.369 GC heap after
{Heap after GC invocations=8 (full 0):
 garbage-first heap   total 195584K, used 130964K [0x0000000082800000, 0x0000000100000000)
  region size 1024K, 1 young (1024K), 1 survivors (1024K)
 Metaspace       used 13885K, committed 14208K, reserved 1114112K
  class space    used 1800K, committed 1920K, reserved 1048576K
}
Event: 3.601 GC heap before
{Heap before GC invocations=9 (full 0):
 garbage-first heap   total 232448K, used 215956K [0x0000000082800000, 0x0000000100000000)
  region size 1024K, 49 young (50176K), 1 survivors (1024K)
 Metaspace       used 20062K, committed 20416K, reserved 1114112K
  class space    used 2986K, committed 3136K, reserved 1048576K
}
Event: 3.609 GC heap after
{Heap after GC invocations=10 (full 0):
 garbage-first heap   total 232448K, used 175070K [0x0000000082800000, 0x0000000100000000)
  region size 1024K, 7 young (7168K), 7 survivors (7168K)
 Metaspace       used 20062K, committed 20416K, reserved 1114112K
  class space    used 2986K, committed 3136K, reserved 1048576K
}
Event: 6.985 GC heap before
{Heap before GC invocations=10 (full 0):
 garbage-first heap   total 232448K, used 213982K [0x0000000082800000, 0x0000000100000000)
  region size 1024K, 44 young (45056K), 7 survivors (7168K)
 Metaspace       used 22938K, committed 23232K, reserved 1114112K
  class space    used 3203K, committed 3328K, reserved 1048576K
}
Event: 7.000 GC heap after
{Heap after GC invocations=11 (full 0):
 garbage-first heap   total 232448K, used 180469K [0x0000000082800000, 0x0000000100000000)
  region size 1024K, 4 young (4096K), 4 survivors (4096K)
 Metaspace       used 22938K, committed 23232K, reserved 1114112K
  class space    used 3203K, committed 3328K, reserved 1048576K
}
Event: 10.858 GC heap before
{Heap before GC invocations=11 (full 0):
 garbage-first heap   total 232448K, used 215285K [0x0000000082800000, 0x0000000100000000)
  region size 1024K, 38 young (38912K), 4 survivors (4096K)
 Metaspace       used 23304K, committed 23616K, reserved 1114112K
  class space    used 3208K, committed 3328K, reserved 1048576K
}
Event: 10.864 GC heap after
{Heap after GC invocations=12 (full 0):
 garbage-first heap   total 232448K, used 180696K [0x0000000082800000, 0x0000000100000000)
  region size 1024K, 1 young (1024K), 1 survivors (1024K)
 Metaspace       used 23304K, committed 23616K, reserved 1114112K
  class space    used 3208K, committed 3328K, reserved 1048576K
}

Dll operation events (20 events):
Event: 0.447 Loaded shared library C:\Users\Lenovo\.openjfx\cache\20.0.1+2\amd64\api-ms-win-crt-math-l1-1-0.dll
Event: 0.451 Loaded shared library C:\Users\Lenovo\.openjfx\cache\20.0.1+2\amd64\api-ms-win-crt-multibyte-l1-1-0.dll
Event: 0.456 Loaded shared library C:\Users\Lenovo\.openjfx\cache\20.0.1+2\amd64\api-ms-win-crt-private-l1-1-0.dll
Event: 0.459 Loaded shared library C:\Users\Lenovo\.openjfx\cache\20.0.1+2\amd64\api-ms-win-crt-process-l1-1-0.dll
Event: 0.463 Loaded shared library C:\Users\Lenovo\.openjfx\cache\20.0.1+2\amd64\api-ms-win-crt-runtime-l1-1-0.dll
Event: 0.467 Loaded shared library C:\Users\Lenovo\.openjfx\cache\20.0.1+2\amd64\api-ms-win-crt-stdio-l1-1-0.dll
Event: 0.470 Loaded shared library C:\Users\Lenovo\.openjfx\cache\20.0.1+2\amd64\api-ms-win-crt-string-l1-1-0.dll
Event: 0.474 Loaded shared library C:\Users\Lenovo\.openjfx\cache\20.0.1+2\amd64\api-ms-win-crt-time-l1-1-0.dll
Event: 0.477 Loaded shared library C:\Users\Lenovo\.openjfx\cache\20.0.1+2\amd64\api-ms-win-crt-utility-l1-1-0.dll
Event: 0.500 Loaded shared library C:\Users\Lenovo\.openjfx\cache\20.0.1+2\amd64\ucrtbase.dll
Event: 0.505 Loaded shared library C:\Users\Lenovo\.openjfx\cache\20.0.1+2\amd64\vcruntime140.dll
Event: 0.510 Loaded shared library C:\Users\Lenovo\.openjfx\cache\20.0.1+2\amd64\vcruntime140_1.dll
Event: 0.521 Loaded shared library C:\Users\Lenovo\.openjfx\cache\20.0.1+2\amd64\msvcp140.dll
Event: 0.526 Loaded shared library C:\Users\Lenovo\.openjfx\cache\20.0.1+2\amd64\msvcp140_1.dll
Event: 0.533 Loaded shared library C:\Users\Lenovo\.openjfx\cache\20.0.1+2\amd64\msvcp140_2.dll
Event: 0.588 Loaded shared library C:\Users\Lenovo\.openjfx\cache\20.0.1+2\amd64\prism_d3d.dll
Event: 0.690 Loaded shared library C:\Users\Lenovo\.openjfx\cache\20.0.1+2\amd64\glass.dll
Event: 0.842 Loaded shared library C:\Users\Lenovo\.jdks\openjdk-21\bin\jimage.dll
Event: 1.149 Loaded shared library C:\Users\Lenovo\.jdks\openjdk-21\bin\extnet.dll
Event: 1.533 Loaded shared library C:\Users\Lenovo\.openjfx\cache\20.0.1+2\amd64\javafx_font.dll

Deoptimization events (20 events):
Event: 10.669 Thread 0x000002217f0d0a90 Uncommon trap: trap_request=0xffffff45 fr.pc=0x0000022107d260b8 relative=0x0000000000000258
Event: 10.669 Thread 0x000002217f0d0a90 Uncommon trap: reason=unstable_if action=reinterpret pc=0x0000022107d260b8 method=com.sun.prism.impl.ps.BaseShaderGraphics.setPaint(Lcom/sun/prism/paint/Paint;)V @ 7 c2
Event: 10.669 Thread 0x000002217f0d0a90 DEOPT PACKING pc=0x0000022107d260b8 sp=0x000000938b5fe3f0
Event: 10.669 Thread 0x000002217f0d0a90 DEOPT UNPACKING pc=0x00000221075846a2 sp=0x000000938b5fe3a8 mode 2
Event: 10.669 Thread 0x000002217f0d0a90 Uncommon trap: trap_request=0xffffff45 fr.pc=0x0000022107d25b6c relative=0x00000000000000cc
Event: 10.669 Thread 0x000002217f0d0a90 Uncommon trap: reason=unstable_if action=reinterpret pc=0x0000022107d25b6c method=com.sun.marlin.Renderer.closePath()V @ 21 c2
Event: 10.669 Thread 0x000002217f0d0a90 DEOPT PACKING pc=0x0000022107d25b6c sp=0x000000938b5fdf20
Event: 10.669 Thread 0x000002217f0d0a90 DEOPT UNPACKING pc=0x00000221075846a2 sp=0x000000938b5fdeb8 mode 2
Event: 10.669 Thread 0x000002217f0d0a90 Uncommon trap: trap_request=0xffffff45 fr.pc=0x0000022107d648fc relative=0x0000000000000d7c
Event: 10.669 Thread 0x000002217f0d0a90 Uncommon trap: reason=unstable_if action=reinterpret pc=0x0000022107d648fc method=com.sun.prism.impl.ps.BaseShaderContext.validatePaintOp(Lcom/sun/prism/impl/ps/BaseShaderGraphics;Lcom/sun/javafx/geom/transform/BaseTransform;Lcom/sun/prism/impl/ps/BaseSha
Event: 10.669 Thread 0x000002217f0d0a90 DEOPT PACKING pc=0x0000022107d648fc sp=0x000000938b5fe1e0
Event: 10.669 Thread 0x000002217f0d0a90 DEOPT UNPACKING pc=0x00000221075846a2 sp=0x000000938b5fe188 mode 2
Event: 10.669 Thread 0x000002217f0d0a90 Uncommon trap: trap_request=0xffffff45 fr.pc=0x0000022107cbf454 relative=0x0000000000000174
Event: 10.669 Thread 0x000002217f0d0a90 Uncommon trap: reason=unstable_if action=reinterpret pc=0x0000022107cbf454 method=com.sun.javafx.geom.transform.AffineBase.updateState2D()V @ 6 c2
Event: 10.669 Thread 0x000002217f0d0a90 DEOPT PACKING pc=0x0000022107cbf454 sp=0x000000938b5fde00
Event: 10.669 Thread 0x000002217f0d0a90 DEOPT UNPACKING pc=0x00000221075846a2 sp=0x000000938b5fdda0 mode 2
Event: 10.669 Thread 0x000002217f0d0a90 Uncommon trap: trap_request=0xffffff45 fr.pc=0x0000022107ce8d98 relative=0x00000000000001b8
Event: 10.669 Thread 0x000002217f0d0a90 Uncommon trap: reason=unstable_if action=reinterpret pc=0x0000022107ce8d98 method=com.sun.prism.impl.ps.BaseShaderContext.updatePerVertexColor(Lcom/sun/prism/paint/Paint;F)V @ 19 c2
Event: 10.669 Thread 0x000002217f0d0a90 DEOPT PACKING pc=0x0000022107ce8d98 sp=0x000000938b5fe170
Event: 10.669 Thread 0x000002217f0d0a90 DEOPT UNPACKING pc=0x00000221075846a2 sp=0x000000938b5fe108 mode 2

Classes loaded (20 events):
Event: 3.920 Loading class sun/misc/Unsafe
Event: 3.920 Loading class sun/misc/Unsafe done
Event: 3.920 Loading class java/lang/invoke/DirectMethodHandle$StaticAccessor
Event: 3.921 Loading class java/lang/invoke/DirectMethodHandle$StaticAccessor done
Event: 3.948 Loading class java/lang/FdLibm$Atan2
Event: 3.948 Loading class java/lang/FdLibm$Atan2 done
Event: 3.948 Loading class java/lang/FdLibm$Atan
Event: 3.948 Loading class java/lang/FdLibm$Atan done
Event: 4.035 Loading class java/lang/FdLibm$Cbrt
Event: 4.035 Loading class java/lang/FdLibm$Cbrt done
Event: 4.043 Loading class java/util/Vector$1
Event: 4.044 Loading class java/util/Vector$1 done
Event: 9.182 Loading class java/lang/foreign/MemorySegment
Event: 9.183 Loading class java/lang/foreign/MemorySegment done
Event: 10.638 Loading class java/util/EnumMap$Values
Event: 10.638 Loading class java/util/EnumMap$Values done
Event: 10.638 Loading class java/util/EnumMap$ValueIterator
Event: 10.638 Loading class java/util/EnumMap$EnumMapIterator
Event: 10.638 Loading class java/util/EnumMap$EnumMapIterator done
Event: 10.638 Loading class java/util/EnumMap$ValueIterator done

Classes unloaded (0 events):
No events

Classes redefined (0 events):
No events

Internal exceptions (20 events):
Event: 3.698 Thread 0x000002217f0d17b0 Exception <a 'java/lang/NoSuchMethodError'{0x00000000906fa758}: 'void java.lang.invoke.DirectMethodHandle$Holder.invokeSpecial(java.lang.Object, java.lang.Object, int, int)'> (0x00000000906fa758) 
thrown [s\open\src\hotspot\share\interpreter\linkResolver.cpp, line 773]
Event: 3.699 Thread 0x000002217f0d17b0 Exception <a 'java/lang/NoSuchMethodError'{0x00000000905009f0}: 'java.lang.Object java.lang.invoke.DirectMethodHandle$Holder.newInvokeSpecial(java.lang.Object, java.lang.Object, int, int)'> (0x00000000905009f0) 
thrown [s\open\src\hotspot\share\interpreter\linkResolver.cpp, line 773]
Event: 3.699 Thread 0x000002217f0d17b0 Exception <a 'java/lang/NoSuchMethodError'{0x0000000090504950}: 'java.lang.Object java.lang.invoke.DirectMethodHandle$Holder.invokeSpecial(java.lang.Object, java.lang.Object, java.lang.Object, int, int)'> (0x0000000090504950) 
thrown [s\open\src\hotspot\share\interpreter\linkResolver.cpp, line 773]
Event: 3.704 Thread 0x000002217f0d17b0 Exception <a 'java/io/FileNotFoundException'{0x000000009051a0e8}> (0x000000009051a0e8) 
thrown [s\open\src\hotspot\share\prims\jni.cpp, line 520]
Event: 3.704 Thread 0x000002217f0d17b0 Exception <a 'java/io/FileNotFoundException'{0x000000009051b718}> (0x000000009051b718) 
thrown [s\open\src\hotspot\share\prims\jni.cpp, line 520]
Event: 3.705 Thread 0x000002217f0d17b0 Exception <a 'java/io/FileNotFoundException'{0x000000009051cd60}> (0x000000009051cd60) 
thrown [s\open\src\hotspot\share\prims\jni.cpp, line 520]
Event: 3.705 Thread 0x000002217f0d17b0 Exception <a 'java/io/FileNotFoundException'{0x000000009051e388}> (0x000000009051e388) 
thrown [s\open\src\hotspot\share\prims\jni.cpp, line 520]
Event: 3.707 Thread 0x000002217f0d17b0 Exception <a 'java/io/FileNotFoundException'{0x000000009052d4d0}> (0x000000009052d4d0) 
thrown [s\open\src\hotspot\share\prims\jni.cpp, line 520]
Event: 3.707 Thread 0x000002217f0d17b0 Exception <a 'java/io/FileNotFoundException'{0x000000009052eb00}> (0x000000009052eb00) 
thrown [s\open\src\hotspot\share\prims\jni.cpp, line 520]
Event: 3.707 Thread 0x000002217f0d17b0 Exception <a 'java/io/FileNotFoundException'{0x0000000090530148}> (0x0000000090530148) 
thrown [s\open\src\hotspot\share\prims\jni.cpp, line 520]
Event: 3.707 Thread 0x000002217f0d17b0 Exception <a 'java/io/FileNotFoundException'{0x0000000090531770}> (0x0000000090531770) 
thrown [s\open\src\hotspot\share\prims\jni.cpp, line 520]
Event: 3.734 Thread 0x000002217f0d17b0 Exception <a 'java/lang/NoSuchMethodError'{0x00000000905cb7e0}: 'java.lang.Object java.lang.invoke.DirectMethodHandle$Holder.newInvokeSpecial(java.lang.Object, java.lang.Object, int)'> (0x00000000905cb7e0) 
thrown [s\open\src\hotspot\share\interpreter\linkResolver.cpp, line 773]
Event: 3.780 Thread 0x000002217f0d17b0 Exception <a 'java/lang/NoSuchMethodError'{0x00000000903919f0}: 'long java.lang.invoke.DirectMethodHandle$Holder.invokeStatic(java.lang.Object, java.lang.Object, java.lang.Object)'> (0x00000000903919f0) 
thrown [s\open\src\hotspot\share\interpreter\linkResolver.cpp, line 773]
Event: 3.780 Thread 0x000002217f0d17b0 Exception <a 'java/lang/NoSuchMethodError'{0x0000000090394dc0}: 'long java.lang.invoke.DirectMethodHandle$Holder.invokeStaticInit(java.lang.Object, java.lang.Object, java.lang.Object)'> (0x0000000090394dc0) 
thrown [s\open\src\hotspot\share\interpreter\linkResolver.cpp, line 773]
Event: 3.782 Thread 0x000002217f0d17b0 Exception <a 'java/lang/NoSuchMethodError'{0x00000000903a92c0}: 'java.lang.Object java.lang.invoke.DirectMethodHandle$Holder.newInvokeSpecial(java.lang.Object, java.lang.Object, long)'> (0x00000000903a92c0) 
thrown [s\open\src\hotspot\share\interpreter\linkResolver.cpp, line 773]
Event: 3.782 Thread 0x000002217f0d17b0 Exception <a 'java/lang/NoSuchMethodError'{0x00000000903acbb8}: 'java.lang.Object java.lang.invoke.Invokers$Holder.linkToTargetMethod(java.lang.Object, long, java.lang.Object)'> (0x00000000903acbb8) 
thrown [s\open\src\hotspot\share\interpreter\linkResolver.cpp, line 773]
Event: 3.854 Thread 0x000002217f0d0a90 Exception <a 'java/lang/NoSuchMethodError'{0x00000000901a0eb0}: 'int java.lang.invoke.DirectMethodHandle$Holder.invokeStaticInit(java.lang.Object, java.lang.Object)'> (0x00000000901a0eb0) 
thrown [s\open\src\hotspot\share\interpreter\linkResolver.cpp, line 773]
Event: 4.019 Thread 0x000002217f0d0a90 Exception <a 'java/lang/NoSuchMethodError'{0x000000008fc242d8}: 'java.lang.Object java.lang.invoke.DirectMethodHandle$Holder.invokeStaticInit(java.lang.Object, int)'> (0x000000008fc242d8) 
thrown [s\open\src\hotspot\share\interpreter\linkResolver.cpp, line 773]
Event: 7.828 Thread 0x000002217f0d0a90 Implicit null exception at 0x0000022107d1bd64 to 0x0000022107d1bde4
Event: 7.892 Thread 0x000002217f0d0a90 Implicit null exception at 0x0000022107cf1460 to 0x0000022107cf14d0

ZGC Phase Switch (0 events):
No events

VM Operations (20 events):
Event: 3.609 Executing VM operation: G1CollectForAllocation (G1 Evacuation Pause) done
Event: 3.900 Executing VM operation: ICBufferFull
Event: 3.900 Executing VM operation: ICBufferFull done
Event: 4.306 Executing VM operation: ICBufferFull
Event: 4.307 Executing VM operation: ICBufferFull done
Event: 4.856 Executing VM operation: ICBufferFull
Event: 4.856 Executing VM operation: ICBufferFull done
Event: 6.052 Executing VM operation: ICBufferFull
Event: 6.052 Executing VM operation: ICBufferFull done
Event: 6.982 Executing VM operation: G1CollectForAllocation (G1 Evacuation Pause)
Event: 7.002 Executing VM operation: G1CollectForAllocation (G1 Evacuation Pause) done
Event: 7.734 Executing VM operation: ICBufferFull
Event: 7.734 Executing VM operation: ICBufferFull done
Event: 8.612 Executing VM operation: ICBufferFull
Event: 8.612 Executing VM operation: ICBufferFull done
Event: 10.612 Executing VM operation: Cleanup
Event: 10.612 Executing VM operation: Cleanup done
Event: 10.858 Executing VM operation: G1CollectForAllocation (G1 Evacuation Pause)
Event: 10.864 Executing VM operation: G1CollectForAllocation (G1 Evacuation Pause) done
Event: 10.888 Executing VM operation: G1PauseRemark

Events (20 events):
Event: 2.377 Thread 0x000002217f0a67f0 flushing nmethod 0x0000022107af1a10
Event: 2.377 Thread 0x000002217f0a67f0 flushing nmethod 0x0000022107adc910
Event: 2.377 Thread 0x000002217f0a67f0 flushing nmethod 0x0000022107aec510
Event: 2.377 Thread 0x000002217f0a67f0 flushing nmethod 0x0000022107ae3590
Event: 2.377 Thread 0x000002217f0a67f0 flushing nmethod 0x0000022107ae9c90
Event: 2.377 Thread 0x000002217f0a67f0 flushing nmethod 0x0000022107ae2710
Event: 2.377 Thread 0x000002217f0a67f0 flushing nmethod 0x0000022107ae0290
Event: 2.377 Thread 0x000002217f0a67f0 flushing nmethod 0x0000022107adb390
Event: 2.377 Thread 0x000002217f0a67f0 flushing nmethod 0x0000022107add590
Event: 2.377 Thread 0x000002217f0a67f0 flushing nmethod 0x0000022107ada990
Event: 3.912 Thread 0x0000022158e58880 Thread added: 0x0000022158e58880
Event: 10.895 Thread 0x000002217f0a67f0 flushing nmethod 0x0000022100419b90
Event: 10.895 Thread 0x000002217f0a67f0 flushing nmethod 0x0000022100416b10
Event: 10.895 Thread 0x000002217f0a67f0 flushing nmethod 0x0000022100415090
Event: 10.895 Thread 0x000002217f0a67f0 flushing nmethod 0x0000022100412d90
Event: 10.895 Thread 0x000002217f0a67f0 flushing nmethod 0x00000221002c4590
Event: 10.895 Thread 0x000002217f0a67f0 flushing nmethod 0x00000221000cc610
Event: 10.895 Thread 0x000002217f0a67f0 flushing nmethod 0x000002210007c790
Event: 10.895 Thread 0x000002217f0a67f0 flushing nmethod 0x0000022107b34a10
Event: 10.895 Thread 0x000002217f0a67f0 flushing nmethod 0x0000022107b46390


Dynamic libraries:
0x00007ff62f970000 - 0x00007ff62f97e000 	C:\Users\Lenovo\.jdks\openjdk-21\bin\java.exe
0x00007ff933ab0000 - 0x00007ff933ca8000 	C:\Windows\SYSTEM32\ntdll.dll
0x00007ff924df0000 - 0x00007ff924e09000 	C:\Program Files\Avast Software\Avast\aswhook.dll
0x00007ff933730000 - 0x00007ff9337ed000 	C:\Windows\System32\KERNEL32.DLL
0x00007ff9315a0000 - 0x00007ff931896000 	C:\Windows\System32\KERNELBASE.dll
0x00007ff931160000 - 0x00007ff931260000 	C:\Windows\System32\ucrtbase.dll
0x00007ff92bae0000 - 0x00007ff92bafb000 	C:\Users\Lenovo\.jdks\openjdk-21\bin\VCRUNTIME140.dll
0x00007ff92b600000 - 0x00007ff92b618000 	C:\Users\Lenovo\.jdks\openjdk-21\bin\jli.dll
0x00007ff932400000 - 0x00007ff93259f000 	C:\Windows\System32\USER32.dll
0x00007ff90efe0000 - 0x00007ff90f27a000 	C:\Windows\WinSxS\amd64_microsoft.windows.common-controls_6595b64144ccf1df_6.0.19041.3636_none_60b6a03d71f818d5\COMCTL32.dll
0x00007ff9313b0000 - 0x00007ff9313d2000 	C:\Windows\System32\win32u.dll
0x00007ff932f20000 - 0x00007ff932fbe000 	C:\Windows\System32\msvcrt.dll
0x00007ff932ef0000 - 0x00007ff932f1b000 	C:\Windows\System32\GDI32.dll
0x00007ff931260000 - 0x00007ff931377000 	C:\Windows\System32\gdi32full.dll
0x00007ff931450000 - 0x00007ff9314ed000 	C:\Windows\System32\msvcp_win.dll
0x00007ff931ea0000 - 0x00007ff931ed2000 	C:\Windows\System32\IMM32.DLL
0x00007ff92bc30000 - 0x00007ff92bc3c000 	C:\Users\Lenovo\.jdks\openjdk-21\bin\vcruntime140_1.dll
0x00007ff8fec40000 - 0x00007ff8fecce000 	C:\Users\Lenovo\.jdks\openjdk-21\bin\msvcp140.dll
0x00007ff8f2540000 - 0x00007ff8f3253000 	C:\Users\Lenovo\.jdks\openjdk-21\bin\server\jvm.dll
0x00007ff932650000 - 0x00007ff932700000 	C:\Windows\System32\ADVAPI32.dll
0x00007ff932df0000 - 0x00007ff932e90000 	C:\Windows\System32\sechost.dll
0x00007ff9327d0000 - 0x00007ff9328f3000 	C:\Windows\System32\RPCRT4.dll
0x00007ff931380000 - 0x00007ff9313a7000 	C:\Windows\System32\bcrypt.dll
0x00007ff932d80000 - 0x00007ff932deb000 	C:\Windows\System32\WS2_32.dll
0x00007ff9306f0000 - 0x00007ff93073b000 	C:\Windows\SYSTEM32\POWRPROF.dll
0x00007ff913ce0000 - 0x00007ff913d07000 	C:\Windows\SYSTEM32\WINMM.dll
0x00007ff92a9a0000 - 0x00007ff92a9aa000 	C:\Windows\SYSTEM32\VERSION.dll
0x00007ff930560000 - 0x00007ff930572000 	C:\Windows\SYSTEM32\UMPDC.dll
0x00007ff92f980000 - 0x00007ff92f992000 	C:\Windows\SYSTEM32\kernel.appcore.dll
0x00007ff92b5f0000 - 0x00007ff92b5fa000 	C:\Users\Lenovo\.jdks\openjdk-21\bin\jimage.dll
0x00007ff92eef0000 - 0x00007ff92f0d4000 	C:\Windows\SYSTEM32\DBGHELP.DLL
0x00007ff927d10000 - 0x00007ff927d44000 	C:\Windows\SYSTEM32\dbgcore.DLL
0x00007ff9318a0000 - 0x00007ff931922000 	C:\Windows\System32\bcryptPrimitives.dll
0x00007ff92b300000 - 0x00007ff92b31f000 	C:\Users\Lenovo\.jdks\openjdk-21\bin\java.dll
0x00007ff932fc0000 - 0x00007ff93372b000 	C:\Windows\System32\SHELL32.dll
0x00007ff92f1d0000 - 0x00007ff92f96e000 	C:\Windows\SYSTEM32\windows.storage.dll
0x00007ff931f70000 - 0x00007ff9322c3000 	C:\Windows\System32\combase.dll
0x00007ff930b90000 - 0x00007ff930bbe000 	C:\Windows\SYSTEM32\Wldp.dll
0x00007ff932700000 - 0x00007ff9327cd000 	C:\Windows\System32\OLEAUT32.dll
0x00007ff931ae0000 - 0x00007ff931b8d000 	C:\Windows\System32\SHCORE.dll
0x00007ff933a10000 - 0x00007ff933a65000 	C:\Windows\System32\shlwapi.dll
0x00007ff931090000 - 0x00007ff9310b3000 	C:\Windows\SYSTEM32\profapi.dll
0x00007ff8f4910000 - 0x00007ff8f49e7000 	C:\Users\Lenovo\.jdks\openjdk-21\bin\jsvml.dll
0x00007ff92b5e0000 - 0x00007ff92b5f0000 	C:\Users\Lenovo\.jdks\openjdk-21\bin\net.dll
0x00007ff926410000 - 0x00007ff92651a000 	C:\Windows\SYSTEM32\WINHTTP.dll
0x00007ff9308f0000 - 0x00007ff93095a000 	C:\Windows\system32\mswsock.dll
0x00007ff92b2e0000 - 0x00007ff92b2f6000 	C:\Users\Lenovo\.jdks\openjdk-21\bin\nio.dll
0x00007ff92b2c0000 - 0x00007ff92b2d8000 	C:\Users\Lenovo\.jdks\openjdk-21\bin\zip.dll
0x000002217fe70000 - 0x000002217fe73000 	C:\Users\Lenovo\.openjfx\cache\20.0.1+2\amd64\api-ms-win-core-console-l1-1-0.dll
0x000002217fe80000 - 0x000002217fe83000 	C:\Users\Lenovo\.openjfx\cache\20.0.1+2\amd64\api-ms-win-core-console-l1-2-0.dll
0x000002217fe90000 - 0x000002217fe93000 	C:\Users\Lenovo\.openjfx\cache\20.0.1+2\amd64\api-ms-win-core-datetime-l1-1-0.dll
0x000002217fea0000 - 0x000002217fea3000 	C:\Users\Lenovo\.openjfx\cache\20.0.1+2\amd64\api-ms-win-core-debug-l1-1-0.dll
0x000002217feb0000 - 0x000002217feb3000 	C:\Users\Lenovo\.openjfx\cache\20.0.1+2\amd64\api-ms-win-core-errorhandling-l1-1-0.dll
0x000002217fec0000 - 0x000002217fec4000 	C:\Users\Lenovo\.openjfx\cache\20.0.1+2\amd64\api-ms-win-core-file-l1-1-0.dll
0x000002217fed0000 - 0x000002217fed3000 	C:\Users\Lenovo\.openjfx\cache\20.0.1+2\amd64\api-ms-win-core-file-l1-2-0.dll
0x000002217fee0000 - 0x000002217fee3000 	C:\Users\Lenovo\.openjfx\cache\20.0.1+2\amd64\api-ms-win-core-file-l2-1-0.dll
0x000002217fef0000 - 0x000002217fef3000 	C:\Users\Lenovo\.openjfx\cache\20.0.1+2\amd64\api-ms-win-core-handle-l1-1-0.dll
0x000002217ff00000 - 0x000002217ff03000 	C:\Users\Lenovo\.openjfx\cache\20.0.1+2\amd64\api-ms-win-core-heap-l1-1-0.dll
0x000002217ff10000 - 0x000002217ff13000 	C:\Users\Lenovo\.openjfx\cache\20.0.1+2\amd64\api-ms-win-core-interlocked-l1-1-0.dll
0x000002217ff20000 - 0x000002217ff23000 	C:\Users\Lenovo\.openjfx\cache\20.0.1+2\amd64\api-ms-win-core-libraryloader-l1-1-0.dll
0x000002217ff30000 - 0x000002217ff33000 	C:\Users\Lenovo\.openjfx\cache\20.0.1+2\amd64\api-ms-win-core-localization-l1-2-0.dll
0x000002217ff40000 - 0x000002217ff43000 	C:\Users\Lenovo\.openjfx\cache\20.0.1+2\amd64\api-ms-win-core-memory-l1-1-0.dll
0x000002217ff50000 - 0x000002217ff53000 	C:\Users\Lenovo\.openjfx\cache\20.0.1+2\amd64\api-ms-win-core-namedpipe-l1-1-0.dll
0x000002217ff60000 - 0x000002217ff63000 	C:\Users\Lenovo\.openjfx\cache\20.0.1+2\amd64\api-ms-win-core-processenvironment-l1-1-0.dll
0x000002217ff70000 - 0x000002217ff73000 	C:\Users\Lenovo\.openjfx\cache\20.0.1+2\amd64\api-ms-win-core-processthreads-l1-1-0.dll
0x000002217ff80000 - 0x000002217ff83000 	C:\Users\Lenovo\.openjfx\cache\20.0.1+2\amd64\api-ms-win-core-processthreads-l1-1-1.dll
0x000002217ff90000 - 0x000002217ff93000 	C:\Users\Lenovo\.openjfx\cache\20.0.1+2\amd64\api-ms-win-core-profile-l1-1-0.dll
0x000002217ffa0000 - 0x000002217ffa3000 	C:\Users\Lenovo\.openjfx\cache\20.0.1+2\amd64\api-ms-win-core-rtlsupport-l1-1-0.dll
0x000002217ffb0000 - 0x000002217ffb3000 	C:\Users\Lenovo\.openjfx\cache\20.0.1+2\amd64\api-ms-win-core-string-l1-1-0.dll
0x000002217ffc0000 - 0x000002217ffc3000 	C:\Users\Lenovo\.openjfx\cache\20.0.1+2\amd64\api-ms-win-core-synch-l1-1-0.dll
0x000002217ffd0000 - 0x000002217ffd3000 	C:\Users\Lenovo\.openjfx\cache\20.0.1+2\amd64\api-ms-win-core-synch-l1-2-0.dll
0x000002217ffe0000 - 0x000002217ffe3000 	C:\Users\Lenovo\.openjfx\cache\20.0.1+2\amd64\api-ms-win-core-sysinfo-l1-1-0.dll
0x000002217fff0000 - 0x000002217fff3000 	C:\Users\Lenovo\.openjfx\cache\20.0.1+2\amd64\api-ms-win-core-timezone-l1-1-0.dll
0x0000022154000000 - 0x0000022154003000 	C:\Users\Lenovo\.openjfx\cache\20.0.1+2\amd64\api-ms-win-core-util-l1-1-0.dll
0x0000022154010000 - 0x0000022154013000 	C:\Users\Lenovo\.openjfx\cache\20.0.1+2\amd64\api-ms-win-crt-conio-l1-1-0.dll
0x0000022154020000 - 0x0000022154024000 	C:\Users\Lenovo\.openjfx\cache\20.0.1+2\amd64\api-ms-win-crt-convert-l1-1-0.dll
0x0000022154030000 - 0x0000022154033000 	C:\Users\Lenovo\.openjfx\cache\20.0.1+2\amd64\api-ms-win-crt-environment-l1-1-0.dll
0x0000022154040000 - 0x0000022154043000 	C:\Users\Lenovo\.openjfx\cache\20.0.1+2\amd64\api-ms-win-crt-filesystem-l1-1-0.dll
0x0000022154050000 - 0x0000022154053000 	C:\Users\Lenovo\.openjfx\cache\20.0.1+2\amd64\api-ms-win-crt-heap-l1-1-0.dll
0x0000022154060000 - 0x0000022154063000 	C:\Users\Lenovo\.openjfx\cache\20.0.1+2\amd64\api-ms-win-crt-locale-l1-1-0.dll
0x0000022154070000 - 0x0000022154075000 	C:\Users\Lenovo\.openjfx\cache\20.0.1+2\amd64\api-ms-win-crt-math-l1-1-0.dll
0x0000022154080000 - 0x0000022154085000 	C:\Users\Lenovo\.openjfx\cache\20.0.1+2\amd64\api-ms-win-crt-multibyte-l1-1-0.dll
0x0000022154090000 - 0x00000221540a0000 	C:\Users\Lenovo\.openjfx\cache\20.0.1+2\amd64\api-ms-win-crt-private-l1-1-0.dll
0x00000221540a0000 - 0x00000221540a3000 	C:\Users\Lenovo\.openjfx\cache\20.0.1+2\amd64\api-ms-win-crt-process-l1-1-0.dll
0x00000221540b0000 - 0x00000221540b4000 	C:\Users\Lenovo\.openjfx\cache\20.0.1+2\amd64\api-ms-win-crt-runtime-l1-1-0.dll
0x00000221540c0000 - 0x00000221540c4000 	C:\Users\Lenovo\.openjfx\cache\20.0.1+2\amd64\api-ms-win-crt-stdio-l1-1-0.dll
0x00000221540d0000 - 0x00000221540d4000 	C:\Users\Lenovo\.openjfx\cache\20.0.1+2\amd64\api-ms-win-crt-string-l1-1-0.dll
0x00000221540e0000 - 0x00000221540e3000 	C:\Users\Lenovo\.openjfx\cache\20.0.1+2\amd64\api-ms-win-crt-time-l1-1-0.dll
0x00000221540f0000 - 0x00000221540f3000 	C:\Users\Lenovo\.openjfx\cache\20.0.1+2\amd64\api-ms-win-crt-utility-l1-1-0.dll
0x00007ff914140000 - 0x00007ff91423c000 	C:\Users\Lenovo\.openjfx\cache\20.0.1+2\amd64\ucrtbase.dll
0x00007ff92a1d0000 - 0x00007ff92a1eb000 	C:\Users\Lenovo\.openjfx\cache\20.0.1+2\amd64\vcruntime140.dll
0x00007ff92b5c0000 - 0x00007ff92b5cc000 	C:\Users\Lenovo\.openjfx\cache\20.0.1+2\amd64\vcruntime140_1.dll
0x00007ff9140b0000 - 0x00007ff91413e000 	C:\Users\Lenovo\.openjfx\cache\20.0.1+2\amd64\msvcp140.dll
0x00007ff929a60000 - 0x00007ff929a69000 	C:\Users\Lenovo\.openjfx\cache\20.0.1+2\amd64\msvcp140_1.dll
0x00007ff9294b0000 - 0x00007ff9294e0000 	C:\Users\Lenovo\.openjfx\cache\20.0.1+2\amd64\msvcp140_2.dll
0x00007ff924d40000 - 0x00007ff924d6f000 	C:\Users\Lenovo\.openjfx\cache\20.0.1+2\amd64\prism_d3d.dll
0x00007ff90cb50000 - 0x00007ff90cd1d000 	C:\Windows\system32\d3d9.dll
0x00007ff92e860000 - 0x00007ff92e88f000 	C:\Windows\SYSTEM32\dwmapi.dll
0x00007ff92e760000 - 0x00007ff92e7fe000 	C:\Windows\system32\uxtheme.dll
0x00007ff8f9930000 - 0x00007ff8f9a95000 	C:\Windows\System32\DriverStore\FileRepository\iigd_dch.inf_amd64_4b31d9b38e2bb506\igdumdim64.dll
0x00007ff933850000 - 0x00007ff93397b000 	C:\Windows\System32\ole32.dll
0x00007ff882ae0000 - 0x00007ff88676b000 	C:\Windows\System32\DriverStore\FileRepository\iigd_dch.inf_amd64_4b31d9b38e2bb506\igd9dxva64.dll
0x00007ff932900000 - 0x00007ff932d6e000 	C:\Windows\System32\SETUPAPI.dll
0x00007ff931930000 - 0x00007ff93197e000 	C:\Windows\System32\cfgmgr32.dll
0x00007ff9260b0000 - 0x00007ff9263e6000 	C:\Windows\System32\DriverStore\FileRepository\iigd_dch.inf_amd64_4b31d9b38e2bb506\igdgmm64.dll
0x00007ff91fb10000 - 0x00007ff91fb52000 	C:\Users\Lenovo\.openjfx\cache\20.0.1+2\amd64\glass.dll
0x00007ff931b90000 - 0x00007ff931c6a000 	C:\Windows\System32\COMDLG32.dll
0x00007ff9322d0000 - 0x00007ff9323e5000 	C:\Windows\System32\MSCTF.dll
0x00007ff8fc850000 - 0x00007ff8fc877000 	C:\Windows\System32\DriverStore\FileRepository\iigd_dch.inf_amd64_4b31d9b38e2bb506\igdinfo64.dll
0x00007ff930af0000 - 0x00007ff930b08000 	C:\Windows\SYSTEM32\CRYPTSP.dll
0x00007ff9301a0000 - 0x00007ff9301d4000 	C:\Windows\system32\rsaenh.dll
0x00007ff930ae0000 - 0x00007ff930aec000 	C:\Windows\SYSTEM32\CRYPTBASE.dll
0x00007ff9203c0000 - 0x00007ff92314f000 	C:\Windows\System32\DriverStore\FileRepository\iigd_dch.inf_amd64_4b31d9b38e2bb506\igc64.dll
0x00007ff926bc0000 - 0x00007ff926bfb000 	C:\Windows\SYSTEM32\dxcore.dll
0x00007ff9305d0000 - 0x00007ff93069b000 	C:\Windows\SYSTEM32\DNSAPI.dll
0x00007ff930580000 - 0x00007ff9305bb000 	C:\Windows\SYSTEM32\IPHLPAPI.DLL
0x00007ff933a00000 - 0x00007ff933a08000 	C:\Windows\System32\NSI.dll
0x00007ff927d00000 - 0x00007ff927d0a000 	C:\Windows\System32\rasadhlp.dll
0x00007ff925c90000 - 0x00007ff925d10000 	C:\Windows\System32\fwpuclnt.dll
0x00007ff92b2b0000 - 0x00007ff92b2b7000 	C:\Users\Lenovo\.jdks\openjdk-21\bin\extnet.dll
0x00007ff928e40000 - 0x00007ff928e54000 	C:\Users\Lenovo\.openjfx\cache\20.0.1+2\amd64\javafx_font.dll
0x00007ff91c480000 - 0x00007ff91c6ff000 	C:\Windows\SYSTEM32\dwrite.dll
0x00007ff9325a0000 - 0x00007ff932649000 	C:\Windows\System32\clbcatq.dll
0x00007ff92a000000 - 0x00007ff92a1b4000 	C:\Windows\SYSTEM32\WindowsCodecs.dll
0x00007ff900ca0000 - 0x00007ff900cde000 	C:\Windows\system32\dataexchange.dll
0x00007ff92d9c0000 - 0x00007ff92dba5000 	C:\Windows\system32\dcomp.dll
0x00007ff92cd30000 - 0x00007ff92cf93000 	C:\Windows\system32\d3d11.dll
0x00007ff92f9f0000 - 0x00007ff92fae3000 	C:\Windows\system32\dxgi.dll

dbghelp: loaded successfully - version: 4.0.5 - missing functions: none
symbol engine: initialized successfully - sym options: 0x614 - pdb path: .;C:\Users\Lenovo\.jdks\openjdk-21\bin;C:\Windows\SYSTEM32;C:\Program Files\Avast Software\Avast;C:\Windows\WinSxS\amd64_microsoft.windows.common-controls_6595b64144ccf1df_6.0.19041.3636_none_60b6a03d71f818d5;C:\Users\Lenovo\.jdks\openjdk-21\bin\server;C:\Users\Lenovo\.openjfx\cache\20.0.1+2\amd64;C:\Windows\System32\DriverStore\FileRepository\iigd_dch.inf_amd64_4b31d9b38e2bb506;C:\Program Files\Common Files\Microsoft Shared\Ink

VM Arguments:
jvm_args: --module-path=C:\Users\Lenovo\.m2\repository\org\openjfx\javafx-base\20.0.1\javafx-base-20.0.1-win.jar;C:\Users\Lenovo\.m2\repository\org\openjfx\javafx-base\20.0.1\javafx-base-20.0.1.jar;C:\Users\Lenovo\.m2\repository\org\openjfx\javafx-controls\20.0.1\javafx-controls-20.0.1-win.jar;C:\Users\Lenovo\.m2\repository\org\openjfx\javafx-controls\20.0.1\javafx-controls-20.0.1.jar;C:\Users\Lenovo\.m2\repository\org\openjfx\javafx-fxml\20.0.1\javafx-fxml-20.0.1-win.jar;C:\Users\Lenovo\.m2\repository\org\openjfx\javafx-fxml\20.0.1\javafx-fxml-20.0.1.jar;C:\Users\Lenovo\.m2\repository\org\openjfx\javafx-graphics\20.0.1\javafx-graphics-20.0.1-win.jar;C:\Users\Lenovo\.m2\repository\org\openjfx\javafx-graphics\20.0.1\javafx-graphics-20.0.1.jar --add-modules=javafx.base,javafx.controls,javafx.fxml,javafx.graphics 
java_command: test.Main
java_class_path (initial): C:\Users\Lenovo\Desktop\java\PIJAVA\target\classes;C:\Users\Lenovo\.m2\repository\com\google\protobuf\protobuf-java\3.21.9\protobuf-java-3.21.9.jar;C:\Users\Lenovo\.m2\repository\com\mysql\mysql-connector-j\8.0.33\mysql-connector-j-8.0.33.jar;C:\Users\Lenovo\.m2\repository\de\jensd\fontawesomefx-commons\9.1.2\fontawesomefx-commons-9.1.2.jar;C:\Users\Lenovo\.m2\repository\de\jensd\fontawesomefx-fontawesome\4.7.0-9.1.2\fontawesomefx-fontawesome-4.7.0-9.1.2.jar
Launcher Type: SUN_STANDARD

[Global flags]
     intx CICompilerCount                          = 4                                         {product} {ergonomic}
     uint ConcGCThreads                            = 2                                         {product} {ergonomic}
     uint G1ConcRefinementThreads                  = 8                                         {product} {ergonomic}
   size_t G1HeapRegionSize                         = 1048576                                   {product} {ergonomic}
    uintx GCDrainStackTargetSize                   = 64                                        {product} {ergonomic}
   size_t InitialHeapSize                          = 132120576                                 {product} {ergonomic}
   size_t MarkStackSize                            = 4194304                                   {product} {ergonomic}
   size_t MaxHeapSize                              = 2105540608                                {product} {ergonomic}
   size_t MaxNewSize                               = 1262485504                                {product} {ergonomic}
   size_t MinHeapDeltaBytes                        = 1048576                                   {product} {ergonomic}
   size_t MinHeapSize                              = 8388608                                   {product} {ergonomic}
    uintx NonNMethodCodeHeapSize                   = 5839372                                {pd product} {ergonomic}
    uintx NonProfiledCodeHeapSize                  = 122909434                              {pd product} {ergonomic}
    uintx ProfiledCodeHeapSize                     = 122909434                              {pd product} {ergonomic}
    uintx ReservedCodeCacheSize                    = 251658240                              {pd product} {ergonomic}
     bool SegmentedCodeCache                       = true                                      {product} {ergonomic}
   size_t SoftMaxHeapSize                          = 2105540608                             {manageable} {ergonomic}
     bool UseCompressedOops                        = true                           {product lp64_product} {ergonomic}
     bool UseG1GC                                  = true                                      {product} {ergonomic}
     bool UseLargePagesIndividualAllocation        = false                                  {pd product} {ergonomic}

Logging:
Log output configuration:
 #0: stdout all=warning uptime,level,tags foldmultilines=false
 #1: stderr all=off uptime,level,tags foldmultilines=false

Environment Variables:
PATH=C:\oraclexe\app\oracle\product\10.2.0\server\bin;C:\Program Files (x86)\VMware\VMware Player\bin\;C:\Windows\system32;C:\Windows;C:\Windows\System32\Wbem;C:\Windows\System32\WindowsPowerShell\v1.0\;C:\Windows\System32\OpenSSH\;C:\xampp\php;C:\Program Files\Git\cmd;C:\composer;C:\Users\Lenovo\AppData\Local\Programs\Python\Launcher\;C:\Users\Lenovo\scoop\shims;C:\Users\Lenovo\AppData\Local\Microsoft\WindowsApps;C:\Microsoft VS Code\bin;C:\Users\Lenovo\AppData\Roaming\Composer\vendor\bin;C:\Flex Windows\gcc\bin;C:\Flex Windows\Lex\bin;C:\Flex Windows\bison\bin
USERNAME=Lenovo
OS=Windows_NT
PROCESSOR_IDENTIFIER=Intel64 Family 6 Model 142 Stepping 12, GenuineIntel
TMP=C:\Users\Lenovo\AppData\Local\Temp
TEMP=C:\Users\Lenovo\AppData\Local\Temp




---------------  S Y S T E M  ---------------

OS:
 Windows 10 , 64 bit Build 19041 (10.0.19041.3636)
OS uptime: 2 days 23:29 hours

CPU: total 8 (initial active 8) (4 cores per cpu, 2 threads per core) family 6 model 142 stepping 12 microcode 0xde, cx8, cmov, fxsr, ht, mmx, 3dnowpref, sse, sse2, sse3, ssse3, sse4.1, sse4.2, popcnt, lzcnt, tsc, tscinvbit, avx, avx2, aes, erms, clmul, bmi1, bmi2, adx, fma, vzeroupper, clflush, clflushopt, rdtscp, f16c
Processor Information for all 8 processors :
  Max Mhz: 2112, Current Mhz: 1609, Mhz Limit: 1605

Memory: 4k page, system-wide physical 8027M (353M free)
TotalPageFile size 32603M (AvailPageFile size 65M)
current process WorkingSet (physical memory assigned to process): 459M, peak: 459M
current process commit charge ("private bytes"): 555M, peak: 624M

vm_info: OpenJDK 64-Bit Server VM (21+35-2513) for windows-amd64 JRE (21+35-2513), built on 2023-08-09T20:25:10Z by "mach5one" with MS VC++ 17.1 (VS2022)

END.
