#
# There is insufficient memory for the Java Runtime Environment to continue.
# Native memory allocation (mmap) failed to map 65536 bytes for Failed to commit metaspace.
# Possible reasons:
#   The system is out of physical RAM or swap space
#   The process is running with CompressedOops enabled, and the Java Heap may be blocking the growth of the native heap
# Possible solutions:
#   Reduce memory load on the system
#   Increase physical memory or swap space
#   Check if swap backing store is full
#   Decrease Java heap size (-Xmx/-Xms)
#   Decrease number of Java threads
#   Decrease Java thread stack sizes (-Xss)
#   Set larger code cache with -XX:ReservedCodeCacheSize=
#   JVM is running with Unscaled Compressed Oops mode in which the Java heap is
#     placed in the first 4GB address space. The Java Heap base address is the
#     maximum limit for the native heap growth. Please use -XX:HeapBaseMinAddress
#     to set the Java Heap base and to place the Java Heap above 4GB virtual address.
# This output file may be truncated or incomplete.
#
#  Out of Memory Error (virtualSpaceNode.cpp:112), pid=27608, tid=23008
#
# JRE version: OpenJDK Runtime Environment (21.0+35) (build 21+35-2513)
# Java VM: OpenJDK 64-Bit Server VM (21+35-2513, mixed mode, sharing, tiered, compressed oops, compressed class ptrs, g1 gc, windows-amd64)
# No core dump will be written. Minidumps are not enabled by default on client versions of Windows
#

---------------  S U M M A R Y ------------

Command Line: -Dmaven.multiModuleProjectDirectory=C:\Users\Lenovo\Desktop\java\PIJAVA -Djansi.passthrough=true -Dmaven.home=C:\Users\Lenovo\IntelliJ IDEA 2024.1\plugins\maven\lib\maven3 -Dclassworlds.conf=C:\Users\Lenovo\IntelliJ IDEA 2024.1\plugins\maven\lib\maven3\bin\m2.conf -Dmaven.ext.class.path=C:\Users\Lenovo\IntelliJ IDEA 2024.1\plugins\maven\lib\maven-event-listener.jar -javaagent:C:\Users\Lenovo\IntelliJ IDEA 2024.1\lib\idea_rt.jar=64062:C:\Users\Lenovo\IntelliJ IDEA 2024.1\bin -Dfile.encoding=UTF-8 -Dsun.stdout.encoding=UTF-8 -Dsun.stderr.encoding=UTF-8 org.codehaus.classworlds.Launcher -Didea.version=2024.1 org.openjfx:javafx-maven-plugin:0.0.8:run

Host: Intel(R) Core(TM) i5-10210U CPU @ 1.60GHz, 8 cores, 7G,  Windows 10 , 64 bit Build 19041 (10.0.19041.3636)
Time: Fri May  3 22:58:19 2024 Paris, Madrid (heure duild 19041 (10.0.19041.3636) elapsed time: 1.366090 seconds (0d 0h 0m 1s)

---------------  T H R E A D  ---------------

Current thread (0x000001b9da8b13b0):  JavaThread "main"             [_thread_in_vm, id=23008, stack(0x0000009b6f900000,0x0000009b6fa00000) (1024K)]

Stack: [0x0000009b6f900000,0x0000009b6fa00000]
Native frames: (J=compiled Java code, j=interpreted, Vv=VM code, C=native code)
V  [jvm.dll+0x6c8d39]
V  [jvm.dll+0x854091]
V  [jvm.dll+0x85630e]
V  [jvm.dll+0x8569e3]
V  [jvm.dll+0x2809a6]
V  [jvm.dll+0x84fdce]
V  [jvm.dll+0x66c755]
V  [jvm.dll+0x1e666c]
V  [jvm.dll+0x1e643e]
V  [jvm.dll+0x66f06c]
V  [jvm.dll+0x66ee82]
V  [jvm.dll+0x66d12e]
V  [jvm.dll+0x26b07f]
V  [jvm.dll+0x677325]
V  [jvm.dll+0x217923]
V  [jvm.dll+0x217e65]
V  [jvm.dll+0x218881]
V  [jvm.dll+0x20db1e]
V  [jvm.dll+0x5ac48c]
V  [jvm.dll+0x7cd346]
V  [jvm.dll+0x46fb00]
V  [jvm.dll+0x475788]
C  [java.dll+0x17ec]

Java frames: (J=compiled Java code, j=interpreted, Vv=VM code)
J 1167  java.lang.ClassLoader.defineClass1(Ljava/lang/ClassLoader;Ljava/lang/String;[BIILjava/security/ProtectionDomain;Ljava/lang/String;)Ljava/lang/Class; java.base@21 (0 bytes) @ 0x000001b9ecac1391 [0x000001b9ecac12c0+0x00000000000000d1]
J 1180 c1 java.lang.ClassLoader.defineClass(Ljava/lang/String;[BIILjava/security/ProtectionDomain;)Ljava/lang/Class; java.base@21 (43 bytes) @ 0x000001b9e51cba0c [0x000001b9e51cb6a0+0x000000000000036c]
J 1179 c1 java.security.SecureClassLoader.defineClass(Ljava/lang/String;[BIILjava/security/CodeSource;)Ljava/lang/Class; java.base@21 (16 bytes) @ 0x000001b9e51cb29c [0x000001b9e51cb1c0+0x00000000000000dc]
J 1015 c1 java.net.URLClassLoader.defineClass(Ljava/lang/String;Ljdk/internal/loader/Resource;)Ljava/lang/Class; java.base@21 (224 bytes) @ 0x000001b9e516f51c [0x000001b9e516e1c0+0x000000000000135c]
J 948 c1 java.net.URLClassLoader$1.run()Ljava/lang/Class; java.base@21 (81 bytes) @ 0x000001b9e514ab94 [0x000001b9e5149ee0+0x0000000000000cb4]
J 947 c1 java.net.URLClassLoader$1.run()Ljava/lang/Object; java.base@21 (5 bytes) @ 0x000001b9e5149954 [0x000001b9e51498c0+0x0000000000000094]
J 871 c1 java.security.AccessController.doPrivileged(Ljava/security/PrivilegedExceptionAction;Ljava/security/AccessControlContext;)Ljava/lang/Object; java.base@21 (26 bytes) @ 0x000001b9e510051c [0x000001b9e5100320+0x00000000000001fc]
J 945 c1 java.net.URLClassLoader.findClass(Ljava/lang/String;)Ljava/lang/Class; java.base@21 (47 bytes) @ 0x000001b9e514884c [0x000001b9e51486a0+0x00000000000001ac]
J 951 c1 org.codehaus.plexus.classworlds.realm.ClassRealm.loadClassFromSelf(Ljava/lang/String;)Ljava/lang/Class; (40 bytes) @ 0x000001b9e514cdcc [0x000001b9e514ca20+0x00000000000003ac]
J 894 c1 org.codehaus.plexus.classworlds.strategy.SelfFirstStrategy.loadClass(Ljava/lang/String;)Ljava/lang/Class; (50 bytes) @ 0x000001b9e51129ac [0x000001b9e51125c0+0x00000000000003ec]
J 650 c1 org.codehaus.plexus.classworlds.realm.ClassRealm.loadClass(Ljava/lang/String;Z)Ljava/lang/Class; (33 bytes) @ 0x000001b9e5083464 [0x000001b9e50832e0+0x0000000000000184]
J 649 c1 org.codehaus.plexus.classworlds.realm.ClassRealm.loadClass(Ljava/lang/String;)Ljava/lang/Class; (7 bytes) @ 0x000001b9e5082f44 [0x000001b9e5082e40+0x0000000000000104]
v  ~StubRoutines::call_stub 0x000001b9ec4c100d
J 1988  java.lang.Class.getDeclaredMethods0(Z)[Ljava/lang/reflect/Method; java.base@21 (0 bytes) @ 0x000001b9ecb2d113 [0x000001b9ecb2d0c0+0x0000000000000053]
J 1371 c1 java.lang.Class.privateGetDeclaredMethods(Z)[Ljava/lang/reflect/Method; java.base@21 (64 bytes) @ 0x000001b9e521406c [0x000001b9e5213ec0+0x00000000000001ac]
J 1560 c1 java.lang.Class.getDeclaredMethods()[Ljava/lang/reflect/Method; java.base@21 (27 bytes) @ 0x000001b9e5265914 [0x000001b9e52657e0+0x0000000000000134]
J 1689 c1 com.google.inject.internal.DeclaredMembers.getDeclaredMethods(Ljava/lang/Class;)[Ljava/lang/reflect/Method; (76 bytes) @ 0x000001b9e52c1584 [0x000001b9e52c1520+0x0000000000000064]
J 1810 c1 com.google.inject.spi.InjectionPoint.getInjectionPoints(Lcom/google/inject/TypeLiteral;ZLcom/google/inject/internal/Errors;)Ljava/util/Set; (491 bytes) @ 0x000001b9e53009dc [0x000001b9e52ffce0+0x0000000000000cfc]
J 1884 c1 com.google.inject.spi.InjectionPoint.forInstanceMethodsAndFields(Lcom/google/inject/TypeLiteral;)Ljava/util/Set; (40 bytes) @ 0x000001b9e53221a4 [0x000001b9e5321fe0+0x00000000000001c4]
j  org.eclipse.sisu.wire.DependencyAnalyzer.analyzeImplementation(Lcom/google/inject/TypeLiteral;Z)Ljava/lang/Boolean;+44
j  org.eclipse.sisu.wire.DependencyAnalyzer.visit(Lcom/google/inject/spi/UntargettedBinding;)Ljava/lang/Boolean;+11
j  org.eclipse.sisu.wire.DependencyAnalyzer.visit(Lcom/google/inject/spi/UntargettedBinding;)Ljava/lang/Object;+2
j  com.google.inject.internal.UntargettedBindingImpl.acceptTargetVisitor(Lcom/google/inject/spi/BindingTargetVisitor;)Ljava/lang/Object;+2
j  org.eclipse.sisu.wire.ElementAnalyzer.visit(Lcom/google/inject/Binding;)Ljava/lang/Void;+43
j  org.eclipse.sisu.wire.ElementAnalyzer.visit(Lcom/google/inject/Binding;)Ljava/lang/Object;+2
j  com.google.inject.internal.BindingImpl.acceptVisitor(Lcom/google/inject/spi/ElementVisitor;)Ljava/lang/Object;+2
j  org.eclipse.sisu.wire.WireModule.configure(Lcom/google/inject/Binder;)V+45
j  com.google.inject.spi.Elements$RecordingBinder.install(Lcom/google/inject/Module;)V+209
j  com.google.inject.spi.Elements.getElements(Lcom/google/inject/Stage;Ljava/lang/Iterable;)Ljava/util/List;+40
j  com.google.inject.internal.InjectorShell$Builder.build(Lcom/google/inject/internal/Initializer;Lcom/google/inject/internal/ProcessedBindingData;Lcom/google/inject/internal/util/ContinuousStopwatch;Lcom/google/inject/internal/Errors;)Ljava/util/List;+163
j  com.google.inject.internal.InternalInjectorCreator.build()Lcom/google/inject/Injector;+48
j  com.google.inject.Guice.createInjector(Lcom/google/inject/Stage;Ljava/lang/Iterable;)Lcom/google/inject/Injector;+15
j  com.google.inject.Guice.createInjector(Ljava/lang/Iterable;)Lcom/google/inject/Injector;+4
j  com.google.inject.Guice.createInjector([Lcom/google/inject/Module;)Lcom/google/inject/Injector;+4
j  org.codehaus.plexus.DefaultPlexusContainer.addPlexusInjector(Ljava/util/List;[Lcom/google/inject/Module;)Lcom/google/inject/Injector;+88
j  org.codehaus.plexus.DefaultPlexusContainer.<init>(Lorg/codehaus/plexus/ContainerConfiguration;[Lcom/google/inject/Module;)V+400
j  org.apache.maven.cli.MavenCli.container(Lorg/apache/maven/cli/CliRequest;)Lorg/codehaus/plexus/PlexusContainer;+279
j  org.apache.maven.cli.MavenCli.doMain(Lorg/apache/maven/cli/CliRequest;)I+34
j  org.apache.maven.cli.MavenCli.main([Ljava/lang/String;Lorg/codehaus/plexus/classworlds/ClassWorld;)I+24
j  java.lang.invoke.DirectMethodHandle$Holder.invokeStatic(Ljava/lang/Object;Ljava/lang/Object;Ljava/lang/Object;)I+11 java.base@21
j  java.lang.invoke.LambdaForm$MH+0x000001b98100b000.invoke(Ljava/lang/Object;Ljava/lang/Object;Ljava/lang/Object;Ljava/lang/Object;)Ljava/lang/Object;+54 java.base@21
j  java.lang.invoke.LambdaForm$MH+0x000001b981002800.invokeExact_MT(Ljava/lang/Object;Ljava/lang/Object;Ljava/lang/Object;Ljava/lang/Object;Ljava/lang/Object;)Ljava/lang/Object;+22 java.base@21
j  jdk.internal.reflect.DirectMethodHandleAccessor.invokeImpl(Ljava/lang/Object;[Ljava/lang/Object;)Ljava/lang/Object;+72 java.base@21
j  jdk.internal.reflect.DirectMethodHandleAccessor.invoke(Ljava/lang/Object;[Ljava/lang/Object;)Ljava/lang/Object;+23 java.base@21
j  java.lang.reflect.Method.invoke(Ljava/lang/Object;[Ljava/lang/Object;)Ljava/lang/Object;+102 java.base@21
j  org.codehaus.plexus.classworlds.launcher.Launcher.launchEnhanced([Ljava/lang/String;)V+45
j  org.codehaus.plexus.classworlds.launcher.Launcher.launch([Ljava/lang/String;)V+2
j  org.codehaus.plexus.classworlds.launcher.Launcher.mainWithExitCode([Ljava/lang/String;)I+108
j  org.codehaus.plexus.classworlds.launcher.Launcher.main([Ljava/lang/String;)V+1
j  org.codehaus.classworlds.Launcher.main([Ljava/lang/String;)V+1
v  ~StubRoutines::call_stub 0x000001b9ec4c100d

Compiled method (n/a)    1413 1167     n 0       java.lang.ClassLoader::defineClass1 (native)
 total in heap  [0x000001b9ecac1110,0x000001b9ecac1770] = 1632
 relocation     [0x000001b9ecac1270,0x000001b9ecac12a8] = 56
 main code      [0x000001b9ecac12c0,0x000001b9ecac176f] = 1199
 stub code      [0x000001b9ecac176f,0x000001b9ecac1770] = 1

[Constant Pool (empty)]

[MachCode]
[Entry Point]
  # {method} {0x000001b98043b558} 'defineClass1' '(Ljava/lang/ClassLoader;Ljava/lang/String;[BIILjava/security/ProtectionDomain;Ljava/lang/String;)Ljava/lang/Class;' in 'java/lang/ClassLoader'
  # parm0:    rdx:rdx   = 'java/lang/ClassLoader'
  # parm1:    r8:r8     = 'java/lang/String'
  # parm2:    r9:r9     = '[B'
  # parm3:    rdi       = int
  # parm4:    rsi       = int
  # parm5:    rcx:rcx   = 'java/security/ProtectionDomain'
  # parm6:    [sp+0xa0]   = 'java/lang/String'  (sp of caller)
  0x000001b9ecac12c0: 448b 5208 | 49bb 0000 | 0080 b901 | 0000 4d03 | d349 3bc2 | 0f84 0600 

  0x000001b9ecac12d8: ;   {runtime_call ic_miss_stub}
  0x000001b9ecac12d8: 0000 e9a1 | d4a4 ff90 
[Verified Entry Point]
  0x000001b9ecac12e0: 8984 2400 | 80ff ff55 | 488b ec48 | 81ec 9000 | 0000 6690 | 4181 7f20 | 0100 0000 

  0x000001b9ecac12fc: ;   {runtime_call StubRoutines (final stubs)}
  0x000001b9ecac12fc: 7405 e85d | 3aa3 ff48 | 837d 1000 | 488d 4510 | 480f 4445 | 1048 8944 | 2440 4889 | 4c24 7048 
  0x000001b9ecac131c: 83f9 0048 | 8d44 2470 | 480f 4444 | 2470 4889 | 4424 3848 | 8974 2430 | 4889 7c24 | 284c 894c 
  0x000001b9ecac133c: 2458 4983 | f900 488d | 4424 5848 | 0f44 4424 | 5848 8944 | 2420 4c89 | 4424 5049 | 83f8 004c 
  0x000001b9ecac135c: 8d4c 2450 | 4c0f 444c | 2450 4889 | 5424 4848 | 83fa 004c | 8d44 2448 | 4c0f 4444 

  0x000001b9ecac1378: ;   {oop(a 'java/lang/Class'{0x000000008294f248} = 'java/lang/ClassLoader')}
  0x000001b9ecac1378: 2448 49be | 48f2 9482 | 0000 0000 | 4c89 7424 | 784c 8d74 | 2478 498b | d6c5 f877 

  0x000001b9ecac1394: ;   {internal_word}
  0x000001b9ecac1394: 49ba 9113 | acec b901 | 0000 4d89 | 97a0 0300 | 0049 89a7 | 9803 0000 

  0x000001b9ecac13ac: ;   {external_word}
  0x000001b9ecac13ac: 49ba 1905 | 16f3 f87f | 0000 4180 | 3a00 0f84 | 4e00 0000 | 5241 5041 

  0x000001b9ecac13c4: ;   {metadata({method} {0x000001b98043b558} 'defineClass1' '(Ljava/lang/ClassLoader;Ljava/lang/String;[BIILjava/security/ProtectionDomain;Ljava/lang/String;)Ljava/lang/Class;' in 'java/lang/ClassLoader')}
  0x000001b9ecac13c4: 5148 ba50 | b543 80b9 | 0100 0049 | 8bcf 4883 | ec20 40f6 | c40f 0f84 | 1900 0000 | 4883 ec08 
  0x000001b9ecac13e4: ;   {runtime_call}
  0x000001b9ecac13e4: 48b8 80e8 | c6f2 f87f | 0000 ffd0 | 4883 c408 | e90c 0000 

  0x000001b9ecac13f8: ;   {runtime_call}
  0x000001b9ecac13f8: 0048 b880 | e8c6 f2f8 | 7f00 00ff | d048 83c4 | 2041 5941 | 585a 498d | 8fb8 0300 | 0041 c787 
  0x000001b9ecac1418: 4c04 0000 | 0400 0000 

  0x000001b9ecac1420: ;   {runtime_call}
  0x000001b9ecac1420: 48b8 ac16 | 302b f97f | 0000 ffd0 | c5f8 7741 | c787 4c04 | 0000 0500 | 0000 f083 | 4424 c000 
  0x000001b9ecac1440: 493b af50 | 0400 000f | 870e 0000 | 0041 83bf | 4804 0000 | 000f 842b | 0000 00c5 | f877 4889 
  0x000001b9ecac1460: 45f8 498b | cf4c 8be4 | 4883 ec20 | 4883 e4f0 

  0x000001b9ecac1470: ;   {runtime_call}
  0x000001b9ecac1470: 48b8 70bc | 92f2 f87f | 0000 ffd0 | 498b e44d | 33e4 488b | 45f8 41c7 | 874c 0400 | 0008 0000 
  0x000001b9ecac1490: 0041 83bf | c804 0000 | 020f 84a3 

  0x000001b9ecac149c: ;   {external_word}
  0x000001b9ecac149c: 0200 0049 | ba19 0516 | f3f8 7f00 | 0041 803a | 000f 844c | 0000 0048 

  0x000001b9ecac14b4: ;   {metadata({method} {0x000001b98043b558} 'defineClass1' '(Ljava/lang/ClassLoader;Ljava/lang/String;[BIILjava/security/ProtectionDomain;Ljava/lang/String;)Ljava/lang/Class;' in 'java/lang/ClassLoader')}
  0x000001b9ecac14b4: 8945 f848 | ba50 b543 | 80b9 0100 | 0049 8bcf | 4883 ec20 | 40f6 c40f | 0f84 1900 | 0000 4883 
  0x000001b9ecac14d4: ;   {runtime_call}
  0x000001b9ecac14d4: ec08 48b8 | 80e8 c6f2 | f87f 0000 | ffd0 4883 | c408 e90c 

  0x000001b9ecac14e8: ;   {runtime_call}
  0x000001b9ecac14e8: 0000 0048 | b880 e8c6 | f2f8 7f00 | 00ff d048 | 83c4 2048 | 8b45 f849 | c787 9803 | 0000 0000 
  0x000001b9ecac1508: 0000 49c7 | 87a0 0300 | 0000 0000 | 00c5 f877 | 4885 c00f | 84fe 0100 | 00a8 030f | 8508 0000 
  0x000001b9ecac1528: 0048 8b00 | e9ee 0100 | 00a8 010f | 8509 0000 | 0048 8b40 | fee9 dd01 | 0000 488b | 40ff 4180 
  0x000001b9ecac1548: 7f40 000f | 84ce 0100 | 0048 83f8 | 000f 84c4 | 0100 0049 | 8b4f 2848 | 83f9 000f | 8414 0000 
  0x000001b9ecac1568: 0048 83e9 | 0849 894f | 2849 034f | 3848 8901 | e9a2 0100 | 0048 81ec | d000 0000 | 4889 0424 
  0x000001b9ecac1588: 4889 4c24 | 0848 8954 | 2410 4889 | 7424 1848 | 897c 2420 | 4c89 4424 | 284c 894c | 2430 4c89 
  0x000001b9ecac15a8: 5424 384c | 895c 2440 | c5fb 1144 | 2450 c5fb | 114c 2458 | c5fb 1154 | 2460 c5fb | 115c 2468 
  0x000001b9ecac15c8: c5fb 1164 | 2470 c5fb | 116c 2478 | c5fb 11b4 | 2480 0000 | 00c5 fb11 | bc24 8800 | 0000 c57b 
  0x000001b9ecac15e8: ;   {no_reloc}
  0x000001b9ecac15e8: 1184 2490 | 0000 00c5 | 7b11 8c24 | 9800 0000 | c57b 1194 | 24a0 0000 | 00c5 7b11 | 9c24 a800 
  0x000001b9ecac1608: 0000 c57b | 11a4 24b0 | 0000 00c5 | 7b11 ac24 | b800 0000 | c57b 11b4 | 24c0 0000 | 00c5 7b11 
  0x000001b9ecac1628: bc24 c800 | 0000 498b | d748 8bc8 | 4883 ec20 | 40f6 c40f | 0f84 1900 | 0000 4883 

  0x000001b9ecac1644: ;   {runtime_call}
  0x000001b9ecac1644: ec08 48b8 | 8020 86f2 | f87f 0000 | ffd0 4883 | c408 e90c 

  0x000001b9ecac1658: ;   {runtime_call}
  0x000001b9ecac1658: 0000 0048 | b880 2086 | f2f8 7f00 | 00ff d048 | 83c4 20c5 | 7b10 bc24 | c800 0000 | c57b 10b4 
  0x000001b9ecac1678: 24c0 0000 | 00c5 7b10 | ac24 b800 | 0000 c57b | 10a4 24b0 | 0000 00c5 | 7b10 9c24 | a800 0000 
  0x000001b9ecac1698: c57b 1094 | 24a0 0000 | 00c5 7b10 | 8c24 9800 | 0000 c57b | 1084 2490 | 0000 00c5 | fb10 bc24 
  0x000001b9ecac16b8: 8800 0000 | c5fb 10b4 | 2480 0000 | 00c5 fb10 | 6c24 78c5 | fb10 6424 | 70c5 fb10 | 5c24 68c5 
  0x000001b9ecac16d8: fb10 5424 | 60c5 fb10 | 4c24 58c5 | fb10 4424 | 504c 8b5c | 2440 4c8b | 5424 384c | 8b4c 2430 
  0x000001b9ecac16f8: 4c8b 4424 | 2848 8b7c | 2420 488b | 7424 1848 | 8b54 2410 | 488b 4c24 | 0848 8b04 | 2448 81c4 
  0x000001b9ecac1718: d000 0000 | c5f8 7749 | 8b8f 2804 | 0000 c781 | 0001 0000 | 0000 0000 | c949 837f | 0800 0f85 
  0x000001b9ecac1738: 0100 0000 

  0x000001b9ecac173c: ;   {runtime_call StubRoutines (initial stubs)}
  0x000001b9ecac173c: c3e9 bef7 | 9fff c5f8 | 7748 8945 | f84c 8be4 | 4883 ec20 | 4883 e4f0 

  0x000001b9ecac1754: ;   {runtime_call}
  0x000001b9ecac1754: 48b8 b020 | c7f2 f87f | 0000 ffd0 | 498b e44d | 33e4 488b | 45f8 e930 | fdff fff4 
[/MachCode]


Compiled method (c1)    1439 1180       3       java.lang.ClassLoader::defineClass (43 bytes)
 total in heap  [0x000001b9e51cb490,0x000001b9e51cbdf8] = 2408
 relocation     [0x000001b9e51cb5f0,0x000001b9e51cb690] = 160
 main code      [0x000001b9e51cb6a0,0x000001b9e51cbb50] = 1200
 stub code      [0x000001b9e51cbb50,0x000001b9e51cbbc8] = 120
 metadata       [0x000001b9e51cbbc8,0x000001b9e51cbbf8] = 48
 scopes data    [0x000001b9e51cbbf8,0x000001b9e51cbce8] = 240
 scopes pcs     [0x000001b9e51cbce8,0x000001b9e51cbdc8] = 224
 dependencies   [0x000001b9e51cbdc8,0x000001b9e51cbdd0] = 8
 nul chk table  [0x000001b9e51cbdd0,0x000001b9e51cbdf8] = 40

[Constant Pool (empty)]

[MachCode]
[Entry Point]
  # {method} {0x000001b98043b8d8} 'defineClass' '(Ljava/lang/String;[BIILjava/security/ProtectionDomain;)Ljava/lang/Class;' in 'java/lang/ClassLoader'
  # this:     rdx:rdx   = 'java/lang/ClassLoader'
  # parm0:    r8:r8     = 'java/lang/String'
  # parm1:    r9:r9     = '[B'
  # parm2:    rdi       = int
  # parm3:    rsi       = int
  # parm4:    rcx:rcx   = 'java/security/ProtectionDomain'
  #           [sp+0xc0]  (sp of caller)
  0x000001b9e51cb6a0: 448b 5208 | 49bb 0000 | 0080 b901 | 0000 4d03 | d34c 3bd0 

  0x000001b9e51cb6b4: ;   {runtime_call ic_miss_stub}
  0x000001b9e51cb6b4: 0f85 c630 | 3407 660f | 1f44 0000 
[Verified Entry Point]
  0x000001b9e51cb6c0: 8984 2400 | 80ff ff55 | 4881 ecb0 | 0000 0090 | 4181 7f20 | 0100 0000 

  0x000001b9e51cb6d8: ;   {runtime_call StubRoutines (final stubs)}
  0x000001b9e51cb6d8: 7405 e881 | 9632 0748 | 8954 2478 

  0x000001b9e51cb6e4: ;   {metadata(method data for {method} {0x000001b98043b8d8} 'defineClass' '(Ljava/lang/String;[BIILjava/security/ProtectionDomain;)Ljava/lang/Class;' in 'java/lang/ClassLoader')}
  0x000001b9e51cb6e4: 48bb 9807 | 22fa b901 | 0000 8b83 | cc00 0000 | 83c0 0289 | 83cc 0000 | 0025 fe07 | 0000 83f8 
  0x000001b9e51cb704: 000f 8467 | 0300 0089 | b424 9400 | 0000 89bc | 2490 0000 | 004c 898c | 2488 0000 | 0048 8bda 
  0x000001b9e51cb724: ;   {metadata(method data for {method} {0x000001b98043b8d8} 'defineClass' '(Ljava/lang/String;[BIILjava/security/ProtectionDomain;)Ljava/lang/Class;' in 'java/lang/ClassLoader')}
  0x000001b9e51cb724: 48b8 9807 | 22fa b901 | 0000 4883 | 8010 0100 | 0001 498b | d84c 8bc3 | 4c8b c948 | 8bca 488b 
  0x000001b9e51cb744: d148 899c | 2480 0000 

  0x000001b9e51cb74c: ;   {optimized virtual_call}
  0x000001b9e51cb74c: 0066 90e8 

  0x000001b9e51cb750: ; ImmutableOopMap {[120]=Oop [128]=Oop [136]=Oop }
                      ;*invokevirtual preDefineClass {reexecute=0 rethrow=0 return_oop=0}
                      ; - java.lang.ClassLoader::defineClass@4 (line 1025)
  0x000001b9e51cb750: ccf3 f6ff 

  0x000001b9e51cb754: ;   {other}
  0x000001b9e51cb754: 0f1f 8400 | c402 0000 | 4889 8424 | 9800 0000 | 488b 5424 

  0x000001b9e51cb768: ;   {metadata(method data for {method} {0x000001b98043b8d8} 'defineClass' '(Ljava/lang/String;[BIILjava/security/ProtectionDomain;)Ljava/lang/Class;' in 'java/lang/ClassLoader')}
  0x000001b9e51cb768: 7849 b898 | 0722 fab9 | 0100 0049 | 8380 4801 

  0x000001b9e51cb778: ;   {metadata(method data for {method} {0x000001b98043b5c0} 'defineClassSourceLocation' '(Ljava/security/ProtectionDomain;)Ljava/lang/String;' in 'java/lang/ClassLoader')}
  0x000001b9e51cb778: 0000 0149 | b810 f321 | fab9 0100 | 0041 8b90 | cc00 0000 | 83c2 0241 | 8990 cc00 | 0000 81e2 
  0x000001b9e51cb798: feff 1f00 | 83fa 000f | 84ee 0200 | 0048 3b00 

  0x000001b9e51cb7a8: ;   {metadata(method data for {method} {0x000001b98043b5c0} 'defineClassSourceLocation' '(Ljava/security/ProtectionDomain;)Ljava/lang/String;' in 'java/lang/ClassLoader')}
  0x000001b9e51cb7a8: 4c8b c048 | ba10 f321 | fab9 0100 | 0048 8382 | 1001 0000 | 0144 8b40 | 1049 83f8 

  0x000001b9e51cb7c4: ;   {metadata(method data for {method} {0x000001b98043b5c0} 'defineClassSourceLocation' '(Ljava/security/ProtectionDomain;)Ljava/lang/String;' in 'java/lang/ClassLoader')}
  0x000001b9e51cb7c4: 0048 ba10 | f321 fab9 | 0100 0048 | be58 0100 | 0000 0000 | 000f 850a | 0000 0048 | be48 0100 
  0x000001b9e51cb7e4: 0000 0000 | 0048 8b3c | 3248 8d7f | 0148 893c | 320f 850f 

  0x000001b9e51cb7f8: ;   {oop(nullptr)}
  0x000001b9e51cb7f8: 0000 0048 | bb00 0000 | 0000 0000 | 00e9 ad01 | 0000 493b | 0049 8bd0 

  0x000001b9e51cb810: ;   {metadata(method data for {method} {0x000001b98043b5c0} 'defineClassSourceLocation' '(Ljava/security/ProtectionDomain;)Ljava/lang/String;' in 'java/lang/ClassLoader')}
  0x000001b9e51cb810: 48be 10f3 | 21fa b901 | 0000 4883 | 8668 0100 | 0001 418b | 500c 4883 

  0x000001b9e51cb828: ;   {metadata(method data for {method} {0x000001b98043b5c0} 'defineClassSourceLocation' '(Ljava/security/ProtectionDomain;)Ljava/lang/String;' in 'java/lang/ClassLoader')}
  0x000001b9e51cb828: fa00 48be | 10f3 21fa | b901 0000 | 48bf b001 | 0000 0000 | 0000 0f85 | 0a00 0000 | 48bf a001 
  0x000001b9e51cb848: 0000 0000 | 0000 488b | 1c3e 488d | 5b01 4889 | 1c3e 0f85 | 0f00 0000 

  0x000001b9e51cb860: ;   {oop(nullptr)}
  0x000001b9e51cb860: 48bb 0000 | 0000 0000 | 0000 e948 

  0x000001b9e51cb86c: ;   {metadata(method data for {method} {0x000001b98043b5c0} 'defineClassSourceLocation' '(Ljava/security/ProtectionDomain;)Ljava/lang/String;' in 'java/lang/ClassLoader')}
  0x000001b9e51cb86c: 0100 0048 | be10 f321 | fab9 0100 | 0048 8386 | c001 0000 | 0148 3b02 

  0x000001b9e51cb884: ;   {metadata(method data for {method} {0x000001b98043b5c0} 'defineClassSourceLocation' '(Ljava/security/ProtectionDomain;)Ljava/lang/String;' in 'java/lang/ClassLoader')}
  0x000001b9e51cb884: 4c8b c248 | be10 f321 | fab9 0100 | 0048 8386 | f801 0000 

  0x000001b9e51cb898: ;   {metadata(method data for {method} {0x000001b98001aa98} 'toString' '()Ljava/lang/String;' in 'java/net/URL')}
  0x000001b9e51cb898: 0149 b8c0 | cd1c fab9 | 0100 0041 | 8bb0 cc00 | 0000 83c6 | 0241 89b0 | cc00 0000 | 81e6 feff 
  0x000001b9e51cb8b8: 1f00 83fe | 000f 8400 | 0200 004c 

  0x000001b9e51cb8c4: ;   {metadata(method data for {method} {0x000001b98001aa98} 'toString' '()Ljava/lang/String;' in 'java/net/URL')}
  0x000001b9e51cb8c4: 8bc2 48be | c0cd 1cfa | b901 0000 | 4883 8610 | 0100 0001 

  0x000001b9e51cb8d8: ;   {metadata(method data for {method} {0x000001b98042f1e0} 'toExternalForm' '()Ljava/lang/String;' in 'java/net/URL')}
  0x000001b9e51cb8d8: 49b8 b0e6 | 18fa b901 | 0000 418b | b0cc 0000 | 0083 c602 | 4189 b0cc | 0000 0081 | e6fe ff1f 
  0x000001b9e51cb8f8: 0083 fe00 | 0f84 e201 | 0000 8b72 | 3848 3b06 

  0x000001b9e51cb908: ;   {metadata(method data for {method} {0x000001b98042f1e0} 'toExternalForm' '()Ljava/lang/String;' in 'java/net/URL')}
  0x000001b9e51cb908: 4c8b c648 | bfb0 e618 | fab9 0100 | 0045 8b40 | 0849 ba00 | 0000 80b9 | 0100 004d | 03c2 4c3b 
  0x000001b9e51cb928: 8720 0100 | 0075 0d48 | 8387 2801 | 0000 01e9 | 6000 0000 | 4c3b 8730 | 0100 0075 | 0d48 8387 
  0x000001b9e51cb948: 3801 0000 | 01e9 4a00 | 0000 4883 | bf20 0100 | 0000 7517 | 4c89 8720 | 0100 0048 | c787 2801 
  0x000001b9e51cb968: 0000 0100 | 0000 e929 | 0000 0048 | 83bf 3001 | 0000 0075 | 174c 8987 | 3001 0000 | 48c7 8738 
  0x000001b9e51cb988: 0100 0001 | 0000 00e9 | 0800 0000 | 4883 8710 | 0100 0001 | 4c8b c248 | 8bd6 0f1f 

  0x000001b9e51cb9a4: ;   {optimized virtual_call}
  0x000001b9e51cb9a4: 4400 00e8 

  0x000001b9e51cb9a8: ; ImmutableOopMap {[120]=Oop [128]=Oop [136]=Oop [152]=Oop }
                      ;*invokevirtual toExternalForm {reexecute=0 rethrow=0 return_oop=0}
                      ; - java.net.URL::toExternalForm@5 (line 1203)
                      ; - java.net.URL::toString@1 (line 1189)
                      ; - java.lang.ClassLoader::defineClassSourceLocation@22 (line 927)
                      ; - java.lang.ClassLoader::defineClass@12 (line 1026)
  0x000001b9e51cb9a8: 7455 ebff 

  0x000001b9e51cb9ac: ;   {other}
  0x000001b9e51cb9ac: 0f1f 8400 | 1c05 0001 | 488b d848 | 8b84 2498 | 0000 008b | b424 9400 | 0000 8bbc | 2490 0000 
  0x000001b9e51cb9cc: 004c 8b8c | 2488 0000 | 004c 8b84 | 2480 0000 | 0048 8b54 

  0x000001b9e51cb9e0: ;   {metadata(method data for {method} {0x000001b98043b8d8} 'defineClass' '(Ljava/lang/String;[BIILjava/security/ProtectionDomain;)Ljava/lang/Class;' in 'java/lang/ClassLoader')}
  0x000001b9e51cb9e0: 2478 48b9 | 9807 22fa | b901 0000 | 4883 8180 | 0100 0001 | 4c8b da49 | 8bd3 488b | c848 891c 
  0x000001b9e51cba00: 2466 0f1f 

  0x000001b9e51cba04: ;   {static_call}
  0x000001b9e51cba04: 4400 00e8 

  0x000001b9e51cba08: ; ImmutableOopMap {[120]=Oop [152]=Oop }
                      ;*invokestatic defineClass1 {reexecute=0 rethrow=0 return_oop=0}
                      ; - java.lang.ClassLoader::defineClass@27 (line 1027)
  0x000001b9e51cba08: d458 8f07 

  0x000001b9e51cba0c: ;   {other}
  0x000001b9e51cba0c: 0f1f 8400 | 7c05 0002 | 488b 5424 

  0x000001b9e51cba18: ;   {metadata(method data for {method} {0x000001b98043b8d8} 'defineClass' '(Ljava/lang/String;[BIILjava/security/ProtectionDomain;)Ljava/lang/Class;' in 'java/lang/ClassLoader')}
  0x000001b9e51cba18: 7849 b898 | 0722 fab9 | 0100 0049 | 8380 9001 | 0000 014c | 8bc0 4c8b | 8c24 9800 | 0000 488b 
  0x000001b9e51cba38: 5424 7848 | 8984 24a0 | 0000 000f 

  0x000001b9e51cba44: ;   {optimized virtual_call}
  0x000001b9e51cba44: 1f40 00e8 

  0x000001b9e51cba48: ; ImmutableOopMap {[160]=Oop }
                      ;*invokevirtual postDefineClass {reexecute=0 rethrow=0 return_oop=0}
                      ; - java.lang.ClassLoader::defineClass@37 (line 1028)
  0x000001b9e51cba48: 5468 f7ff 

  0x000001b9e51cba4c: ;   {other}
  0x000001b9e51cba4c: 0f1f 8400 | bc05 0003 | 488b 8424 | a000 0000 | 4881 c4b0 | 0000 005d 

  0x000001b9e51cba64: ;   {poll_return}
  0x000001b9e51cba64: 493b a750 | 0400 000f | 8799 0000 

  0x000001b9e51cba70: ;   {metadata({method} {0x000001b98043b8d8} 'defineClass' '(Ljava/lang/String;[BIILjava/security/ProtectionDomain;)Ljava/lang/Class;' in 'java/lang/ClassLoader')}
  0x000001b9e51cba70: 00c3 49ba | d0b8 4380 | b901 0000 | 4c89 5424 | 0848 c704 | 24ff ffff 

  0x000001b9e51cba88: ;   {runtime_call counter_overflow Runtime1 stub}
  0x000001b9e51cba88: ffe8 728c 

  0x000001b9e51cba8c: ; ImmutableOopMap {rdx=Oop r8=Oop r9=Oop rcx=Oop [120]=Oop }
                      ;*synchronization entry
                      ; - java.lang.ClassLoader::defineClass@-1 (line 1025)
  0x000001b9e51cba8c: 4007 e978 

  0x000001b9e51cba90: ;   {metadata({method} {0x000001b98043b5c0} 'defineClassSourceLocation' '(Ljava/security/ProtectionDomain;)Ljava/lang/String;' in 'java/lang/ClassLoader')}
  0x000001b9e51cba90: fcff ff49 | bab8 b543 | 80b9 0100 | 004c 8954 | 2408 48c7 | 0424 ffff 

  0x000001b9e51cbaa8: ;   {runtime_call counter_overflow Runtime1 stub}
  0x000001b9e51cbaa8: ffff e851 

  0x000001b9e51cbaac: ; ImmutableOopMap {rax=Oop [120]=Oop [128]=Oop [136]=Oop [152]=Oop }
                      ;*synchronization entry
                      ; - java.lang.ClassLoader::defineClassSourceLocation@-1 (line 924)
                      ; - java.lang.ClassLoader::defineClass@12 (line 1026)
  0x000001b9e51cbaac: 8c40 07e9 | f1fc ffff 

  0x000001b9e51cbab4: ;   {runtime_call throw_null_pointer_exception Runtime1 stub}
  0x000001b9e51cbab4: e847 3b40 

  0x000001b9e51cbab8: ; ImmutableOopMap {rax=Oop [120]=Oop [128]=Oop [136]=Oop [152]=Oop }
                      ;*invokevirtual getCodeSource {reexecute=0 rethrow=0 return_oop=0}
                      ; - java.lang.ClassLoader::defineClassSourceLocation@1 (line 924)
                      ; - java.lang.ClassLoader::defineClass@12 (line 1026)
                      ;   {runtime_call throw_null_pointer_exception Runtime1 stub}
  0x000001b9e51cbab8: 07e8 423b 

  0x000001b9e51cbabc: ; ImmutableOopMap {rax=Oop r8=Oop [120]=Oop [128]=Oop [136]=Oop [152]=Oop }
                      ;*invokevirtual getLocation {reexecute=0 rethrow=0 return_oop=0}
                      ; - java.lang.ClassLoader::defineClassSourceLocation@12 (line 926)
                      ; - java.lang.ClassLoader::defineClass@12 (line 1026)
                      ;   {runtime_call throw_null_pointer_exception Runtime1 stub}
  0x000001b9e51cbabc: 4007 e83d 

  0x000001b9e51cbac0: ; ImmutableOopMap {rdx=Oop [120]=Oop [128]=Oop [136]=Oop [152]=Oop }
                      ;*invokevirtual toString {reexecute=0 rethrow=0 return_oop=0}
                      ; - java.lang.ClassLoader::defineClassSourceLocation@22 (line 927)
                      ; - java.lang.ClassLoader::defineClass@12 (line 1026)
                      ;   {metadata({method} {0x000001b98001aa98} 'toString' '()Ljava/lang/String;' in 'java/net/URL')}
  0x000001b9e51cbac0: 3b40 0749 | ba90 aa01 | 80b9 0100 | 004c 8954 | 2408 48c7 | 0424 ffff 

  0x000001b9e51cbad8: ;   {runtime_call counter_overflow Runtime1 stub}
  0x000001b9e51cbad8: ffff e821 

  0x000001b9e51cbadc: ; ImmutableOopMap {rdx=Oop [120]=Oop [128]=Oop [136]=Oop [152]=Oop }
                      ;*synchronization entry
                      ; - java.net.URL::toString@-1 (line 1189)
                      ; - java.lang.ClassLoader::defineClassSourceLocation@22 (line 927)
                      ; - java.lang.ClassLoader::defineClass@12 (line 1026)
  0x000001b9e51cbadc: 8c40 07e9 | dffd ffff 

  0x000001b9e51cbae4: ;   {metadata({method} {0x000001b98042f1e0} 'toExternalForm' '()Ljava/lang/String;' in 'java/net/URL')}
  0x000001b9e51cbae4: 49ba d8f1 | 4280 b901 | 0000 4c89 | 5424 0848 | c704 24ff 

  0x000001b9e51cbaf8: ;   {runtime_call counter_overflow Runtime1 stub}
  0x000001b9e51cbaf8: ffff ffe8 

  0x000001b9e51cbafc: ; ImmutableOopMap {rdx=Oop [120]=Oop [128]=Oop [136]=Oop [152]=Oop }
                      ;*synchronization entry
                      ; - java.net.URL::toExternalForm@-1 (line 1203)
                      ; - java.net.URL::toString@1 (line 1189)
                      ; - java.lang.ClassLoader::defineClassSourceLocation@22 (line 927)
                      ; - java.lang.ClassLoader::defineClass@12 (line 1026)
  0x000001b9e51cbafc: 008c 4007 | e9fd fdff 

  0x000001b9e51cbb04: ;   {runtime_call throw_null_pointer_exception Runtime1 stub}
  0x000001b9e51cbb04: ffe8 f63a 

  0x000001b9e51cbb08: ; ImmutableOopMap {rdx=Oop rsi=Oop [120]=Oop [128]=Oop [136]=Oop [152]=Oop }
                      ;*invokevirtual toExternalForm {reexecute=0 rethrow=0 return_oop=0}
                      ; - java.net.URL::toExternalForm@5 (line 1203)
                      ; - java.net.URL::toString@1 (line 1189)
                      ; - java.lang.ClassLoader::defineClassSourceLocation@22 (line 927)
                      ; - java.lang.ClassLoader::defineClass@12 (line 1026)
                      ;   {internal_word}
  0x000001b9e51cbb08: 4007 49ba | 64ba 1ce5 | b901 0000 | 4d89 9768 

  0x000001b9e51cbb18: ;   {runtime_call SafepointBlob}
  0x000001b9e51cbb18: 0400 00e9 | e09b 3407 | 498b 8700 | 0500 0049 | c787 0005 | 0000 0000 | 0000 49c7 | 8708 0500 
  0x000001b9e51cbb38: 0000 0000 | 0048 81c4 | b000 0000 

  0x000001b9e51cbb44: ;   {runtime_call unwind_exception Runtime1 stub}
  0x000001b9e51cbb44: 5de9 b62b | 4007 f4f4 | f4f4 f4f4 
[Stub Code]
  0x000001b9e51cbb50: ;   {no_reloc}
  0x000001b9e51cbb50: 0f1f 4400 

  0x000001b9e51cbb54: ;   {static_stub}
  0x000001b9e51cbb54: 0048 bb00 | 0000 0000 

  0x000001b9e51cbb5c: ;   {runtime_call}
  0x000001b9e51cbb5c: 0000 00e9 | fbff ffff 

  0x000001b9e51cbb64: ;   {static_stub}
  0x000001b9e51cbb64: 48bb 0000 | 0000 0000 

  0x000001b9e51cbb6c: ;   {runtime_call}
  0x000001b9e51cbb6c: 0000 e9fb 

  0x000001b9e51cbb70: ;   {static_stub}
  0x000001b9e51cbb70: ffff ff48 | bb00 0000 | 0000 0000 

  0x000001b9e51cbb7c: ;   {runtime_call}
  0x000001b9e51cbb7c: 00e9 fbff 

  0x000001b9e51cbb80: ;   {static_stub}
  0x000001b9e51cbb80: ffff 48bb | 0000 0000 | 0000 0000 

  0x000001b9e51cbb8c: ;   {runtime_call}
  0x000001b9e51cbb8c: e9fb ffff 

  0x000001b9e51cbb90: ;   {runtime_call handle_exception_from_callee Runtime1 stub}
  0x000001b9e51cbb90: ffe8 6a58 

  0x000001b9e51cbb94: ;   {external_word}
  0x000001b9e51cbb94: 4007 48b9 | c017 eef2 | f87f 0000 | 4883 e4f0 

  0x000001b9e51cbba4: ;   {runtime_call}
  0x000001b9e51cbba4: 48b8 e00c | b6f2 f87f | 0000 ffd0 

  0x000001b9e51cbbb0: ;   {section_word}
  0x000001b9e51cbbb0: f449 bab1 | bb1c e5b9 | 0100 0041 

  0x000001b9e51cbbbc: ;   {runtime_call DeoptimizationBlob}
  0x000001b9e51cbbbc: 52e9 de8d | 3407 f4f4 | f4f4 f4f4 
[/MachCode]


Compiled method (c1)    1473 1179       3       java.security.SecureClassLoader::defineClass (16 bytes)
 total in heap  [0x000001b9e51cb010,0x000001b9e51cb410] = 1024
 relocation     [0x000001b9e51cb170,0x000001b9e51cb1c0] = 80
 main code      [0x000001b9e51cb1c0,0x000001b9e51cb318] = 344
 stub code      [0x000001b9e51cb318,0x000001b9e51cb368] = 80
 metadata       [0x000001b9e51cb368,0x000001b9e51cb370] = 8
 scopes data    [0x000001b9e51cb370,0x000001b9e51cb3b8] = 72
 scopes pcs     [0x000001b9e51cb3b8,0x000001b9e51cb408] = 80
 dependencies   [0x000001b9e51cb408,0x000001b9e51cb410] = 8

[Constant Pool (empty)]

[MachCode]
[Entry Point]
  # {method} {0x000001b98004d8c0} 'defineClass' '(Ljava/lang/String;[BIILjava/security/CodeSource;)Ljava/lang/Class;' in 'java/security/SecureClassLoader'
  # this:     rdx:rdx   = 'java/security/SecureClassLoader'
  # parm0:    r8:r8     = 'java/lang/String'
  # parm1:    r9:r9     = '[B'
  # parm2:    rdi       = int
  # parm3:    rsi       = int
  # parm4:    rcx:rcx   = 'java/security/CodeSource'
  #           [sp+0x80]  (sp of caller)
  0x000001b9e51cb1c0: 448b 5208 | 49bb 0000 | 0080 b901 | 0000 4d03 | d34c 3bd0 

  0x000001b9e51cb1d4: ;   {runtime_call ic_miss_stub}
  0x000001b9e51cb1d4: 0f85 a635 | 3407 660f | 1f44 0000 
[Verified Entry Point]
  0x000001b9e51cb1e0: 8984 2400 | 80ff ff55 | 4883 ec70 | 4181 7f20 | 0100 0000 

  0x000001b9e51cb1f4: ;   {runtime_call StubRoutines (final stubs)}
  0x000001b9e51cb1f4: 7405 e865 

  0x000001b9e51cb1f8: ;   {metadata(method data for {method} {0x000001b98004d8c0} 'defineClass' '(Ljava/lang/String;[BIILjava/security/CodeSource;)Ljava/lang/Class;' in 'java/security/SecureClassLoader')}
  0x000001b9e51cb1f8: 9b32 0748 | bbb0 0522 | fab9 0100 | 008b 83cc | 0000 0083 | c002 8983 | cc00 0000 | 25fe 0700 
  0x000001b9e51cb218: 0083 f800 | 0f84 9500 | 0000 8974 | 245c 897c | 2458 4c89 | 4c24 504c | 8944 2448 

  0x000001b9e51cb234: ;   {metadata(method data for {method} {0x000001b98004d8c0} 'defineClass' '(Ljava/lang/String;[BIILjava/security/CodeSource;)Ljava/lang/Class;' in 'java/security/SecureClassLoader')}
  0x000001b9e51cb234: 488b da48 | b8b0 0522 | fab9 0100 | 0048 8380 | 1001 0000 | 014c 8bc1 | 488b c248 | 8bd0 4889 
  0x000001b9e51cb254: ;   {optimized virtual_call}
  0x000001b9e51cb254: 4424 40e8 

  0x000001b9e51cb258: ; ImmutableOopMap {[64]=Oop [72]=Oop [80]=Oop }
                      ;*invokevirtual getProtectionDomain {reexecute=0 rethrow=0 return_oop=0}
                      ; - java.security.SecureClassLoader::defineClass@9 (line 150)
  0x000001b9e51cb258: c4a9 f2ff 

  0x000001b9e51cb25c: ;   {other}
  0x000001b9e51cb25c: 0f1f 8400 | 4c02 0000 | 488b 5424 

  0x000001b9e51cb268: ;   {metadata(method data for {method} {0x000001b98004d8c0} 'defineClass' '(Ljava/lang/String;[BIILjava/security/CodeSource;)Ljava/lang/Class;' in 'java/security/SecureClassLoader')}
  0x000001b9e51cb268: 4049 b8b0 | 0522 fab9 | 0100 0049 | 8380 4801 | 0000 014c | 8b44 2448 | 4c8b 4c24 | 508b 7c24 
  0x000001b9e51cb288: 588b 7424 | 5c48 8bc8 | 488b 5424 

  0x000001b9e51cb294: ;   {optimized virtual_call}
  0x000001b9e51cb294: 4066 90e8 

  0x000001b9e51cb298: ; ImmutableOopMap {}
                      ;*invokevirtual defineClass {reexecute=0 rethrow=0 return_oop=0}
                      ; - java.security.SecureClassLoader::defineClass@12 (line 150)
  0x000001b9e51cb298: 2404 0000 

  0x000001b9e51cb29c: ;   {other}
  0x000001b9e51cb29c: 0f1f 8400 | 8c02 0001 | 4883 c470 

  0x000001b9e51cb2a8: ;   {poll_return}
  0x000001b9e51cb2a8: 5d49 3ba7 | 5004 0000 | 0f87 2200 

  0x000001b9e51cb2b4: ;   {metadata({method} {0x000001b98004d8c0} 'defineClass' '(Ljava/lang/String;[BIILjava/security/CodeSource;)Ljava/lang/Class;' in 'java/security/SecureClassLoader')}
  0x000001b9e51cb2b4: 0000 c349 | bab8 d804 | 80b9 0100 | 004c 8954 | 2408 48c7 | 0424 ffff 

  0x000001b9e51cb2cc: ;   {runtime_call counter_overflow Runtime1 stub}
  0x000001b9e51cb2cc: ffff e82d 

  0x000001b9e51cb2d0: ; ImmutableOopMap {rdx=Oop r8=Oop r9=Oop rcx=Oop }
                      ;*synchronization entry
                      ; - java.security.SecureClassLoader::defineClass@-1 (line 150)
  0x000001b9e51cb2d0: 9440 07e9 | 4aff ffff 

  0x000001b9e51cb2d8: ;   {internal_word}
  0x000001b9e51cb2d8: 49ba a9b2 | 1ce5 b901 | 0000 4d89 | 9768 0400 

  0x000001b9e51cb2e8: ;   {runtime_call SafepointBlob}
  0x000001b9e51cb2e8: 00e9 12a4 | 3407 498b | 8700 0500 | 0049 c787 | 0005 0000 | 0000 0000 | 49c7 8708 | 0500 0000 
  0x000001b9e51cb308: 0000 0048 | 83c4 705d 

  0x000001b9e51cb310: ;   {runtime_call unwind_exception Runtime1 stub}
  0x000001b9e51cb310: e9eb 3340 | 07f4 f4f4 
[Stub Code]
  0x000001b9e51cb318: ;   {no_reloc}
  0x000001b9e51cb318: 48bb 0000 | 0000 0000 

  0x000001b9e51cb320: ;   {runtime_call}
  0x000001b9e51cb320: 0000 e9fb 

  0x000001b9e51cb324: ;   {static_stub}
  0x000001b9e51cb324: ffff ff48 | bb00 0000 | 0000 0000 

  0x000001b9e51cb330: ;   {runtime_call}
  0x000001b9e51cb330: 00e9 fbff 

  0x000001b9e51cb334: ;   {runtime_call handle_exception_from_callee Runtime1 stub}
  0x000001b9e51cb334: ffff e8c5 

  0x000001b9e51cb338: ;   {external_word}
  0x000001b9e51cb338: 6040 0748 | b9c0 17ee | f2f8 7f00 | 0048 83e4 

  0x000001b9e51cb348: ;   {runtime_call}
  0x000001b9e51cb348: f048 b8e0 | 0cb6 f2f8 | 7f00 00ff 

  0x000001b9e51cb354: ;   {section_word}
  0x000001b9e51cb354: d0f4 49ba | 56b3 1ce5 | b901 0000 

  0x000001b9e51cb360: ;   {runtime_call DeoptimizationBlob}
  0x000001b9e51cb360: 4152 e939 | 9634 07f4 
[/MachCode]


---------------  P R O C E S S  ---------------

Threads class SMR info:
_java_thread_list=0x000001b9f9655e00, length=13, elements={
0x000001b9da8b13b0, 0x000001b9f941cab0, 0x000001b9f941f1f0, 0x000001b9f9429f20,
0x000001b9f942cc10, 0x000001b9f9431e30, 0x000001b9f9436530, 0x000001b9f9439280,
0x000001b9f943a4c0, 0x000001b9f948e950, 0x000001b9f9741610, 0x000001b9f9741c80,
0x000001b9f9785a50
}

Java Threads: ( => current thread )
=>0x000001b9da8b13b0 JavaThread "main"                              [_thread_in_vm, id=23008, stack(0x0000009b6f900000,0x0000009b6fa00000) (1024K)]
  0x000001b9f941cab0 JavaThread "Reference Handler"          daemon [_thread_blocked, id=26916, stack(0x0000009b70100000,0x0000009b70200000) (1024K)]
  0x000001b9f941f1f0 JavaThread "Finalizer"                  daemon [_thread_blocked, id=14620, stack(0x0000009b70200000,0x0000009b70300000) (1024K)]
  0x000001b9f9429f20 JavaThread "Signal Dispatcher"          daemon [_thread_blocked, id=23984, stack(0x0000009b70300000,0x0000009b70400000) (1024K)]
  0x000001b9f942cc10 JavaThread "Attach Listener"            daemon [_thread_blocked, id=28272, stack(0x0000009b70400000,0x0000009b70500000) (1024K)]
  0x000001b9f9431e30 JavaThread "Service Thread"             daemon [_thread_blocked, id=20052, stack(0x0000009b70500000,0x0000009b70600000) (1024K)]
  0x000001b9f9436530 JavaThread "Monitor Deflation Thread"   daemon [_thread_blocked, id=9152, stack(0x0000009b70600000,0x0000009b70700000) (1024K)]
  0x000001b9f9439280 JavaThread "C2 CompilerThread0"         daemon [_thread_blocked, id=27920, stack(0x0000009b70700000,0x0000009b70800000) (1024K)]
  0x000001b9f943a4c0 JavaThread "C1 CompilerThread0"         daemon [_thread_blocked, id=26772, stack(0x0000009b70800000,0x0000009b70900000) (1024K)]
  0x000001b9f948e950 JavaThread "Common-Cleaner"             daemon [_thread_blocked, id=4280, stack(0x0000009b70900000,0x0000009b70a00000) (1024K)]
  0x000001b9f9741610 JavaThread "Monitor Ctrl-Break"         daemon [_thread_in_native, id=28228, stack(0x0000009b70a00000,0x0000009b70b00000) (1024K)]
  0x000001b9f9741c80 JavaThread "Notification Thread"        daemon [_thread_blocked, id=17628, stack(0x0000009b70b00000,0x0000009b70c00000) (1024K)]
  0x000001b9f9785a50 JavaThread "C2 CompilerThread1"         daemon [_thread_blocked, id=6484, stack(0x0000009b70c00000,0x0000009b70d00000) (1024K)]
Total: 13

Other Threads:
  0x000001b9f93fedb0 VMThread "VM Thread"                           [id=6580, stack(0x0000009b70000000,0x0000009b70100000) (1024K)]
  0x000001b9f93e9390 WatcherThread "VM Periodic Task Thread"        [id=11792, stack(0x0000009b6ff00000,0x0000009b70000000) (1024K)]
  0x000001b9dcb9c920 WorkerThread "GC Thread#0"                     [id=5708, stack(0x0000009b6fa00000,0x0000009b6fb00000) (1024K)]
  0x000001b9feac84f0 WorkerThread "GC Thread#1"                     [id=23412, stack(0x0000009b70d00000,0x0000009b70e00000) (1024K)]
  0x000001b9feac8890 WorkerThread "GC Thread#2"                     [id=27520, stack(0x0000009b70e00000,0x0000009b70f00000) (1024K)]
  0x000001b9feaba5d0 WorkerThread "GC Thread#3"                     [id=29668, stack(0x0000009b70f00000,0x0000009b71000000) (1024K)]
  0x000001b9feab9e90 WorkerThread "GC Thread#4"                     [id=10964, stack(0x0000009b71000000,0x0000009b71100000) (1024K)]
  0x000001b9feab9750 WorkerThread "GC Thread#5"                     [id=28864, stack(0x0000009b71100000,0x0000009b71200000) (1024K)]
  0x000001b9feab93b0 WorkerThread "GC Thread#6"                     [id=12044, stack(0x0000009b71200000,0x0000009b71300000) (1024K)]
  0x000001b9feab9af0 WorkerThread "GC Thread#7"                     [id=27308, stack(0x0000009b71300000,0x0000009b71400000) (1024K)]
  0x000001b9da97de80 ConcurrentGCThread "G1 Main Marker"            [id=27964, stack(0x0000009b6fb00000,0x0000009b6fc00000) (1024K)]
  0x000001b9da97e980 WorkerThread "G1 Conc#0"                       [id=23628, stack(0x0000009b6fc00000,0x0000009b6fd00000) (1024K)]
  0x000001b9f92c30e0 ConcurrentGCThread "G1 Refine#0"               [id=16348, stack(0x0000009b6fd00000,0x0000009b6fe00000) (1024K)]
  0x000001b9dcc08cb0 ConcurrentGCThread "G1 Service"                [id=27460, stack(0x0000009b6fe00000,0x0000009b6ff00000) (1024K)]
Total: 14

Threads with active compile tasks:
Total: 0

VM state: not at safepoint (normal execution)

VM Mutex/Monitor currently owned by a thread:  ([mutex/lock_event])
[0x00007ff8f31764c8] Metaspace_lock - owner thread: 0x000001b9da8b13b0

Heap address: 0x0000000082800000, size: 2008 MB, Compressed Oops mode: 32-bit

CDS archive(s) mapped at: [0x000001b980000000-0x000001b980c90000-0x000001b980c90000), size 13172736, SharedBaseAddress: 0x000001b980000000, ArchiveRelocationMode: 1.
Compressed class space mapped at: 0x000001b981000000-0x000001b9c1000000, reserved size: 1073741824
Narrow klass base: 0x000001b980000000, Narrow klass shift: 0, Narrow klass range: 0x100000000

GC Precious Log:
 CardTable entry size: 512
 Card Set container configuration: InlinePtr #cards 5 size 8 Array Of Cards #cards 12 size 40 Howl #buckets 4 coarsen threshold 1843 Howl Bitmap #cards 512 size 80 coarsen threshold 460 Card regions per heap region 1 cards per card region 2048
 CPUs: 8 total, 8 available
 Memory: 8027M
 Large Page Support: Disabled
 NUMA Support: Disabled
 Compressed Oops: Enabled (32-bit)
 Heap Region Size: 1M
 Heap Min Capacity: 8M
 Heap Initial Capacity: 126M
 Heap Max Capacity: 2008M
 Pre-touch: Disabled
 Parallel Workers: 8
 Concurrent Workers: 2
 Concurrent Refinement Workers: 8
 Periodic GC: Disabled

Heap:
 garbage-first heap   total 129024K, used 7377K [0x0000000082800000, 0x0000000100000000)
  region size 1024K, 5 young (5120K), 3 survivors (3072K)
 Metaspace       used 10831K, committed 11008K, reserved 1114112K
  class space    used 1267K, committed 1344K, reserved 1048576K

Heap Regions: E=young(eden), S=young(survivor), O=old, HS=humongous(starts), HC=humongous(continues), CS=collection set, F=free, TAMS=top-at-mark-start, PB=parsable bottom
|   0|0x0000000082800000, 0x0000000082900000, 0x0000000082900000|100%| O|  |TAMS 0x0000000082800000| PB 0x0000000082800000| Untracked 
|   1|0x0000000082900000, 0x0000000082a00000, 0x0000000082a00000|100%| O|  |TAMS 0x0000000082900000| PB 0x0000000082900000| Untracked 
|   2|0x0000000082a00000, 0x0000000082b00000, 0x0000000082b00000|100%| O|  |TAMS 0x0000000082a00000| PB 0x0000000082a00000| Untracked 
|   3|0x0000000082b00000, 0x0000000082bdf420, 0x0000000082c00000| 87%| O|  |TAMS 0x0000000082b00000| PB 0x0000000082b00000| Untracked 
|   4|0x0000000082c00000, 0x0000000082c00000, 0x0000000082d00000|  0%| F|  |TAMS 0x0000000082c00000| PB 0x0000000082c00000| Untracked 
|   5|0x0000000082d00000, 0x0000000082d00000, 0x0000000082e00000|  0%| F|  |TAMS 0x0000000082d00000| PB 0x0000000082d00000| Untracked 
|   6|0x0000000082e00000, 0x0000000082e00000, 0x0000000082f00000|  0%| F|  |TAMS 0x0000000082e00000| PB 0x0000000082e00000| Untracked 
|   7|0x0000000082f00000, 0x0000000082f00000, 0x0000000083000000|  0%| F|  |TAMS 0x0000000082f00000| PB 0x0000000082f00000| Untracked 
|   8|0x0000000083000000, 0x0000000083000000, 0x0000000083100000|  0%| F|  |TAMS 0x0000000083000000| PB 0x0000000083000000| Untracked 
|   9|0x0000000083100000, 0x0000000083100000, 0x0000000083200000|  0%| F|  |TAMS 0x0000000083100000| PB 0x0000000083100000| Untracked 
|  10|0x0000000083200000, 0x0000000083200000, 0x0000000083300000|  0%| F|  |TAMS 0x0000000083200000| PB 0x0000000083200000| Untracked 
|  11|0x0000000083300000, 0x0000000083300000, 0x0000000083400000|  0%| F|  |TAMS 0x0000000083300000| PB 0x0000000083300000| Untracked 
|  12|0x0000000083400000, 0x0000000083400000, 0x0000000083500000|  0%| F|  |TAMS 0x0000000083400000| PB 0x0000000083400000| Untracked 
|  13|0x0000000083500000, 0x0000000083500000, 0x0000000083600000|  0%| F|  |TAMS 0x0000000083500000| PB 0x0000000083500000| Untracked 
|  14|0x0000000083600000, 0x0000000083600000, 0x0000000083700000|  0%| F|  |TAMS 0x0000000083600000| PB 0x0000000083600000| Untracked 
|  15|0x0000000083700000, 0x0000000083700000, 0x0000000083800000|  0%| F|  |TAMS 0x0000000083700000| PB 0x0000000083700000| Untracked 
|  16|0x0000000083800000, 0x0000000083800000, 0x0000000083900000|  0%| F|  |TAMS 0x0000000083800000| PB 0x0000000083800000| Untracked 
|  17|0x0000000083900000, 0x0000000083900000, 0x0000000083a00000|  0%| F|  |TAMS 0x0000000083900000| PB 0x0000000083900000| Untracked 
|  18|0x0000000083a00000, 0x0000000083a00000, 0x0000000083b00000|  0%| F|  |TAMS 0x0000000083a00000| PB 0x0000000083a00000| Untracked 
|  19|0x0000000083b00000, 0x0000000083b00000, 0x0000000083c00000|  0%| F|  |TAMS 0x0000000083b00000| PB 0x0000000083b00000| Untracked 
|  20|0x0000000083c00000, 0x0000000083c00000, 0x0000000083d00000|  0%| F|  |TAMS 0x0000000083c00000| PB 0x0000000083c00000| Untracked 
|  21|0x0000000083d00000, 0x0000000083d00000, 0x0000000083e00000|  0%| F|  |TAMS 0x0000000083d00000| PB 0x0000000083d00000| Untracked 
|  22|0x0000000083e00000, 0x0000000083e00000, 0x0000000083f00000|  0%| F|  |TAMS 0x0000000083e00000| PB 0x0000000083e00000| Untracked 
|  23|0x0000000083f00000, 0x0000000083f00000, 0x0000000084000000|  0%| F|  |TAMS 0x0000000083f00000| PB 0x0000000083f00000| Untracked 
|  24|0x0000000084000000, 0x0000000084000000, 0x0000000084100000|  0%| F|  |TAMS 0x0000000084000000| PB 0x0000000084000000| Untracked 
|  25|0x0000000084100000, 0x0000000084100000, 0x0000000084200000|  0%| F|  |TAMS 0x0000000084100000| PB 0x0000000084100000| Untracked 
|  26|0x0000000084200000, 0x0000000084200000, 0x0000000084300000|  0%| F|  |TAMS 0x0000000084200000| PB 0x0000000084200000| Untracked 
|  27|0x0000000084300000, 0x0000000084300000, 0x0000000084400000|  0%| F|  |TAMS 0x0000000084300000| PB 0x0000000084300000| Untracked 
|  28|0x0000000084400000, 0x0000000084400000, 0x0000000084500000|  0%| F|  |TAMS 0x0000000084400000| PB 0x0000000084400000| Untracked 
|  29|0x0000000084500000, 0x0000000084500000, 0x0000000084600000|  0%| F|  |TAMS 0x0000000084500000| PB 0x0000000084500000| Untracked 
|  30|0x0000000084600000, 0x0000000084600000, 0x0000000084700000|  0%| F|  |TAMS 0x0000000084600000| PB 0x0000000084600000| Untracked 
|  31|0x0000000084700000, 0x0000000084700000, 0x0000000084800000|  0%| F|  |TAMS 0x0000000084700000| PB 0x0000000084700000| Untracked 
|  32|0x0000000084800000, 0x0000000084800000, 0x0000000084900000|  0%| F|  |TAMS 0x0000000084800000| PB 0x0000000084800000| Untracked 
|  33|0x0000000084900000, 0x0000000084900000, 0x0000000084a00000|  0%| F|  |TAMS 0x0000000084900000| PB 0x0000000084900000| Untracked 
|  34|0x0000000084a00000, 0x0000000084a00000, 0x0000000084b00000|  0%| F|  |TAMS 0x0000000084a00000| PB 0x0000000084a00000| Untracked 
|  35|0x0000000084b00000, 0x0000000084b00000, 0x0000000084c00000|  0%| F|  |TAMS 0x0000000084b00000| PB 0x0000000084b00000| Untracked 
|  36|0x0000000084c00000, 0x0000000084c00000, 0x0000000084d00000|  0%| F|  |TAMS 0x0000000084c00000| PB 0x0000000084c00000| Untracked 
|  37|0x0000000084d00000, 0x0000000084d00000, 0x0000000084e00000|  0%| F|  |TAMS 0x0000000084d00000| PB 0x0000000084d00000| Untracked 
|  38|0x0000000084e00000, 0x0000000084e00000, 0x0000000084f00000|  0%| F|  |TAMS 0x0000000084e00000| PB 0x0000000084e00000| Untracked 
|  39|0x0000000084f00000, 0x0000000084f00000, 0x0000000085000000|  0%| F|  |TAMS 0x0000000084f00000| PB 0x0000000084f00000| Untracked 
|  40|0x0000000085000000, 0x0000000085000000, 0x0000000085100000|  0%| F|  |TAMS 0x0000000085000000| PB 0x0000000085000000| Untracked 
|  41|0x0000000085100000, 0x0000000085100000, 0x0000000085200000|  0%| F|  |TAMS 0x0000000085100000| PB 0x0000000085100000| Untracked 
|  42|0x0000000085200000, 0x0000000085200000, 0x0000000085300000|  0%| F|  |TAMS 0x0000000085200000| PB 0x0000000085200000| Untracked 
|  43|0x0000000085300000, 0x0000000085300000, 0x0000000085400000|  0%| F|  |TAMS 0x0000000085300000| PB 0x0000000085300000| Untracked 
|  44|0x0000000085400000, 0x0000000085400000, 0x0000000085500000|  0%| F|  |TAMS 0x0000000085400000| PB 0x0000000085400000| Untracked 
|  45|0x0000000085500000, 0x0000000085500000, 0x0000000085600000|  0%| F|  |TAMS 0x0000000085500000| PB 0x0000000085500000| Untracked 
|  46|0x0000000085600000, 0x0000000085600000, 0x0000000085700000|  0%| F|  |TAMS 0x0000000085600000| PB 0x0000000085600000| Untracked 
|  47|0x0000000085700000, 0x0000000085700000, 0x0000000085800000|  0%| F|  |TAMS 0x0000000085700000| PB 0x0000000085700000| Untracked 
|  48|0x0000000085800000, 0x0000000085800000, 0x0000000085900000|  0%| F|  |TAMS 0x0000000085800000| PB 0x0000000085800000| Untracked 
|  49|0x0000000085900000, 0x0000000085900000, 0x0000000085a00000|  0%| F|  |TAMS 0x0000000085900000| PB 0x0000000085900000| Untracked 
|  50|0x0000000085a00000, 0x0000000085a00000, 0x0000000085b00000|  0%| F|  |TAMS 0x0000000085a00000| PB 0x0000000085a00000| Untracked 
|  51|0x0000000085b00000, 0x0000000085b00000, 0x0000000085c00000|  0%| F|  |TAMS 0x0000000085b00000| PB 0x0000000085b00000| Untracked 
|  52|0x0000000085c00000, 0x0000000085c00000, 0x0000000085d00000|  0%| F|  |TAMS 0x0000000085c00000| PB 0x0000000085c00000| Untracked 
|  53|0x0000000085d00000, 0x0000000085d00000, 0x0000000085e00000|  0%| F|  |TAMS 0x0000000085d00000| PB 0x0000000085d00000| Untracked 
|  54|0x0000000085e00000, 0x0000000085e00000, 0x0000000085f00000|  0%| F|  |TAMS 0x0000000085e00000| PB 0x0000000085e00000| Untracked 
|  55|0x0000000085f00000, 0x0000000085f00000, 0x0000000086000000|  0%| F|  |TAMS 0x0000000085f00000| PB 0x0000000085f00000| Untracked 
|  56|0x0000000086000000, 0x0000000086000000, 0x0000000086100000|  0%| F|  |TAMS 0x0000000086000000| PB 0x0000000086000000| Untracked 
|  57|0x0000000086100000, 0x0000000086100000, 0x0000000086200000|  0%| F|  |TAMS 0x0000000086100000| PB 0x0000000086100000| Untracked 
|  58|0x0000000086200000, 0x0000000086200000, 0x0000000086300000|  0%| F|  |TAMS 0x0000000086200000| PB 0x0000000086200000| Untracked 
|  59|0x0000000086300000, 0x0000000086300000, 0x0000000086400000|  0%| F|  |TAMS 0x0000000086300000| PB 0x0000000086300000| Untracked 
|  60|0x0000000086400000, 0x0000000086400000, 0x0000000086500000|  0%| F|  |TAMS 0x0000000086400000| PB 0x0000000086400000| Untracked 
|  61|0x0000000086500000, 0x0000000086500000, 0x0000000086600000|  0%| F|  |TAMS 0x0000000086500000| PB 0x0000000086500000| Untracked 
|  62|0x0000000086600000, 0x0000000086600000, 0x0000000086700000|  0%| F|  |TAMS 0x0000000086600000| PB 0x0000000086600000| Untracked 
|  63|0x0000000086700000, 0x0000000086700000, 0x0000000086800000|  0%| F|  |TAMS 0x0000000086700000| PB 0x0000000086700000| Untracked 
|  64|0x0000000086800000, 0x0000000086800000, 0x0000000086900000|  0%| F|  |TAMS 0x0000000086800000| PB 0x0000000086800000| Untracked 
|  65|0x0000000086900000, 0x0000000086900000, 0x0000000086a00000|  0%| F|  |TAMS 0x0000000086900000| PB 0x0000000086900000| Untracked 
|  66|0x0000000086a00000, 0x0000000086a00000, 0x0000000086b00000|  0%| F|  |TAMS 0x0000000086a00000| PB 0x0000000086a00000| Untracked 
|  67|0x0000000086b00000, 0x0000000086b00000, 0x0000000086c00000|  0%| F|  |TAMS 0x0000000086b00000| PB 0x0000000086b00000| Untracked 
|  68|0x0000000086c00000, 0x0000000086c00000, 0x0000000086d00000|  0%| F|  |TAMS 0x0000000086c00000| PB 0x0000000086c00000| Untracked 
|  69|0x0000000086d00000, 0x0000000086d00000, 0x0000000086e00000|  0%| F|  |TAMS 0x0000000086d00000| PB 0x0000000086d00000| Untracked 
|  70|0x0000000086e00000, 0x0000000086e00000, 0x0000000086f00000|  0%| F|  |TAMS 0x0000000086e00000| PB 0x0000000086e00000| Untracked 
|  71|0x0000000086f00000, 0x0000000086f00000, 0x0000000087000000|  0%| F|  |TAMS 0x0000000086f00000| PB 0x0000000086f00000| Untracked 
|  72|0x0000000087000000, 0x0000000087000000, 0x0000000087100000|  0%| F|  |TAMS 0x0000000087000000| PB 0x0000000087000000| Untracked 
|  73|0x0000000087100000, 0x0000000087100000, 0x0000000087200000|  0%| F|  |TAMS 0x0000000087100000| PB 0x0000000087100000| Untracked 
|  74|0x0000000087200000, 0x0000000087200000, 0x0000000087300000|  0%| F|  |TAMS 0x0000000087200000| PB 0x0000000087200000| Untracked 
|  75|0x0000000087300000, 0x0000000087300000, 0x0000000087400000|  0%| F|  |TAMS 0x0000000087300000| PB 0x0000000087300000| Untracked 
|  76|0x0000000087400000, 0x0000000087400000, 0x0000000087500000|  0%| F|  |TAMS 0x0000000087400000| PB 0x0000000087400000| Untracked 
|  77|0x0000000087500000, 0x0000000087500000, 0x0000000087600000|  0%| F|  |TAMS 0x0000000087500000| PB 0x0000000087500000| Untracked 
|  78|0x0000000087600000, 0x0000000087600000, 0x0000000087700000|  0%| F|  |TAMS 0x0000000087600000| PB 0x0000000087600000| Untracked 
|  79|0x0000000087700000, 0x0000000087700000, 0x0000000087800000|  0%| F|  |TAMS 0x0000000087700000| PB 0x0000000087700000| Untracked 
|  80|0x0000000087800000, 0x0000000087800000, 0x0000000087900000|  0%| F|  |TAMS 0x0000000087800000| PB 0x0000000087800000| Untracked 
|  81|0x0000000087900000, 0x0000000087900000, 0x0000000087a00000|  0%| F|  |TAMS 0x0000000087900000| PB 0x0000000087900000| Untracked 
|  82|0x0000000087a00000, 0x0000000087a00000, 0x0000000087b00000|  0%| F|  |TAMS 0x0000000087a00000| PB 0x0000000087a00000| Untracked 
|  83|0x0000000087b00000, 0x0000000087b00000, 0x0000000087c00000|  0%| F|  |TAMS 0x0000000087b00000| PB 0x0000000087b00000| Untracked 
|  84|0x0000000087c00000, 0x0000000087c00000, 0x0000000087d00000|  0%| F|  |TAMS 0x0000000087c00000| PB 0x0000000087c00000| Untracked 
|  85|0x0000000087d00000, 0x0000000087d00000, 0x0000000087e00000|  0%| F|  |TAMS 0x0000000087d00000| PB 0x0000000087d00000| Untracked 
|  86|0x0000000087e00000, 0x0000000087e00000, 0x0000000087f00000|  0%| F|  |TAMS 0x0000000087e00000| PB 0x0000000087e00000| Untracked 
|  87|0x0000000087f00000, 0x0000000087f00000, 0x0000000088000000|  0%| F|  |TAMS 0x0000000087f00000| PB 0x0000000087f00000| Untracked 
|  88|0x0000000088000000, 0x0000000088000000, 0x0000000088100000|  0%| F|  |TAMS 0x0000000088000000| PB 0x0000000088000000| Untracked 
|  89|0x0000000088100000, 0x0000000088100000, 0x0000000088200000|  0%| F|  |TAMS 0x0000000088100000| PB 0x0000000088100000| Untracked 
|  90|0x0000000088200000, 0x0000000088255330, 0x0000000088300000| 33%| S|CS|TAMS 0x0000000088200000| PB 0x0000000088200000| Complete 
|  91|0x0000000088300000, 0x0000000088400000, 0x0000000088400000|100%| S|CS|TAMS 0x0000000088300000| PB 0x0000000088300000| Complete 
|  92|0x0000000088400000, 0x0000000088500000, 0x0000000088500000|100%| S|CS|TAMS 0x0000000088400000| PB 0x0000000088400000| Complete 
|  93|0x0000000088500000, 0x0000000088500000, 0x0000000088600000|  0%| F|  |TAMS 0x0000000088500000| PB 0x0000000088500000| Untracked 
|  94|0x0000000088600000, 0x0000000088600000, 0x0000000088700000|  0%| F|  |TAMS 0x0000000088600000| PB 0x0000000088600000| Untracked 
|  95|0x0000000088700000, 0x0000000088700000, 0x0000000088800000|  0%| F|  |TAMS 0x0000000088700000| PB 0x0000000088700000| Untracked 
|  96|0x0000000088800000, 0x0000000088800000, 0x0000000088900000|  0%| F|  |TAMS 0x0000000088800000| PB 0x0000000088800000| Untracked 
|  97|0x0000000088900000, 0x0000000088900000, 0x0000000088a00000|  0%| F|  |TAMS 0x0000000088900000| PB 0x0000000088900000| Untracked 
|  98|0x0000000088a00000, 0x0000000088a00000, 0x0000000088b00000|  0%| F|  |TAMS 0x0000000088a00000| PB 0x0000000088a00000| Untracked 
|  99|0x0000000088b00000, 0x0000000088b00000, 0x0000000088c00000|  0%| F|  |TAMS 0x0000000088b00000| PB 0x0000000088b00000| Untracked 
| 100|0x0000000088c00000, 0x0000000088c00000, 0x0000000088d00000|  0%| F|  |TAMS 0x0000000088c00000| PB 0x0000000088c00000| Untracked 
| 101|0x0000000088d00000, 0x0000000088d00000, 0x0000000088e00000|  0%| F|  |TAMS 0x0000000088d00000| PB 0x0000000088d00000| Untracked 
| 102|0x0000000088e00000, 0x0000000088e00000, 0x0000000088f00000|  0%| F|  |TAMS 0x0000000088e00000| PB 0x0000000088e00000| Untracked 
| 103|0x0000000088f00000, 0x0000000088f00000, 0x0000000089000000|  0%| F|  |TAMS 0x0000000088f00000| PB 0x0000000088f00000| Untracked 
| 104|0x0000000089000000, 0x0000000089000000, 0x0000000089100000|  0%| F|  |TAMS 0x0000000089000000| PB 0x0000000089000000| Untracked 
| 105|0x0000000089100000, 0x0000000089100000, 0x0000000089200000|  0%| F|  |TAMS 0x0000000089100000| PB 0x0000000089100000| Untracked 
| 106|0x0000000089200000, 0x0000000089200000, 0x0000000089300000|  0%| F|  |TAMS 0x0000000089200000| PB 0x0000000089200000| Untracked 
| 107|0x0000000089300000, 0x0000000089300000, 0x0000000089400000|  0%| F|  |TAMS 0x0000000089300000| PB 0x0000000089300000| Untracked 
| 108|0x0000000089400000, 0x0000000089400000, 0x0000000089500000|  0%| F|  |TAMS 0x0000000089400000| PB 0x0000000089400000| Untracked 
| 109|0x0000000089500000, 0x0000000089500000, 0x0000000089600000|  0%| F|  |TAMS 0x0000000089500000| PB 0x0000000089500000| Untracked 
| 110|0x0000000089600000, 0x0000000089600000, 0x0000000089700000|  0%| F|  |TAMS 0x0000000089600000| PB 0x0000000089600000| Untracked 
| 111|0x0000000089700000, 0x0000000089700000, 0x0000000089800000|  0%| F|  |TAMS 0x0000000089700000| PB 0x0000000089700000| Untracked 
| 112|0x0000000089800000, 0x0000000089800000, 0x0000000089900000|  0%| F|  |TAMS 0x0000000089800000| PB 0x0000000089800000| Untracked 
| 113|0x0000000089900000, 0x0000000089900000, 0x0000000089a00000|  0%| F|  |TAMS 0x0000000089900000| PB 0x0000000089900000| Untracked 
| 114|0x0000000089a00000, 0x0000000089a00000, 0x0000000089b00000|  0%| F|  |TAMS 0x0000000089a00000| PB 0x0000000089a00000| Untracked 
| 115|0x0000000089b00000, 0x0000000089b00000, 0x0000000089c00000|  0%| F|  |TAMS 0x0000000089b00000| PB 0x0000000089b00000| Untracked 
| 116|0x0000000089c00000, 0x0000000089c00000, 0x0000000089d00000|  0%| F|  |TAMS 0x0000000089c00000| PB 0x0000000089c00000| Untracked 
| 117|0x0000000089d00000, 0x0000000089d00000, 0x0000000089e00000|  0%| F|  |TAMS 0x0000000089d00000| PB 0x0000000089d00000| Untracked 
| 118|0x0000000089e00000, 0x0000000089e00000, 0x0000000089f00000|  0%| F|  |TAMS 0x0000000089e00000| PB 0x0000000089e00000| Untracked 
| 119|0x0000000089f00000, 0x0000000089f00000, 0x000000008a000000|  0%| F|  |TAMS 0x0000000089f00000| PB 0x0000000089f00000| Untracked 
| 120|0x000000008a000000, 0x000000008a000000, 0x000000008a100000|  0%| F|  |TAMS 0x000000008a000000| PB 0x000000008a000000| Untracked 
| 121|0x000000008a100000, 0x000000008a100000, 0x000000008a200000|  0%| F|  |TAMS 0x000000008a100000| PB 0x000000008a100000| Untracked 
| 122|0x000000008a200000, 0x000000008a200000, 0x000000008a300000|  0%| F|  |TAMS 0x000000008a200000| PB 0x000000008a200000| Untracked 
| 123|0x000000008a300000, 0x000000008a300000, 0x000000008a400000|  0%| F|  |TAMS 0x000000008a300000| PB 0x000000008a300000| Untracked 
| 124|0x000000008a400000, 0x000000008a4809f0, 0x000000008a500000| 50%| E|  |TAMS 0x000000008a400000| PB 0x000000008a400000| Complete 
| 125|0x000000008a500000, 0x000000008a600000, 0x000000008a600000|100%| E|CS|TAMS 0x000000008a500000| PB 0x000000008a500000| Complete 

Card table byte_map: [0x000001b9f46b0000,0x000001b9f4aa0000] _byte_map_base: 0x000001b9f429c000

Marking Bits: (CMBitMap*) 0x000001b9dcb9d020
 Bits: [0x000001b9f4aa0000, 0x000001b9f6a00000)

Polling page: 0x000001b9dab00000

Metaspace:

Usage:
  Non-class:      9.34 MB used.
      Class:      1.24 MB used.
       Both:     10.58 MB used.

Virtual space:
  Non-class space:       64.00 MB reserved,       9.44 MB ( 15%) committed,  1 nodes.
      Class space:        1.00 GB reserved,       1.31 MB ( <1%) committed,  1 nodes.
             Both:        1.06 GB reserved,      10.75 MB ( <1%) committed. 

Chunk freelists:
   Non-Class:  5.73 MB
       Class:  14.50 MB
        Both:  20.23 MB

MaxMetaspaceSize: unlimited
CompressedClassSpaceSize: 1.00 GB
Initial GC threshold: 21.00 MB
Current GC threshold: 21.00 MB
CDS: on
 - commit_granule_bytes: 65536.
 - commit_granule_words: 8192.
 - virtual_space_node_default_size: 8388608.
 - enlarge_chunks_in_place: 1.
 - use_allocation_guard: 0.


Internal statistics:

num_allocs_failed_limit: 0.
num_arena_births: 72.
num_arena_deaths: 0.
num_vsnodes_births: 2.
num_vsnodes_deaths: 0.
num_space_committed: 172.
num_space_uncommitted: 0.
num_chunks_returned_to_freelist: 0.
num_chunks_taken_from_freelist: 399.
num_chunk_merges: 0.
num_chunk_splits: 282.
num_chunks_enlarged: 234.
num_inconsistent_stats: 0.

CodeHeap 'non-profiled nmethods': size=120000Kb used=822Kb max_used=822Kb free=119177Kb
 bounds [0x000001b9eca60000, 0x000001b9eccd0000, 0x000001b9f3f90000]
CodeHeap 'profiled nmethods': size=120000Kb used=3844Kb max_used=3844Kb free=116155Kb
 bounds [0x000001b9e4f90000, 0x000001b9e5360000, 0x000001b9ec4c0000]
CodeHeap 'non-nmethods': size=5760Kb used=1388Kb max_used=1410Kb free=4371Kb
 bounds [0x000001b9ec4c0000, 0x000001b9ec730000, 0x000001b9eca60000]
 total_blobs=2488 nmethods=1999 adapters=394
 compilation: enabled
              stopped_count=0, restarted_count=0
 full_count=0

Compilation events (20 events):
Event: 1.352 Thread 0x000001b9f9785a50 1990       4       java.util.stream.AbstractPipeline::isParallel (8 bytes)
Event: 1.352 Thread 0x000001b9f943a4c0 1991       3       com.google.inject.Key::getAnnotationType (10 bytes)
Event: 1.352 Thread 0x000001b9f943a4c0 nmethod 1991 0x000001b9e534ba10 code [0x000001b9e534bbc0, 0x000001b9e534bd98]
Event: 1.352 Thread 0x000001b9f943a4c0 1992       3       com.google.inject.spi.InjectionPoint$InjectableField::toInjectionPoint (20 bytes)
Event: 1.353 Thread 0x000001b9f943a4c0 nmethod 1992 0x000001b9e534be90 code [0x000001b9e534c040, 0x000001b9e534c200]
Event: 1.353 Thread 0x000001b9f943a4c0 1993   !   3       com.google.inject.spi.InjectionPoint::<init> (153 bytes)
Event: 1.353 Thread 0x000001b9f9785a50 nmethod 1990 0x000001b9ecb2d810 code [0x000001b9ecb2d9a0, 0x000001b9ecb2da48]
Event: 1.354 Thread 0x000001b9f943a4c0 nmethod 1993 0x000001b9e534c310 code [0x000001b9e534c720, 0x000001b9e534e158]
Event: 1.354 Thread 0x000001b9f943a4c0 1995       3       java.lang.reflect.AccessibleObject::isAnnotationPresent (6 bytes)
Event: 1.354 Thread 0x000001b9f943a4c0 nmethod 1995 0x000001b9e534eb90 code [0x000001b9e534ed40, 0x000001b9e534efc8]
Event: 1.354 Thread 0x000001b9f943a4c0 1994       3       com.google.inject.spi.InjectionPoint::getAnnotations (34 bytes)
Event: 1.355 Thread 0x000001b9f943a4c0 nmethod 1994 0x000001b9e534f090 code [0x000001b9e534f2a0, 0x000001b9e534f8e8]
Event: 1.359 Thread 0x000001b9f943a4c0 1996       3       java.lang.reflect.Constructor::copy (72 bytes)
Event: 1.359 Thread 0x000001b9f943a4c0 nmethod 1996 0x000001b9e534fb10 code [0x000001b9e534fce0, 0x000001b9e53500a0]
Event: 1.359 Thread 0x000001b9f943a4c0 1997       3       java.lang.reflect.Constructor::<init> (50 bytes)
Event: 1.360 Thread 0x000001b9f943a4c0 nmethod 1997 0x000001b9e5350190 code [0x000001b9e5350360, 0x000001b9e53507d8]
Event: 1.362 Thread 0x000001b9f943a4c0 1998       3       java.util.Collections$UnmodifiableCollection::contains (11 bytes)
Event: 1.362 Thread 0x000001b9f943a4c0 nmethod 1998 0x000001b9e5350910 code [0x000001b9e5350ac0, 0x000001b9e5350c98]
Event: 1.363 Thread 0x000001b9f943a4c0 1999       3       java.lang.reflect.Modifier::isPrivate (12 bytes)
Event: 1.363 Thread 0x000001b9f943a4c0 nmethod 1999 0x000001b9e5350d90 code [0x000001b9e5350f20, 0x000001b9e5351070]

GC Heap History (4 events):
Event: 0.738 GC heap before
{Heap before GC invocations=0 (full 0):
 garbage-first heap   total 129024K, used 23552K [0x0000000082800000, 0x0000000100000000)
  region size 1024K, 23 young (23552K), 0 survivors (0K)
 Metaspace       used 6159K, committed 6272K, reserved 1114112K
  class space    used 700K, committed 768K, reserved 1048576K
}
Event: 0.745 GC heap after
{Heap after GC invocations=1 (full 0):
 garbage-first heap   total 129024K, used 3954K [0x0000000082800000, 0x0000000100000000)
  region size 1024K, 3 young (3072K), 3 survivors (3072K)
 Metaspace       used 6159K, committed 6272K, reserved 1114112K
  class space    used 700K, committed 768K, reserved 1048576K
}
Event: 1.342 GC heap before
{Heap before GC invocations=1 (full 0):
 garbage-first heap   total 129024K, used 33650K [0x0000000082800000, 0x0000000100000000)
  region size 1024K, 33 young (33792K), 3 survivors (3072K)
 Metaspace       used 10657K, committed 10816K, reserved 1114112K
  class space    used 1239K, committed 1344K, reserved 1048576K
}
Event: 1.347 GC heap after
{Heap after GC invocations=2 (full 0):
 garbage-first heap   total 129024K, used 6353K [0x0000000082800000, 0x0000000100000000)
  region size 1024K, 3 young (3072K), 3 survivors (3072K)
 Metaspace       used 10657K, committed 10816K, reserved 1114112K
  class space    used 1239K, committed 1344K, reserved 1048576K
}

Dll operation events (12 events):
Event: 0.008 Loaded shared library C:\Users\Lenovo\.jdks\openjdk-21\bin\java.dll
Event: 0.045 Loaded shared library C:\Users\Lenovo\.jdks\openjdk-21\bin\jsvml.dll
Event: 0.098 Loaded shared library C:\Users\Lenovo\.jdks\openjdk-21\bin\zip.dll
Event: 0.102 Loaded shared library C:\Users\Lenovo\.jdks\openjdk-21\bin\instrument.dll
Event: 0.129 Loaded shared library C:\Users\Lenovo\.jdks\openjdk-21\bin\net.dll
Event: 0.131 Loaded shared library C:\Users\Lenovo\.jdks\openjdk-21\bin\nio.dll
Event: 0.135 Loaded shared library C:\Users\Lenovo\.jdks\openjdk-21\bin\zip.dll
Event: 0.149 Loaded shared library C:\Users\Lenovo\IntelliJ IDEA 2024.1\bin\breakgen64.dll
Event: 0.157 Loaded shared library C:\Users\Lenovo\.jdks\openjdk-21\bin\extnet.dll
Event: 0.273 Loaded shared library C:\Users\Lenovo\.jdks\openjdk-21\bin\jimage.dll
Event: 0.300 Loaded shared library C:\Users\Lenovo\AppData\Local\Temp\jansi-2.4.0-972998a905d7ddeb-jansi.dll
Event: 0.309 Loaded shared library C:\Users\Lenovo\.jdks\openjdk-21\bin\verify.dll

Deoptimization events (20 events):
Event: 1.235 Thread 0x000001b9f942cc10 Uncommon trap: trap_request=0xffffff45 fr.pc=0x000001b9ecac0a0c relative=0x000000000000006c
Event: 1.235 Thread 0x000001b9f942cc10 Uncommon trap: reason=unstable_if action=reinterpret pc=0x000001b9ecac0a0c method=java.nio.charset.CoderResult.isOverflow()Z @ 5 c2
Event: 1.235 Thread 0x000001b9f942cc10 DEOPT PACKING pc=0x000001b9ecac0a0c sp=0x0000009b704fec20
Event: 1.235 Thread 0x000001b9f942cc10 DEOPT UNPACKING pc=0x000001b9ec5146a2 sp=0x0000009b704feba8 mode 2
Event: 1.306 Thread 0x000001b9da8b13b0 Uncommon trap: trap_request=0xffffffd6 fr.pc=0x000001b9ecb27524 relative=0x0000000000000184
Event: 1.306 Thread 0x000001b9da8b13b0 Uncommon trap: reason=array_check action=maybe_recompile pc=0x000001b9ecb27524 method=java.util.stream.Nodes$FixedNodeBuilder.accept(Ljava/lang/Object;)V @ 28 c2
Event: 1.306 Thread 0x000001b9da8b13b0 DEOPT PACKING pc=0x000001b9ecb27524 sp=0x0000009b6f9fe3c0
Event: 1.306 Thread 0x000001b9da8b13b0 DEOPT UNPACKING pc=0x000001b9ec5146a2 sp=0x0000009b6f9fe360 mode 2
Event: 1.306 Thread 0x000001b9da8b13b0 Uncommon trap: trap_request=0xffffffd6 fr.pc=0x000001b9ecb27524 relative=0x0000000000000184
Event: 1.306 Thread 0x000001b9da8b13b0 Uncommon trap: reason=array_check action=maybe_recompile pc=0x000001b9ecb27524 method=java.util.stream.Nodes$FixedNodeBuilder.accept(Ljava/lang/Object;)V @ 28 c2
Event: 1.306 Thread 0x000001b9da8b13b0 DEOPT PACKING pc=0x000001b9ecb27524 sp=0x0000009b6f9fe3a0
Event: 1.306 Thread 0x000001b9da8b13b0 DEOPT UNPACKING pc=0x000001b9ec5146a2 sp=0x0000009b6f9fe340 mode 2
Event: 1.306 Thread 0x000001b9da8b13b0 Uncommon trap: trap_request=0xffffffd6 fr.pc=0x000001b9ecb27524 relative=0x0000000000000184
Event: 1.306 Thread 0x000001b9da8b13b0 Uncommon trap: reason=array_check action=maybe_recompile pc=0x000001b9ecb27524 method=java.util.stream.Nodes$FixedNodeBuilder.accept(Ljava/lang/Object;)V @ 28 c2
Event: 1.306 Thread 0x000001b9da8b13b0 DEOPT PACKING pc=0x000001b9ecb27524 sp=0x0000009b6f9fe3a0
Event: 1.306 Thread 0x000001b9da8b13b0 DEOPT UNPACKING pc=0x000001b9ec5146a2 sp=0x0000009b6f9fe340 mode 2
Event: 1.306 Thread 0x000001b9da8b13b0 Uncommon trap: trap_request=0xffffffd6 fr.pc=0x000001b9ecb27524 relative=0x0000000000000184
Event: 1.306 Thread 0x000001b9da8b13b0 Uncommon trap: reason=array_check action=maybe_recompile pc=0x000001b9ecb27524 method=java.util.stream.Nodes$FixedNodeBuilder.accept(Ljava/lang/Object;)V @ 28 c2
Event: 1.306 Thread 0x000001b9da8b13b0 DEOPT PACKING pc=0x000001b9ecb27524 sp=0x0000009b6f9fe3a0
Event: 1.306 Thread 0x000001b9da8b13b0 DEOPT UNPACKING pc=0x000001b9ec5146a2 sp=0x0000009b6f9fe340 mode 2

Classes loaded (20 events):
Event: 1.230 Loading class sun/util/cldr/CLDRBaseLocaleDataMetaInfo$TZCanonicalIDMapHolder
Event: 1.230 Loading class sun/util/cldr/CLDRBaseLocaleDataMetaInfo$TZCanonicalIDMapHolder done
Event: 1.230 Loading class java/util/concurrent/CompletionService
Event: 1.231 Loading class java/util/concurrent/CompletionService done
Event: 1.231 Loading class sun/util/resources/TimeZoneNames
Event: 1.231 Loading class sun/util/resources/TimeZoneNames done
Event: 1.232 Loading class sun/util/resources/TimeZoneNames_en
Event: 1.232 Loading class sun/util/resources/TimeZoneNames_en done
Event: 1.260 Loading class java/lang/reflect/Executable$ParameterData
Event: 1.260 Loading class java/lang/reflect/Executable$ParameterData done
Event: 1.260 Loading class sun/reflect/generics/scope/ConstructorScope
Event: 1.260 Loading class sun/reflect/generics/scope/ConstructorScope done
Event: 1.260 Loading class sun/reflect/generics/repository/ConstructorRepository
Event: 1.260 Loading class sun/reflect/generics/repository/ConstructorRepository done
Event: 1.260 Loading class sun/reflect/generics/tree/VoidDescriptor
Event: 1.261 Loading class sun/reflect/generics/tree/VoidDescriptor done
Event: 1.261 Loading class sun/reflect/generics/tree/MethodTypeSignature
Event: 1.261 Loading class sun/reflect/generics/tree/MethodTypeSignature done
Event: 1.355 Loading class sun/reflect/generics/repository/FieldRepository
Event: 1.355 Loading class sun/reflect/generics/repository/FieldRepository done

Classes unloaded (0 events):
No events

Classes redefined (0 events):
No events

Internal exceptions (20 events):
Event: 0.141 Thread 0x000001b9da8b13b0 Exception <a 'java/lang/NoSuchMethodError'{0x000000008a33c830}: 'void java.lang.invoke.DirectMethodHandle$Holder.invokeStatic(java.lang.Object, java.lang.Object, java.lang.Object)'> (0x000000008a33c830) 
thrown [s\open\src\hotspot\share\interpreter\linkResolver.cpp, line 773]
Event: 0.146 Thread 0x000001b9da8b13b0 Exception <a 'java/lang/NoSuchMethodError'{0x000000008a353d38}: 'java.lang.Object java.lang.invoke.Invokers$Holder.invokeExact_MT(java.lang.Object, java.lang.Object, java.lang.Object, java.lang.Object, java.lang.Object)'> (0x000000008a353d38) 
thrown [s\open\src\hotspot\share\interpreter\linkResolver.cpp, line 773]
Event: 0.158 Thread 0x000001b9f9741610 Exception <a 'java/lang/NoSuchMethodError'{0x000000008a37ea50}: 'void java.lang.invoke.DirectMethodHandle$Holder.invokeStatic(java.lang.Object, java.lang.Object)'> (0x000000008a37ea50) 
thrown [s\open\src\hotspot\share\interpreter\linkResolver.cpp, line 773]
Event: 0.177 Thread 0x000001b9da8b13b0 Exception <a 'java/lang/NoSuchMethodError'{0x000000008a242140}: 'int java.lang.invoke.DirectMethodHandle$Holder.invokeSpecial(java.lang.Object, java.lang.Object, java.lang.Object)'> (0x000000008a242140) 
thrown [s\open\src\hotspot\share\interpreter\linkResolver.cpp, line 773]
Event: 0.269 Thread 0x000001b9da8b13b0 Exception <a 'java/lang/NullPointerException'{0x000000008a0ab3d8}> (0x000000008a0ab3d8) 
thrown [s\open\src\hotspot\share\interpreter\linkResolver.cpp, line 1372]
Event: 0.308 Thread 0x000001b9da8b13b0 Exception <a 'sun/nio/fs/WindowsException'{0x0000000089f238e8}> (0x0000000089f238e8) 
thrown [s\open\src\hotspot\share\prims\jni.cpp, line 520]
Event: 0.308 Thread 0x000001b9da8b13b0 Exception <a 'sun/nio/fs/WindowsException'{0x0000000089f23f88}> (0x0000000089f23f88) 
thrown [s\open\src\hotspot\share\prims\jni.cpp, line 520]
Event: 0.308 Thread 0x000001b9da8b13b0 Exception <a 'sun/nio/fs/WindowsException'{0x0000000089f24500}> (0x0000000089f24500) 
thrown [s\open\src\hotspot\share\prims\jni.cpp, line 520]
Event: 0.308 Thread 0x000001b9da8b13b0 Exception <a 'sun/nio/fs/WindowsException'{0x0000000089f24a58}> (0x0000000089f24a58) 
thrown [s\open\src\hotspot\share\prims\jni.cpp, line 520]
Event: 0.308 Thread 0x000001b9da8b13b0 Exception <a 'sun/nio/fs/WindowsException'{0x0000000089f24f60}> (0x0000000089f24f60) 
thrown [s\open\src\hotspot\share\prims\jni.cpp, line 520]
Event: 0.308 Thread 0x000001b9da8b13b0 Exception <a 'sun/nio/fs/WindowsException'{0x0000000089f25420}> (0x0000000089f25420) 
thrown [s\open\src\hotspot\share\prims\jni.cpp, line 520]
Event: 0.394 Thread 0x000001b9da8b13b0 Exception <a 'java/lang/NoSuchMethodError'{0x0000000089d3f690}: 'java.lang.Object java.lang.invoke.DirectMethodHandle$Holder.invokeSpecialIFC(java.lang.Object, java.lang.Object, java.lang.Object, java.lang.Object)'> (0x0000000089d3f690) 
thrown [s\open\src\hotspot\share\interpreter\linkResolver.cpp, line 773]
Event: 0.554 Thread 0x000001b9da8b13b0 Exception <a 'java/lang/NoSuchMethodError'{0x00000000898af550}: 'void java.lang.invoke.DirectMethodHandle$Holder.invokeSpecial(java.lang.Object, java.lang.Object, java.lang.Object)'> (0x00000000898af550) 
thrown [s\open\src\hotspot\share\interpreter\linkResolver.cpp, line 773]
Event: 0.594 Thread 0x000001b9da8b13b0 Exception <a 'java/lang/NoSuchMethodError'{0x00000000897f25b8}: 'java.lang.Object java.lang.invoke.DirectMethodHandle$Holder.invokeInterface(java.lang.Object, java.lang.Object)'> (0x00000000897f25b8) 
thrown [s\open\src\hotspot\share\interpreter\linkResolver.cpp, line 773]
Event: 0.609 Thread 0x000001b9da8b13b0 Exception <a 'java/lang/NoSuchMethodError'{0x0000000089686348}: 'int java.lang.invoke.DirectMethodHandle$Holder.invokeStatic(java.lang.Object, java.lang.Object, java.lang.Object, java.lang.Object)'> (0x0000000089686348) 
thrown [s\open\src\hotspot\share\interpreter\linkResolver.cpp, line 773]
Event: 0.609 Thread 0x000001b9da8b13b0 Exception <a 'java/lang/NoSuchMethodError'{0x00000000896899c8}: 'java.lang.Object java.lang.invoke.Invokers$Holder.invokeExact_MT(java.lang.Object, java.lang.Object, java.lang.Object, java.lang.Object, java.lang.Object, java.lang.Object)'> (0x00000000896899c8) 
thrown [s\open\src\hotspot\share\interpreter\linkResolver.cpp, line 773]
Event: 0.611 Thread 0x000001b9da8b13b0 Exception <a 'java/lang/NoSuchMethodError'{0x0000000089698160}: 'int java.lang.invoke.DirectMethodHandle$Holder.invokeSpecialIFC(java.lang.Object, java.lang.Object, java.lang.Object, java.lang.Object, java.lang.Object)'> (0x0000000089698160) 
thrown [s\open\src\hotspot\share\interpreter\linkResolver.cpp, line 773]
Event: 0.647 Thread 0x000001b9da8b13b0 Exception <a 'java/lang/NoSuchMethodError'{0x00000000894137f0}: 'java.lang.Object java.lang.invoke.DirectMethodHandle$Holder.newInvokeSpecial(java.lang.Object, java.lang.Object, java.lang.Object, java.lang.Object, java.lang.Object)'> (0x00000000894137f0) 
thrown [s\open\src\hotspot\share\interpreter\linkResolver.cpp, line 773]
Event: 0.673 Thread 0x000001b9da8b13b0 Exception <a 'java/lang/NoSuchMethodError'{0x000000008930bbc0}: 'int java.lang.invoke.DirectMethodHandle$Holder.invokeStaticInit(java.lang.Object, java.lang.Object)'> (0x000000008930bbc0) 
thrown [s\open\src\hotspot\share\interpreter\linkResolver.cpp, line 773]
Event: 0.682 Thread 0x000001b9da8b13b0 Exception <a 'java/lang/NoClassDefFoundError'{0x00000000893405b0}: javax/enterprise/inject/Typed> (0x00000000893405b0) 
thrown [s\open\src\hotspot\share\classfile\systemDictionary.cpp, line 301]

ZGC Phase Switch (0 events):
No events

VM Operations (18 events):
Event: 0.081 Executing VM operation: HandshakeAllThreads (Deoptimize)
Event: 0.081 Executing VM operation: HandshakeAllThreads (Deoptimize) done
Event: 0.268 Executing VM operation: HandshakeAllThreads (Deoptimize)
Event: 0.268 Executing VM operation: HandshakeAllThreads (Deoptimize) done
Event: 0.275 Executing VM operation: HandshakeAllThreads (Deoptimize)
Event: 0.275 Executing VM operation: HandshakeAllThreads (Deoptimize) done
Event: 0.679 Executing VM operation: ICBufferFull
Event: 0.680 Executing VM operation: ICBufferFull done
Event: 0.738 Executing VM operation: G1CollectForAllocation (G1 Evacuation Pause)
Event: 0.745 Executing VM operation: G1CollectForAllocation (G1 Evacuation Pause) done
Event: 1.144 Executing VM operation: HandshakeAllThreads (Deoptimize)
Event: 1.144 Executing VM operation: HandshakeAllThreads (Deoptimize) done
Event: 1.152 Executing VM operation: HandshakeAllThreads (Deoptimize)
Event: 1.152 Executing VM operation: HandshakeAllThreads (Deoptimize) done
Event: 1.197 Executing VM operation: ICBufferFull
Event: 1.197 Executing VM operation: ICBufferFull done
Event: 1.342 Executing VM operation: G1CollectForAllocation (G1 Evacuation Pause)
Event: 1.348 Executing VM operation: G1CollectForAllocation (G1 Evacuation Pause) done

Events (13 events):
Event: 0.025 Thread 0x000001b9da8b13b0 Thread added: 0x000001b9da8b13b0
Event: 0.042 Thread 0x000001b9f941cab0 Thread added: 0x000001b9f941cab0
Event: 0.042 Thread 0x000001b9f941f1f0 Thread added: 0x000001b9f941f1f0
Event: 0.042 Thread 0x000001b9f9429f20 Thread added: 0x000001b9f9429f20
Event: 0.042 Thread 0x000001b9f942cc10 Thread added: 0x000001b9f942cc10
Event: 0.042 Thread 0x000001b9f9431e30 Thread added: 0x000001b9f9431e30
Event: 0.042 Thread 0x000001b9f9436530 Thread added: 0x000001b9f9436530
Event: 0.042 Thread 0x000001b9f9439280 Thread added: 0x000001b9f9439280
Event: 0.043 Thread 0x000001b9f943a4c0 Thread added: 0x000001b9f943a4c0
Event: 0.071 Thread 0x000001b9f948e950 Thread added: 0x000001b9f948e950
Event: 0.149 Thread 0x000001b9f9741610 Thread added: 0x000001b9f9741610
Event: 0.150 Thread 0x000001b9f9741c80 Thread added: 0x000001b9f9741c80
Event: 0.219 Thread 0x000001b9f9785a50 Thread added: 0x000001b9f9785a50


Dynamic libraries:
0x00007ff62f970000 - 0x00007ff62f97e000 	C:\Users\Lenovo\.jdks\openjdk-21\bin\java.exe
0x00007ff933ab0000 - 0x00007ff933ca8000 	C:\Windows\SYSTEM32\ntdll.dll
0x00007ff924df0000 - 0x00007ff924e09000 	C:\Program Files\Avast Software\Avast\aswhook.dll
0x00007ff933730000 - 0x00007ff9337ed000 	C:\Windows\System32\KERNEL32.DLL
0x00007ff9315a0000 - 0x00007ff931896000 	C:\Windows\System32\KERNELBASE.dll
0x00007ff931160000 - 0x00007ff931260000 	C:\Windows\System32\ucrtbase.dll
0x00007ff92bae0000 - 0x00007ff92bafb000 	C:\Users\Lenovo\.jdks\openjdk-21\bin\VCRUNTIME140.dll
0x00007ff92b600000 - 0x00007ff92b618000 	C:\Users\Lenovo\.jdks\openjdk-21\bin\jli.dll
0x00007ff932400000 - 0x00007ff93259f000 	C:\Windows\System32\USER32.dll
0x00007ff9313b0000 - 0x00007ff9313d2000 	C:\Windows\System32\win32u.dll
0x00007ff90efe0000 - 0x00007ff90f27a000 	C:\Windows\WinSxS\amd64_microsoft.windows.common-controls_6595b64144ccf1df_6.0.19041.3636_none_60b6a03d71f818d5\COMCTL32.dll
0x00007ff932ef0000 - 0x00007ff932f1b000 	C:\Windows\System32\GDI32.dll
0x00007ff932f20000 - 0x00007ff932fbe000 	C:\Windows\System32\msvcrt.dll
0x00007ff931260000 - 0x00007ff931377000 	C:\Windows\System32\gdi32full.dll
0x00007ff931450000 - 0x00007ff9314ed000 	C:\Windows\System32\msvcp_win.dll
0x00007ff931ea0000 - 0x00007ff931ed2000 	C:\Windows\System32\IMM32.DLL
0x00007ff92bc30000 - 0x00007ff92bc3c000 	C:\Users\Lenovo\.jdks\openjdk-21\bin\vcruntime140_1.dll
0x00007ff8fec40000 - 0x00007ff8fecce000 	C:\Users\Lenovo\.jdks\openjdk-21\bin\msvcp140.dll
0x00007ff8f2540000 - 0x00007ff8f3253000 	C:\Users\Lenovo\.jdks\openjdk-21\bin\server\jvm.dll
0x00007ff932650000 - 0x00007ff932700000 	C:\Windows\System32\ADVAPI32.dll
0x00007ff932df0000 - 0x00007ff932e90000 	C:\Windows\System32\sechost.dll
0x00007ff9327d0000 - 0x00007ff9328f3000 	C:\Windows\System32\RPCRT4.dll
0x00007ff931380000 - 0x00007ff9313a7000 	C:\Windows\System32\bcrypt.dll
0x00007ff932d80000 - 0x00007ff932deb000 	C:\Windows\System32\WS2_32.dll
0x00007ff913ce0000 - 0x00007ff913d07000 	C:\Windows\SYSTEM32\WINMM.dll
0x00007ff9306f0000 - 0x00007ff93073b000 	C:\Windows\SYSTEM32\POWRPROF.dll
0x00007ff92a9a0000 - 0x00007ff92a9aa000 	C:\Windows\SYSTEM32\VERSION.dll
0x00007ff930560000 - 0x00007ff930572000 	C:\Windows\SYSTEM32\UMPDC.dll
0x00007ff92f980000 - 0x00007ff92f992000 	C:\Windows\SYSTEM32\kernel.appcore.dll
0x00007ff92b5f0000 - 0x00007ff92b5fa000 	C:\Users\Lenovo\.jdks\openjdk-21\bin\jimage.dll
0x00007ff92eef0000 - 0x00007ff92f0d4000 	C:\Windows\SYSTEM32\DBGHELP.DLL
0x00007ff927d10000 - 0x00007ff927d44000 	C:\Windows\SYSTEM32\dbgcore.DLL
0x00007ff9318a0000 - 0x00007ff931922000 	C:\Windows\System32\bcryptPrimitives.dll
0x00007ff92e4e0000 - 0x00007ff92e4ef000 	C:\Users\Lenovo\.jdks\openjdk-21\bin\instrument.dll
0x00007ff92b300000 - 0x00007ff92b31f000 	C:\Users\Lenovo\.jdks\openjdk-21\bin\java.dll
0x00007ff932fc0000 - 0x00007ff93372b000 	C:\Windows\System32\SHELL32.dll
0x00007ff92f1d0000 - 0x00007ff92f96e000 	C:\Windows\SYSTEM32\windows.storage.dll
0x00007ff931f70000 - 0x00007ff9322c3000 	C:\Windows\System32\combase.dll
0x00007ff930b90000 - 0x00007ff930bbe000 	C:\Windows\SYSTEM32\Wldp.dll
0x00007ff932700000 - 0x00007ff9327cd000 	C:\Windows\System32\OLEAUT32.dll
0x00007ff931ae0000 - 0x00007ff931b8d000 	C:\Windows\System32\SHCORE.dll
0x00007ff933a10000 - 0x00007ff933a65000 	C:\Windows\System32\shlwapi.dll
0x00007ff931090000 - 0x00007ff9310b3000 	C:\Windows\SYSTEM32\profapi.dll
0x00007ff8f4910000 - 0x00007ff8f49e7000 	C:\Users\Lenovo\.jdks\openjdk-21\bin\jsvml.dll
0x00007ff92b2c0000 - 0x00007ff92b2d8000 	C:\Users\Lenovo\.jdks\openjdk-21\bin\zip.dll
0x00007ff92b5e0000 - 0x00007ff92b5f0000 	C:\Users\Lenovo\.jdks\openjdk-21\bin\net.dll
0x00007ff926410000 - 0x00007ff92651a000 	C:\Windows\SYSTEM32\WINHTTP.dll
0x00007ff9308f0000 - 0x00007ff93095a000 	C:\Windows\system32\mswsock.dll
0x00007ff92b2e0000 - 0x00007ff92b2f6000 	C:\Users\Lenovo\.jdks\openjdk-21\bin\nio.dll
0x00007ff92bc90000 - 0x00007ff92bcaa000 	C:\Users\Lenovo\IntelliJ IDEA 2024.1\bin\breakgen64.dll
0x00007ff92b2b0000 - 0x00007ff92b2b7000 	C:\Users\Lenovo\.jdks\openjdk-21\bin\extnet.dll
0x0000000069ac0000 - 0x0000000069ae4000 	C:\Users\Lenovo\AppData\Local\Temp\jansi-2.4.0-972998a905d7ddeb-jansi.dll
0x00007ff92e4d0000 - 0x00007ff92e4e0000 	C:\Users\Lenovo\.jdks\openjdk-21\bin\verify.dll

dbghelp: loaded successfully - version: 4.0.5 - missing functions: none
symbol engine: initialized successfully - sym options: 0x614 - pdb path: .;C:\Users\Lenovo\.jdks\openjdk-21\bin;C:\Windows\SYSTEM32;C:\Program Files\Avast Software\Avast;C:\Windows\WinSxS\amd64_microsoft.windows.common-controls_6595b64144ccf1df_6.0.19041.3636_none_60b6a03d71f818d5;C:\Users\Lenovo\.jdks\openjdk-21\bin\server;C:\Users\Lenovo\IntelliJ IDEA 2024.1\bin;C:\Users\Lenovo\AppData\Local\Temp

VM Arguments:
jvm_args: -Dmaven.multiModuleProjectDirectory=C:\Users\Lenovo\Desktop\java\PIJAVA -Djansi.passthrough=true -Dmaven.home=C:\Users\Lenovo\IntelliJ IDEA 2024.1\plugins\maven\lib\maven3 -Dclassworlds.conf=C:\Users\Lenovo\IntelliJ IDEA 2024.1\plugins\maven\lib\maven3\bin\m2.conf -Dmaven.ext.class.path=C:\Users\Lenovo\IntelliJ IDEA 2024.1\plugins\maven\lib\maven-event-listener.jar -javaagent:C:\Users\Lenovo\IntelliJ IDEA 2024.1\lib\idea_rt.jar=64062:C:\Users\Lenovo\IntelliJ IDEA 2024.1\bin -Dfile.encoding=UTF-8 -Dsun.stdout.encoding=UTF-8 -Dsun.stderr.encoding=UTF-8 
java_command: org.codehaus.classworlds.Launcher -Didea.version=2024.1 org.openjfx:javafx-maven-plugin:0.0.8:run
java_class_path (initial): C:\Users\Lenovo\IntelliJ IDEA 2024.1\plugins\maven\lib\maven3\boot\plexus-classworlds-2.7.0.jar;C:\Users\Lenovo\IntelliJ IDEA 2024.1\plugins\maven\lib\maven3\boot\plexus-classworlds.license
Launcher Type: SUN_STANDARD

[Global flags]
     intx CICompilerCount                          = 4                                         {product} {ergonomic}
     uint ConcGCThreads                            = 2                                         {product} {ergonomic}
     uint G1ConcRefinementThreads                  = 8                                         {product} {ergonomic}
   size_t G1HeapRegionSize                         = 1048576                                   {product} {ergonomic}
    uintx GCDrainStackTargetSize                   = 64                                        {product} {ergonomic}
   size_t InitialHeapSize                          = 132120576                                 {product} {ergonomic}
   size_t MarkStackSize                            = 4194304                                   {product} {ergonomic}
   size_t MaxHeapSize                              = 2105540608                                {product} {ergonomic}
   size_t MaxNewSize                               = 1262485504                                {product} {ergonomic}
   size_t MinHeapDeltaBytes                        = 1048576                                   {product} {ergonomic}
   size_t MinHeapSize                              = 8388608                                   {product} {ergonomic}
    uintx NonNMethodCodeHeapSize                   = 5839372                                {pd product} {ergonomic}
    uintx NonProfiledCodeHeapSize                  = 122909434                              {pd product} {ergonomic}
    uintx ProfiledCodeHeapSize                     = 122909434                              {pd product} {ergonomic}
    uintx ReservedCodeCacheSize                    = 251658240                              {pd product} {ergonomic}
     bool SegmentedCodeCache                       = true                                      {product} {ergonomic}
   size_t SoftMaxHeapSize                          = 2105540608                             {manageable} {ergonomic}
     bool UseCompressedOops                        = true                           {product lp64_product} {ergonomic}
     bool UseG1GC                                  = true                                      {product} {ergonomic}
     bool UseLargePagesIndividualAllocation        = false                                  {pd product} {ergonomic}

Logging:
Log output configuration:
 #0: stdout all=warning uptime,level,tags foldmultilines=false
 #1: stderr all=off uptime,level,tags foldmultilines=false

Environment Variables:
PATH=C:\oraclexe\app\oracle\product\10.2.0\server\bin;C:\Program Files (x86)\VMware\VMware Player\bin\;C:\Windows\system32;C:\Windows;C:\Windows\System32\Wbem;C:\Windows\System32\WindowsPowerShell\v1.0\;C:\Windows\System32\OpenSSH\;C:\xampp\php;C:\Program Files\Git\cmd;C:\composer;C:\Users\Lenovo\AppData\Local\Programs\Python\Launcher\;C:\Users\Lenovo\scoop\shims;C:\Users\Lenovo\AppData\Local\Microsoft\WindowsApps;C:\Microsoft VS Code\bin;C:\Users\Lenovo\AppData\Roaming\Composer\vendor\bin;C:\Flex Windows\gcc\bin;C:\Flex Windows\Lex\bin;C:\Flex Windows\bison\bin
USERNAME=Lenovo
OS=Windows_NT
PROCESSOR_IDENTIFIER=Intel64 Family 6 Model 142 Stepping 12, GenuineIntel
TMP=C:\Users\Lenovo\AppData\Local\Temp
TEMP=C:\Users\Lenovo\AppData\Local\Temp




---------------  S Y S T E M  ---------------

OS:
 Windows 10 , 64 bit Build 19041 (10.0.19041.3636)
OS uptime: 2 days 6:20 hours

CPU: total 8 (initial active 8) (4 cores per cpu, 2 threads per core) family 6 model 142 stepping 12 microcode 0xde, cx8, cmov, fxsr, ht, mmx, 3dnowpref, sse, sse2, sse3, ssse3, sse4.1, sse4.2, popcnt, lzcnt, tsc, tscinvbit, avx, avx2, aes, erms, clmul, bmi1, bmi2, adx, fma, vzeroupper, clflush, clflushopt, rdtscp, f16c
Processor Information for processor 0
  Max Mhz: 2112, Current Mhz: 1408, Mhz Limit: 1605
Processor Information for processor 1
  Max Mhz: 2112, Current Mhz: 1408, Mhz Limit: 1605
Processor Information for processor 2
  Max Mhz: 2112, Current Mhz: 1408, Mhz Limit: 1605
Processor Information for processor 3
  Max Mhz: 2112, Current Mhz: 1609, Mhz Limit: 1605
Processor Information for processor 4
  Max Mhz: 2112, Current Mhz: 1408, Mhz Limit: 1605
Processor Information for processor 5
  Max Mhz: 2112, Current Mhz: 1408, Mhz Limit: 1605
Processor Information for processor 6
  Max Mhz: 2112, Current Mhz: 1408, Mhz Limit: 1605
Processor Information for processor 7
  Max Mhz: 2112, Current Mhz: 1408, Mhz Limit: 1605

Memory: 4k page, system-wide physical 8027M (396M free)
TotalPageFile size 32603M (AvailPageFile size 0M)
current process WorkingSet (physical memory assigned to process): 106M, peak: 106M
current process commit charge ("private bytes"): 235M, peak: 235M

vm_info: OpenJDK 64-Bit Server VM (21+35-2513) for windows-amd64 JRE (21+35-2513), built on 2023-08-09T20:25:10Z by "mach5one" with MS VC++ 17.1 (VS2022)

END.
