#
# There is insufficient memory for the Java Runtime Environment to continue.
# Native memory allocation (malloc) failed to allocate 426816 bytes for Chunk::new
# Possible reasons:
#   The system is out of physical RAM or swap space
#   The process is running with CompressedOops enabled, and the Java Heap may be blocking the growth of the native heap
# Possible solutions:
#   Reduce memory load on the system
#   Increase physical memory or swap space
#   Check if swap backing store is full
#   Decrease Java heap size (-Xmx/-Xms)
#   Decrease number of Java threads
#   Decrease Java thread stack sizes (-Xss)
#   Set larger code cache with -XX:ReservedCodeCacheSize=
#   JVM is running with Unscaled Compressed Oops mode in which the Java heap is
#     placed in the first 4GB address space. The Java Heap base address is the
#     maximum limit for the native heap growth. Please use -XX:HeapBaseMinAddress
#     to set the Java Heap base and to place the Java Heap above 4GB virtual address.
# This output file may be truncated or incomplete.
#
#  Out of Memory Error (arena.cpp:166), pid=16024, tid=28384
#
# JRE version: OpenJDK Runtime Environment (21.0+35) (build 21+35-2513)
# Java VM: OpenJDK 64-Bit Server VM (21+35-2513, mixed mode, sharing, tiered, compressed oops, compressed class ptrs, g1 gc, windows-amd64)
# No core dump will be written. Minidumps are not enabled by default on client versions of Windows
#

---------------  S U M M A R Y ------------

Command Line: -Dmaven.multiModuleProjectDirectory=C:\Users\Lenovo\Desktop\java\PIJAVA -Djansi.passthrough=true -Dmaven.home=C:\Users\Lenovo\IntelliJ IDEA 2024.1\plugins\maven\lib\maven3 -Dclassworlds.conf=C:\Users\Lenovo\IntelliJ IDEA 2024.1\plugins\maven\lib\maven3\bin\m2.conf -Dmaven.ext.class.path=C:\Users\Lenovo\IntelliJ IDEA 2024.1\plugins\maven\lib\maven-event-listener.jar -javaagent:C:\Users\Lenovo\IntelliJ IDEA 2024.1\lib\idea_rt.jar=64064:C:\Users\Lenovo\IntelliJ IDEA 2024.1\bin -Dfile.encoding=UTF-8 -Dsun.stdout.encoding=UTF-8 -Dsun.stderr.encoding=UTF-8 org.codehaus.classworlds.Launcher -Didea.version=2024.1 org.openjfx:javafx-maven-plugin:0.0.8:run

Host: Intel(R) Core(TM) i5-10210U CPU @ 1.60GHz, 8 cores, 7G,  Windows 10 , 64 bit Build 19041 (10.0.19041.3636)
Time: Fri May  3 22:58:31 2024 Paris, Madrid (heure duild 19041 (10.0.19041.3636) elapsed time: 0.806640 seconds (0d 0h 0m 0s)

---------------  T H R E A D  ---------------

Current thread (0x000001af79b3c3c0):  JavaThread "C2 CompilerThread1" daemon [_thread_in_native, id=28384, stack(0x00000008ef700000,0x00000008ef800000) (1024K)]


Current CompileTask:
C2:    806 1150   !   4       sun.nio.cs.StreamDecoder::read (78 bytes)

Stack: [0x00000008ef700000,0x00000008ef800000]
Native frames: (J=compiled Java code, j=interpreted, Vv=VM code, C=native code)
V  [jvm.dll+0x6c8d39]
V  [jvm.dll+0x854091]
V  [jvm.dll+0x85630e]
V  [jvm.dll+0x8569e3]
V  [jvm.dll+0x2809a6]
V  [jvm.dll+0xc3e6d]
V  [jvm.dll+0xc4383]
V  [jvm.dll+0x3b551c]
V  [jvm.dll+0x1e1fa9]
V  [jvm.dll+0x249952]
V  [jvm.dll+0x248de1]
V  [jvm.dll+0x1c9b91]
V  [jvm.dll+0x2583e9]
V  [jvm.dll+0x2569ca]
V  [jvm.dll+0x3eef66]
V  [jvm.dll+0x7fd2c8]
V  [jvm.dll+0x6c748d]
C  [ucrtbase.dll+0x21bb2]
C  [KERNEL32.DLL+0x17344]
C  [ntdll.dll+0x526b1]


---------------  P R O C E S S  ---------------

Threads class SMR info:
_java_thread_list=0x000001af79ad40e0, length=13, elements={
0x000001af5ac41ee0, 0x000001af79737610, 0x000001af79738140, 0x000001af79739f20,
0x000001af7973c5a0, 0x000001af79740c20, 0x000001af79741290, 0x000001af79741c30,
0x000001af797422e0, 0x000001af79702110, 0x000001af79a38430, 0x000001af79a56a10,
0x000001af79b3c3c0
}

Java Threads: ( => current thread )
  0x000001af5ac41ee0 JavaThread "main"                              [_thread_in_Java, id=20312, stack(0x00000008ee400000,0x00000008ee500000) (1024K)]
  0x000001af79737610 JavaThread "Reference Handler"          daemon [_thread_blocked, id=26452, stack(0x00000008eec00000,0x00000008eed00000) (1024K)]
  0x000001af79738140 JavaThread "Finalizer"                  daemon [_thread_blocked, id=25296, stack(0x00000008eed00000,0x00000008eee00000) (1024K)]
  0x000001af79739f20 JavaThread "Signal Dispatcher"          daemon [_thread_blocked, id=29468, stack(0x00000008eee00000,0x00000008eef00000) (1024K)]
  0x000001af7973c5a0 JavaThread "Attach Listener"            daemon [_thread_blocked, id=15068, stack(0x00000008eef00000,0x00000008ef000000) (1024K)]
  0x000001af79740c20 JavaThread "Service Thread"             daemon [_thread_blocked, id=21260, stack(0x00000008ef000000,0x00000008ef100000) (1024K)]
  0x000001af79741290 JavaThread "Monitor Deflation Thread"   daemon [_thread_blocked, id=29084, stack(0x00000008ef100000,0x00000008ef200000) (1024K)]
  0x000001af79741c30 JavaThread "C2 CompilerThread0"         daemon [_thread_in_native, id=7244, stack(0x00000008ef200000,0x00000008ef300000) (1024K)]
  0x000001af797422e0 JavaThread "C1 CompilerThread0"         daemon [_thread_in_vm, id=30500, stack(0x00000008ef300000,0x00000008ef400000) (1024K)]
  0x000001af79702110 JavaThread "Common-Cleaner"             daemon [_thread_blocked, id=18128, stack(0x00000008ef400000,0x00000008ef500000) (1024K)]
  0x000001af79a38430 JavaThread "Monitor Ctrl-Break"         daemon [_thread_in_native, id=30404, stack(0x00000008ef500000,0x00000008ef600000) (1024K)]
  0x000001af79a56a10 JavaThread "Notification Thread"        daemon [_thread_blocked, id=9812, stack(0x00000008ef600000,0x00000008ef700000) (1024K)]
=>0x000001af79b3c3c0 JavaThread "C2 CompilerThread1"         daemon [_thread_in_native, id=28384, stack(0x00000008ef700000,0x00000008ef800000) (1024K)]
Total: 13

Other Threads:
  0x000001af79719470 VMThread "VM Thread"                           [id=27892, stack(0x00000008eeb00000,0x00000008eec00000) (1024K)]
  0x000001af79700910 WatcherThread "VM Periodic Task Thread"        [id=21352, stack(0x00000008eea00000,0x00000008eeb00000) (1024K)]
  0x000001af5ceb5fd0 WorkerThread "GC Thread#0"                     [id=27884, stack(0x00000008ee500000,0x00000008ee600000) (1024K)]
  0x000001af7e7c2de0 WorkerThread "GC Thread#1"                     [id=10484, stack(0x00000008ef800000,0x00000008ef900000) (1024K)]
  0x000001af4105f790 WorkerThread "GC Thread#2"                     [id=15808, stack(0x00000008ef900000,0x00000008efa00000) (1024K)]
  0x000001af7ea14940 WorkerThread "GC Thread#3"                     [id=15192, stack(0x00000008efa00000,0x00000008efb00000) (1024K)]
  0x000001af7ea150f0 WorkerThread "GC Thread#4"                     [id=14196, stack(0x00000008efb00000,0x00000008efc00000) (1024K)]
  0x000001af7ea15490 WorkerThread "GC Thread#5"                     [id=26884, stack(0x00000008efc00000,0x00000008efd00000) (1024K)]
  0x000001af7ea11800 WorkerThread "GC Thread#6"                     [id=29636, stack(0x00000008efd00000,0x00000008efe00000) (1024K)]
  0x000001af7ea12b90 WorkerThread "GC Thread#7"                     [id=28076, stack(0x00000008efe00000,0x00000008eff00000) (1024K)]
  0x000001af5cec6ab0 ConcurrentGCThread "G1 Main Marker"            [id=25948, stack(0x00000008ee600000,0x00000008ee700000) (1024K)]
  0x000001af5cecc000 WorkerThread "G1 Conc#0"                       [id=29340, stack(0x00000008ee700000,0x00000008ee800000) (1024K)]
  0x000001af795d34d0 ConcurrentGCThread "G1 Refine#0"               [id=15752, stack(0x00000008ee800000,0x00000008ee900000) (1024K)]
  0x000001af5cf2b5f0 ConcurrentGCThread "G1 Service"                [id=9244, stack(0x00000008ee900000,0x00000008eea00000) (1024K)]
Total: 14

Threads with active compile tasks:
C2 CompilerThread0      829 1154       4       java.io.InputStreamReader::read (11 bytes)
C2 CompilerThread1      829 1150   !   4       sun.nio.cs.StreamDecoder::read (78 bytes)
Total: 2

VM state: not at safepoint (normal execution)

VM Mutex/Monitor currently owned by a thread: None

Heap address: 0x0000000082800000, size: 2008 MB, Compressed Oops mode: 32-bit

CDS archive(s) mapped at: [0x000001af00000000-0x000001af00c90000-0x000001af00c90000), size 13172736, SharedBaseAddress: 0x000001af00000000, ArchiveRelocationMode: 1.
Compressed class space mapped at: 0x000001af01000000-0x000001af41000000, reserved size: 1073741824
Narrow klass base: 0x000001af00000000, Narrow klass shift: 0, Narrow klass range: 0x100000000

GC Precious Log:
 CardTable entry size: 512
 Card Set container configuration: InlinePtr #cards 5 size 8 Array Of Cards #cards 12 size 40 Howl #buckets 4 coarsen threshold 1843 Howl Bitmap #cards 512 size 80 coarsen threshold 460 Card regions per heap region 1 cards per card region 2048
 CPUs: 8 total, 8 available
 Memory: 8027M
 Large Page Support: Disabled
 NUMA Support: Disabled
 Compressed Oops: Enabled (32-bit)
 Heap Region Size: 1M
 Heap Min Capacity: 8M
 Heap Initial Capacity: 126M
 Heap Max Capacity: 2008M
 Pre-touch: Disabled
 Parallel Workers: 8
 Concurrent Workers: 2
 Concurrent Refinement Workers: 8
 Periodic GC: Disabled

Heap:
 garbage-first heap   total 129024K, used 5114K [0x0000000082800000, 0x0000000100000000)
  region size 1024K, 5 young (5120K), 3 survivors (3072K)
 Metaspace       used 6241K, committed 6400K, reserved 1114112K
  class space    used 710K, committed 768K, reserved 1048576K

Heap Regions: E=young(eden), S=young(survivor), O=old, HS=humongous(starts), HC=humongous(continues), CS=collection set, F=free, TAMS=top-at-mark-start, PB=parsable bottom
|   0|0x0000000082800000, 0x00000000828feb08, 0x0000000082900000| 99%| O|  |TAMS 0x0000000082800000| PB 0x0000000082800000| Untracked 
|   1|0x0000000082900000, 0x0000000082900000, 0x0000000082a00000|  0%| F|  |TAMS 0x0000000082900000| PB 0x0000000082900000| Untracked 
|   2|0x0000000082a00000, 0x0000000082a00000, 0x0000000082b00000|  0%| F|  |TAMS 0x0000000082a00000| PB 0x0000000082a00000| Untracked 
|   3|0x0000000082b00000, 0x0000000082b00000, 0x0000000082c00000|  0%| F|  |TAMS 0x0000000082b00000| PB 0x0000000082b00000| Untracked 
|   4|0x0000000082c00000, 0x0000000082c00000, 0x0000000082d00000|  0%| F|  |TAMS 0x0000000082c00000| PB 0x0000000082c00000| Untracked 
|   5|0x0000000082d00000, 0x0000000082d00000, 0x0000000082e00000|  0%| F|  |TAMS 0x0000000082d00000| PB 0x0000000082d00000| Untracked 
|   6|0x0000000082e00000, 0x0000000082e00000, 0x0000000082f00000|  0%| F|  |TAMS 0x0000000082e00000| PB 0x0000000082e00000| Untracked 
|   7|0x0000000082f00000, 0x0000000082f00000, 0x0000000083000000|  0%| F|  |TAMS 0x0000000082f00000| PB 0x0000000082f00000| Untracked 
|   8|0x0000000083000000, 0x0000000083000000, 0x0000000083100000|  0%| F|  |TAMS 0x0000000083000000| PB 0x0000000083000000| Untracked 
|   9|0x0000000083100000, 0x0000000083100000, 0x0000000083200000|  0%| F|  |TAMS 0x0000000083100000| PB 0x0000000083100000| Untracked 
|  10|0x0000000083200000, 0x0000000083200000, 0x0000000083300000|  0%| F|  |TAMS 0x0000000083200000| PB 0x0000000083200000| Untracked 
|  11|0x0000000083300000, 0x0000000083300000, 0x0000000083400000|  0%| F|  |TAMS 0x0000000083300000| PB 0x0000000083300000| Untracked 
|  12|0x0000000083400000, 0x0000000083400000, 0x0000000083500000|  0%| F|  |TAMS 0x0000000083400000| PB 0x0000000083400000| Untracked 
|  13|0x0000000083500000, 0x0000000083500000, 0x0000000083600000|  0%| F|  |TAMS 0x0000000083500000| PB 0x0000000083500000| Untracked 
|  14|0x0000000083600000, 0x0000000083600000, 0x0000000083700000|  0%| F|  |TAMS 0x0000000083600000| PB 0x0000000083600000| Untracked 
|  15|0x0000000083700000, 0x0000000083700000, 0x0000000083800000|  0%| F|  |TAMS 0x0000000083700000| PB 0x0000000083700000| Untracked 
|  16|0x0000000083800000, 0x0000000083800000, 0x0000000083900000|  0%| F|  |TAMS 0x0000000083800000| PB 0x0000000083800000| Untracked 
|  17|0x0000000083900000, 0x0000000083900000, 0x0000000083a00000|  0%| F|  |TAMS 0x0000000083900000| PB 0x0000000083900000| Untracked 
|  18|0x0000000083a00000, 0x0000000083a00000, 0x0000000083b00000|  0%| F|  |TAMS 0x0000000083a00000| PB 0x0000000083a00000| Untracked 
|  19|0x0000000083b00000, 0x0000000083b00000, 0x0000000083c00000|  0%| F|  |TAMS 0x0000000083b00000| PB 0x0000000083b00000| Untracked 
|  20|0x0000000083c00000, 0x0000000083c00000, 0x0000000083d00000|  0%| F|  |TAMS 0x0000000083c00000| PB 0x0000000083c00000| Untracked 
|  21|0x0000000083d00000, 0x0000000083d00000, 0x0000000083e00000|  0%| F|  |TAMS 0x0000000083d00000| PB 0x0000000083d00000| Untracked 
|  22|0x0000000083e00000, 0x0000000083e00000, 0x0000000083f00000|  0%| F|  |TAMS 0x0000000083e00000| PB 0x0000000083e00000| Untracked 
|  23|0x0000000083f00000, 0x0000000083f00000, 0x0000000084000000|  0%| F|  |TAMS 0x0000000083f00000| PB 0x0000000083f00000| Untracked 
|  24|0x0000000084000000, 0x0000000084000000, 0x0000000084100000|  0%| F|  |TAMS 0x0000000084000000| PB 0x0000000084000000| Untracked 
|  25|0x0000000084100000, 0x0000000084100000, 0x0000000084200000|  0%| F|  |TAMS 0x0000000084100000| PB 0x0000000084100000| Untracked 
|  26|0x0000000084200000, 0x0000000084200000, 0x0000000084300000|  0%| F|  |TAMS 0x0000000084200000| PB 0x0000000084200000| Untracked 
|  27|0x0000000084300000, 0x0000000084300000, 0x0000000084400000|  0%| F|  |TAMS 0x0000000084300000| PB 0x0000000084300000| Untracked 
|  28|0x0000000084400000, 0x0000000084400000, 0x0000000084500000|  0%| F|  |TAMS 0x0000000084400000| PB 0x0000000084400000| Untracked 
|  29|0x0000000084500000, 0x0000000084500000, 0x0000000084600000|  0%| F|  |TAMS 0x0000000084500000| PB 0x0000000084500000| Untracked 
|  30|0x0000000084600000, 0x0000000084600000, 0x0000000084700000|  0%| F|  |TAMS 0x0000000084600000| PB 0x0000000084600000| Untracked 
|  31|0x0000000084700000, 0x0000000084700000, 0x0000000084800000|  0%| F|  |TAMS 0x0000000084700000| PB 0x0000000084700000| Untracked 
|  32|0x0000000084800000, 0x0000000084800000, 0x0000000084900000|  0%| F|  |TAMS 0x0000000084800000| PB 0x0000000084800000| Untracked 
|  33|0x0000000084900000, 0x0000000084900000, 0x0000000084a00000|  0%| F|  |TAMS 0x0000000084900000| PB 0x0000000084900000| Untracked 
|  34|0x0000000084a00000, 0x0000000084a00000, 0x0000000084b00000|  0%| F|  |TAMS 0x0000000084a00000| PB 0x0000000084a00000| Untracked 
|  35|0x0000000084b00000, 0x0000000084b00000, 0x0000000084c00000|  0%| F|  |TAMS 0x0000000084b00000| PB 0x0000000084b00000| Untracked 
|  36|0x0000000084c00000, 0x0000000084c00000, 0x0000000084d00000|  0%| F|  |TAMS 0x0000000084c00000| PB 0x0000000084c00000| Untracked 
|  37|0x0000000084d00000, 0x0000000084d00000, 0x0000000084e00000|  0%| F|  |TAMS 0x0000000084d00000| PB 0x0000000084d00000| Untracked 
|  38|0x0000000084e00000, 0x0000000084e00000, 0x0000000084f00000|  0%| F|  |TAMS 0x0000000084e00000| PB 0x0000000084e00000| Untracked 
|  39|0x0000000084f00000, 0x0000000084f00000, 0x0000000085000000|  0%| F|  |TAMS 0x0000000084f00000| PB 0x0000000084f00000| Untracked 
|  40|0x0000000085000000, 0x0000000085000000, 0x0000000085100000|  0%| F|  |TAMS 0x0000000085000000| PB 0x0000000085000000| Untracked 
|  41|0x0000000085100000, 0x0000000085100000, 0x0000000085200000|  0%| F|  |TAMS 0x0000000085100000| PB 0x0000000085100000| Untracked 
|  42|0x0000000085200000, 0x0000000085200000, 0x0000000085300000|  0%| F|  |TAMS 0x0000000085200000| PB 0x0000000085200000| Untracked 
|  43|0x0000000085300000, 0x0000000085300000, 0x0000000085400000|  0%| F|  |TAMS 0x0000000085300000| PB 0x0000000085300000| Untracked 
|  44|0x0000000085400000, 0x0000000085400000, 0x0000000085500000|  0%| F|  |TAMS 0x0000000085400000| PB 0x0000000085400000| Untracked 
|  45|0x0000000085500000, 0x0000000085500000, 0x0000000085600000|  0%| F|  |TAMS 0x0000000085500000| PB 0x0000000085500000| Untracked 
|  46|0x0000000085600000, 0x0000000085600000, 0x0000000085700000|  0%| F|  |TAMS 0x0000000085600000| PB 0x0000000085600000| Untracked 
|  47|0x0000000085700000, 0x0000000085700000, 0x0000000085800000|  0%| F|  |TAMS 0x0000000085700000| PB 0x0000000085700000| Untracked 
|  48|0x0000000085800000, 0x0000000085800000, 0x0000000085900000|  0%| F|  |TAMS 0x0000000085800000| PB 0x0000000085800000| Untracked 
|  49|0x0000000085900000, 0x0000000085900000, 0x0000000085a00000|  0%| F|  |TAMS 0x0000000085900000| PB 0x0000000085900000| Untracked 
|  50|0x0000000085a00000, 0x0000000085a00000, 0x0000000085b00000|  0%| F|  |TAMS 0x0000000085a00000| PB 0x0000000085a00000| Untracked 
|  51|0x0000000085b00000, 0x0000000085b00000, 0x0000000085c00000|  0%| F|  |TAMS 0x0000000085b00000| PB 0x0000000085b00000| Untracked 
|  52|0x0000000085c00000, 0x0000000085c00000, 0x0000000085d00000|  0%| F|  |TAMS 0x0000000085c00000| PB 0x0000000085c00000| Untracked 
|  53|0x0000000085d00000, 0x0000000085d00000, 0x0000000085e00000|  0%| F|  |TAMS 0x0000000085d00000| PB 0x0000000085d00000| Untracked 
|  54|0x0000000085e00000, 0x0000000085e00000, 0x0000000085f00000|  0%| F|  |TAMS 0x0000000085e00000| PB 0x0000000085e00000| Untracked 
|  55|0x0000000085f00000, 0x0000000085f00000, 0x0000000086000000|  0%| F|  |TAMS 0x0000000085f00000| PB 0x0000000085f00000| Untracked 
|  56|0x0000000086000000, 0x0000000086000000, 0x0000000086100000|  0%| F|  |TAMS 0x0000000086000000| PB 0x0000000086000000| Untracked 
|  57|0x0000000086100000, 0x0000000086100000, 0x0000000086200000|  0%| F|  |TAMS 0x0000000086100000| PB 0x0000000086100000| Untracked 
|  58|0x0000000086200000, 0x0000000086200000, 0x0000000086300000|  0%| F|  |TAMS 0x0000000086200000| PB 0x0000000086200000| Untracked 
|  59|0x0000000086300000, 0x0000000086300000, 0x0000000086400000|  0%| F|  |TAMS 0x0000000086300000| PB 0x0000000086300000| Untracked 
|  60|0x0000000086400000, 0x0000000086400000, 0x0000000086500000|  0%| F|  |TAMS 0x0000000086400000| PB 0x0000000086400000| Untracked 
|  61|0x0000000086500000, 0x0000000086500000, 0x0000000086600000|  0%| F|  |TAMS 0x0000000086500000| PB 0x0000000086500000| Untracked 
|  62|0x0000000086600000, 0x0000000086600000, 0x0000000086700000|  0%| F|  |TAMS 0x0000000086600000| PB 0x0000000086600000| Untracked 
|  63|0x0000000086700000, 0x0000000086700000, 0x0000000086800000|  0%| F|  |TAMS 0x0000000086700000| PB 0x0000000086700000| Untracked 
|  64|0x0000000086800000, 0x0000000086800000, 0x0000000086900000|  0%| F|  |TAMS 0x0000000086800000| PB 0x0000000086800000| Untracked 
|  65|0x0000000086900000, 0x0000000086900000, 0x0000000086a00000|  0%| F|  |TAMS 0x0000000086900000| PB 0x0000000086900000| Untracked 
|  66|0x0000000086a00000, 0x0000000086a00000, 0x0000000086b00000|  0%| F|  |TAMS 0x0000000086a00000| PB 0x0000000086a00000| Untracked 
|  67|0x0000000086b00000, 0x0000000086b00000, 0x0000000086c00000|  0%| F|  |TAMS 0x0000000086b00000| PB 0x0000000086b00000| Untracked 
|  68|0x0000000086c00000, 0x0000000086c00000, 0x0000000086d00000|  0%| F|  |TAMS 0x0000000086c00000| PB 0x0000000086c00000| Untracked 
|  69|0x0000000086d00000, 0x0000000086d00000, 0x0000000086e00000|  0%| F|  |TAMS 0x0000000086d00000| PB 0x0000000086d00000| Untracked 
|  70|0x0000000086e00000, 0x0000000086e00000, 0x0000000086f00000|  0%| F|  |TAMS 0x0000000086e00000| PB 0x0000000086e00000| Untracked 
|  71|0x0000000086f00000, 0x0000000086f00000, 0x0000000087000000|  0%| F|  |TAMS 0x0000000086f00000| PB 0x0000000086f00000| Untracked 
|  72|0x0000000087000000, 0x0000000087000000, 0x0000000087100000|  0%| F|  |TAMS 0x0000000087000000| PB 0x0000000087000000| Untracked 
|  73|0x0000000087100000, 0x0000000087100000, 0x0000000087200000|  0%| F|  |TAMS 0x0000000087100000| PB 0x0000000087100000| Untracked 
|  74|0x0000000087200000, 0x0000000087200000, 0x0000000087300000|  0%| F|  |TAMS 0x0000000087200000| PB 0x0000000087200000| Untracked 
|  75|0x0000000087300000, 0x0000000087300000, 0x0000000087400000|  0%| F|  |TAMS 0x0000000087300000| PB 0x0000000087300000| Untracked 
|  76|0x0000000087400000, 0x0000000087400000, 0x0000000087500000|  0%| F|  |TAMS 0x0000000087400000| PB 0x0000000087400000| Untracked 
|  77|0x0000000087500000, 0x0000000087500000, 0x0000000087600000|  0%| F|  |TAMS 0x0000000087500000| PB 0x0000000087500000| Untracked 
|  78|0x0000000087600000, 0x0000000087600000, 0x0000000087700000|  0%| F|  |TAMS 0x0000000087600000| PB 0x0000000087600000| Untracked 
|  79|0x0000000087700000, 0x0000000087700000, 0x0000000087800000|  0%| F|  |TAMS 0x0000000087700000| PB 0x0000000087700000| Untracked 
|  80|0x0000000087800000, 0x0000000087800000, 0x0000000087900000|  0%| F|  |TAMS 0x0000000087800000| PB 0x0000000087800000| Untracked 
|  81|0x0000000087900000, 0x0000000087900000, 0x0000000087a00000|  0%| F|  |TAMS 0x0000000087900000| PB 0x0000000087900000| Untracked 
|  82|0x0000000087a00000, 0x0000000087a00000, 0x0000000087b00000|  0%| F|  |TAMS 0x0000000087a00000| PB 0x0000000087a00000| Untracked 
|  83|0x0000000087b00000, 0x0000000087b00000, 0x0000000087c00000|  0%| F|  |TAMS 0x0000000087b00000| PB 0x0000000087b00000| Untracked 
|  84|0x0000000087c00000, 0x0000000087c00000, 0x0000000087d00000|  0%| F|  |TAMS 0x0000000087c00000| PB 0x0000000087c00000| Untracked 
|  85|0x0000000087d00000, 0x0000000087d00000, 0x0000000087e00000|  0%| F|  |TAMS 0x0000000087d00000| PB 0x0000000087d00000| Untracked 
|  86|0x0000000087e00000, 0x0000000087e00000, 0x0000000087f00000|  0%| F|  |TAMS 0x0000000087e00000| PB 0x0000000087e00000| Untracked 
|  87|0x0000000087f00000, 0x0000000087f00000, 0x0000000088000000|  0%| F|  |TAMS 0x0000000087f00000| PB 0x0000000087f00000| Untracked 
|  88|0x0000000088000000, 0x0000000088000000, 0x0000000088100000|  0%| F|  |TAMS 0x0000000088000000| PB 0x0000000088000000| Untracked 
|  89|0x0000000088100000, 0x0000000088100000, 0x0000000088200000|  0%| F|  |TAMS 0x0000000088100000| PB 0x0000000088100000| Untracked 
|  90|0x0000000088200000, 0x0000000088200000, 0x0000000088300000|  0%| F|  |TAMS 0x0000000088200000| PB 0x0000000088200000| Untracked 
|  91|0x0000000088300000, 0x0000000088300000, 0x0000000088400000|  0%| F|  |TAMS 0x0000000088300000| PB 0x0000000088300000| Untracked 
|  92|0x0000000088400000, 0x0000000088400000, 0x0000000088500000|  0%| F|  |TAMS 0x0000000088400000| PB 0x0000000088400000| Untracked 
|  93|0x0000000088500000, 0x0000000088500000, 0x0000000088600000|  0%| F|  |TAMS 0x0000000088500000| PB 0x0000000088500000| Untracked 
|  94|0x0000000088600000, 0x0000000088600000, 0x0000000088700000|  0%| F|  |TAMS 0x0000000088600000| PB 0x0000000088600000| Untracked 
|  95|0x0000000088700000, 0x0000000088700000, 0x0000000088800000|  0%| F|  |TAMS 0x0000000088700000| PB 0x0000000088700000| Untracked 
|  96|0x0000000088800000, 0x0000000088800000, 0x0000000088900000|  0%| F|  |TAMS 0x0000000088800000| PB 0x0000000088800000| Untracked 
|  97|0x0000000088900000, 0x0000000088900000, 0x0000000088a00000|  0%| F|  |TAMS 0x0000000088900000| PB 0x0000000088900000| Untracked 
|  98|0x0000000088a00000, 0x0000000088a00000, 0x0000000088b00000|  0%| F|  |TAMS 0x0000000088a00000| PB 0x0000000088a00000| Untracked 
|  99|0x0000000088b00000, 0x0000000088b00000, 0x0000000088c00000|  0%| F|  |TAMS 0x0000000088b00000| PB 0x0000000088b00000| Untracked 
| 100|0x0000000088c00000, 0x0000000088d00000, 0x0000000088d00000|100%| S|CS|TAMS 0x0000000088c00000| PB 0x0000000088c00000| Complete 
| 101|0x0000000088d00000, 0x0000000088e00000, 0x0000000088e00000|100%| S|CS|TAMS 0x0000000088d00000| PB 0x0000000088d00000| Complete 
| 102|0x0000000088e00000, 0x0000000088f00000, 0x0000000088f00000|100%| S|CS|TAMS 0x0000000088e00000| PB 0x0000000088e00000| Complete 
| 103|0x0000000088f00000, 0x0000000088f00000, 0x0000000089000000|  0%| F|  |TAMS 0x0000000088f00000| PB 0x0000000088f00000| Untracked 
| 104|0x0000000089000000, 0x0000000089000000, 0x0000000089100000|  0%| F|  |TAMS 0x0000000089000000| PB 0x0000000089000000| Untracked 
| 105|0x0000000089100000, 0x0000000089100000, 0x0000000089200000|  0%| F|  |TAMS 0x0000000089100000| PB 0x0000000089100000| Untracked 
| 106|0x0000000089200000, 0x0000000089200000, 0x0000000089300000|  0%| F|  |TAMS 0x0000000089200000| PB 0x0000000089200000| Untracked 
| 107|0x0000000089300000, 0x0000000089300000, 0x0000000089400000|  0%| F|  |TAMS 0x0000000089300000| PB 0x0000000089300000| Untracked 
| 108|0x0000000089400000, 0x0000000089400000, 0x0000000089500000|  0%| F|  |TAMS 0x0000000089400000| PB 0x0000000089400000| Untracked 
| 109|0x0000000089500000, 0x0000000089500000, 0x0000000089600000|  0%| F|  |TAMS 0x0000000089500000| PB 0x0000000089500000| Untracked 
| 110|0x0000000089600000, 0x0000000089600000, 0x0000000089700000|  0%| F|  |TAMS 0x0000000089600000| PB 0x0000000089600000| Untracked 
| 111|0x0000000089700000, 0x0000000089700000, 0x0000000089800000|  0%| F|  |TAMS 0x0000000089700000| PB 0x0000000089700000| Untracked 
| 112|0x0000000089800000, 0x0000000089800000, 0x0000000089900000|  0%| F|  |TAMS 0x0000000089800000| PB 0x0000000089800000| Untracked 
| 113|0x0000000089900000, 0x0000000089900000, 0x0000000089a00000|  0%| F|  |TAMS 0x0000000089900000| PB 0x0000000089900000| Untracked 
| 114|0x0000000089a00000, 0x0000000089a00000, 0x0000000089b00000|  0%| F|  |TAMS 0x0000000089a00000| PB 0x0000000089a00000| Untracked 
| 115|0x0000000089b00000, 0x0000000089b00000, 0x0000000089c00000|  0%| F|  |TAMS 0x0000000089b00000| PB 0x0000000089b00000| Untracked 
| 116|0x0000000089c00000, 0x0000000089c00000, 0x0000000089d00000|  0%| F|  |TAMS 0x0000000089c00000| PB 0x0000000089c00000| Untracked 
| 117|0x0000000089d00000, 0x0000000089d00000, 0x0000000089e00000|  0%| F|  |TAMS 0x0000000089d00000| PB 0x0000000089d00000| Untracked 
| 118|0x0000000089e00000, 0x0000000089e00000, 0x0000000089f00000|  0%| F|  |TAMS 0x0000000089e00000| PB 0x0000000089e00000| Untracked 
| 119|0x0000000089f00000, 0x0000000089f00000, 0x000000008a000000|  0%| F|  |TAMS 0x0000000089f00000| PB 0x0000000089f00000| Untracked 
| 120|0x000000008a000000, 0x000000008a000000, 0x000000008a100000|  0%| F|  |TAMS 0x000000008a000000| PB 0x000000008a000000| Untracked 
| 121|0x000000008a100000, 0x000000008a100000, 0x000000008a200000|  0%| F|  |TAMS 0x000000008a100000| PB 0x000000008a100000| Untracked 
| 122|0x000000008a200000, 0x000000008a200000, 0x000000008a300000|  0%| F|  |TAMS 0x000000008a200000| PB 0x000000008a200000| Untracked 
| 123|0x000000008a300000, 0x000000008a300000, 0x000000008a400000|  0%| F|  |TAMS 0x000000008a300000| PB 0x000000008a300000| Untracked 
| 124|0x000000008a400000, 0x000000008a500000, 0x000000008a500000|100%| E|  |TAMS 0x000000008a400000| PB 0x000000008a400000| Complete 
| 125|0x000000008a500000, 0x000000008a600000, 0x000000008a600000|100%| E|CS|TAMS 0x000000008a500000| PB 0x000000008a500000| Complete 

Card table byte_map: [0x000001af749d0000,0x000001af74dc0000] _byte_map_base: 0x000001af745bc000

Marking Bits: (CMBitMap*) 0x000001af5ceb66d0
 Bits: [0x000001af74dc0000, 0x000001af76d20000)

Polling page: 0x000001af5c630000

Metaspace:

Usage:
  Non-class:      5.43 MB used.
      Class:    712.73 KB used.
       Both:      6.12 MB used.

Virtual space:
  Non-class space:       64.00 MB reserved,       5.56 MB (  9%) committed,  1 nodes.
      Class space:        1.00 GB reserved,     768.00 KB ( <1%) committed,  1 nodes.
             Both:        1.06 GB reserved,       6.31 MB ( <1%) committed. 

Chunk freelists:
   Non-Class:  9.05 MB
       Class:  15.27 MB
        Both:  24.31 MB

MaxMetaspaceSize: unlimited
CompressedClassSpaceSize: 1.00 GB
Initial GC threshold: 21.00 MB
Current GC threshold: 21.00 MB
CDS: on
 - commit_granule_bytes: 65536.
 - commit_granule_words: 8192.
 - virtual_space_node_default_size: 8388608.
 - enlarge_chunks_in_place: 1.
 - use_allocation_guard: 0.


Internal statistics:

num_allocs_failed_limit: 0.
num_arena_births: 64.
num_arena_deaths: 0.
num_vsnodes_births: 2.
num_vsnodes_deaths: 0.
num_space_committed: 101.
num_space_uncommitted: 0.
num_chunks_returned_to_freelist: 0.
num_chunks_taken_from_freelist: 229.
num_chunk_merges: 0.
num_chunk_splits: 156.
num_chunks_enlarged: 122.
num_inconsistent_stats: 0.

CodeHeap 'non-profiled nmethods': size=120000Kb used=383Kb max_used=383Kb free=119617Kb
 bounds [0x000001af6cd80000, 0x000001af6cff0000, 0x000001af742b0000]
CodeHeap 'profiled nmethods': size=120000Kb used=2303Kb max_used=2303Kb free=117696Kb
 bounds [0x000001af652b0000, 0x000001af65520000, 0x000001af6c7e0000]
CodeHeap 'non-nmethods': size=5760Kb used=1369Kb max_used=1393Kb free=4390Kb
 bounds [0x000001af6c7e0000, 0x000001af6ca50000, 0x000001af6cd80000]
 total_blobs=1656 nmethods=1184 adapters=377
 compilation: enabled
              stopped_count=0, restarted_count=0
 full_count=0

Compilation events (20 events):
Event: 0.791 Thread 0x000001af797422e0 1183       3       org.codehaus.plexus.util.xml.pull.MXParser::nextTag (82 bytes)
Event: 0.791 Thread 0x000001af797422e0 nmethod 1183 0x000001af654e7410 code [0x000001af654e76a0, 0x000001af654e7fe8]
Event: 0.791 Thread 0x000001af797422e0 1184       3       org.eclipse.sisu.plexus.PlexusXmlScanner::TEXT (10 bytes)
Event: 0.792 Thread 0x000001af797422e0 nmethod 1184 0x000001af654e8390 code [0x000001af654e8580, 0x000001af654e8938]
Event: 0.794 Thread 0x000001af797422e0 1185       3       java.nio.ByteBuffer::flip (7 bytes)
Event: 0.794 Thread 0x000001af797422e0 nmethod 1185 0x000001af654e8b10 code [0x000001af654e8cc0, 0x000001af654e8e40]
Event: 0.794 Thread 0x000001af797422e0 1186       3       java.io.File::<init> (47 bytes)
Event: 0.794 Thread 0x000001af797422e0 nmethod 1186 0x000001af654e8f10 code [0x000001af654e9100, 0x000001af654e9498]
Event: 0.794 Thread 0x000001af797422e0 1187       3       java.lang.StringLatin1::canEncode (13 bytes)
Event: 0.794 Thread 0x000001af797422e0 nmethod 1187 0x000001af654e9610 code [0x000001af654e97a0, 0x000001af654e98f0]
Event: 0.794 Thread 0x000001af797422e0 1188       3       java.lang.StringBuilder::charAt (6 bytes)
Event: 0.795 Thread 0x000001af797422e0 nmethod 1188 0x000001af654e9990 code [0x000001af654e9b40, 0x000001af654e9c88]
Event: 0.795 Thread 0x000001af797422e0 1189       3       java.lang.AbstractStringBuilder::charAt (36 bytes)
Event: 0.795 Thread 0x000001af797422e0 nmethod 1189 0x000001af654e9d10 code [0x000001af654e9ee0, 0x000001af654ea218]
Event: 0.798 Thread 0x000001af797422e0 1196       2       org.codehaus.plexus.util.xml.pull.MXParser::getText (125 bytes)
Event: 0.798 Thread 0x000001af797422e0 nmethod 1196 0x000001af654ea390 code [0x000001af654ea560, 0x000001af654ea920]
Event: 0.803 Thread 0x000001af797422e0 1202       1       org.codehaus.plexus.util.xml.pull.MXParser::getDepth (5 bytes)
Event: 0.803 Thread 0x000001af797422e0 nmethod 1202 0x000001af6cddf910 code [0x000001af6cddfaa0, 0x000001af6cddfb68]
Event: 0.804 Thread 0x000001af797422e0 1203       2       java.util.Objects::checkFromToIndex (8 bytes)
Event: 0.804 Thread 0x000001af797422e0 nmethod 1203 0x000001af654eaa10 code [0x000001af654eabc0, 0x000001af654ead08]

GC Heap History (0 events):
No events

Dll operation events (12 events):
Event: 0.007 Loaded shared library C:\Users\Lenovo\.jdks\openjdk-21\bin\java.dll
Event: 0.044 Loaded shared library C:\Users\Lenovo\.jdks\openjdk-21\bin\jsvml.dll
Event: 0.099 Loaded shared library C:\Users\Lenovo\.jdks\openjdk-21\bin\zip.dll
Event: 0.104 Loaded shared library C:\Users\Lenovo\.jdks\openjdk-21\bin\instrument.dll
Event: 0.109 Loaded shared library C:\Users\Lenovo\.jdks\openjdk-21\bin\net.dll
Event: 0.112 Loaded shared library C:\Users\Lenovo\.jdks\openjdk-21\bin\nio.dll
Event: 0.115 Loaded shared library C:\Users\Lenovo\.jdks\openjdk-21\bin\zip.dll
Event: 0.131 Loaded shared library C:\Users\Lenovo\IntelliJ IDEA 2024.1\bin\breakgen64.dll
Event: 0.139 Loaded shared library C:\Users\Lenovo\.jdks\openjdk-21\bin\extnet.dll
Event: 0.226 Loaded shared library C:\Users\Lenovo\.jdks\openjdk-21\bin\jimage.dll
Event: 0.257 Loaded shared library C:\Users\Lenovo\AppData\Local\Temp\jansi-2.4.0-c4c2071acecc8b13-jansi.dll
Event: 0.268 Loaded shared library C:\Users\Lenovo\.jdks\openjdk-21\bin\verify.dll

Deoptimization events (20 events):
Event: 0.758 Thread 0x000001af5ac41ee0 Uncommon trap: trap_request=0xffffff76 fr.pc=0x000001af6cdb9944 relative=0x0000000000000364
Event: 0.758 Thread 0x000001af5ac41ee0 Uncommon trap: reason=predicate action=maybe_recompile pc=0x000001af6cdb9944 method=java.util.regex.Pattern$BmpCharPropertyGreedy.match(Ljava/util/regex/Matcher;ILjava/lang/CharSequence;)Z @ 12 c2
Event: 0.758 Thread 0x000001af5ac41ee0 DEOPT PACKING pc=0x000001af6cdb9944 sp=0x00000008ee4fdd40
Event: 0.758 Thread 0x000001af5ac41ee0 DEOPT UNPACKING pc=0x000001af6c8346a2 sp=0x00000008ee4fdcf8 mode 2
Event: 0.758 Thread 0x000001af5ac41ee0 Uncommon trap: trap_request=0xffffff45 fr.pc=0x000001af6cdb166c relative=0x00000000000000cc
Event: 0.758 Thread 0x000001af5ac41ee0 Uncommon trap: reason=unstable_if action=reinterpret pc=0x000001af6cdb166c method=org.codehaus.plexus.util.xml.pull.MXParser.more()C @ 8 c2
Event: 0.759 Thread 0x000001af5ac41ee0 DEOPT PACKING pc=0x000001af6cdb166c sp=0x00000008ee4fe130
Event: 0.759 Thread 0x000001af5ac41ee0 DEOPT UNPACKING pc=0x000001af6c8346a2 sp=0x00000008ee4fe0c0 mode 2
Event: 0.770 Thread 0x000001af5ac41ee0 Uncommon trap: trap_request=0xffffff45 fr.pc=0x000001af6cdde88c relative=0x000000000000006c
Event: 0.770 Thread 0x000001af5ac41ee0 Uncommon trap: reason=unstable_if action=reinterpret pc=0x000001af6cdde88c method=java.nio.charset.CoderResult.isOverflow()Z @ 5 c2
Event: 0.770 Thread 0x000001af5ac41ee0 DEOPT PACKING pc=0x000001af6cdde88c sp=0x00000008ee4fd8d0
Event: 0.770 Thread 0x000001af5ac41ee0 DEOPT UNPACKING pc=0x000001af6c8346a2 sp=0x00000008ee4fd858 mode 2
Event: 0.775 Thread 0x000001af5ac41ee0 Uncommon trap: trap_request=0xffffffde fr.pc=0x000001af6cdc01fc relative=0x0000000000000abc
Event: 0.775 Thread 0x000001af5ac41ee0 Uncommon trap: reason=class_check action=maybe_recompile pc=0x000001af6cdc01fc method=java.util.HashMap.putVal(ILjava/lang/Object;Ljava/lang/Object;ZZ)Ljava/lang/Object; @ 91 c2
Event: 0.775 Thread 0x000001af5ac41ee0 DEOPT PACKING pc=0x000001af6cdc01fc sp=0x00000008ee4fe1d0
Event: 0.775 Thread 0x000001af5ac41ee0 DEOPT UNPACKING pc=0x000001af6c8346a2 sp=0x00000008ee4fe118 mode 2
Event: 0.794 Thread 0x000001af5ac41ee0 Uncommon trap: trap_request=0xffffffde fr.pc=0x000001af6cdbebfc relative=0x00000000000006bc
Event: 0.794 Thread 0x000001af5ac41ee0 Uncommon trap: reason=class_check action=maybe_recompile pc=0x000001af6cdbebfc method=java.util.regex.Matcher.search(I)Z @ 121 c2
Event: 0.794 Thread 0x000001af5ac41ee0 DEOPT PACKING pc=0x000001af6cdbebfc sp=0x00000008ee4fdf70
Event: 0.794 Thread 0x000001af5ac41ee0 DEOPT UNPACKING pc=0x000001af6c8346a2 sp=0x00000008ee4fdf40 mode 2

Classes loaded (20 events):
Event: 0.679 Loading class java/lang/annotation/Documented
Event: 0.679 Loading class java/lang/annotation/Documented done
Event: 0.699 Loading class java/util/concurrent/TimeoutException
Event: 0.699 Loading class java/util/concurrent/TimeoutException done
Event: 0.699 Loading class java/util/concurrent/CancellationException
Event: 0.699 Loading class java/util/concurrent/CancellationException done
Event: 0.701 Loading class sun/misc/Unsafe
Event: 0.701 Loading class sun/misc/Unsafe done
Event: 0.703 Loading class java/lang/invoke/DirectMethodHandle$StaticAccessor
Event: 0.703 Loading class java/lang/invoke/DirectMethodHandle$StaticAccessor done
Event: 0.712 Loading class java/lang/reflect/ParameterizedType
Event: 0.712 Loading class java/lang/reflect/ParameterizedType done
Event: 0.717 Loading class java/lang/reflect/WildcardType
Event: 0.717 Loading class java/lang/reflect/WildcardType done
Event: 0.722 Loading class sun/reflect/generics/tree/TypeVariableSignature
Event: 0.722 Loading class sun/reflect/generics/tree/TypeVariableSignature done
Event: 0.754 Loading class java/lang/annotation/IncompleteAnnotationException
Event: 0.754 Loading class java/lang/annotation/IncompleteAnnotationException done
Event: 0.788 Loading class java/lang/foreign/MemorySegment
Event: 0.788 Loading class java/lang/foreign/MemorySegment done

Classes unloaded (0 events):
No events

Classes redefined (0 events):
No events

Internal exceptions (20 events):
Event: 0.119 Thread 0x000001af5ac41ee0 Exception <a 'java/lang/NoSuchMethodError'{0x000000008a33c830}: 'void java.lang.invoke.DirectMethodHandle$Holder.invokeStatic(java.lang.Object, java.lang.Object, java.lang.Object)'> (0x000000008a33c830) 
thrown [s\open\src\hotspot\share\interpreter\linkResolver.cpp, line 773]
Event: 0.126 Thread 0x000001af5ac41ee0 Exception <a 'java/lang/NoSuchMethodError'{0x000000008a353d38}: 'java.lang.Object java.lang.invoke.Invokers$Holder.invokeExact_MT(java.lang.Object, java.lang.Object, java.lang.Object, java.lang.Object, java.lang.Object)'> (0x000000008a353d38) 
thrown [s\open\src\hotspot\share\interpreter\linkResolver.cpp, line 773]
Event: 0.140 Thread 0x000001af79a38430 Exception <a 'java/lang/NoSuchMethodError'{0x000000008a37e960}: 'void java.lang.invoke.DirectMethodHandle$Holder.invokeStatic(java.lang.Object, java.lang.Object)'> (0x000000008a37e960) 
thrown [s\open\src\hotspot\share\interpreter\linkResolver.cpp, line 773]
Event: 0.154 Thread 0x000001af5ac41ee0 Exception <a 'java/lang/NoSuchMethodError'{0x000000008a242170}: 'int java.lang.invoke.DirectMethodHandle$Holder.invokeSpecial(java.lang.Object, java.lang.Object, java.lang.Object)'> (0x000000008a242170) 
thrown [s\open\src\hotspot\share\interpreter\linkResolver.cpp, line 773]
Event: 0.223 Thread 0x000001af5ac41ee0 Exception <a 'java/lang/NullPointerException'{0x000000008a0ab3d8}> (0x000000008a0ab3d8) 
thrown [s\open\src\hotspot\share\interpreter\linkResolver.cpp, line 1372]
Event: 0.266 Thread 0x000001af5ac41ee0 Exception <a 'sun/nio/fs/WindowsException'{0x0000000089f26bf0}> (0x0000000089f26bf0) 
thrown [s\open\src\hotspot\share\prims\jni.cpp, line 520]
Event: 0.267 Thread 0x000001af5ac41ee0 Exception <a 'sun/nio/fs/WindowsException'{0x0000000089f27290}> (0x0000000089f27290) 
thrown [s\open\src\hotspot\share\prims\jni.cpp, line 520]
Event: 0.267 Thread 0x000001af5ac41ee0 Exception <a 'sun/nio/fs/WindowsException'{0x0000000089f27808}> (0x0000000089f27808) 
thrown [s\open\src\hotspot\share\prims\jni.cpp, line 520]
Event: 0.267 Thread 0x000001af5ac41ee0 Exception <a 'sun/nio/fs/WindowsException'{0x0000000089f27d60}> (0x0000000089f27d60) 
thrown [s\open\src\hotspot\share\prims\jni.cpp, line 520]
Event: 0.267 Thread 0x000001af5ac41ee0 Exception <a 'sun/nio/fs/WindowsException'{0x0000000089f28268}> (0x0000000089f28268) 
thrown [s\open\src\hotspot\share\prims\jni.cpp, line 520]
Event: 0.267 Thread 0x000001af5ac41ee0 Exception <a 'sun/nio/fs/WindowsException'{0x0000000089f28728}> (0x0000000089f28728) 
thrown [s\open\src\hotspot\share\prims\jni.cpp, line 520]
Event: 0.363 Thread 0x000001af5ac41ee0 Exception <a 'java/lang/NoSuchMethodError'{0x0000000089d41e80}: 'java.lang.Object java.lang.invoke.DirectMethodHandle$Holder.invokeSpecialIFC(java.lang.Object, java.lang.Object, java.lang.Object, java.lang.Object)'> (0x0000000089d41e80) 
thrown [s\open\src\hotspot\share\interpreter\linkResolver.cpp, line 773]
Event: 0.537 Thread 0x000001af5ac41ee0 Exception <a 'java/lang/NoSuchMethodError'{0x00000000898afab0}: 'void java.lang.invoke.DirectMethodHandle$Holder.invokeSpecial(java.lang.Object, java.lang.Object, java.lang.Object)'> (0x00000000898afab0) 
thrown [s\open\src\hotspot\share\interpreter\linkResolver.cpp, line 773]
Event: 0.570 Thread 0x000001af5ac41ee0 Exception <a 'java/lang/NoSuchMethodError'{0x00000000897f25b8}: 'java.lang.Object java.lang.invoke.DirectMethodHandle$Holder.invokeInterface(java.lang.Object, java.lang.Object)'> (0x00000000897f25b8) 
thrown [s\open\src\hotspot\share\interpreter\linkResolver.cpp, line 773]
Event: 0.587 Thread 0x000001af5ac41ee0 Exception <a 'java/lang/NoSuchMethodError'{0x0000000089686838}: 'int java.lang.invoke.DirectMethodHandle$Holder.invokeStatic(java.lang.Object, java.lang.Object, java.lang.Object, java.lang.Object)'> (0x0000000089686838) 
thrown [s\open\src\hotspot\share\interpreter\linkResolver.cpp, line 773]
Event: 0.588 Thread 0x000001af5ac41ee0 Exception <a 'java/lang/NoSuchMethodError'{0x0000000089689eb8}: 'java.lang.Object java.lang.invoke.Invokers$Holder.invokeExact_MT(java.lang.Object, java.lang.Object, java.lang.Object, java.lang.Object, java.lang.Object, java.lang.Object)'> (0x0000000089689eb8) 
thrown [s\open\src\hotspot\share\interpreter\linkResolver.cpp, line 773]
Event: 0.592 Thread 0x000001af5ac41ee0 Exception <a 'java/lang/NoSuchMethodError'{0x0000000089698650}: 'int java.lang.invoke.DirectMethodHandle$Holder.invokeSpecialIFC(java.lang.Object, java.lang.Object, java.lang.Object, java.lang.Object, java.lang.Object)'> (0x0000000089698650) 
thrown [s\open\src\hotspot\share\interpreter\linkResolver.cpp, line 773]
Event: 0.681 Thread 0x000001af5ac41ee0 Exception <a 'java/lang/NoSuchMethodError'{0x0000000089414038}: 'java.lang.Object java.lang.invoke.DirectMethodHandle$Holder.newInvokeSpecial(java.lang.Object, java.lang.Object, java.lang.Object, java.lang.Object, java.lang.Object)'> (0x0000000089414038) 
thrown [s\open\src\hotspot\share\interpreter\linkResolver.cpp, line 773]
Event: 0.736 Thread 0x000001af5ac41ee0 Exception <a 'java/lang/NoSuchMethodError'{0x000000008930bbc0}: 'int java.lang.invoke.DirectMethodHandle$Holder.invokeStaticInit(java.lang.Object, java.lang.Object)'> (0x000000008930bbc0) 
thrown [s\open\src\hotspot\share\interpreter\linkResolver.cpp, line 773]
Event: 0.754 Thread 0x000001af5ac41ee0 Exception <a 'java/lang/NoClassDefFoundError'{0x0000000089340520}: javax/enterprise/inject/Typed> (0x0000000089340520) 
thrown [s\open\src\hotspot\share\classfile\systemDictionary.cpp, line 301]

ZGC Phase Switch (0 events):
No events

VM Operations (8 events):
Event: 0.075 Executing VM operation: HandshakeAllThreads (Deoptimize)
Event: 0.075 Executing VM operation: HandshakeAllThreads (Deoptimize) done
Event: 0.222 Executing VM operation: HandshakeAllThreads (Deoptimize)
Event: 0.222 Executing VM operation: HandshakeAllThreads (Deoptimize) done
Event: 0.229 Executing VM operation: HandshakeAllThreads (Deoptimize)
Event: 0.230 Executing VM operation: HandshakeAllThreads (Deoptimize) done
Event: 0.555 Executing VM operation: ICBufferFull
Event: 0.555 Executing VM operation: ICBufferFull done

Events (13 events):
Event: 0.020 Thread 0x000001af5ac41ee0 Thread added: 0x000001af5ac41ee0
Event: 0.037 Thread 0x000001af79737610 Thread added: 0x000001af79737610
Event: 0.037 Thread 0x000001af79738140 Thread added: 0x000001af79738140
Event: 0.037 Thread 0x000001af79739f20 Thread added: 0x000001af79739f20
Event: 0.038 Thread 0x000001af7973c5a0 Thread added: 0x000001af7973c5a0
Event: 0.038 Thread 0x000001af79740c20 Thread added: 0x000001af79740c20
Event: 0.038 Thread 0x000001af79741290 Thread added: 0x000001af79741290
Event: 0.038 Thread 0x000001af79741c30 Thread added: 0x000001af79741c30
Event: 0.038 Thread 0x000001af797422e0 Thread added: 0x000001af797422e0
Event: 0.068 Thread 0x000001af79702110 Thread added: 0x000001af79702110
Event: 0.131 Thread 0x000001af79a38430 Thread added: 0x000001af79a38430
Event: 0.131 Thread 0x000001af79a56a10 Thread added: 0x000001af79a56a10
Event: 0.159 Thread 0x000001af79b3c3c0 Thread added: 0x000001af79b3c3c0


Dynamic libraries:
0x00007ff62f970000 - 0x00007ff62f97e000 	C:\Users\Lenovo\.jdks\openjdk-21\bin\java.exe
0x00007ff933ab0000 - 0x00007ff933ca8000 	C:\Windows\SYSTEM32\ntdll.dll
0x00007ff924df0000 - 0x00007ff924e09000 	C:\Program Files\Avast Software\Avast\aswhook.dll
0x00007ff933730000 - 0x00007ff9337ed000 	C:\Windows\System32\KERNEL32.DLL
0x00007ff9315a0000 - 0x00007ff931896000 	C:\Windows\System32\KERNELBASE.dll
0x00007ff931160000 - 0x00007ff931260000 	C:\Windows\System32\ucrtbase.dll
0x00007ff92bae0000 - 0x00007ff92bafb000 	C:\Users\Lenovo\.jdks\openjdk-21\bin\VCRUNTIME140.dll
0x00007ff92b600000 - 0x00007ff92b618000 	C:\Users\Lenovo\.jdks\openjdk-21\bin\jli.dll
0x00007ff932400000 - 0x00007ff93259f000 	C:\Windows\System32\USER32.dll
0x00007ff9313b0000 - 0x00007ff9313d2000 	C:\Windows\System32\win32u.dll
0x00007ff932ef0000 - 0x00007ff932f1b000 	C:\Windows\System32\GDI32.dll
0x00007ff90efe0000 - 0x00007ff90f27a000 	C:\Windows\WinSxS\amd64_microsoft.windows.common-controls_6595b64144ccf1df_6.0.19041.3636_none_60b6a03d71f818d5\COMCTL32.dll
0x00007ff931260000 - 0x00007ff931377000 	C:\Windows\System32\gdi32full.dll
0x00007ff932f20000 - 0x00007ff932fbe000 	C:\Windows\System32\msvcrt.dll
0x00007ff931450000 - 0x00007ff9314ed000 	C:\Windows\System32\msvcp_win.dll
0x00007ff931ea0000 - 0x00007ff931ed2000 	C:\Windows\System32\IMM32.DLL
0x00007ff92bc30000 - 0x00007ff92bc3c000 	C:\Users\Lenovo\.jdks\openjdk-21\bin\vcruntime140_1.dll
0x00007ff8fec40000 - 0x00007ff8fecce000 	C:\Users\Lenovo\.jdks\openjdk-21\bin\msvcp140.dll
0x00007ff8f2540000 - 0x00007ff8f3253000 	C:\Users\Lenovo\.jdks\openjdk-21\bin\server\jvm.dll
0x00007ff932650000 - 0x00007ff932700000 	C:\Windows\System32\ADVAPI32.dll
0x00007ff932df0000 - 0x00007ff932e90000 	C:\Windows\System32\sechost.dll
0x00007ff9327d0000 - 0x00007ff9328f3000 	C:\Windows\System32\RPCRT4.dll
0x00007ff931380000 - 0x00007ff9313a7000 	C:\Windows\System32\bcrypt.dll
0x00007ff932d80000 - 0x00007ff932deb000 	C:\Windows\System32\WS2_32.dll
0x00007ff9306f0000 - 0x00007ff93073b000 	C:\Windows\SYSTEM32\POWRPROF.dll
0x00007ff913ce0000 - 0x00007ff913d07000 	C:\Windows\SYSTEM32\WINMM.dll
0x00007ff92a9a0000 - 0x00007ff92a9aa000 	C:\Windows\SYSTEM32\VERSION.dll
0x00007ff930560000 - 0x00007ff930572000 	C:\Windows\SYSTEM32\UMPDC.dll
0x00007ff92f980000 - 0x00007ff92f992000 	C:\Windows\SYSTEM32\kernel.appcore.dll
0x00007ff92b5f0000 - 0x00007ff92b5fa000 	C:\Users\Lenovo\.jdks\openjdk-21\bin\jimage.dll
0x00007ff92eef0000 - 0x00007ff92f0d4000 	C:\Windows\SYSTEM32\DBGHELP.DLL
0x00007ff927d10000 - 0x00007ff927d44000 	C:\Windows\SYSTEM32\dbgcore.DLL
0x00007ff9318a0000 - 0x00007ff931922000 	C:\Windows\System32\bcryptPrimitives.dll
0x00007ff92e4e0000 - 0x00007ff92e4ef000 	C:\Users\Lenovo\.jdks\openjdk-21\bin\instrument.dll
0x00007ff92b300000 - 0x00007ff92b31f000 	C:\Users\Lenovo\.jdks\openjdk-21\bin\java.dll
0x00007ff932fc0000 - 0x00007ff93372b000 	C:\Windows\System32\SHELL32.dll
0x00007ff92f1d0000 - 0x00007ff92f96e000 	C:\Windows\SYSTEM32\windows.storage.dll
0x00007ff931f70000 - 0x00007ff9322c3000 	C:\Windows\System32\combase.dll
0x00007ff930b90000 - 0x00007ff930bbe000 	C:\Windows\SYSTEM32\Wldp.dll
0x00007ff932700000 - 0x00007ff9327cd000 	C:\Windows\System32\OLEAUT32.dll
0x00007ff931ae0000 - 0x00007ff931b8d000 	C:\Windows\System32\SHCORE.dll
0x00007ff933a10000 - 0x00007ff933a65000 	C:\Windows\System32\shlwapi.dll
0x00007ff931090000 - 0x00007ff9310b3000 	C:\Windows\SYSTEM32\profapi.dll
0x00007ff8f4910000 - 0x00007ff8f49e7000 	C:\Users\Lenovo\.jdks\openjdk-21\bin\jsvml.dll
0x00007ff92b2c0000 - 0x00007ff92b2d8000 	C:\Users\Lenovo\.jdks\openjdk-21\bin\zip.dll
0x00007ff92b5e0000 - 0x00007ff92b5f0000 	C:\Users\Lenovo\.jdks\openjdk-21\bin\net.dll
0x00007ff926410000 - 0x00007ff92651a000 	C:\Windows\SYSTEM32\WINHTTP.dll
0x00007ff9308f0000 - 0x00007ff93095a000 	C:\Windows\system32\mswsock.dll
0x00007ff92b2e0000 - 0x00007ff92b2f6000 	C:\Users\Lenovo\.jdks\openjdk-21\bin\nio.dll
0x00007ff92bc90000 - 0x00007ff92bcaa000 	C:\Users\Lenovo\IntelliJ IDEA 2024.1\bin\breakgen64.dll
0x00007ff92b2b0000 - 0x00007ff92b2b7000 	C:\Users\Lenovo\.jdks\openjdk-21\bin\extnet.dll
0x0000000069ac0000 - 0x0000000069ae4000 	C:\Users\Lenovo\AppData\Local\Temp\jansi-2.4.0-c4c2071acecc8b13-jansi.dll
0x00007ff92e4d0000 - 0x00007ff92e4e0000 	C:\Users\Lenovo\.jdks\openjdk-21\bin\verify.dll

dbghelp: loaded successfully - version: 4.0.5 - missing functions: none
symbol engine: initialized successfully - sym options: 0x614 - pdb path: .;C:\Users\Lenovo\.jdks\openjdk-21\bin;C:\Windows\SYSTEM32;C:\Program Files\Avast Software\Avast;C:\Windows\WinSxS\amd64_microsoft.windows.common-controls_6595b64144ccf1df_6.0.19041.3636_none_60b6a03d71f818d5;C:\Users\Lenovo\.jdks\openjdk-21\bin\server;C:\Users\Lenovo\IntelliJ IDEA 2024.1\bin;C:\Users\Lenovo\AppData\Local\Temp

VM Arguments:
jvm_args: -Dmaven.multiModuleProjectDirectory=C:\Users\Lenovo\Desktop\java\PIJAVA -Djansi.passthrough=true -Dmaven.home=C:\Users\Lenovo\IntelliJ IDEA 2024.1\plugins\maven\lib\maven3 -Dclassworlds.conf=C:\Users\Lenovo\IntelliJ IDEA 2024.1\plugins\maven\lib\maven3\bin\m2.conf -Dmaven.ext.class.path=C:\Users\Lenovo\IntelliJ IDEA 2024.1\plugins\maven\lib\maven-event-listener.jar -javaagent:C:\Users\Lenovo\IntelliJ IDEA 2024.1\lib\idea_rt.jar=64064:C:\Users\Lenovo\IntelliJ IDEA 2024.1\bin -Dfile.encoding=UTF-8 -Dsun.stdout.encoding=UTF-8 -Dsun.stderr.encoding=UTF-8 
java_command: org.codehaus.classworlds.Launcher -Didea.version=2024.1 org.openjfx:javafx-maven-plugin:0.0.8:run
java_class_path (initial): C:\Users\Lenovo\IntelliJ IDEA 2024.1\plugins\maven\lib\maven3\boot\plexus-classworlds-2.7.0.jar;C:\Users\Lenovo\IntelliJ IDEA 2024.1\plugins\maven\lib\maven3\boot\plexus-classworlds.license
Launcher Type: SUN_STANDARD

[Global flags]
     intx CICompilerCount                          = 4                                         {product} {ergonomic}
     uint ConcGCThreads                            = 2                                         {product} {ergonomic}
     uint G1ConcRefinementThreads                  = 8                                         {product} {ergonomic}
   size_t G1HeapRegionSize                         = 1048576                                   {product} {ergonomic}
    uintx GCDrainStackTargetSize                   = 64                                        {product} {ergonomic}
   size_t InitialHeapSize                          = 132120576                                 {product} {ergonomic}
   size_t MarkStackSize                            = 4194304                                   {product} {ergonomic}
   size_t MaxHeapSize                              = 2105540608                                {product} {ergonomic}
   size_t MaxNewSize                               = 1262485504                                {product} {ergonomic}
   size_t MinHeapDeltaBytes                        = 1048576                                   {product} {ergonomic}
   size_t MinHeapSize                              = 8388608                                   {product} {ergonomic}
    uintx NonNMethodCodeHeapSize                   = 5839372                                {pd product} {ergonomic}
    uintx NonProfiledCodeHeapSize                  = 122909434                              {pd product} {ergonomic}
    uintx ProfiledCodeHeapSize                     = 122909434                              {pd product} {ergonomic}
    uintx ReservedCodeCacheSize                    = 251658240                              {pd product} {ergonomic}
     bool SegmentedCodeCache                       = true                                      {product} {ergonomic}
   size_t SoftMaxHeapSize                          = 2105540608                             {manageable} {ergonomic}
     bool UseCompressedOops                        = true                           {product lp64_product} {ergonomic}
     bool UseG1GC                                  = true                                      {product} {ergonomic}
     bool UseLargePagesIndividualAllocation        = false                                  {pd product} {ergonomic}

Logging:
Log output configuration:
 #0: stdout all=warning uptime,level,tags foldmultilines=false
 #1: stderr all=off uptime,level,tags foldmultilines=false

Environment Variables:
PATH=C:\oraclexe\app\oracle\product\10.2.0\server\bin;C:\Program Files (x86)\VMware\VMware Player\bin\;C:\Windows\system32;C:\Windows;C:\Windows\System32\Wbem;C:\Windows\System32\WindowsPowerShell\v1.0\;C:\Windows\System32\OpenSSH\;C:\xampp\php;C:\Program Files\Git\cmd;C:\composer;C:\Users\Lenovo\AppData\Local\Programs\Python\Launcher\;C:\Users\Lenovo\scoop\shims;C:\Users\Lenovo\AppData\Local\Microsoft\WindowsApps;C:\Microsoft VS Code\bin;C:\Users\Lenovo\AppData\Roaming\Composer\vendor\bin;C:\Flex Windows\gcc\bin;C:\Flex Windows\Lex\bin;C:\Flex Windows\bison\bin
USERNAME=Lenovo
OS=Windows_NT
PROCESSOR_IDENTIFIER=Intel64 Family 6 Model 142 Stepping 12, GenuineIntel
TMP=C:\Users\Lenovo\AppData\Local\Temp
TEMP=C:\Users\Lenovo\AppData\Local\Temp




---------------  S Y S T E M  ---------------

OS:
 Windows 10 , 64 bit Build 19041 (10.0.19041.3636)
OS uptime: 2 days 6:20 hours

CPU: total 8 (initial active 8) (4 cores per cpu, 2 threads per core) family 6 model 142 stepping 12 microcode 0xde, cx8, cmov, fxsr, ht, mmx, 3dnowpref, sse, sse2, sse3, ssse3, sse4.1, sse4.2, popcnt, lzcnt, tsc, tscinvbit, avx, avx2, aes, erms, clmul, bmi1, bmi2, adx, fma, vzeroupper, clflush, clflushopt, rdtscp, f16c
Processor Information for processor 0
  Max Mhz: 2112, Current Mhz: 1408, Mhz Limit: 1605
Processor Information for processor 1
  Max Mhz: 2112, Current Mhz: 1408, Mhz Limit: 1605
Processor Information for processor 2
  Max Mhz: 2112, Current Mhz: 1408, Mhz Limit: 1605
Processor Information for processor 3
  Max Mhz: 2112, Current Mhz: 1609, Mhz Limit: 1605
Processor Information for processor 4
  Max Mhz: 2112, Current Mhz: 1609, Mhz Limit: 1605
Processor Information for processor 5
  Max Mhz: 2112, Current Mhz: 1408, Mhz Limit: 1605
Processor Information for processor 6
  Max Mhz: 2112, Current Mhz: 1609, Mhz Limit: 1605
Processor Information for processor 7
  Max Mhz: 2112, Current Mhz: 1408, Mhz Limit: 1605

Memory: 4k page, system-wide physical 8027M (419M free)
TotalPageFile size 32603M (AvailPageFile size 3M)
current process WorkingSet (physical memory assigned to process): 86M, peak: 86M
current process commit charge ("private bytes"): 228M, peak: 229M

vm_info: OpenJDK 64-Bit Server VM (21+35-2513) for windows-amd64 JRE (21+35-2513), built on 2023-08-09T20:25:10Z by "mach5one" with MS VC++ 17.1 (VS2022)

END.
