#
# There is insufficient memory for the Java Runtime Environment to continue.
# Native memory allocation (mmap) failed to map 94371840 bytes for G1 virtual space
# Possible reasons:
#   The system is out of physical RAM or swap space
#   The process is running with CompressedOops enabled, and the Java Heap may be blocking the growth of the native heap
# Possible solutions:
#   Reduce memory load on the system
#   Increase physical memory or swap space
#   Check if swap backing store is full
#   Decrease Java heap size (-Xmx/-Xms)
#   Decrease number of Java threads
#   Decrease Java thread stack sizes (-Xss)
#   Set larger code cache with -XX:ReservedCodeCacheSize=
#   JVM is running with Unscaled Compressed Oops mode in which the Java heap is
#     placed in the first 4GB address space. The Java Heap base address is the
#     maximum limit for the native heap growth. Please use -XX:HeapBaseMinAddress
#     to set the Java Heap base and to place the Java Heap above 4GB virtual address.
# This output file may be truncated or incomplete.
#
#  Out of Memory Error (os_windows.cpp:3600), pid=30072, tid=9152
#
# JRE version: OpenJDK Runtime Environment (21.0+35) (build 21+35-2513)
# Java VM: OpenJDK 64-Bit Server VM (21+35-2513, mixed mode, sharing, tiered, compressed oops, compressed class ptrs, g1 gc, windows-amd64)
# No core dump will be written. Minidumps are not enabled by default on client versions of Windows
#

---------------  S U M M A R Y ------------

Command Line: --module-path=C:\Users\Lenovo\.m2\repository\org\openjfx\javafx-base\20.0.1\javafx-base-20.0.1-win.jar;C:\Users\Lenovo\.m2\repository\org\openjfx\javafx-base\20.0.1\javafx-base-20.0.1.jar;C:\Users\Lenovo\.m2\repository\org\openjfx\javafx-controls\20.0.1\javafx-controls-20.0.1-win.jar;C:\Users\Lenovo\.m2\repository\org\openjfx\javafx-controls\20.0.1\javafx-controls-20.0.1.jar;C:\Users\Lenovo\.m2\repository\org\openjfx\javafx-fxml\20.0.1\javafx-fxml-20.0.1-win.jar;C:\Users\Lenovo\.m2\repository\org\openjfx\javafx-fxml\20.0.1\javafx-fxml-20.0.1.jar;C:\Users\Lenovo\.m2\repository\org\openjfx\javafx-graphics\20.0.1\javafx-graphics-20.0.1-win.jar;C:\Users\Lenovo\.m2\repository\org\openjfx\javafx-graphics\20.0.1\javafx-graphics-20.0.1.jar --add-modules=javafx.base,javafx.controls,javafx.fxml,javafx.graphics test.Main

Host: Intel(R) Core(TM) i5-10210U CPU @ 1.60GHz, 8 cores, 7G,  Windows 10 , 64 bit Build 19041 (10.0.19041.3636)
Time: Fri May  3 22:43:24 2024 Paris, Madrid (heure duild 19041 (10.0.19041.3636) elapsed time: 2.949702 seconds (0d 0h 0m 2s)

---------------  T H R E A D  ---------------

Current thread (0x000001d076502da0):  VMThread "VM Thread"          [id=9152, stack(0x0000000100d00000,0x0000000100e00000) (1024K)]

Stack: [0x0000000100d00000,0x0000000100e00000]
Native frames: (J=compiled Java code, j=interpreted, Vv=VM code, C=native code)
V  [jvm.dll+0x6c8d39]
V  [jvm.dll+0x854091]
V  [jvm.dll+0x85630e]
V  [jvm.dll+0x8569e3]
V  [jvm.dll+0x2809a6]
V  [jvm.dll+0x6c5425]
V  [jvm.dll+0x6b9e1a]
V  [jvm.dll+0x3555ba]
V  [jvm.dll+0x35d206]
V  [jvm.dll+0x3adf6e]
V  [jvm.dll+0x3ae218]
V  [jvm.dll+0x328fcc]
V  [jvm.dll+0x329057]
V  [jvm.dll+0x36d90c]
V  [jvm.dll+0x36c10d]
V  [jvm.dll+0x328741]
V  [jvm.dll+0x36b81a]
V  [jvm.dll+0x85c4e8]
V  [jvm.dll+0x85d5e4]
V  [jvm.dll+0x85db20]
V  [jvm.dll+0x85ddc3]
V  [jvm.dll+0x7fd2c8]
V  [jvm.dll+0x6c748d]
C  [ucrtbase.dll+0x21bb2]
C  [KERNEL32.DLL+0x17344]
C  [ntdll.dll+0x526b1]

VM_Operation (0x0000000101afd460): G1CollectForAllocation, mode: safepoint, requested by thread 0x000001d07b3a2270


---------------  P R O C E S S  ---------------

Threads class SMR info:
_java_thread_list=0x000001d041535650, length=18, elements={
0x000001d059c43960, 0x000001d076523a00, 0x000001d076524920, 0x000001d076528640,
0x000001d07654b440, 0x000001d07654bea0, 0x000001d07654f0b0, 0x000001d076562f80,
0x000001d076566830, 0x000001d0767a01c0, 0x000001d0768bf900, 0x000001d07b2d3580,
0x000001d07b38f5c0, 0x000001d07b3a2270, 0x000001d07b54d840, 0x000001d07b5af4c0,
0x000001d07b6c0170, 0x000001d041562660
}

Java Threads: ( => current thread )
  0x000001d059c43960 JavaThread "main"                              [_thread_blocked, id=29320, stack(0x0000000100600000,0x0000000100700000) (1024K)]
  0x000001d076523a00 JavaThread "Reference Handler"          daemon [_thread_blocked, id=1996, stack(0x0000000100e00000,0x0000000100f00000) (1024K)]
  0x000001d076524920 JavaThread "Finalizer"                  daemon [_thread_blocked, id=16592, stack(0x0000000100f00000,0x0000000101000000) (1024K)]
  0x000001d076528640 JavaThread "Signal Dispatcher"          daemon [_thread_blocked, id=26040, stack(0x0000000101000000,0x0000000101100000) (1024K)]
  0x000001d07654b440 JavaThread "Attach Listener"            daemon [_thread_blocked, id=20552, stack(0x0000000101100000,0x0000000101200000) (1024K)]
  0x000001d07654bea0 JavaThread "Service Thread"             daemon [_thread_blocked, id=29564, stack(0x0000000101200000,0x0000000101300000) (1024K)]
  0x000001d07654f0b0 JavaThread "Monitor Deflation Thread"   daemon [_thread_blocked, id=27752, stack(0x0000000101300000,0x0000000101400000) (1024K)]
  0x000001d076562f80 JavaThread "C2 CompilerThread0"         daemon [_thread_blocked, id=28400, stack(0x0000000101400000,0x0000000101500000) (1024K)]
  0x000001d076566830 JavaThread "C1 CompilerThread0"         daemon [_thread_blocked, id=11176, stack(0x0000000101500000,0x0000000101600000) (1024K)]
  0x000001d0767a01c0 JavaThread "Common-Cleaner"             daemon [_thread_blocked, id=27236, stack(0x0000000101600000,0x0000000101700000) (1024K)]
  0x000001d0768bf900 JavaThread "Notification Thread"        daemon [_thread_blocked, id=25112, stack(0x0000000101700000,0x0000000101800000) (1024K)]
  0x000001d07b2d3580 JavaThread "QuantumRenderer-0"          daemon [_thread_blocked, id=16712, stack(0x0000000101800000,0x0000000101900000) (1024K)]
  0x000001d07b38f5c0 JavaThread "InvokeLaterDispatcher"      daemon [_thread_blocked, id=20624, stack(0x0000000101900000,0x0000000101a00000) (1024K)]
  0x000001d07b3a2270 JavaThread "JavaFX Application Thread"         [_thread_blocked, id=28204, stack(0x0000000101a00000,0x0000000101b00000) (1024K)]
  0x000001d07b54d840 JavaThread "JavaFX-Launcher"                   [_thread_blocked, id=17736, stack(0x0000000101f00000,0x0000000102000000) (1024K)]
  0x000001d07b5af4c0 JavaThread "Thread-2"                   daemon [_thread_blocked, id=13920, stack(0x0000000101e00000,0x0000000101f00000) (1024K)]
  0x000001d07b6c0170 JavaThread "mysql-cj-abandoned-connection-cleanup" daemon [_thread_blocked, id=16388, stack(0x0000000102500000,0x0000000102600000) (1024K)]
  0x000001d041562660 JavaThread "Prism Font Disposer"        daemon [_thread_blocked, id=27564, stack(0x0000000102800000,0x0000000102900000) (1024K)]
Total: 18

Other Threads:
=>0x000001d076502da0 VMThread "VM Thread"                           [id=9152, stack(0x0000000100d00000,0x0000000100e00000) (1024K)]
  0x000001d0764eb680 WatcherThread "VM Periodic Task Thread"        [id=29396, stack(0x0000000100c00000,0x0000000100d00000) (1024K)]
  0x000001d059c99b10 WorkerThread "GC Thread#0"                     [id=1924, stack(0x0000000100700000,0x0000000100800000) (1024K)]
  0x000001d07b5d6ed0 WorkerThread "GC Thread#1"                     [id=13480, stack(0x0000000102000000,0x0000000102100000) (1024K)]
  0x000001d07b5e6b20 WorkerThread "GC Thread#2"                     [id=27396, stack(0x0000000102100000,0x0000000102200000) (1024K)]
  0x000001d07b5f4720 WorkerThread "GC Thread#3"                     [id=30328, stack(0x0000000102200000,0x0000000102300000) (1024K)]
  0x000001d07b5f4ac0 WorkerThread "GC Thread#4"                     [id=4280, stack(0x0000000102300000,0x0000000102400000) (1024K)]
  0x000001d07b5f4e60 WorkerThread "GC Thread#5"                     [id=27340, stack(0x0000000102400000,0x0000000102500000) (1024K)]
  0x000001d04154f5b0 WorkerThread "GC Thread#6"                     [id=1044, stack(0x0000000102600000,0x0000000102700000) (1024K)]
  0x000001d0416927e0 WorkerThread "GC Thread#7"                     [id=25356, stack(0x0000000102700000,0x0000000102800000) (1024K)]
  0x000001d059caa870 ConcurrentGCThread "G1 Main Marker"            [id=28944, stack(0x0000000100800000,0x0000000100900000) (1024K)]
  0x000001d059cabb10 WorkerThread "G1 Conc#0"                       [id=23744, stack(0x0000000100900000,0x0000000100a00000) (1024K)]
  0x000001d041693a00 WorkerThread "G1 Conc#1"                       [id=21532, stack(0x0000000102900000,0x0000000102a00000) (1024K)]
  0x000001d0763c24d0 ConcurrentGCThread "G1 Refine#0"               [id=17260, stack(0x0000000100a00000,0x0000000100b00000) (1024K)]
  0x000001d0763c3040 ConcurrentGCThread "G1 Service"                [id=17568, stack(0x0000000100b00000,0x0000000100c00000) (1024K)]
Total: 15

Threads with active compile tasks:
C2 CompilerThread0     2990 2112       4       com.sun.org.apache.xerces.internal.impl.XMLEntityScanner::checkBeforeLoad (140 bytes)
C1 CompilerThread0     2990 2135       3       com.sun.org.apache.xerces.internal.impl.XMLNSDocumentScannerImpl::scanStartElement (1031 bytes)
Total: 2

VM state: at safepoint (normal execution)

VM Mutex/Monitor currently owned by a thread:  ([mutex/lock_event])
[0x00007ff8f3178548] Threads_lock - owner thread: 0x000001d076502da0
[0x00007ff8f3178648] Heap_lock - owner thread: 0x000001d07b3a2270

Heap address: 0x0000000082800000, size: 2008 MB, Compressed Oops mode: 32-bit

CDS archive(s) mapped at: [0x000001d000000000-0x000001d000c90000-0x000001d000c90000), size 13172736, SharedBaseAddress: 0x000001d000000000, ArchiveRelocationMode: 1.
Compressed class space mapped at: 0x000001d001000000-0x000001d041000000, reserved size: 1073741824
Narrow klass base: 0x000001d000000000, Narrow klass shift: 0, Narrow klass range: 0x100000000

GC Precious Log:
 CardTable entry size: 512
 Card Set container configuration: InlinePtr #cards 5 size 8 Array Of Cards #cards 12 size 40 Howl #buckets 4 coarsen threshold 1843 Howl Bitmap #cards 512 size 80 coarsen threshold 460 Card regions per heap region 1 cards per card region 2048
 CPUs: 8 total, 8 available
 Memory: 8027M
 Large Page Support: Disabled
 NUMA Support: Disabled
 Compressed Oops: Enabled (32-bit)
 Heap Region Size: 1M
 Heap Min Capacity: 8M
 Heap Initial Capacity: 126M
 Heap Max Capacity: 2008M
 Pre-touch: Disabled
 Parallel Workers: 8
 Concurrent Workers: 2
 Concurrent Refinement Workers: 8
 Periodic GC: Disabled

Heap:
 garbage-first heap   total 245760K, used 159691K [0x0000000082800000, 0x0000000100000000)
  region size 1024K, 1 young (1024K), 1 survivors (1024K)
 Metaspace       used 14023K, committed 14336K, reserved 1114112K
  class space    used 1846K, committed 1984K, reserved 1048576K

Heap Regions: E=young(eden), S=young(survivor), O=old, HS=humongous(starts), HC=humongous(continues), CS=collection set, F=free, TAMS=top-at-mark-start, PB=parsable bottom
|   0|0x0000000082800000, 0x0000000082900000, 0x0000000082900000|100%|HS|  |TAMS 0x0000000082800000| PB 0x0000000082800000| Complete 
|   1|0x0000000082900000, 0x0000000082a00000, 0x0000000082a00000|100%|HC|  |TAMS 0x0000000082900000| PB 0x0000000082900000| Complete 
|   2|0x0000000082a00000, 0x0000000082b00000, 0x0000000082b00000|100%|HS|  |TAMS 0x0000000082a00000| PB 0x0000000082a00000| Complete 
|   3|0x0000000082b00000, 0x0000000082c00000, 0x0000000082c00000|100%|HC|  |TAMS 0x0000000082b00000| PB 0x0000000082b00000| Complete 
|   4|0x0000000082c00000, 0x0000000082d00000, 0x0000000082d00000|100%|HS|  |TAMS 0x0000000082c00000| PB 0x0000000082c00000| Complete 
|   5|0x0000000082d00000, 0x0000000082e00000, 0x0000000082e00000|100%|HC|  |TAMS 0x0000000082d00000| PB 0x0000000082d00000| Complete 
|   6|0x0000000082e00000, 0x0000000082f00000, 0x0000000082f00000|100%|HS|  |TAMS 0x0000000082e00000| PB 0x0000000082e00000| Complete 
|   7|0x0000000082f00000, 0x0000000083000000, 0x0000000083000000|100%|HC|  |TAMS 0x0000000082f00000| PB 0x0000000082f00000| Complete 
|   8|0x0000000083000000, 0x0000000083100000, 0x0000000083100000|100%|HS|  |TAMS 0x0000000083000000| PB 0x0000000083000000| Complete 
|   9|0x0000000083100000, 0x0000000083200000, 0x0000000083200000|100%|HC|  |TAMS 0x0000000083100000| PB 0x0000000083100000| Complete 
|  10|0x0000000083200000, 0x0000000083300000, 0x0000000083300000|100%|HS|  |TAMS 0x0000000083200000| PB 0x0000000083200000| Complete 
|  11|0x0000000083300000, 0x0000000083400000, 0x0000000083400000|100%| O|  |TAMS 0x0000000083300000| PB 0x0000000083300000| Untracked 
|  12|0x0000000083400000, 0x0000000083500000, 0x0000000083500000|100%| O|  |TAMS 0x0000000083400000| PB 0x0000000083400000| Untracked 
|  13|0x0000000083500000, 0x0000000083600000, 0x0000000083600000|100%|HS|  |TAMS 0x0000000083500000| PB 0x0000000083500000| Complete 
|  14|0x0000000083600000, 0x0000000083600000, 0x0000000083700000|  0%| F|  |TAMS 0x0000000083600000| PB 0x0000000083600000| Untracked 
|  15|0x0000000083700000, 0x0000000083800000, 0x0000000083800000|100%|HS|  |TAMS 0x0000000083700000| PB 0x0000000083700000| Complete 
|  16|0x0000000083800000, 0x0000000083900000, 0x0000000083900000|100%|HS|  |TAMS 0x0000000083800000| PB 0x0000000083800000| Complete 
|  17|0x0000000083900000, 0x0000000083a00000, 0x0000000083a00000|100%|HS|  |TAMS 0x0000000083900000| PB 0x0000000083900000| Complete 
|  18|0x0000000083a00000, 0x0000000083b00000, 0x0000000083b00000|100%|HS|  |TAMS 0x0000000083a00000| PB 0x0000000083a00000| Complete 
|  19|0x0000000083b00000, 0x0000000083c00000, 0x0000000083c00000|100%|HS|  |TAMS 0x0000000083b00000| PB 0x0000000083b00000| Complete 
|  20|0x0000000083c00000, 0x0000000083d00000, 0x0000000083d00000|100%|HS|  |TAMS 0x0000000083c00000| PB 0x0000000083c00000| Complete 
|  21|0x0000000083d00000, 0x0000000083e00000, 0x0000000083e00000|100%|HS|  |TAMS 0x0000000083d00000| PB 0x0000000083d00000| Complete 
|  22|0x0000000083e00000, 0x0000000083f00000, 0x0000000083f00000|100%|HS|  |TAMS 0x0000000083e00000| PB 0x0000000083e00000| Complete 
|  23|0x0000000083f00000, 0x0000000084000000, 0x0000000084000000|100%|HS|  |TAMS 0x0000000083f00000| PB 0x0000000083f00000| Complete 
|  24|0x0000000084000000, 0x0000000084100000, 0x0000000084100000|100%|HS|  |TAMS 0x0000000084000000| PB 0x0000000084000000| Complete 
|  25|0x0000000084100000, 0x0000000084200000, 0x0000000084200000|100%|HS|  |TAMS 0x0000000084100000| PB 0x0000000084100000| Complete 
|  26|0x0000000084200000, 0x0000000084300000, 0x0000000084300000|100%|HS|  |TAMS 0x0000000084200000| PB 0x0000000084200000| Complete 
|  27|0x0000000084300000, 0x0000000084400000, 0x0000000084400000|100%|HS|  |TAMS 0x0000000084300000| PB 0x0000000084300000| Complete 
|  28|0x0000000084400000, 0x0000000084500000, 0x0000000084500000|100%|HS|  |TAMS 0x0000000084400000| PB 0x0000000084400000| Complete 
|  29|0x0000000084500000, 0x0000000084600000, 0x0000000084600000|100%|HS|  |TAMS 0x0000000084500000| PB 0x0000000084500000| Complete 
|  30|0x0000000084600000, 0x0000000084700000, 0x0000000084700000|100%|HS|  |TAMS 0x0000000084600000| PB 0x0000000084600000| Complete 
|  31|0x0000000084700000, 0x0000000084800000, 0x0000000084800000|100%|HS|  |TAMS 0x0000000084700000| PB 0x0000000084700000| Complete 
|  32|0x0000000084800000, 0x0000000084900000, 0x0000000084900000|100%|HS|  |TAMS 0x0000000084800000| PB 0x0000000084800000| Complete 
|  33|0x0000000084900000, 0x0000000084a00000, 0x0000000084a00000|100%|HS|  |TAMS 0x0000000084900000| PB 0x0000000084900000| Complete 
|  34|0x0000000084a00000, 0x0000000084b00000, 0x0000000084b00000|100%|HS|  |TAMS 0x0000000084a00000| PB 0x0000000084a00000| Complete 
|  35|0x0000000084b00000, 0x0000000084c00000, 0x0000000084c00000|100%|HS|  |TAMS 0x0000000084b00000| PB 0x0000000084b00000| Complete 
|  36|0x0000000084c00000, 0x0000000084d00000, 0x0000000084d00000|100%|HS|  |TAMS 0x0000000084c00000| PB 0x0000000084c00000| Complete 
|  37|0x0000000084d00000, 0x0000000084e00000, 0x0000000084e00000|100%|HS|  |TAMS 0x0000000084d00000| PB 0x0000000084d00000| Complete 
|  38|0x0000000084e00000, 0x0000000084f00000, 0x0000000084f00000|100%|HS|  |TAMS 0x0000000084e00000| PB 0x0000000084e00000| Complete 
|  39|0x0000000084f00000, 0x0000000085000000, 0x0000000085000000|100%|HS|  |TAMS 0x0000000084f00000| PB 0x0000000084f00000| Complete 
|  40|0x0000000085000000, 0x0000000085100000, 0x0000000085100000|100%|HS|  |TAMS 0x0000000085000000| PB 0x0000000085000000| Complete 
|  41|0x0000000085100000, 0x0000000085200000, 0x0000000085200000|100%|HS|  |TAMS 0x0000000085100000| PB 0x0000000085100000| Complete 
|  42|0x0000000085200000, 0x0000000085300000, 0x0000000085300000|100%|HS|  |TAMS 0x0000000085200000| PB 0x0000000085200000| Complete 
|  43|0x0000000085300000, 0x0000000085400000, 0x0000000085400000|100%|HS|  |TAMS 0x0000000085300000| PB 0x0000000085300000| Complete 
|  44|0x0000000085400000, 0x0000000085500000, 0x0000000085500000|100%|HS|  |TAMS 0x0000000085400000| PB 0x0000000085400000| Complete 
|  45|0x0000000085500000, 0x0000000085600000, 0x0000000085600000|100%|HS|  |TAMS 0x0000000085500000| PB 0x0000000085500000| Complete 
|  46|0x0000000085600000, 0x0000000085700000, 0x0000000085700000|100%|HS|  |TAMS 0x0000000085600000| PB 0x0000000085600000| Complete 
|  47|0x0000000085700000, 0x0000000085800000, 0x0000000085800000|100%|HS|  |TAMS 0x0000000085700000| PB 0x0000000085700000| Complete 
|  48|0x0000000085800000, 0x0000000085900000, 0x0000000085900000|100%|HS|  |TAMS 0x0000000085800000| PB 0x0000000085800000| Complete 
|  49|0x0000000085900000, 0x0000000085a00000, 0x0000000085a00000|100%|HS|  |TAMS 0x0000000085900000| PB 0x0000000085900000| Complete 
|  50|0x0000000085a00000, 0x0000000085b00000, 0x0000000085b00000|100%|HS|  |TAMS 0x0000000085a00000| PB 0x0000000085a00000| Complete 
|  51|0x0000000085b00000, 0x0000000085c00000, 0x0000000085c00000|100%|HS|  |TAMS 0x0000000085b00000| PB 0x0000000085b00000| Complete 
|  52|0x0000000085c00000, 0x0000000085d00000, 0x0000000085d00000|100%|HS|  |TAMS 0x0000000085c00000| PB 0x0000000085c00000| Complete 
|  53|0x0000000085d00000, 0x0000000085e00000, 0x0000000085e00000|100%|HS|  |TAMS 0x0000000085d00000| PB 0x0000000085d00000| Complete 
|  54|0x0000000085e00000, 0x0000000085f00000, 0x0000000085f00000|100%|HS|  |TAMS 0x0000000085e00000| PB 0x0000000085e00000| Complete 
|  55|0x0000000085f00000, 0x0000000086000000, 0x0000000086000000|100%|HS|  |TAMS 0x0000000085f00000| PB 0x0000000085f00000| Complete 
|  56|0x0000000086000000, 0x0000000086100000, 0x0000000086100000|100%| O|  |TAMS 0x0000000086000000| PB 0x0000000086000000| Untracked 
|  57|0x0000000086100000, 0x0000000086200000, 0x0000000086200000|100%| O|Cm|TAMS 0x0000000086100000| PB 0x0000000086100000| Complete 
|  58|0x0000000086200000, 0x0000000086300000, 0x0000000086300000|100%|HS|  |TAMS 0x0000000086200000| PB 0x0000000086200000| Complete 
|  59|0x0000000086300000, 0x0000000086400000, 0x0000000086400000|100%|HS|  |TAMS 0x0000000086300000| PB 0x0000000086300000| Complete 
|  60|0x0000000086400000, 0x0000000086500000, 0x0000000086500000|100%|HS|  |TAMS 0x0000000086400000| PB 0x0000000086400000| Complete 
|  61|0x0000000086500000, 0x0000000086600000, 0x0000000086600000|100%|HS|  |TAMS 0x0000000086500000| PB 0x0000000086500000| Complete 
|  62|0x0000000086600000, 0x0000000086700000, 0x0000000086700000|100%|HS|  |TAMS 0x0000000086600000| PB 0x0000000086600000| Complete 
|  63|0x0000000086700000, 0x0000000086800000, 0x0000000086800000|100%|HS|  |TAMS 0x0000000086700000| PB 0x0000000086700000| Complete 
|  64|0x0000000086800000, 0x0000000086900000, 0x0000000086900000|100%|HS|  |TAMS 0x0000000086800000| PB 0x0000000086800000| Complete 
|  65|0x0000000086900000, 0x0000000086a00000, 0x0000000086a00000|100%|HS|  |TAMS 0x0000000086900000| PB 0x0000000086900000| Complete 
|  66|0x0000000086a00000, 0x0000000086b00000, 0x0000000086b00000|100%|HS|  |TAMS 0x0000000086a00000| PB 0x0000000086a00000| Complete 
|  67|0x0000000086b00000, 0x0000000086c00000, 0x0000000086c00000|100%|HS|  |TAMS 0x0000000086b00000| PB 0x0000000086b00000| Complete 
|  68|0x0000000086c00000, 0x0000000086d00000, 0x0000000086d00000|100%|HS|  |TAMS 0x0000000086c00000| PB 0x0000000086c00000| Complete 
|  69|0x0000000086d00000, 0x0000000086e00000, 0x0000000086e00000|100%|HS|  |TAMS 0x0000000086d00000| PB 0x0000000086d00000| Complete 
|  70|0x0000000086e00000, 0x0000000086f00000, 0x0000000086f00000|100%|HS|  |TAMS 0x0000000086e00000| PB 0x0000000086e00000| Complete 
|  71|0x0000000086f00000, 0x0000000087000000, 0x0000000087000000|100%|HS|  |TAMS 0x0000000086f00000| PB 0x0000000086f00000| Complete 
|  72|0x0000000087000000, 0x0000000087100000, 0x0000000087100000|100%|HS|  |TAMS 0x0000000087000000| PB 0x0000000087000000| Complete 
|  73|0x0000000087100000, 0x0000000087200000, 0x0000000087200000|100%|HS|  |TAMS 0x0000000087100000| PB 0x0000000087100000| Complete 
|  74|0x0000000087200000, 0x0000000087300000, 0x0000000087300000|100%|HS|  |TAMS 0x0000000087200000| PB 0x0000000087200000| Complete 
|  75|0x0000000087300000, 0x0000000087400000, 0x0000000087400000|100%|HS|  |TAMS 0x0000000087300000| PB 0x0000000087300000| Complete 
|  76|0x0000000087400000, 0x0000000087500000, 0x0000000087500000|100%|HS|  |TAMS 0x0000000087400000| PB 0x0000000087400000| Complete 
|  77|0x0000000087500000, 0x0000000087600000, 0x0000000087600000|100%|HS|  |TAMS 0x0000000087500000| PB 0x0000000087500000| Complete 
|  78|0x0000000087600000, 0x0000000087700000, 0x0000000087700000|100%|HS|  |TAMS 0x0000000087600000| PB 0x0000000087600000| Complete 
|  79|0x0000000087700000, 0x0000000087800000, 0x0000000087800000|100%|HS|  |TAMS 0x0000000087700000| PB 0x0000000087700000| Complete 
|  80|0x0000000087800000, 0x0000000087900000, 0x0000000087900000|100%|HS|  |TAMS 0x0000000087800000| PB 0x0000000087800000| Complete 
|  81|0x0000000087900000, 0x0000000087a00000, 0x0000000087a00000|100%|HS|  |TAMS 0x0000000087900000| PB 0x0000000087900000| Complete 
|  82|0x0000000087a00000, 0x0000000087b00000, 0x0000000087b00000|100%|HS|  |TAMS 0x0000000087a00000| PB 0x0000000087a00000| Complete 
|  83|0x0000000087b00000, 0x0000000087c00000, 0x0000000087c00000|100%|HS|  |TAMS 0x0000000087b00000| PB 0x0000000087b00000| Complete 
|  84|0x0000000087c00000, 0x0000000087d00000, 0x0000000087d00000|100%|HS|  |TAMS 0x0000000087c00000| PB 0x0000000087c00000| Complete 
|  85|0x0000000087d00000, 0x0000000087e00000, 0x0000000087e00000|100%|HS|  |TAMS 0x0000000087d00000| PB 0x0000000087d00000| Complete 
|  86|0x0000000087e00000, 0x0000000087f00000, 0x0000000087f00000|100%|HS|  |TAMS 0x0000000087e00000| PB 0x0000000087e00000| Complete 
|  87|0x0000000087f00000, 0x0000000088000000, 0x0000000088000000|100%|HS|  |TAMS 0x0000000087f00000| PB 0x0000000087f00000| Complete 
|  88|0x0000000088000000, 0x0000000088100000, 0x0000000088100000|100%|HS|  |TAMS 0x0000000088000000| PB 0x0000000088000000| Complete 
|  89|0x0000000088100000, 0x0000000088200000, 0x0000000088200000|100%|HS|  |TAMS 0x0000000088100000| PB 0x0000000088100000| Complete 
|  90|0x0000000088200000, 0x0000000088300000, 0x0000000088300000|100%|HS|  |TAMS 0x0000000088200000| PB 0x0000000088200000| Complete 
|  91|0x0000000088300000, 0x0000000088400000, 0x0000000088400000|100%|HS|  |TAMS 0x0000000088300000| PB 0x0000000088300000| Complete 
|  92|0x0000000088400000, 0x0000000088500000, 0x0000000088500000|100%|HS|  |TAMS 0x0000000088400000| PB 0x0000000088400000| Complete 
|  93|0x0000000088500000, 0x0000000088600000, 0x0000000088600000|100%|HS|  |TAMS 0x0000000088500000| PB 0x0000000088500000| Complete 
|  94|0x0000000088600000, 0x0000000088700000, 0x0000000088700000|100%|HS|  |TAMS 0x0000000088600000| PB 0x0000000088600000| Complete 
|  95|0x0000000088700000, 0x0000000088800000, 0x0000000088800000|100%|HS|  |TAMS 0x0000000088700000| PB 0x0000000088700000| Complete 
|  96|0x0000000088800000, 0x0000000088900000, 0x0000000088900000|100%|HS|  |TAMS 0x0000000088800000| PB 0x0000000088800000| Complete 
|  97|0x0000000088900000, 0x0000000088a00000, 0x0000000088a00000|100%|HS|  |TAMS 0x0000000088900000| PB 0x0000000088900000| Complete 
|  98|0x0000000088a00000, 0x0000000088b00000, 0x0000000088b00000|100%|HS|  |TAMS 0x0000000088a00000| PB 0x0000000088a00000| Complete 
|  99|0x0000000088b00000, 0x0000000088c00000, 0x0000000088c00000|100%|HS|  |TAMS 0x0000000088b00000| PB 0x0000000088b00000| Complete 
| 100|0x0000000088c00000, 0x0000000088d00000, 0x0000000088d00000|100%|HS|  |TAMS 0x0000000088c00000| PB 0x0000000088c00000| Complete 
| 101|0x0000000088d00000, 0x0000000088e00000, 0x0000000088e00000|100%|HS|  |TAMS 0x0000000088d00000| PB 0x0000000088d00000| Complete 
| 102|0x0000000088e00000, 0x0000000088f00000, 0x0000000088f00000|100%|HS|  |TAMS 0x0000000088e00000| PB 0x0000000088e00000| Complete 
| 103|0x0000000088f00000, 0x0000000089000000, 0x0000000089000000|100%|HS|  |TAMS 0x0000000088f00000| PB 0x0000000088f00000| Complete 
| 104|0x0000000089000000, 0x0000000089100000, 0x0000000089100000|100%|HS|  |TAMS 0x0000000089000000| PB 0x0000000089000000| Complete 
| 105|0x0000000089100000, 0x0000000089200000, 0x0000000089200000|100%|HS|  |TAMS 0x0000000089100000| PB 0x0000000089100000| Complete 
| 106|0x0000000089200000, 0x0000000089300000, 0x0000000089300000|100%|HS|  |TAMS 0x0000000089200000| PB 0x0000000089200000| Complete 
| 107|0x0000000089300000, 0x0000000089400000, 0x0000000089400000|100%|HS|  |TAMS 0x0000000089300000| PB 0x0000000089300000| Complete 
| 108|0x0000000089400000, 0x0000000089500000, 0x0000000089500000|100%|HS|  |TAMS 0x0000000089400000| PB 0x0000000089400000| Complete 
| 109|0x0000000089500000, 0x0000000089600000, 0x0000000089600000|100%|HS|  |TAMS 0x0000000089500000| PB 0x0000000089500000| Complete 
| 110|0x0000000089600000, 0x0000000089700000, 0x0000000089700000|100%|HS|  |TAMS 0x0000000089600000| PB 0x0000000089600000| Complete 
| 111|0x0000000089700000, 0x0000000089800000, 0x0000000089800000|100%|HS|  |TAMS 0x0000000089700000| PB 0x0000000089700000| Complete 
| 112|0x0000000089800000, 0x0000000089900000, 0x0000000089900000|100%|HS|  |TAMS 0x0000000089800000| PB 0x0000000089800000| Complete 
| 113|0x0000000089900000, 0x0000000089a00000, 0x0000000089a00000|100%|HS|  |TAMS 0x0000000089900000| PB 0x0000000089900000| Complete 
| 114|0x0000000089a00000, 0x0000000089b00000, 0x0000000089b00000|100%|HS|  |TAMS 0x0000000089a00000| PB 0x0000000089a00000| Complete 
| 115|0x0000000089b00000, 0x0000000089c00000, 0x0000000089c00000|100%|HS|  |TAMS 0x0000000089b00000| PB 0x0000000089b00000| Complete 
| 116|0x0000000089c00000, 0x0000000089d00000, 0x0000000089d00000|100%|HS|  |TAMS 0x0000000089c00000| PB 0x0000000089c00000| Complete 
| 117|0x0000000089d00000, 0x0000000089e00000, 0x0000000089e00000|100%|HS|  |TAMS 0x0000000089d00000| PB 0x0000000089d00000| Complete 
| 118|0x0000000089e00000, 0x0000000089f00000, 0x0000000089f00000|100%|HS|  |TAMS 0x0000000089e00000| PB 0x0000000089e00000| Complete 
| 119|0x0000000089f00000, 0x000000008a000000, 0x000000008a000000|100%|HS|  |TAMS 0x0000000089f00000| PB 0x0000000089f00000| Complete 
| 120|0x000000008a000000, 0x000000008a100000, 0x000000008a100000|100%|HS|  |TAMS 0x000000008a000000| PB 0x000000008a000000| Complete 
| 121|0x000000008a100000, 0x000000008a200000, 0x000000008a200000|100%|HS|  |TAMS 0x000000008a100000| PB 0x000000008a100000| Complete 
| 122|0x000000008a200000, 0x000000008a300000, 0x000000008a300000|100%|HS|  |TAMS 0x000000008a200000| PB 0x000000008a200000| Complete 
| 123|0x000000008a300000, 0x000000008a400000, 0x000000008a400000|100%|HS|  |TAMS 0x000000008a300000| PB 0x000000008a300000| Complete 
| 124|0x000000008a400000, 0x000000008a500000, 0x000000008a500000|100%|HS|  |TAMS 0x000000008a400000| PB 0x000000008a400000| Complete 
| 125|0x000000008a500000, 0x000000008a500000, 0x000000008a600000|  0%| F|  |TAMS 0x000000008a500000| PB 0x000000008a500000| Untracked 
| 126|0x000000008a600000, 0x000000008a700000, 0x000000008a700000|100%|HS|  |TAMS 0x000000008a600000| PB 0x000000008a600000| Complete 
| 127|0x000000008a700000, 0x000000008a800000, 0x000000008a800000|100%|HS|  |TAMS 0x000000008a700000| PB 0x000000008a700000| Complete 
| 128|0x000000008a800000, 0x000000008a900000, 0x000000008a900000|100%|HS|  |TAMS 0x000000008a800000| PB 0x000000008a800000| Complete 
| 129|0x000000008a900000, 0x000000008aa00000, 0x000000008aa00000|100%|HS|  |TAMS 0x000000008a900000| PB 0x000000008a900000| Complete 
| 130|0x000000008aa00000, 0x000000008ab00000, 0x000000008ab00000|100%|HS|  |TAMS 0x000000008aa00000| PB 0x000000008aa00000| Complete 
| 131|0x000000008ab00000, 0x000000008ac00000, 0x000000008ac00000|100%|HS|  |TAMS 0x000000008ab00000| PB 0x000000008ab00000| Complete 
| 132|0x000000008ac00000, 0x000000008ad00000, 0x000000008ad00000|100%|HS|  |TAMS 0x000000008ac00000| PB 0x000000008ac00000| Complete 
| 133|0x000000008ad00000, 0x000000008ae00000, 0x000000008ae00000|100%|HS|  |TAMS 0x000000008ad00000| PB 0x000000008ad00000| Complete 
| 134|0x000000008ae00000, 0x000000008af00000, 0x000000008af00000|100%|HS|  |TAMS 0x000000008ae00000| PB 0x000000008ae00000| Complete 
| 135|0x000000008af00000, 0x000000008b000000, 0x000000008b000000|100%|HS|  |TAMS 0x000000008af00000| PB 0x000000008af00000| Complete 
| 136|0x000000008b000000, 0x000000008b100000, 0x000000008b100000|100%|HS|  |TAMS 0x000000008b000000| PB 0x000000008b000000| Complete 
| 137|0x000000008b100000, 0x000000008b100000, 0x000000008b200000|  0%| F|  |TAMS 0x000000008b100000| PB 0x000000008b100000| Untracked 
| 138|0x000000008b200000, 0x000000008b300000, 0x000000008b300000|100%|HS|  |TAMS 0x000000008b200000| PB 0x000000008b200000| Complete 
| 139|0x000000008b300000, 0x000000008b400000, 0x000000008b400000|100%|HS|  |TAMS 0x000000008b300000| PB 0x000000008b300000| Complete 
| 140|0x000000008b400000, 0x000000008b500000, 0x000000008b500000|100%|HS|  |TAMS 0x000000008b400000| PB 0x000000008b400000| Complete 
| 141|0x000000008b500000, 0x000000008b600000, 0x000000008b600000|100%|HS|  |TAMS 0x000000008b500000| PB 0x000000008b500000| Complete 
| 142|0x000000008b600000, 0x000000008b700000, 0x000000008b700000|100%|HS|  |TAMS 0x000000008b600000| PB 0x000000008b600000| Complete 
| 143|0x000000008b700000, 0x000000008b800000, 0x000000008b800000|100%|HS|  |TAMS 0x000000008b700000| PB 0x000000008b700000| Complete 
| 144|0x000000008b800000, 0x000000008b900000, 0x000000008b900000|100%|HS|  |TAMS 0x000000008b800000| PB 0x000000008b800000| Complete 
| 145|0x000000008b900000, 0x000000008ba00000, 0x000000008ba00000|100%|HS|  |TAMS 0x000000008b900000| PB 0x000000008b900000| Complete 
| 146|0x000000008ba00000, 0x000000008bb00000, 0x000000008bb00000|100%|HS|  |TAMS 0x000000008ba00000| PB 0x000000008ba00000| Complete 
| 147|0x000000008bb00000, 0x000000008bc00000, 0x000000008bc00000|100%|HS|  |TAMS 0x000000008bb00000| PB 0x000000008bb00000| Complete 
| 148|0x000000008bc00000, 0x000000008bd00000, 0x000000008bd00000|100%|HS|  |TAMS 0x000000008bc00000| PB 0x000000008bc00000| Complete 
| 149|0x000000008bd00000, 0x000000008be00000, 0x000000008be00000|100%|HS|  |TAMS 0x000000008bd00000| PB 0x000000008bd00000| Complete 
| 150|0x000000008be00000, 0x000000008bf00000, 0x000000008bf00000|100%|HS|  |TAMS 0x000000008be00000| PB 0x000000008be00000| Complete 
| 151|0x000000008bf00000, 0x000000008c000000, 0x000000008c000000|100%|HS|  |TAMS 0x000000008bf00000| PB 0x000000008bf00000| Complete 
| 152|0x000000008c000000, 0x000000008c100000, 0x000000008c100000|100%|HS|  |TAMS 0x000000008c000000| PB 0x000000008c000000| Complete 
| 153|0x000000008c100000, 0x000000008c200000, 0x000000008c200000|100%|HS|  |TAMS 0x000000008c100000| PB 0x000000008c100000| Complete 
| 154|0x000000008c200000, 0x000000008c200000, 0x000000008c300000|  0%| F|  |TAMS 0x000000008c200000| PB 0x000000008c200000| Untracked 
| 155|0x000000008c300000, 0x000000008c300000, 0x000000008c400000|  0%| F|  |TAMS 0x000000008c300000| PB 0x000000008c300000| Untracked 
| 156|0x000000008c400000, 0x000000008c400000, 0x000000008c500000|  0%| F|  |TAMS 0x000000008c400000| PB 0x000000008c400000| Untracked 
| 157|0x000000008c500000, 0x000000008c500000, 0x000000008c600000|  0%| F|  |TAMS 0x000000008c500000| PB 0x000000008c500000| Untracked 
| 158|0x000000008c600000, 0x000000008c600000, 0x000000008c700000|  0%| F|  |TAMS 0x000000008c600000| PB 0x000000008c600000| Untracked 
| 159|0x000000008c700000, 0x000000008c700000, 0x000000008c800000|  0%| F|  |TAMS 0x000000008c700000| PB 0x000000008c700000| Untracked 
| 160|0x000000008c800000, 0x000000008c800000, 0x000000008c900000|  0%| F|  |TAMS 0x000000008c800000| PB 0x000000008c800000| Untracked 
| 161|0x000000008c900000, 0x000000008c900000, 0x000000008ca00000|  0%| F|  |TAMS 0x000000008c900000| PB 0x000000008c900000| Untracked 
| 162|0x000000008ca00000, 0x000000008ca00000, 0x000000008cb00000|  0%| F|  |TAMS 0x000000008ca00000| PB 0x000000008ca00000| Untracked 
| 163|0x000000008cb00000, 0x000000008cb00000, 0x000000008cc00000|  0%| F|  |TAMS 0x000000008cb00000| PB 0x000000008cb00000| Untracked 
| 164|0x000000008cc00000, 0x000000008cc00000, 0x000000008cd00000|  0%| F|  |TAMS 0x000000008cc00000| PB 0x000000008cc00000| Untracked 
| 165|0x000000008cd00000, 0x000000008cd00000, 0x000000008ce00000|  0%| F|  |TAMS 0x000000008cd00000| PB 0x000000008cd00000| Untracked 
| 166|0x000000008ce00000, 0x000000008ce00000, 0x000000008cf00000|  0%| F|  |TAMS 0x000000008ce00000| PB 0x000000008ce00000| Untracked 
| 167|0x000000008cf00000, 0x000000008cf00000, 0x000000008d000000|  0%| F|  |TAMS 0x000000008cf00000| PB 0x000000008cf00000| Untracked 
| 168|0x000000008d000000, 0x000000008d000000, 0x000000008d100000|  0%| F|  |TAMS 0x000000008d000000| PB 0x000000008d000000| Untracked 
| 169|0x000000008d100000, 0x000000008d100000, 0x000000008d200000|  0%| F|  |TAMS 0x000000008d100000| PB 0x000000008d100000| Untracked 
| 170|0x000000008d200000, 0x000000008d200000, 0x000000008d300000|  0%| F|  |TAMS 0x000000008d200000| PB 0x000000008d200000| Untracked 
| 171|0x000000008d300000, 0x000000008d300000, 0x000000008d400000|  0%| F|  |TAMS 0x000000008d300000| PB 0x000000008d300000| Untracked 
| 172|0x000000008d400000, 0x000000008d400000, 0x000000008d500000|  0%| F|  |TAMS 0x000000008d400000| PB 0x000000008d400000| Untracked 
| 173|0x000000008d500000, 0x000000008d500000, 0x000000008d600000|  0%| F|  |TAMS 0x000000008d500000| PB 0x000000008d500000| Untracked 
| 174|0x000000008d600000, 0x000000008d600000, 0x000000008d700000|  0%| F|  |TAMS 0x000000008d600000| PB 0x000000008d600000| Untracked 
| 175|0x000000008d700000, 0x000000008d700000, 0x000000008d800000|  0%| F|  |TAMS 0x000000008d700000| PB 0x000000008d700000| Untracked 
| 176|0x000000008d800000, 0x000000008d800000, 0x000000008d900000|  0%| F|  |TAMS 0x000000008d800000| PB 0x000000008d800000| Untracked 
| 177|0x000000008d900000, 0x000000008d900000, 0x000000008da00000|  0%| F|  |TAMS 0x000000008d900000| PB 0x000000008d900000| Untracked 
| 178|0x000000008da00000, 0x000000008da00000, 0x000000008db00000|  0%| F|  |TAMS 0x000000008da00000| PB 0x000000008da00000| Untracked 
| 179|0x000000008db00000, 0x000000008db00000, 0x000000008dc00000|  0%| F|  |TAMS 0x000000008db00000| PB 0x000000008db00000| Untracked 
| 180|0x000000008dc00000, 0x000000008dc00000, 0x000000008dd00000|  0%| F|  |TAMS 0x000000008dc00000| PB 0x000000008dc00000| Untracked 
| 181|0x000000008dd00000, 0x000000008dd00000, 0x000000008de00000|  0%| F|  |TAMS 0x000000008dd00000| PB 0x000000008dd00000| Untracked 
| 182|0x000000008de00000, 0x000000008de00000, 0x000000008df00000|  0%| F|  |TAMS 0x000000008de00000| PB 0x000000008de00000| Untracked 
| 183|0x000000008df00000, 0x000000008df00000, 0x000000008e000000|  0%| F|  |TAMS 0x000000008df00000| PB 0x000000008df00000| Untracked 
| 184|0x000000008e000000, 0x000000008e000000, 0x000000008e100000|  0%| F|  |TAMS 0x000000008e000000| PB 0x000000008e000000| Untracked 
| 185|0x000000008e100000, 0x000000008e100000, 0x000000008e200000|  0%| F|  |TAMS 0x000000008e100000| PB 0x000000008e100000| Untracked 
| 186|0x000000008e200000, 0x000000008e200000, 0x000000008e300000|  0%| F|  |TAMS 0x000000008e200000| PB 0x000000008e200000| Untracked 
| 187|0x000000008e300000, 0x000000008e300000, 0x000000008e400000|  0%| F|  |TAMS 0x000000008e300000| PB 0x000000008e300000| Untracked 
| 188|0x000000008e400000, 0x000000008e400000, 0x000000008e500000|  0%| F|  |TAMS 0x000000008e400000| PB 0x000000008e400000| Untracked 
| 189|0x000000008e500000, 0x000000008e500000, 0x000000008e600000|  0%| F|  |TAMS 0x000000008e500000| PB 0x000000008e500000| Untracked 
| 190|0x000000008e600000, 0x000000008e600000, 0x000000008e700000|  0%| F|  |TAMS 0x000000008e600000| PB 0x000000008e600000| Untracked 
| 191|0x000000008e700000, 0x000000008e700000, 0x000000008e800000|  0%| F|  |TAMS 0x000000008e700000| PB 0x000000008e700000| Untracked 
| 192|0x000000008e800000, 0x000000008e800000, 0x000000008e900000|  0%| F|  |TAMS 0x000000008e800000| PB 0x000000008e800000| Untracked 
| 193|0x000000008e900000, 0x000000008e900000, 0x000000008ea00000|  0%| F|  |TAMS 0x000000008e900000| PB 0x000000008e900000| Untracked 
| 194|0x000000008ea00000, 0x000000008ea00000, 0x000000008eb00000|  0%| F|  |TAMS 0x000000008ea00000| PB 0x000000008ea00000| Untracked 
| 195|0x000000008eb00000, 0x000000008eb00000, 0x000000008ec00000|  0%| F|  |TAMS 0x000000008eb00000| PB 0x000000008eb00000| Untracked 
| 196|0x000000008ec00000, 0x000000008ec00000, 0x000000008ed00000|  0%| F|  |TAMS 0x000000008ec00000| PB 0x000000008ec00000| Untracked 
| 197|0x000000008ed00000, 0x000000008ed00000, 0x000000008ee00000|  0%| F|  |TAMS 0x000000008ed00000| PB 0x000000008ed00000| Untracked 
| 198|0x000000008ee00000, 0x000000008ee00000, 0x000000008ef00000|  0%| F|  |TAMS 0x000000008ee00000| PB 0x000000008ee00000| Untracked 
| 199|0x000000008ef00000, 0x000000008ef00000, 0x000000008f000000|  0%| F|  |TAMS 0x000000008ef00000| PB 0x000000008ef00000| Untracked 
| 200|0x000000008f000000, 0x000000008f000000, 0x000000008f100000|  0%| F|  |TAMS 0x000000008f000000| PB 0x000000008f000000| Untracked 
| 201|0x000000008f100000, 0x000000008f100000, 0x000000008f200000|  0%| F|  |TAMS 0x000000008f100000| PB 0x000000008f100000| Untracked 
| 202|0x000000008f200000, 0x000000008f200000, 0x000000008f300000|  0%| F|  |TAMS 0x000000008f200000| PB 0x000000008f200000| Untracked 
| 203|0x000000008f300000, 0x000000008f300000, 0x000000008f400000|  0%| F|  |TAMS 0x000000008f300000| PB 0x000000008f300000| Untracked 
| 204|0x000000008f400000, 0x000000008f400000, 0x000000008f500000|  0%| F|  |TAMS 0x000000008f400000| PB 0x000000008f400000| Untracked 
| 205|0x000000008f500000, 0x000000008f500000, 0x000000008f600000|  0%| F|  |TAMS 0x000000008f500000| PB 0x000000008f500000| Untracked 
| 206|0x000000008f600000, 0x000000008f600000, 0x000000008f700000|  0%| F|  |TAMS 0x000000008f600000| PB 0x000000008f600000| Untracked 
| 207|0x000000008f700000, 0x000000008f700000, 0x000000008f800000|  0%| F|  |TAMS 0x000000008f700000| PB 0x000000008f700000| Untracked 
| 208|0x000000008f800000, 0x000000008f800000, 0x000000008f900000|  0%| F|  |TAMS 0x000000008f800000| PB 0x000000008f800000| Untracked 
| 209|0x000000008f900000, 0x000000008f900000, 0x000000008fa00000|  0%| F|  |TAMS 0x000000008f900000| PB 0x000000008f900000| Untracked 
| 210|0x000000008fa00000, 0x000000008fa00000, 0x000000008fb00000|  0%| F|  |TAMS 0x000000008fa00000| PB 0x000000008fa00000| Untracked 
| 211|0x000000008fb00000, 0x000000008fb00000, 0x000000008fc00000|  0%| F|  |TAMS 0x000000008fb00000| PB 0x000000008fb00000| Untracked 
| 212|0x000000008fc00000, 0x000000008fc00000, 0x000000008fd00000|  0%| F|  |TAMS 0x000000008fc00000| PB 0x000000008fc00000| Untracked 
| 213|0x000000008fd00000, 0x000000008fd00000, 0x000000008fe00000|  0%| F|  |TAMS 0x000000008fd00000| PB 0x000000008fd00000| Untracked 
| 214|0x000000008fe00000, 0x000000008fe00000, 0x000000008ff00000|  0%| F|  |TAMS 0x000000008fe00000| PB 0x000000008fe00000| Untracked 
| 215|0x000000008ff00000, 0x000000008ff00000, 0x0000000090000000|  0%| F|  |TAMS 0x000000008ff00000| PB 0x000000008ff00000| Untracked 
| 216|0x0000000090000000, 0x0000000090000000, 0x0000000090100000|  0%| F|  |TAMS 0x0000000090000000| PB 0x0000000090000000| Untracked 
| 217|0x0000000090100000, 0x0000000090100000, 0x0000000090200000|  0%| F|  |TAMS 0x0000000090100000| PB 0x0000000090100000| Untracked 
| 218|0x0000000090200000, 0x0000000090200000, 0x0000000090300000|  0%| F|  |TAMS 0x0000000090200000| PB 0x0000000090200000| Untracked 
| 219|0x0000000090300000, 0x0000000090300000, 0x0000000090400000|  0%| F|  |TAMS 0x0000000090300000| PB 0x0000000090300000| Untracked 
| 220|0x0000000090400000, 0x0000000090400000, 0x0000000090500000|  0%| F|  |TAMS 0x0000000090400000| PB 0x0000000090400000| Untracked 
| 221|0x0000000090500000, 0x0000000090500000, 0x0000000090600000|  0%| F|  |TAMS 0x0000000090500000| PB 0x0000000090500000| Untracked 
| 222|0x0000000090600000, 0x0000000090600000, 0x0000000090700000|  0%| F|  |TAMS 0x0000000090600000| PB 0x0000000090600000| Untracked 
| 223|0x0000000090700000, 0x0000000090700000, 0x0000000090800000|  0%| F|  |TAMS 0x0000000090700000| PB 0x0000000090700000| Untracked 
| 224|0x0000000090800000, 0x0000000090800000, 0x0000000090900000|  0%| F|  |TAMS 0x0000000090800000| PB 0x0000000090800000| Untracked 
| 225|0x0000000090900000, 0x0000000090900000, 0x0000000090a00000|  0%| F|  |TAMS 0x0000000090900000| PB 0x0000000090900000| Untracked 
| 226|0x0000000090a00000, 0x0000000090a00000, 0x0000000090b00000|  0%| F|  |TAMS 0x0000000090a00000| PB 0x0000000090a00000| Untracked 
| 227|0x0000000090b00000, 0x0000000090b00000, 0x0000000090c00000|  0%| F|  |TAMS 0x0000000090b00000| PB 0x0000000090b00000| Untracked 
| 228|0x0000000090c00000, 0x0000000090c00000, 0x0000000090d00000|  0%| F|  |TAMS 0x0000000090c00000| PB 0x0000000090c00000| Untracked 
| 229|0x0000000090d00000, 0x0000000090d00000, 0x0000000090e00000|  0%| F|  |TAMS 0x0000000090d00000| PB 0x0000000090d00000| Untracked 
| 230|0x0000000090e00000, 0x0000000090e00000, 0x0000000090f00000|  0%| F|  |TAMS 0x0000000090e00000| PB 0x0000000090e00000| Untracked 
| 231|0x0000000090f00000, 0x0000000090f35f20, 0x0000000091000000| 21%| S|CS|TAMS 0x0000000090f00000| PB 0x0000000090f00000| Complete 
| 232|0x0000000091000000, 0x0000000091000000, 0x0000000091100000|  0%| F|  |TAMS 0x0000000091000000| PB 0x0000000091000000| Untracked 
| 233|0x0000000091100000, 0x0000000091100000, 0x0000000091200000|  0%| F|  |TAMS 0x0000000091100000| PB 0x0000000091100000| Untracked 
| 234|0x0000000091200000, 0x0000000091200000, 0x0000000091300000|  0%| F|  |TAMS 0x0000000091200000| PB 0x0000000091200000| Untracked 
|2003|0x00000000ffb00000, 0x00000000ffbbcf58, 0x00000000ffc00000| 73%| O|  |TAMS 0x00000000ffb00000| PB 0x00000000ffb00000| Untracked 
|2004|0x00000000ffc00000, 0x00000000ffd00000, 0x00000000ffd00000|100%| O|  |TAMS 0x00000000ffc00000| PB 0x00000000ffc00000| Untracked 
|2005|0x00000000ffd00000, 0x00000000ffe00000, 0x00000000ffe00000|100%| O|  |TAMS 0x00000000ffd00000| PB 0x00000000ffd00000| Untracked 
|2006|0x00000000ffe00000, 0x00000000fff00000, 0x00000000fff00000|100%| O|  |TAMS 0x00000000ffe00000| PB 0x00000000ffe00000| Untracked 
|2007|0x00000000fff00000, 0x0000000100000000, 0x0000000100000000|100%| O|  |TAMS 0x00000000fff00000| PB 0x00000000fff00000| Untracked 

Card table byte_map: [0x000001d0717b0000,0x000001d071ba0000] _byte_map_base: 0x000001d07139c000

Marking Bits: (CMBitMap*) 0x000001d059c9a210
 Bits: [0x000001d071ba0000, 0x000001d073b00000)

Polling page: 0x000001d057b40000

Metaspace:

Usage:
  Non-class:     11.89 MB used.
      Class:      1.80 MB used.
       Both:     13.69 MB used.

Virtual space:
  Non-class space:       64.00 MB reserved,      12.06 MB ( 19%) committed,  1 nodes.
      Class space:        1.00 GB reserved,       1.94 MB ( <1%) committed,  1 nodes.
             Both:        1.06 GB reserved,      14.00 MB (  1%) committed. 

Chunk freelists:
   Non-Class:  3.92 MB
       Class:  14.10 MB
        Both:  18.02 MB

MaxMetaspaceSize: unlimited
CompressedClassSpaceSize: 1.00 GB
Initial GC threshold: 21.00 MB
Current GC threshold: 23.12 MB
CDS: on
 - commit_granule_bytes: 65536.
 - commit_granule_words: 8192.
 - virtual_space_node_default_size: 8388608.
 - enlarge_chunks_in_place: 1.
 - use_allocation_guard: 0.


Internal statistics:

num_allocs_failed_limit: 0.
num_arena_births: 344.
num_arena_deaths: 0.
num_vsnodes_births: 2.
num_vsnodes_deaths: 0.
num_space_committed: 224.
num_space_uncommitted: 0.
num_chunks_returned_to_freelist: 0.
num_chunks_taken_from_freelist: 800.
num_chunk_merges: 0.
num_chunk_splits: 542.
num_chunks_enlarged: 369.
num_inconsistent_stats: 0.

CodeHeap 'non-profiled nmethods': size=120000Kb used=719Kb max_used=732Kb free=119280Kb
 bounds [0x000001d069b60000, 0x000001d069dd0000, 0x000001d071090000]
CodeHeap 'profiled nmethods': size=120000Kb used=3711Kb max_used=4275Kb free=116288Kb
 bounds [0x000001d062090000, 0x000001d0624c0000, 0x000001d0695c0000]
CodeHeap 'non-nmethods': size=5760Kb used=1658Kb max_used=1666Kb free=4101Kb
 bounds [0x000001d0695c0000, 0x000001d069830000, 0x000001d069b60000]
 total_blobs=2551 nmethods=1859 adapters=594
 compilation: enabled
              stopped_count=0, restarted_count=0
 full_count=0

Compilation events (20 events):
Event: 2.938 Thread 0x000001d076566830 nmethod 2125 0x000001d0620ca890 code [0x000001d0620cab00, 0x000001d0620cb690]
Event: 2.938 Thread 0x000001d076566830 2121       3       java.lang.invoke.DirectMethodHandle$Holder::invokeStatic (20 bytes)
Event: 2.938 Thread 0x000001d076566830 nmethod 2121 0x000001d0622a6c90 code [0x000001d0622a6e60, 0x000001d0622a7380]
Event: 2.938 Thread 0x000001d076566830 2122       3       java.lang.invoke.BoundMethodHandle$Species_LL::make (12 bytes)
Event: 2.938 Thread 0x000001d076566830 nmethod 2122 0x000001d06210d090 code [0x000001d06210d240, 0x000001d06210d510]
Event: 2.938 Thread 0x000001d076566830 2123       3       java.lang.invoke.BoundMethodHandle$Species_LL::<init> (18 bytes)
Event: 2.938 Thread 0x000001d076566830 nmethod 2123 0x000001d06215fb90 code [0x000001d06215fd40, 0x000001d06215ffd0]
Event: 2.938 Thread 0x000001d076566830 2126       1       java.lang.reflect.Field::getModifiers (5 bytes)
Event: 2.938 Thread 0x000001d076566830 nmethod 2126 0x000001d069bc6410 code [0x000001d069bc65a0, 0x000001d069bc6668]
Event: 2.938 Thread 0x000001d076566830 2120       3       com.sun.javafx.binding.ExpressionHelper::addListener (45 bytes)
Event: 2.939 Thread 0x000001d076566830 nmethod 2120 0x000001d062214310 code [0x000001d062214520, 0x000001d062214c20]
Event: 2.939 Thread 0x000001d076566830 2127       3       javafx.beans.property.ObjectPropertyBase::<init> (25 bytes)
Event: 2.939 Thread 0x000001d076566830 nmethod 2127 0x000001d0620a1a90 code [0x000001d0620a1c60, 0x000001d0620a1f78]
Event: 2.939 Thread 0x000001d076566830 2128       3       java.lang.invoke.LambdaForm$MH/0x000001d00115ec00::invoke (57 bytes)
Event: 2.939 Thread 0x000001d076566830 nmethod 2128 0x000001d06216a610 code [0x000001d06216a820, 0x000001d06216b038]
Event: 2.940 Thread 0x000001d076566830 2130       3       javafx.beans.property.ReadOnlyDoubleProperty::<init> (5 bytes)
Event: 2.940 Thread 0x000001d076566830 nmethod 2130 0x000001d06217d290 code [0x000001d06217d440, 0x000001d06217d668]
Event: 2.940 Thread 0x000001d076566830 2132       3       com.sun.org.apache.xerces.internal.impl.XMLEntityScanner::arrangeCapacity (227 bytes)
Event: 2.941 Thread 0x000001d076566830 nmethod 2132 0x000001d06212aa10 code [0x000001d06212ac40, 0x000001d06212b270]
Event: 2.941 Thread 0x000001d076566830 2135       3       com.sun.org.apache.xerces.internal.impl.XMLNSDocumentScannerImpl::scanStartElement (1031 bytes)

GC Heap History (13 events):
Event: 0.957 GC heap before
{Heap before GC invocations=0 (full 0):
 garbage-first heap   total 129024K, used 22528K [0x0000000082800000, 0x0000000100000000)
  region size 1024K, 23 young (23552K), 0 survivors (0K)
 Metaspace       used 4036K, committed 4224K, reserved 1114112K
  class space    used 474K, committed 576K, reserved 1048576K
}
Event: 0.961 GC heap after
{Heap after GC invocations=1 (full 0):
 garbage-first heap   total 129024K, used 2815K [0x0000000082800000, 0x0000000100000000)
  region size 1024K, 3 young (3072K), 3 survivors (3072K)
 Metaspace       used 4036K, committed 4224K, reserved 1114112K
  class space    used 474K, committed 576K, reserved 1048576K
}
Event: 2.390 GC heap before
{Heap before GC invocations=1 (full 0):
 garbage-first heap   total 129024K, used 47871K [0x0000000082800000, 0x0000000100000000)
  region size 1024K, 37 young (37888K), 3 survivors (3072K)
 Metaspace       used 13424K, committed 13760K, reserved 1114112K
  class space    used 1716K, committed 1856K, reserved 1048576K
}
Event: 2.396 GC heap after
{Heap after GC invocations=2 (full 0):
 garbage-first heap   total 129024K, used 19286K [0x0000000082800000, 0x0000000100000000)
  region size 1024K, 5 young (5120K), 5 survivors (5120K)
 Metaspace       used 13424K, committed 13760K, reserved 1114112K
  class space    used 1716K, committed 1856K, reserved 1048576K
}
Event: 2.571 GC heap before
{Heap before GC invocations=2 (full 0):
 garbage-first heap   total 129024K, used 71510K [0x0000000082800000, 0x0000000100000000)
  region size 1024K, 16 young (16384K), 5 survivors (5120K)
 Metaspace       used 13930K, committed 14208K, reserved 1114112K
  class space    used 1808K, committed 1920K, reserved 1048576K
}
Event: 2.576 GC heap after
{Heap after GC invocations=3 (full 0):
 garbage-first heap   total 129024K, used 63451K [0x0000000082800000, 0x0000000100000000)
  region size 1024K, 5 young (5120K), 5 survivors (5120K)
 Metaspace       used 13930K, committed 14208K, reserved 1114112K
  class space    used 1808K, committed 1920K, reserved 1048576K
}
Event: 2.702 GC heap before
{Heap before GC invocations=4 (full 0):
 garbage-first heap   total 134144K, used 132059K [0x0000000082800000, 0x0000000100000000)
  region size 1024K, 15 young (15360K), 5 survivors (5120K)
 Metaspace       used 13930K, committed 14208K, reserved 1114112K
  class space    used 1808K, committed 1920K, reserved 1048576K
}
Event: 2.705 GC heap after
{Heap after GC invocations=5 (full 0):
 garbage-first heap   total 139264K, used 122849K [0x0000000082800000, 0x0000000100000000)
  region size 1024K, 1 young (1024K), 1 survivors (1024K)
 Metaspace       used 13930K, committed 14208K, reserved 1114112K
  class space    used 1808K, committed 1920K, reserved 1048576K
}
Event: 2.737 GC heap before
{Heap before GC invocations=5 (full 0):
 garbage-first heap   total 144384K, used 143329K [0x0000000082800000, 0x0000000100000000)
  region size 1024K, 4 young (4096K), 1 survivors (1024K)
 Metaspace       used 13930K, committed 14208K, reserved 1114112K
  class space    used 1808K, committed 1920K, reserved 1048576K
}
Event: 2.740 GC heap after
{Heap after GC invocations=6 (full 0):
 garbage-first heap   total 146432K, used 140115K [0x0000000082800000, 0x0000000100000000)
  region size 1024K, 1 young (1024K), 1 survivors (1024K)
 Metaspace       used 13930K, committed 14208K, reserved 1114112K
  class space    used 1808K, committed 1920K, reserved 1048576K
}
Event: 2.741 GC heap before
{Heap before GC invocations=6 (full 0):
 garbage-first heap   total 146432K, used 140115K [0x0000000082800000, 0x0000000100000000)
  region size 1024K, 2 young (2048K), 1 survivors (1024K)
 Metaspace       used 13930K, committed 14208K, reserved 1114112K
  class space    used 1808K, committed 1920K, reserved 1048576K
}
Event: 2.742 GC heap after
{Heap after GC invocations=7 (full 0):
 garbage-first heap   total 146432K, used 140188K [0x0000000082800000, 0x0000000100000000)
  region size 1024K, 1 young (1024K), 1 survivors (1024K)
 Metaspace       used 13930K, committed 14208K, reserved 1114112K
  class space    used 1808K, committed 1920K, reserved 1048576K
}
Event: 2.941 GC heap before
{Heap before GC invocations=8 (full 0):
 garbage-first heap   total 245760K, used 163740K [0x0000000082800000, 0x0000000100000000)
  region size 1024K, 5 young (5120K), 1 survivors (1024K)
 Metaspace       used 14023K, committed 14336K, reserved 1114112K
  class space    used 1846K, committed 1984K, reserved 1048576K
}

Dll operation events (20 events):
Event: 0.498 Loaded shared library C:\Users\Lenovo\.openjfx\cache\20.0.1+2\amd64\api-ms-win-crt-math-l1-1-0.dll
Event: 0.503 Loaded shared library C:\Users\Lenovo\.openjfx\cache\20.0.1+2\amd64\api-ms-win-crt-multibyte-l1-1-0.dll
Event: 0.508 Loaded shared library C:\Users\Lenovo\.openjfx\cache\20.0.1+2\amd64\api-ms-win-crt-private-l1-1-0.dll
Event: 0.512 Loaded shared library C:\Users\Lenovo\.openjfx\cache\20.0.1+2\amd64\api-ms-win-crt-process-l1-1-0.dll
Event: 0.516 Loaded shared library C:\Users\Lenovo\.openjfx\cache\20.0.1+2\amd64\api-ms-win-crt-runtime-l1-1-0.dll
Event: 0.520 Loaded shared library C:\Users\Lenovo\.openjfx\cache\20.0.1+2\amd64\api-ms-win-crt-stdio-l1-1-0.dll
Event: 0.524 Loaded shared library C:\Users\Lenovo\.openjfx\cache\20.0.1+2\amd64\api-ms-win-crt-string-l1-1-0.dll
Event: 0.528 Loaded shared library C:\Users\Lenovo\.openjfx\cache\20.0.1+2\amd64\api-ms-win-crt-time-l1-1-0.dll
Event: 0.532 Loaded shared library C:\Users\Lenovo\.openjfx\cache\20.0.1+2\amd64\api-ms-win-crt-utility-l1-1-0.dll
Event: 0.555 Loaded shared library C:\Users\Lenovo\.openjfx\cache\20.0.1+2\amd64\ucrtbase.dll
Event: 0.560 Loaded shared library C:\Users\Lenovo\.openjfx\cache\20.0.1+2\amd64\vcruntime140.dll
Event: 0.565 Loaded shared library C:\Users\Lenovo\.openjfx\cache\20.0.1+2\amd64\vcruntime140_1.dll
Event: 0.580 Loaded shared library C:\Users\Lenovo\.openjfx\cache\20.0.1+2\amd64\msvcp140.dll
Event: 0.584 Loaded shared library C:\Users\Lenovo\.openjfx\cache\20.0.1+2\amd64\msvcp140_1.dll
Event: 0.594 Loaded shared library C:\Users\Lenovo\.openjfx\cache\20.0.1+2\amd64\msvcp140_2.dll
Event: 0.682 Loaded shared library C:\Users\Lenovo\.openjfx\cache\20.0.1+2\amd64\prism_d3d.dll
Event: 0.807 Loaded shared library C:\Users\Lenovo\.openjfx\cache\20.0.1+2\amd64\glass.dll
Event: 0.955 Loaded shared library C:\Users\Lenovo\.jdks\openjdk-21\bin\jimage.dll
Event: 1.306 Loaded shared library C:\Users\Lenovo\.jdks\openjdk-21\bin\extnet.dll
Event: 1.667 Loaded shared library C:\Users\Lenovo\.openjfx\cache\20.0.1+2\amd64\javafx_font.dll

Deoptimization events (20 events):
Event: 2.729 Thread 0x000001d07b3a2270 DEOPT PACKING pc=0x000001d0624b5557 sp=0x0000000101afdaa0
Event: 2.729 Thread 0x000001d07b3a2270 DEOPT UNPACKING pc=0x000001d069614e42 sp=0x0000000101afcf00 mode 0
Event: 2.731 Thread 0x000001d07b3a2270 DEOPT PACKING pc=0x000001d0624b5557 sp=0x0000000101afdaa0
Event: 2.731 Thread 0x000001d07b3a2270 DEOPT UNPACKING pc=0x000001d069614e42 sp=0x0000000101afcf00 mode 0
Event: 2.732 Thread 0x000001d07b3a2270 DEOPT PACKING pc=0x000001d0624b5557 sp=0x0000000101afdaa0
Event: 2.732 Thread 0x000001d07b3a2270 DEOPT UNPACKING pc=0x000001d069614e42 sp=0x0000000101afcf00 mode 0
Event: 2.734 Thread 0x000001d07b3a2270 DEOPT PACKING pc=0x000001d0624b5557 sp=0x0000000101afdaa0
Event: 2.734 Thread 0x000001d07b3a2270 DEOPT UNPACKING pc=0x000001d069614e42 sp=0x0000000101afcf00 mode 0
Event: 2.735 Thread 0x000001d07b3a2270 DEOPT PACKING pc=0x000001d0624b5557 sp=0x0000000101afdaa0
Event: 2.735 Thread 0x000001d07b3a2270 DEOPT UNPACKING pc=0x000001d069614e42 sp=0x0000000101afcf00 mode 0
Event: 2.737 Thread 0x000001d07b3a2270 DEOPT PACKING pc=0x000001d0624b5557 sp=0x0000000101afdaa0
Event: 2.737 Thread 0x000001d07b3a2270 DEOPT UNPACKING pc=0x000001d069614e42 sp=0x0000000101afcf00 mode 0
Event: 2.743 Thread 0x000001d07b3a2270 DEOPT PACKING pc=0x000001d0624b5557 sp=0x0000000101afdaa0
Event: 2.743 Thread 0x000001d07b3a2270 DEOPT UNPACKING pc=0x000001d069614e42 sp=0x0000000101afcf00 mode 0
Event: 2.744 Thread 0x000001d07b3a2270 DEOPT PACKING pc=0x000001d0624b5557 sp=0x0000000101afdaa0
Event: 2.744 Thread 0x000001d07b3a2270 DEOPT UNPACKING pc=0x000001d069614e42 sp=0x0000000101afcf00 mode 0
Event: 2.922 Thread 0x000001d07b3a2270 Uncommon trap: trap_request=0xffffff45 fr.pc=0x000001d069c126f8 relative=0x0000000000000a58
Event: 2.922 Thread 0x000001d07b3a2270 Uncommon trap: reason=unstable_if action=reinterpret pc=0x000001d069c126f8 method=java.io.BufferedInputStream.implRead([BII)I @ 103 c2
Event: 2.922 Thread 0x000001d07b3a2270 DEOPT PACKING pc=0x000001d069c126f8 sp=0x0000000101afdc60
Event: 2.922 Thread 0x000001d07b3a2270 DEOPT UNPACKING pc=0x000001d0696146a2 sp=0x0000000101afdc18 mode 2

Classes loaded (20 events):
Event: 1.740 Loading class java/util/WeakHashMap$Values
Event: 1.740 Loading class java/util/WeakHashMap$Values done
Event: 1.740 Loading class java/util/WeakHashMap$ValueIterator
Event: 1.741 Loading class java/util/WeakHashMap$ValueIterator done
Event: 1.742 Loading class java/lang/CloneNotSupportedException
Event: 1.742 Loading class java/lang/CloneNotSupportedException done
Event: 1.927 Loading class sun/nio/cs/UTF_16BE$Decoder
Event: 1.927 Loading class sun/nio/cs/UnicodeDecoder
Event: 1.928 Loading class sun/nio/cs/UnicodeDecoder done
Event: 1.928 Loading class sun/nio/cs/UTF_16BE$Decoder done
Event: 2.305 Loading class java/lang/Byte$ByteCache
Event: 2.305 Loading class java/lang/Byte$ByteCache done
Event: 2.305 Loading class java/lang/Short$ShortCache
Event: 2.306 Loading class java/lang/Short$ShortCache done
Event: 2.363 Loading class java/time/DateTimeException
Event: 2.363 Loading class java/time/DateTimeException done
Event: 2.364 Loading class java/time/format/FormatStyle
Event: 2.364 Loading class java/time/format/FormatStyle done
Event: 2.438 Loading class jdk/internal/math/FDBigInteger
Event: 2.439 Loading class jdk/internal/math/FDBigInteger done

Classes unloaded (0 events):
No events

Classes redefined (0 events):
No events

Internal exceptions (20 events):
Event: 1.486 Thread 0x000001d07b3a2270 Exception <a 'java/lang/NullPointerException'{0x00000000898ff378}> (0x00000000898ff378) 
thrown [s\open\src\hotspot\share\interpreter\linkResolver.cpp, line 1372]
Event: 1.597 Thread 0x000001d07b3a2270 Exception <a 'java/lang/NoSuchMethodError'{0x000000008939a480}: 'void java.lang.invoke.DirectMethodHandle$Holder.invokeSpecial(java.lang.Object, java.lang.Object, double)'> (0x000000008939a480) 
thrown [s\open\src\hotspot\share\interpreter\linkResolver.cpp, line 773]
Event: 1.599 Thread 0x000001d07b3a2270 Exception <a 'java/lang/NoSuchMethodError'{0x00000000893a5068}: 'double java.lang.invoke.DelegatingMethodHandle$Holder.reinvoke_L(java.lang.Object, java.lang.Object, int)'> (0x00000000893a5068) 
thrown [s\open\src\hotspot\share\interpreter\linkResolver.cpp, line 773]
Event: 1.600 Thread 0x000001d07b3a2270 Exception <a 'java/lang/NoSuchMethodError'{0x00000000893b6aa8}: 'java.lang.Object java.lang.invoke.DirectMethodHandle$Holder.invokeStatic(java.lang.Object, java.lang.Object, java.lang.Object, java.lang.Object, int)'> (0x00000000893b6aa8) 
thrown [s\open\src\hotspot\share\interpreter\linkResolver.cpp, line 773]
Event: 1.601 Thread 0x000001d07b3a2270 Exception <a 'java/lang/NoSuchMethodError'{0x00000000893c1e38}: 'void java.lang.invoke.DelegatingMethodHandle$Holder.reinvoke_L(java.lang.Object, java.lang.Object, double)'> (0x00000000893c1e38) 
thrown [s\open\src\hotspot\share\interpreter\linkResolver.cpp, line 773]
Event: 1.606 Thread 0x000001d07b3a2270 Exception <a 'java/lang/NoSuchMethodError'{0x00000000893d4730}: 'void java.lang.invoke.DirectMethodHandle$Holder.invokeSpecial(java.lang.Object, java.lang.Object, int)'> (0x00000000893d4730) 
thrown [s\open\src\hotspot\share\interpreter\linkResolver.cpp, line 773]
Event: 1.607 Thread 0x000001d07b3a2270 Exception <a 'java/lang/NoSuchMethodError'{0x00000000893d84b0}: 'int java.lang.invoke.DirectMethodHandle$Holder.invokeSpecial(java.lang.Object, java.lang.Object, java.lang.Object, int)'> (0x00000000893d84b0) 
thrown [s\open\src\hotspot\share\interpreter\linkResolver.cpp, line 773]
Event: 1.609 Thread 0x000001d07b3a2270 Exception <a 'java/lang/NoSuchMethodError'{0x00000000893e2638}: 'void java.lang.invoke.DelegatingMethodHandle$Holder.reinvoke_L(java.lang.Object, java.lang.Object, int)'> (0x00000000893e2638) 
thrown [s\open\src\hotspot\share\interpreter\linkResolver.cpp, line 773]
Event: 1.609 Thread 0x000001d07b3a2270 Exception <a 'java/lang/NoSuchMethodError'{0x00000000893e6060}: 'int java.lang.invoke.DirectMethodHandle$Holder.invokeSpecial(java.lang.Object, java.lang.Object, java.lang.Object)'> (0x00000000893e6060) 
thrown [s\open\src\hotspot\share\interpreter\linkResolver.cpp, line 773]
Event: 1.629 Thread 0x000001d07b3a2270 Exception <a 'java/lang/ClassNotFoundException'{0x00000000892a66f8}: com/sun/glass/ui/win/themes> (0x00000000892a66f8) 
thrown [s\open\src\hotspot\share\prims\jni.cpp, line 539]
Event: 1.630 Thread 0x000001d07b3a2270 Exception <a 'java/lang/ClassNotFoundException'{0x00000000892b18f8}: com/sun/glass/ui/win/themes_fr> (0x00000000892b18f8) 
thrown [s\open\src\hotspot\share\prims\jni.cpp, line 539]
Event: 1.630 Thread 0x000001d07b3a2270 Exception <a 'java/lang/ClassNotFoundException'{0x00000000892ba738}: com/sun/glass/ui/win/themes_fr_FR> (0x00000000892ba738) 
thrown [s\open\src\hotspot\share\prims\jni.cpp, line 539]
Event: 1.741 Thread 0x000001d07b3a2270 Exception <a 'java/lang/NoSuchMethodError'{0x000000008898efe0}: 'void java.lang.invoke.DirectMethodHandle$Holder.invokeStaticInit(java.lang.Object, java.lang.Object)'> (0x000000008898efe0) 
thrown [s\open\src\hotspot\share\interpreter\linkResolver.cpp, line 773]
Event: 1.797 Thread 0x000001d07b3a2270 Exception <a 'java/lang/NoSuchMethodError'{0x000000008879c408}: 'java.lang.Object java.lang.invoke.Invokers$Holder.invokeExact_MT(java.lang.Object, java.lang.Object, java.lang.Object, java.lang.Object, java.lang.Object)'> (0x000000008879c408) 
thrown [s\open\src\hotspot\share\interpreter\linkResolver.cpp, line 773]
Event: 1.802 Thread 0x000001d07b3a2270 Exception <a 'java/lang/NoSuchMethodError'{0x00000000887bd7a8}: 'void java.lang.invoke.Invokers$Holder.invokeExact_MT(java.lang.Object, java.lang.Object, java.lang.Object, java.lang.Object)'> (0x00000000887bd7a8) 
thrown [s\open\src\hotspot\share\interpreter\linkResolver.cpp, line 773]
Event: 2.312 Thread 0x000001d07b3a2270 Exception <a 'java/lang/NoSuchMethodError'{0x00000000883d0110}: 'java.lang.Object java.lang.invoke.DelegatingMethodHandle$Holder.reinvoke_L(java.lang.Object, double, double, double, double)'> (0x00000000883d0110) 
thrown [s\open\src\hotspot\share\interpreter\linkResolver.cpp, line 773]
Event: 2.315 Thread 0x000001d07b3a2270 Exception <a 'java/lang/NoSuchMethodError'{0x00000000883dad98}: 'java.lang.Object java.lang.invoke.DirectMethodHandle$Holder.invokeStatic(java.lang.Object, java.lang.Object, int)'> (0x00000000883dad98) 
thrown [s\open\src\hotspot\share\interpreter\linkResolver.cpp, line 773]
Event: 2.315 Thread 0x000001d07b3a2270 Exception <a 'java/lang/NoSuchMethodError'{0x00000000883de970}: 'void java.lang.invoke.DirectMethodHandle$Holder.invokeStatic(java.lang.Object, java.lang.Object, int, java.lang.Object)'> (0x00000000883de970) 
thrown [s\open\src\hotspot\share\interpreter\linkResolver.cpp, line 773]
Event: 2.316 Thread 0x000001d07b3a2270 Exception <a 'java/lang/NoSuchMethodError'{0x00000000883e53e0}: 'void java.lang.invoke.DelegatingMethodHandle$Holder.delegate(java.lang.Object, java.lang.Object, int, java.lang.Object)'> (0x00000000883e53e0) 
thrown [s\open\src\hotspot\share\interpreter\linkResolver.cpp, line 773]
Event: 2.426 Thread 0x000001d07b3a2270 Exception <a 'java/lang/NoSuchMethodError'{0x000000008a35bc98}: 'java.lang.Object java.lang.invoke.DirectMethodHandle$Holder.newInvokeSpecial(java.lang.Object, double)'> (0x000000008a35bc98) 
thrown [s\open\src\hotspot\share\interpreter\linkResolver.cpp, line 773]

ZGC Phase Switch (0 events):
No events

VM Operations (20 events):
Event: 2.314 Executing VM operation: HandshakeAllThreads (Deoptimize) done
Event: 2.390 Executing VM operation: G1CollectForAllocation (G1 Evacuation Pause)
Event: 2.396 Executing VM operation: G1CollectForAllocation (G1 Evacuation Pause) done
Event: 2.571 Executing VM operation: G1TryInitiateConcMark (G1 Humongous Allocation)
Event: 2.576 Executing VM operation: G1TryInitiateConcMark (G1 Humongous Allocation) done
Event: 2.582 Executing VM operation: G1PauseRemark
Event: 2.585 Executing VM operation: G1PauseRemark done
Event: 2.587 Executing VM operation: G1PauseCleanup
Event: 2.588 Executing VM operation: G1PauseCleanup done
Event: 2.702 Executing VM operation: G1CollectForAllocation (G1 Evacuation Pause)
Event: 2.705 Executing VM operation: G1CollectForAllocation (G1 Evacuation Pause) done
Event: 2.737 Executing VM operation: G1CollectForAllocation (G1 Evacuation Pause)
Event: 2.740 Executing VM operation: G1CollectForAllocation (G1 Evacuation Pause) done
Event: 2.741 Executing VM operation: G1TryInitiateConcMark (G1 Humongous Allocation)
Event: 2.742 Executing VM operation: G1TryInitiateConcMark (G1 Humongous Allocation) done
Event: 2.750 Executing VM operation: G1PauseRemark
Event: 2.753 Executing VM operation: G1PauseRemark done
Event: 2.756 Executing VM operation: G1PauseCleanup
Event: 2.756 Executing VM operation: G1PauseCleanup done
Event: 2.941 Executing VM operation: G1CollectForAllocation (G1 Evacuation Pause)

Events (20 events):
Event: 2.752 Thread 0x000001d076502da0 flushing nmethod 0x000001d069bc1210
Event: 2.752 Thread 0x000001d076502da0 flushing nmethod 0x000001d069ba6c10
Event: 2.752 Thread 0x000001d076502da0 flushing nmethod 0x000001d069bb8990
Event: 2.752 Thread 0x000001d076502da0 flushing nmethod 0x000001d069bb4a10
Event: 2.752 Thread 0x000001d076502da0 flushing nmethod 0x000001d069ba4f10
Event: 2.752 Thread 0x000001d076502da0 flushing nmethod 0x000001d069ba3610
Event: 2.752 Thread 0x000001d076502da0 flushing nmethod 0x000001d069bae190
Event: 2.752 Thread 0x000001d076502da0 flushing nmethod 0x000001d069b98690
Event: 2.752 Thread 0x000001d076502da0 flushing nmethod 0x000001d069b91890
Event: 2.752 Thread 0x000001d076502da0 flushing nmethod 0x000001d069b91390
Event: 2.752 Thread 0x000001d076502da0 flushing nmethod 0x000001d069b7ce90
Event: 2.752 Thread 0x000001d076502da0 flushing nmethod 0x000001d069b82690
Event: 2.752 Thread 0x000001d076502da0 flushing nmethod 0x000001d069b7a090
Event: 2.752 Thread 0x000001d076502da0 flushing nmethod 0x000001d069b78390
Event: 2.752 Thread 0x000001d076502da0 flushing nmethod 0x000001d069b6d290
Event: 2.752 Thread 0x000001d076502da0 flushing nmethod 0x000001d069b6c910
Event: 2.752 Thread 0x000001d076502da0 flushing nmethod 0x000001d069b72c90
Event: 2.752 Thread 0x000001d076502da0 flushing nmethod 0x000001d069b70290
Event: 2.752 Thread 0x000001d076502da0 flushing nmethod 0x000001d069b6b090
Event: 2.752 Thread 0x000001d076502da0 flushing nmethod 0x000001d069b6a990


Dynamic libraries:
0x00007ff62f970000 - 0x00007ff62f97e000 	C:\Users\Lenovo\.jdks\openjdk-21\bin\java.exe
0x00007ff933ab0000 - 0x00007ff933ca8000 	C:\Windows\SYSTEM32\ntdll.dll
0x00007ff924df0000 - 0x00007ff924e09000 	C:\Program Files\Avast Software\Avast\aswhook.dll
0x00007ff933730000 - 0x00007ff9337ed000 	C:\Windows\System32\KERNEL32.DLL
0x00007ff9315a0000 - 0x00007ff931896000 	C:\Windows\System32\KERNELBASE.dll
0x00007ff931160000 - 0x00007ff931260000 	C:\Windows\System32\ucrtbase.dll
0x00007ff92bae0000 - 0x00007ff92bafb000 	C:\Users\Lenovo\.jdks\openjdk-21\bin\VCRUNTIME140.dll
0x00007ff92b600000 - 0x00007ff92b618000 	C:\Users\Lenovo\.jdks\openjdk-21\bin\jli.dll
0x00007ff932400000 - 0x00007ff93259f000 	C:\Windows\System32\USER32.dll
0x00007ff9313b0000 - 0x00007ff9313d2000 	C:\Windows\System32\win32u.dll
0x00007ff90efe0000 - 0x00007ff90f27a000 	C:\Windows\WinSxS\amd64_microsoft.windows.common-controls_6595b64144ccf1df_6.0.19041.3636_none_60b6a03d71f818d5\COMCTL32.dll
0x00007ff932ef0000 - 0x00007ff932f1b000 	C:\Windows\System32\GDI32.dll
0x00007ff932f20000 - 0x00007ff932fbe000 	C:\Windows\System32\msvcrt.dll
0x00007ff931260000 - 0x00007ff931377000 	C:\Windows\System32\gdi32full.dll
0x00007ff931450000 - 0x00007ff9314ed000 	C:\Windows\System32\msvcp_win.dll
0x00007ff931ea0000 - 0x00007ff931ed2000 	C:\Windows\System32\IMM32.DLL
0x00007ff92bc30000 - 0x00007ff92bc3c000 	C:\Users\Lenovo\.jdks\openjdk-21\bin\vcruntime140_1.dll
0x00007ff8fec40000 - 0x00007ff8fecce000 	C:\Users\Lenovo\.jdks\openjdk-21\bin\msvcp140.dll
0x00007ff8f2540000 - 0x00007ff8f3253000 	C:\Users\Lenovo\.jdks\openjdk-21\bin\server\jvm.dll
0x00007ff932650000 - 0x00007ff932700000 	C:\Windows\System32\ADVAPI32.dll
0x00007ff932df0000 - 0x00007ff932e90000 	C:\Windows\System32\sechost.dll
0x00007ff9327d0000 - 0x00007ff9328f3000 	C:\Windows\System32\RPCRT4.dll
0x00007ff931380000 - 0x00007ff9313a7000 	C:\Windows\System32\bcrypt.dll
0x00007ff932d80000 - 0x00007ff932deb000 	C:\Windows\System32\WS2_32.dll
0x00007ff9306f0000 - 0x00007ff93073b000 	C:\Windows\SYSTEM32\POWRPROF.dll
0x00007ff913ce0000 - 0x00007ff913d07000 	C:\Windows\SYSTEM32\WINMM.dll
0x00007ff92a9a0000 - 0x00007ff92a9aa000 	C:\Windows\SYSTEM32\VERSION.dll
0x00007ff930560000 - 0x00007ff930572000 	C:\Windows\SYSTEM32\UMPDC.dll
0x00007ff92f980000 - 0x00007ff92f992000 	C:\Windows\SYSTEM32\kernel.appcore.dll
0x00007ff92b5f0000 - 0x00007ff92b5fa000 	C:\Users\Lenovo\.jdks\openjdk-21\bin\jimage.dll
0x00007ff92eef0000 - 0x00007ff92f0d4000 	C:\Windows\SYSTEM32\DBGHELP.DLL
0x00007ff927d10000 - 0x00007ff927d44000 	C:\Windows\SYSTEM32\dbgcore.DLL
0x00007ff9318a0000 - 0x00007ff931922000 	C:\Windows\System32\bcryptPrimitives.dll
0x00007ff92b300000 - 0x00007ff92b31f000 	C:\Users\Lenovo\.jdks\openjdk-21\bin\java.dll
0x00007ff932fc0000 - 0x00007ff93372b000 	C:\Windows\System32\SHELL32.dll
0x00007ff92f1d0000 - 0x00007ff92f96e000 	C:\Windows\SYSTEM32\windows.storage.dll
0x00007ff931f70000 - 0x00007ff9322c3000 	C:\Windows\System32\combase.dll
0x00007ff930b90000 - 0x00007ff930bbe000 	C:\Windows\SYSTEM32\Wldp.dll
0x00007ff932700000 - 0x00007ff9327cd000 	C:\Windows\System32\OLEAUT32.dll
0x00007ff931ae0000 - 0x00007ff931b8d000 	C:\Windows\System32\SHCORE.dll
0x00007ff933a10000 - 0x00007ff933a65000 	C:\Windows\System32\shlwapi.dll
0x00007ff931090000 - 0x00007ff9310b3000 	C:\Windows\SYSTEM32\profapi.dll
0x00007ff8f4910000 - 0x00007ff8f49e7000 	C:\Users\Lenovo\.jdks\openjdk-21\bin\jsvml.dll
0x00007ff92b5e0000 - 0x00007ff92b5f0000 	C:\Users\Lenovo\.jdks\openjdk-21\bin\net.dll
0x00007ff926410000 - 0x00007ff92651a000 	C:\Windows\SYSTEM32\WINHTTP.dll
0x00007ff9308f0000 - 0x00007ff93095a000 	C:\Windows\system32\mswsock.dll
0x00007ff92b2e0000 - 0x00007ff92b2f6000 	C:\Users\Lenovo\.jdks\openjdk-21\bin\nio.dll
0x00007ff92b2c0000 - 0x00007ff92b2d8000 	C:\Users\Lenovo\.jdks\openjdk-21\bin\zip.dll
0x000001d059bf0000 - 0x000001d059bf3000 	C:\Users\Lenovo\.openjfx\cache\20.0.1+2\amd64\api-ms-win-core-console-l1-1-0.dll
0x000001d059c00000 - 0x000001d059c03000 	C:\Users\Lenovo\.openjfx\cache\20.0.1+2\amd64\api-ms-win-core-console-l1-2-0.dll
0x000001d076ac0000 - 0x000001d076ac3000 	C:\Users\Lenovo\.openjfx\cache\20.0.1+2\amd64\api-ms-win-core-datetime-l1-1-0.dll
0x000001d076ad0000 - 0x000001d076ad3000 	C:\Users\Lenovo\.openjfx\cache\20.0.1+2\amd64\api-ms-win-core-debug-l1-1-0.dll
0x000001d076ae0000 - 0x000001d076ae3000 	C:\Users\Lenovo\.openjfx\cache\20.0.1+2\amd64\api-ms-win-core-errorhandling-l1-1-0.dll
0x000001d076af0000 - 0x000001d076af4000 	C:\Users\Lenovo\.openjfx\cache\20.0.1+2\amd64\api-ms-win-core-file-l1-1-0.dll
0x000001d076b00000 - 0x000001d076b03000 	C:\Users\Lenovo\.openjfx\cache\20.0.1+2\amd64\api-ms-win-core-file-l1-2-0.dll
0x000001d076b10000 - 0x000001d076b13000 	C:\Users\Lenovo\.openjfx\cache\20.0.1+2\amd64\api-ms-win-core-file-l2-1-0.dll
0x000001d076b20000 - 0x000001d076b23000 	C:\Users\Lenovo\.openjfx\cache\20.0.1+2\amd64\api-ms-win-core-handle-l1-1-0.dll
0x000001d076b30000 - 0x000001d076b33000 	C:\Users\Lenovo\.openjfx\cache\20.0.1+2\amd64\api-ms-win-core-heap-l1-1-0.dll
0x000001d076b40000 - 0x000001d076b43000 	C:\Users\Lenovo\.openjfx\cache\20.0.1+2\amd64\api-ms-win-core-interlocked-l1-1-0.dll
0x000001d076b50000 - 0x000001d076b53000 	C:\Users\Lenovo\.openjfx\cache\20.0.1+2\amd64\api-ms-win-core-libraryloader-l1-1-0.dll
0x000001d076b60000 - 0x000001d076b63000 	C:\Users\Lenovo\.openjfx\cache\20.0.1+2\amd64\api-ms-win-core-localization-l1-2-0.dll
0x000001d076b70000 - 0x000001d076b73000 	C:\Users\Lenovo\.openjfx\cache\20.0.1+2\amd64\api-ms-win-core-memory-l1-1-0.dll
0x000001d076b80000 - 0x000001d076b83000 	C:\Users\Lenovo\.openjfx\cache\20.0.1+2\amd64\api-ms-win-core-namedpipe-l1-1-0.dll
0x000001d076b90000 - 0x000001d076b93000 	C:\Users\Lenovo\.openjfx\cache\20.0.1+2\amd64\api-ms-win-core-processenvironment-l1-1-0.dll
0x000001d076ba0000 - 0x000001d076ba3000 	C:\Users\Lenovo\.openjfx\cache\20.0.1+2\amd64\api-ms-win-core-processthreads-l1-1-0.dll
0x000001d076bb0000 - 0x000001d076bb3000 	C:\Users\Lenovo\.openjfx\cache\20.0.1+2\amd64\api-ms-win-core-processthreads-l1-1-1.dll
0x000001d076bc0000 - 0x000001d076bc3000 	C:\Users\Lenovo\.openjfx\cache\20.0.1+2\amd64\api-ms-win-core-profile-l1-1-0.dll
0x000001d076bd0000 - 0x000001d076bd3000 	C:\Users\Lenovo\.openjfx\cache\20.0.1+2\amd64\api-ms-win-core-rtlsupport-l1-1-0.dll
0x000001d076be0000 - 0x000001d076be3000 	C:\Users\Lenovo\.openjfx\cache\20.0.1+2\amd64\api-ms-win-core-string-l1-1-0.dll
0x000001d076bf0000 - 0x000001d076bf3000 	C:\Users\Lenovo\.openjfx\cache\20.0.1+2\amd64\api-ms-win-core-synch-l1-1-0.dll
0x000001d076c00000 - 0x000001d076c03000 	C:\Users\Lenovo\.openjfx\cache\20.0.1+2\amd64\api-ms-win-core-synch-l1-2-0.dll
0x000001d076c10000 - 0x000001d076c13000 	C:\Users\Lenovo\.openjfx\cache\20.0.1+2\amd64\api-ms-win-core-sysinfo-l1-1-0.dll
0x000001d076c20000 - 0x000001d076c23000 	C:\Users\Lenovo\.openjfx\cache\20.0.1+2\amd64\api-ms-win-core-timezone-l1-1-0.dll
0x000001d076c30000 - 0x000001d076c33000 	C:\Users\Lenovo\.openjfx\cache\20.0.1+2\amd64\api-ms-win-core-util-l1-1-0.dll
0x000001d076c40000 - 0x000001d076c43000 	C:\Users\Lenovo\.openjfx\cache\20.0.1+2\amd64\api-ms-win-crt-conio-l1-1-0.dll
0x000001d076c50000 - 0x000001d076c54000 	C:\Users\Lenovo\.openjfx\cache\20.0.1+2\amd64\api-ms-win-crt-convert-l1-1-0.dll
0x000001d076c60000 - 0x000001d076c63000 	C:\Users\Lenovo\.openjfx\cache\20.0.1+2\amd64\api-ms-win-crt-environment-l1-1-0.dll
0x000001d076c70000 - 0x000001d076c73000 	C:\Users\Lenovo\.openjfx\cache\20.0.1+2\amd64\api-ms-win-crt-filesystem-l1-1-0.dll
0x000001d076c80000 - 0x000001d076c83000 	C:\Users\Lenovo\.openjfx\cache\20.0.1+2\amd64\api-ms-win-crt-heap-l1-1-0.dll
0x000001d076c90000 - 0x000001d076c93000 	C:\Users\Lenovo\.openjfx\cache\20.0.1+2\amd64\api-ms-win-crt-locale-l1-1-0.dll
0x000001d076ca0000 - 0x000001d076ca5000 	C:\Users\Lenovo\.openjfx\cache\20.0.1+2\amd64\api-ms-win-crt-math-l1-1-0.dll
0x000001d076cb0000 - 0x000001d076cb5000 	C:\Users\Lenovo\.openjfx\cache\20.0.1+2\amd64\api-ms-win-crt-multibyte-l1-1-0.dll
0x000001d076cc0000 - 0x000001d076cd0000 	C:\Users\Lenovo\.openjfx\cache\20.0.1+2\amd64\api-ms-win-crt-private-l1-1-0.dll
0x000001d076cd0000 - 0x000001d076cd3000 	C:\Users\Lenovo\.openjfx\cache\20.0.1+2\amd64\api-ms-win-crt-process-l1-1-0.dll
0x000001d076ce0000 - 0x000001d076ce4000 	C:\Users\Lenovo\.openjfx\cache\20.0.1+2\amd64\api-ms-win-crt-runtime-l1-1-0.dll
0x000001d076cf0000 - 0x000001d076cf4000 	C:\Users\Lenovo\.openjfx\cache\20.0.1+2\amd64\api-ms-win-crt-stdio-l1-1-0.dll
0x000001d076d00000 - 0x000001d076d04000 	C:\Users\Lenovo\.openjfx\cache\20.0.1+2\amd64\api-ms-win-crt-string-l1-1-0.dll
0x000001d076d10000 - 0x000001d076d13000 	C:\Users\Lenovo\.openjfx\cache\20.0.1+2\amd64\api-ms-win-crt-time-l1-1-0.dll
0x000001d076d20000 - 0x000001d076d23000 	C:\Users\Lenovo\.openjfx\cache\20.0.1+2\amd64\api-ms-win-crt-utility-l1-1-0.dll
0x00007ff914140000 - 0x00007ff91423c000 	C:\Users\Lenovo\.openjfx\cache\20.0.1+2\amd64\ucrtbase.dll
0x00007ff92a1d0000 - 0x00007ff92a1eb000 	C:\Users\Lenovo\.openjfx\cache\20.0.1+2\amd64\vcruntime140.dll
0x00007ff92b5c0000 - 0x00007ff92b5cc000 	C:\Users\Lenovo\.openjfx\cache\20.0.1+2\amd64\vcruntime140_1.dll
0x00007ff9140b0000 - 0x00007ff91413e000 	C:\Users\Lenovo\.openjfx\cache\20.0.1+2\amd64\msvcp140.dll
0x00007ff929a60000 - 0x00007ff929a69000 	C:\Users\Lenovo\.openjfx\cache\20.0.1+2\amd64\msvcp140_1.dll
0x00007ff9294b0000 - 0x00007ff9294e0000 	C:\Users\Lenovo\.openjfx\cache\20.0.1+2\amd64\msvcp140_2.dll
0x00007ff924d40000 - 0x00007ff924d6f000 	C:\Users\Lenovo\.openjfx\cache\20.0.1+2\amd64\prism_d3d.dll
0x00007ff90cb50000 - 0x00007ff90cd1d000 	C:\Windows\system32\d3d9.dll
0x00007ff92e860000 - 0x00007ff92e88f000 	C:\Windows\SYSTEM32\dwmapi.dll
0x00007ff92e760000 - 0x00007ff92e7fe000 	C:\Windows\system32\uxtheme.dll
0x00007ff8f9930000 - 0x00007ff8f9a95000 	C:\Windows\System32\DriverStore\FileRepository\iigd_dch.inf_amd64_4b31d9b38e2bb506\igdumdim64.dll
0x00007ff933850000 - 0x00007ff93397b000 	C:\Windows\System32\ole32.dll
0x00007ff882ae0000 - 0x00007ff88676b000 	C:\Windows\System32\DriverStore\FileRepository\iigd_dch.inf_amd64_4b31d9b38e2bb506\igd9dxva64.dll
0x00007ff932900000 - 0x00007ff932d6e000 	C:\Windows\System32\SETUPAPI.dll
0x00007ff931930000 - 0x00007ff93197e000 	C:\Windows\System32\cfgmgr32.dll
0x00007ff9260b0000 - 0x00007ff9263e6000 	C:\Windows\System32\DriverStore\FileRepository\iigd_dch.inf_amd64_4b31d9b38e2bb506\igdgmm64.dll
0x00007ff91fb10000 - 0x00007ff91fb52000 	C:\Users\Lenovo\.openjfx\cache\20.0.1+2\amd64\glass.dll
0x00007ff931b90000 - 0x00007ff931c6a000 	C:\Windows\System32\COMDLG32.dll
0x00007ff9322d0000 - 0x00007ff9323e5000 	C:\Windows\System32\MSCTF.dll
0x00007ff8fc850000 - 0x00007ff8fc877000 	C:\Windows\System32\DriverStore\FileRepository\iigd_dch.inf_amd64_4b31d9b38e2bb506\igdinfo64.dll
0x00007ff930af0000 - 0x00007ff930b08000 	C:\Windows\SYSTEM32\CRYPTSP.dll
0x00007ff9301a0000 - 0x00007ff9301d4000 	C:\Windows\system32\rsaenh.dll
0x00007ff930ae0000 - 0x00007ff930aec000 	C:\Windows\SYSTEM32\CRYPTBASE.dll
0x00007ff9203c0000 - 0x00007ff92314f000 	C:\Windows\System32\DriverStore\FileRepository\iigd_dch.inf_amd64_4b31d9b38e2bb506\igc64.dll
0x00007ff926bc0000 - 0x00007ff926bfb000 	C:\Windows\SYSTEM32\dxcore.dll
0x00007ff9305d0000 - 0x00007ff93069b000 	C:\Windows\SYSTEM32\DNSAPI.dll
0x00007ff930580000 - 0x00007ff9305bb000 	C:\Windows\SYSTEM32\IPHLPAPI.DLL
0x00007ff933a00000 - 0x00007ff933a08000 	C:\Windows\System32\NSI.dll
0x00007ff927d00000 - 0x00007ff927d0a000 	C:\Windows\System32\rasadhlp.dll
0x00007ff925c90000 - 0x00007ff925d10000 	C:\Windows\System32\fwpuclnt.dll
0x00007ff92b2b0000 - 0x00007ff92b2b7000 	C:\Users\Lenovo\.jdks\openjdk-21\bin\extnet.dll
0x00007ff928e40000 - 0x00007ff928e54000 	C:\Users\Lenovo\.openjfx\cache\20.0.1+2\amd64\javafx_font.dll
0x00007ff91c480000 - 0x00007ff91c6ff000 	C:\Windows\SYSTEM32\dwrite.dll

dbghelp: loaded successfully - version: 4.0.5 - missing functions: none
symbol engine: initialized successfully - sym options: 0x614 - pdb path: .;C:\Users\Lenovo\.jdks\openjdk-21\bin;C:\Windows\SYSTEM32;C:\Program Files\Avast Software\Avast;C:\Windows\WinSxS\amd64_microsoft.windows.common-controls_6595b64144ccf1df_6.0.19041.3636_none_60b6a03d71f818d5;C:\Users\Lenovo\.jdks\openjdk-21\bin\server;C:\Users\Lenovo\.openjfx\cache\20.0.1+2\amd64;C:\Windows\System32\DriverStore\FileRepository\iigd_dch.inf_amd64_4b31d9b38e2bb506

VM Arguments:
jvm_args: --module-path=C:\Users\Lenovo\.m2\repository\org\openjfx\javafx-base\20.0.1\javafx-base-20.0.1-win.jar;C:\Users\Lenovo\.m2\repository\org\openjfx\javafx-base\20.0.1\javafx-base-20.0.1.jar;C:\Users\Lenovo\.m2\repository\org\openjfx\javafx-controls\20.0.1\javafx-controls-20.0.1-win.jar;C:\Users\Lenovo\.m2\repository\org\openjfx\javafx-controls\20.0.1\javafx-controls-20.0.1.jar;C:\Users\Lenovo\.m2\repository\org\openjfx\javafx-fxml\20.0.1\javafx-fxml-20.0.1-win.jar;C:\Users\Lenovo\.m2\repository\org\openjfx\javafx-fxml\20.0.1\javafx-fxml-20.0.1.jar;C:\Users\Lenovo\.m2\repository\org\openjfx\javafx-graphics\20.0.1\javafx-graphics-20.0.1-win.jar;C:\Users\Lenovo\.m2\repository\org\openjfx\javafx-graphics\20.0.1\javafx-graphics-20.0.1.jar --add-modules=javafx.base,javafx.controls,javafx.fxml,javafx.graphics 
java_command: test.Main
java_class_path (initial): C:\Users\Lenovo\Desktop\java\PIJAVA\target\classes;C:\Users\Lenovo\.m2\repository\com\google\protobuf\protobuf-java\3.21.9\protobuf-java-3.21.9.jar;C:\Users\Lenovo\.m2\repository\com\mysql\mysql-connector-j\8.0.33\mysql-connector-j-8.0.33.jar;C:\Users\Lenovo\.m2\repository\de\jensd\fontawesomefx-commons\9.1.2\fontawesomefx-commons-9.1.2.jar;C:\Users\Lenovo\.m2\repository\de\jensd\fontawesomefx-fontawesome\4.7.0-9.1.2\fontawesomefx-fontawesome-4.7.0-9.1.2.jar
Launcher Type: SUN_STANDARD

[Global flags]
     intx CICompilerCount                          = 4                                         {product} {ergonomic}
     uint ConcGCThreads                            = 2                                         {product} {ergonomic}
     uint G1ConcRefinementThreads                  = 8                                         {product} {ergonomic}
   size_t G1HeapRegionSize                         = 1048576                                   {product} {ergonomic}
    uintx GCDrainStackTargetSize                   = 64                                        {product} {ergonomic}
   size_t InitialHeapSize                          = 132120576                                 {product} {ergonomic}
   size_t MarkStackSize                            = 4194304                                   {product} {ergonomic}
   size_t MaxHeapSize                              = 2105540608                                {product} {ergonomic}
   size_t MaxNewSize                               = 1262485504                                {product} {ergonomic}
   size_t MinHeapDeltaBytes                        = 1048576                                   {product} {ergonomic}
   size_t MinHeapSize                              = 8388608                                   {product} {ergonomic}
    uintx NonNMethodCodeHeapSize                   = 5839372                                {pd product} {ergonomic}
    uintx NonProfiledCodeHeapSize                  = 122909434                              {pd product} {ergonomic}
    uintx ProfiledCodeHeapSize                     = 122909434                              {pd product} {ergonomic}
    uintx ReservedCodeCacheSize                    = 251658240                              {pd product} {ergonomic}
     bool SegmentedCodeCache                       = true                                      {product} {ergonomic}
   size_t SoftMaxHeapSize                          = 2105540608                             {manageable} {ergonomic}
     bool UseCompressedOops                        = true                           {product lp64_product} {ergonomic}
     bool UseG1GC                                  = true                                      {product} {ergonomic}
     bool UseLargePagesIndividualAllocation        = false                                  {pd product} {ergonomic}

Logging:
Log output configuration:
 #0: stdout all=warning uptime,level,tags foldmultilines=false
 #1: stderr all=off uptime,level,tags foldmultilines=false

Environment Variables:
PATH=C:\oraclexe\app\oracle\product\10.2.0\server\bin;C:\Program Files (x86)\VMware\VMware Player\bin\;C:\Windows\system32;C:\Windows;C:\Windows\System32\Wbem;C:\Windows\System32\WindowsPowerShell\v1.0\;C:\Windows\System32\OpenSSH\;C:\xampp\php;C:\Program Files\Git\cmd;C:\composer;C:\Users\Lenovo\AppData\Local\Programs\Python\Launcher\;C:\Users\Lenovo\scoop\shims;C:\Users\Lenovo\AppData\Local\Microsoft\WindowsApps;C:\Microsoft VS Code\bin;C:\Users\Lenovo\AppData\Roaming\Composer\vendor\bin;C:\Flex Windows\gcc\bin;C:\Flex Windows\Lex\bin;C:\Flex Windows\bison\bin
USERNAME=Lenovo
OS=Windows_NT
PROCESSOR_IDENTIFIER=Intel64 Family 6 Model 142 Stepping 12, GenuineIntel
TMP=C:\Users\Lenovo\AppData\Local\Temp
TEMP=C:\Users\Lenovo\AppData\Local\Temp




---------------  S Y S T E M  ---------------

OS:
 Windows 10 , 64 bit Build 19041 (10.0.19041.3636)
OS uptime: 2 days 6:05 hours

CPU: total 8 (initial active 8) (4 cores per cpu, 2 threads per core) family 6 model 142 stepping 12 microcode 0xde, cx8, cmov, fxsr, ht, mmx, 3dnowpref, sse, sse2, sse3, ssse3, sse4.1, sse4.2, popcnt, lzcnt, tsc, tscinvbit, avx, avx2, aes, erms, clmul, bmi1, bmi2, adx, fma, vzeroupper, clflush, clflushopt, rdtscp, f16c
Processor Information for processor 0
  Max Mhz: 2112, Current Mhz: 1609, Mhz Limit: 1605
Processor Information for processor 1
  Max Mhz: 2112, Current Mhz: 1609, Mhz Limit: 1605
Processor Information for processor 2
  Max Mhz: 2112, Current Mhz: 1408, Mhz Limit: 1605
Processor Information for processor 3
  Max Mhz: 2112, Current Mhz: 1609, Mhz Limit: 1605
Processor Information for processor 4
  Max Mhz: 2112, Current Mhz: 1408, Mhz Limit: 1605
Processor Information for processor 5
  Max Mhz: 2112, Current Mhz: 1408, Mhz Limit: 1605
Processor Information for processor 6
  Max Mhz: 2112, Current Mhz: 1609, Mhz Limit: 1605
Processor Information for processor 7
  Max Mhz: 2112, Current Mhz: 1408, Mhz Limit: 1605

Memory: 4k page, system-wide physical 8027M (120M free)
TotalPageFile size 32603M (AvailPageFile size 73M)
current process WorkingSet (physical memory assigned to process): 259M, peak: 259M
current process commit charge ("private bytes"): 380M, peak: 470M

vm_info: OpenJDK 64-Bit Server VM (21+35-2513) for windows-amd64 JRE (21+35-2513), built on 2023-08-09T20:25:10Z by "mach5one" with MS VC++ 17.1 (VS2022)

END.
