#
# There is insufficient memory for the Java Runtime Environment to continue.
# Native memory allocation (mmap) failed to map 67108864 bytes for G1 virtual space
# Possible reasons:
#   The system is out of physical RAM or swap space
#   The process is running with CompressedOops enabled, and the Java Heap may be blocking the growth of the native heap
# Possible solutions:
#   Reduce memory load on the system
#   Increase physical memory or swap space
#   Check if swap backing store is full
#   Decrease Java heap size (-Xmx/-Xms)
#   Decrease number of Java threads
#   Decrease Java thread stack sizes (-Xss)
#   Set larger code cache with -XX:ReservedCodeCacheSize=
#   JVM is running with Unscaled Compressed Oops mode in which the Java heap is
#     placed in the first 4GB address space. The Java Heap base address is the
#     maximum limit for the native heap growth. Please use -XX:HeapBaseMinAddress
#     to set the Java Heap base and to place the Java Heap above 4GB virtual address.
# This output file may be truncated or incomplete.
#
#  Out of Memory Error (os_windows.cpp:3600), pid=28212, tid=18224
#
# JRE version: OpenJDK Runtime Environment (21.0+35) (build 21+35-2513)
# Java VM: OpenJDK 64-Bit Server VM (21+35-2513, mixed mode, sharing, tiered, compressed oops, compressed class ptrs, g1 gc, windows-amd64)
# No core dump will be written. Minidumps are not enabled by default on client versions of Windows
#

---------------  S U M M A R Y ------------

Command Line: --module-path=C:\Users\Lenovo\.m2\repository\org\openjfx\javafx-base\20.0.1\javafx-base-20.0.1-win.jar;C:\Users\Lenovo\.m2\repository\org\openjfx\javafx-base\20.0.1\javafx-base-20.0.1.jar;C:\Users\Lenovo\.m2\repository\org\openjfx\javafx-controls\20.0.1\javafx-controls-20.0.1-win.jar;C:\Users\Lenovo\.m2\repository\org\openjfx\javafx-controls\20.0.1\javafx-controls-20.0.1.jar;C:\Users\Lenovo\.m2\repository\org\openjfx\javafx-fxml\20.0.1\javafx-fxml-20.0.1-win.jar;C:\Users\Lenovo\.m2\repository\org\openjfx\javafx-fxml\20.0.1\javafx-fxml-20.0.1.jar;C:\Users\Lenovo\.m2\repository\org\openjfx\javafx-graphics\20.0.1\javafx-graphics-20.0.1-win.jar;C:\Users\Lenovo\.m2\repository\org\openjfx\javafx-graphics\20.0.1\javafx-graphics-20.0.1.jar --add-modules=javafx.base,javafx.controls,javafx.fxml,javafx.graphics test.Main

Host: Intel(R) Core(TM) i5-10210U CPU @ 1.60GHz, 8 cores, 7G,  Windows 10 , 64 bit Build 19041 (10.0.19041.3636)
Time: Fri May  3 22:42:40 2024 Paris, Madrid (heure duild 19041 (10.0.19041.3636) elapsed time: 2.793394 seconds (0d 0h 0m 2s)

---------------  T H R E A D  ---------------

Current thread (0x00000228cbf809a0):  VMThread "VM Thread"          [id=18224, stack(0x0000003b8d900000,0x0000003b8da00000) (1024K)]

Stack: [0x0000003b8d900000,0x0000003b8da00000]
Native frames: (J=compiled Java code, j=interpreted, Vv=VM code, C=native code)
V  [jvm.dll+0x6c8d39]
V  [jvm.dll+0x854091]
V  [jvm.dll+0x85630e]
V  [jvm.dll+0x8569e3]
V  [jvm.dll+0x2809a6]
V  [jvm.dll+0x6c5425]
V  [jvm.dll+0x6b9e1a]
V  [jvm.dll+0x3555ba]
V  [jvm.dll+0x35d206]
V  [jvm.dll+0x3adf6e]
V  [jvm.dll+0x3ae218]
V  [jvm.dll+0x328fcc]
V  [jvm.dll+0x329057]
V  [jvm.dll+0x36d90c]
V  [jvm.dll+0x36c10d]
V  [jvm.dll+0x328741]
V  [jvm.dll+0x36bb38]
V  [jvm.dll+0x85c4e8]
V  [jvm.dll+0x85d5e4]
V  [jvm.dll+0x85db20]
V  [jvm.dll+0x85ddc3]
V  [jvm.dll+0x7fd2c8]
V  [jvm.dll+0x6c748d]
C  [ucrtbase.dll+0x21bb2]
C  [KERNEL32.DLL+0x17344]
C  [ntdll.dll+0x526b1]

VM_Operation (0x0000003b8e6fcf78): G1TryInitiateConcMark, mode: safepoint, requested by thread 0x00000228cc9873f0


---------------  P R O C E S S  ---------------

Threads class SMR info:
_java_thread_list=0x0000022916ced1f0, length=18, elements={
0x00000228ad5dcc80, 0x00000228cbf9f0c0, 0x00000228cbfa1270, 0x00000228cbfa5a20,
0x00000228cbfa88f0, 0x00000228cbfa9b90, 0x00000228cbfaad90, 0x00000228cbfae700,
0x00000228cbfb2f00, 0x00000228cc1bd580, 0x00000228cc421dd0, 0x00000228cc8c6800,
0x00000228cc50a860, 0x00000228cc9873f0, 0x00000228ccb50f20, 0x00000228ccbb2b00,
0x00000228cccb2ce0, 0x00000229170287c0
}

Java Threads: ( => current thread )
  0x00000228ad5dcc80 JavaThread "main"                              [_thread_blocked, id=9960, stack(0x0000003b8d200000,0x0000003b8d300000) (1024K)]
  0x00000228cbf9f0c0 JavaThread "Reference Handler"          daemon [_thread_blocked, id=7768, stack(0x0000003b8da00000,0x0000003b8db00000) (1024K)]
  0x00000228cbfa1270 JavaThread "Finalizer"                  daemon [_thread_blocked, id=9688, stack(0x0000003b8db00000,0x0000003b8dc00000) (1024K)]
  0x00000228cbfa5a20 JavaThread "Signal Dispatcher"          daemon [_thread_blocked, id=16060, stack(0x0000003b8dc00000,0x0000003b8dd00000) (1024K)]
  0x00000228cbfa88f0 JavaThread "Attach Listener"            daemon [_thread_blocked, id=5708, stack(0x0000003b8dd00000,0x0000003b8de00000) (1024K)]
  0x00000228cbfa9b90 JavaThread "Service Thread"             daemon [_thread_blocked, id=28188, stack(0x0000003b8de00000,0x0000003b8df00000) (1024K)]
  0x00000228cbfaad90 JavaThread "Monitor Deflation Thread"   daemon [_thread_blocked, id=30516, stack(0x0000003b8df00000,0x0000003b8e000000) (1024K)]
  0x00000228cbfae700 JavaThread "C2 CompilerThread0"         daemon [_thread_blocked, id=29832, stack(0x0000003b8e000000,0x0000003b8e100000) (1024K)]
  0x00000228cbfb2f00 JavaThread "C1 CompilerThread0"         daemon [_thread_blocked, id=24204, stack(0x0000003b8e100000,0x0000003b8e200000) (1024K)]
  0x00000228cc1bd580 JavaThread "Common-Cleaner"             daemon [_thread_blocked, id=30064, stack(0x0000003b8e200000,0x0000003b8e300000) (1024K)]
  0x00000228cc421dd0 JavaThread "Notification Thread"        daemon [_thread_blocked, id=6908, stack(0x0000003b8e400000,0x0000003b8e500000) (1024K)]
  0x00000228cc8c6800 JavaThread "QuantumRenderer-0"          daemon [_thread_blocked, id=26408, stack(0x0000003b8e300000,0x0000003b8e400000) (1024K)]
  0x00000228cc50a860 JavaThread "InvokeLaterDispatcher"      daemon [_thread_blocked, id=29328, stack(0x0000003b8e500000,0x0000003b8e600000) (1024K)]
  0x00000228cc9873f0 JavaThread "JavaFX Application Thread"         [_thread_blocked, id=20872, stack(0x0000003b8e600000,0x0000003b8e700000) (1024K)]
  0x00000228ccb50f20 JavaThread "JavaFX-Launcher"                   [_thread_blocked, id=27844, stack(0x0000003b8eb00000,0x0000003b8ec00000) (1024K)]
  0x00000228ccbb2b00 JavaThread "Thread-2"                   daemon [_thread_blocked, id=1804, stack(0x0000003b8ea00000,0x0000003b8eb00000) (1024K)]
  0x00000228cccb2ce0 JavaThread "mysql-cj-abandoned-connection-cleanup" daemon [_thread_blocked, id=27964, stack(0x0000003b8f100000,0x0000003b8f200000) (1024K)]
  0x00000229170287c0 JavaThread "Prism Font Disposer"        daemon [_thread_blocked, id=2660, stack(0x0000003b8f400000,0x0000003b8f500000) (1024K)]
Total: 18

Other Threads:
=>0x00000228cbf809a0 VMThread "VM Thread"                           [id=18224, stack(0x0000003b8d900000,0x0000003b8da00000) (1024K)]
  0x00000228cbf69770 WatcherThread "VM Periodic Task Thread"        [id=6736, stack(0x0000003b8d800000,0x0000003b8d900000) (1024K)]
  0x00000228ad736e10 WorkerThread "GC Thread#0"                     [id=25108, stack(0x0000003b8d300000,0x0000003b8d400000) (1024K)]
  0x00000228ccbcb1a0 WorkerThread "GC Thread#1"                     [id=11368, stack(0x0000003b8ec00000,0x0000003b8ed00000) (1024K)]
  0x00000228ccb57460 WorkerThread "GC Thread#2"                     [id=30572, stack(0x0000003b8ed00000,0x0000003b8ee00000) (1024K)]
  0x00000228ccb52260 WorkerThread "GC Thread#3"                     [id=12316, stack(0x0000003b8ee00000,0x0000003b8ef00000) (1024K)]
  0x00000228ccb5b7e0 WorkerThread "GC Thread#4"                     [id=30400, stack(0x0000003b8ef00000,0x0000003b8f000000) (1024K)]
  0x00000228ccbc1020 WorkerThread "GC Thread#5"                     [id=12748, stack(0x0000003b8f000000,0x0000003b8f100000) (1024K)]
  0x0000022917012010 WorkerThread "GC Thread#6"                     [id=27412, stack(0x0000003b8f200000,0x0000003b8f300000) (1024K)]
  0x0000022916f8ac80 WorkerThread "GC Thread#7"                     [id=30408, stack(0x0000003b8f300000,0x0000003b8f400000) (1024K)]
  0x00000228ad7478f0 ConcurrentGCThread "G1 Main Marker"            [id=18584, stack(0x0000003b8d400000,0x0000003b8d500000) (1024K)]
  0x00000228ad748e10 WorkerThread "G1 Conc#0"                       [id=19352, stack(0x0000003b8d500000,0x0000003b8d600000) (1024K)]
  0x0000022916f88a70 WorkerThread "G1 Conc#1"                       [id=22648, stack(0x0000003b8f500000,0x0000003b8f600000) (1024K)]
  0x00000228cbe430d0 ConcurrentGCThread "G1 Refine#0"               [id=28420, stack(0x0000003b8d600000,0x0000003b8d700000) (1024K)]
  0x00000228ad7aaf70 ConcurrentGCThread "G1 Service"                [id=24436, stack(0x0000003b8d700000,0x0000003b8d800000) (1024K)]
Total: 15

Threads with active compile tasks:
C2 CompilerThread0     2848 2135       4       java.io.FilterInputStream::read (9 bytes)
C1 CompilerThread0     2848 2154       3       com.sun.org.apache.xerces.internal.impl.XMLDocumentFragmentScannerImpl$ElementStack::nextElement (129 bytes)
Total: 2

VM state: at safepoint (normal execution)

VM Mutex/Monitor currently owned by a thread:  ([mutex/lock_event])
[0x00007ff8f3178548] Threads_lock - owner thread: 0x00000228cbf809a0
[0x00007ff8f3178648] Heap_lock - owner thread: 0x00000228cc9873f0

Heap address: 0x0000000082800000, size: 2008 MB, Compressed Oops mode: 32-bit

CDS archive(s) mapped at: [0x00000228cd000000-0x00000228cdc90000-0x00000228cdc90000), size 13172736, SharedBaseAddress: 0x00000228cd000000, ArchiveRelocationMode: 1.
Compressed class space mapped at: 0x00000228ce000000-0x000002290e000000, reserved size: 1073741824
Narrow klass base: 0x00000228cd000000, Narrow klass shift: 0, Narrow klass range: 0x100000000

GC Precious Log:
 CardTable entry size: 512
 Card Set container configuration: InlinePtr #cards 5 size 8 Array Of Cards #cards 12 size 40 Howl #buckets 4 coarsen threshold 1843 Howl Bitmap #cards 512 size 80 coarsen threshold 460 Card regions per heap region 1 cards per card region 2048
 CPUs: 8 total, 8 available
 Memory: 8027M
 Large Page Support: Disabled
 NUMA Support: Disabled
 Compressed Oops: Enabled (32-bit)
 Heap Region Size: 1M
 Heap Min Capacity: 8M
 Heap Initial Capacity: 126M
 Heap Max Capacity: 2008M
 Pre-touch: Disabled
 Parallel Workers: 8
 Concurrent Workers: 2
 Concurrent Refinement Workers: 8
 Periodic GC: Disabled

Heap:
 garbage-first heap   total 268288K, used 159220K [0x0000000082800000, 0x0000000100000000)
  region size 1024K, 1 young (1024K), 1 survivors (1024K)
 Metaspace       used 14040K, committed 14400K, reserved 1114112K
  class space    used 1845K, committed 1984K, reserved 1048576K

Heap Regions: E=young(eden), S=young(survivor), O=old, HS=humongous(starts), HC=humongous(continues), CS=collection set, F=free, TAMS=top-at-mark-start, PB=parsable bottom
|   0|0x0000000082800000, 0x0000000082900000, 0x0000000082900000|100%|HS|  |TAMS 0x0000000082900000| PB 0x0000000082800000| Complete 
|   1|0x0000000082900000, 0x0000000082a00000, 0x0000000082a00000|100%|HC|  |TAMS 0x0000000082a00000| PB 0x0000000082900000| Complete 
|   2|0x0000000082a00000, 0x0000000082b00000, 0x0000000082b00000|100%|HS|  |TAMS 0x0000000082b00000| PB 0x0000000082a00000| Complete 
|   3|0x0000000082b00000, 0x0000000082c00000, 0x0000000082c00000|100%|HC|  |TAMS 0x0000000082c00000| PB 0x0000000082b00000| Complete 
|   4|0x0000000082c00000, 0x0000000082d00000, 0x0000000082d00000|100%|HS|  |TAMS 0x0000000082d00000| PB 0x0000000082c00000| Complete 
|   5|0x0000000082d00000, 0x0000000082e00000, 0x0000000082e00000|100%|HC|  |TAMS 0x0000000082e00000| PB 0x0000000082d00000| Complete 
|   6|0x0000000082e00000, 0x0000000082f00000, 0x0000000082f00000|100%|HS|  |TAMS 0x0000000082f00000| PB 0x0000000082e00000| Complete 
|   7|0x0000000082f00000, 0x0000000083000000, 0x0000000083000000|100%|HC|  |TAMS 0x0000000083000000| PB 0x0000000082f00000| Complete 
|   8|0x0000000083000000, 0x0000000083100000, 0x0000000083100000|100%|HS|  |TAMS 0x0000000083100000| PB 0x0000000083000000| Complete 
|   9|0x0000000083100000, 0x0000000083200000, 0x0000000083200000|100%|HC|  |TAMS 0x0000000083200000| PB 0x0000000083100000| Complete 
|  10|0x0000000083200000, 0x0000000083300000, 0x0000000083300000|100%|HS|  |TAMS 0x0000000083300000| PB 0x0000000083200000| Complete 
|  11|0x0000000083300000, 0x0000000083400000, 0x0000000083400000|100%| O|  |TAMS 0x0000000083400000| PB 0x0000000083300000| Untracked 
|  12|0x0000000083400000, 0x0000000083500000, 0x0000000083500000|100%| O|  |TAMS 0x0000000083500000| PB 0x0000000083400000| Untracked 
|  13|0x0000000083500000, 0x0000000083600000, 0x0000000083600000|100%| O|  |TAMS 0x0000000083600000| PB 0x0000000083500000| Untracked 
|  14|0x0000000083600000, 0x0000000083700000, 0x0000000083700000|100%|HS|  |TAMS 0x0000000083700000| PB 0x0000000083600000| Complete 
|  15|0x0000000083700000, 0x0000000083800000, 0x0000000083800000|100%|HS|  |TAMS 0x0000000083800000| PB 0x0000000083700000| Complete 
|  16|0x0000000083800000, 0x0000000083900000, 0x0000000083900000|100%|HS|  |TAMS 0x0000000083900000| PB 0x0000000083800000| Complete 
|  17|0x0000000083900000, 0x0000000083a00000, 0x0000000083a00000|100%|HS|  |TAMS 0x0000000083a00000| PB 0x0000000083900000| Complete 
|  18|0x0000000083a00000, 0x0000000083b00000, 0x0000000083b00000|100%|HS|  |TAMS 0x0000000083b00000| PB 0x0000000083a00000| Complete 
|  19|0x0000000083b00000, 0x0000000083c00000, 0x0000000083c00000|100%|HS|  |TAMS 0x0000000083c00000| PB 0x0000000083b00000| Complete 
|  20|0x0000000083c00000, 0x0000000083d00000, 0x0000000083d00000|100%|HS|  |TAMS 0x0000000083d00000| PB 0x0000000083c00000| Complete 
|  21|0x0000000083d00000, 0x0000000083e00000, 0x0000000083e00000|100%|HS|  |TAMS 0x0000000083e00000| PB 0x0000000083d00000| Complete 
|  22|0x0000000083e00000, 0x0000000083f00000, 0x0000000083f00000|100%|HS|  |TAMS 0x0000000083f00000| PB 0x0000000083e00000| Complete 
|  23|0x0000000083f00000, 0x0000000084000000, 0x0000000084000000|100%|HS|  |TAMS 0x0000000084000000| PB 0x0000000083f00000| Complete 
|  24|0x0000000084000000, 0x0000000084100000, 0x0000000084100000|100%|HS|  |TAMS 0x0000000084100000| PB 0x0000000084000000| Complete 
|  25|0x0000000084100000, 0x0000000084200000, 0x0000000084200000|100%|HS|  |TAMS 0x0000000084200000| PB 0x0000000084100000| Complete 
|  26|0x0000000084200000, 0x0000000084300000, 0x0000000084300000|100%|HS|  |TAMS 0x0000000084300000| PB 0x0000000084200000| Complete 
|  27|0x0000000084300000, 0x0000000084400000, 0x0000000084400000|100%|HS|  |TAMS 0x0000000084400000| PB 0x0000000084300000| Complete 
|  28|0x0000000084400000, 0x0000000084500000, 0x0000000084500000|100%|HS|  |TAMS 0x0000000084500000| PB 0x0000000084400000| Complete 
|  29|0x0000000084500000, 0x0000000084600000, 0x0000000084600000|100%|HS|  |TAMS 0x0000000084600000| PB 0x0000000084500000| Complete 
|  30|0x0000000084600000, 0x0000000084700000, 0x0000000084700000|100%|HS|  |TAMS 0x0000000084700000| PB 0x0000000084600000| Complete 
|  31|0x0000000084700000, 0x0000000084800000, 0x0000000084800000|100%|HS|  |TAMS 0x0000000084800000| PB 0x0000000084700000| Complete 
|  32|0x0000000084800000, 0x0000000084900000, 0x0000000084900000|100%|HS|  |TAMS 0x0000000084900000| PB 0x0000000084800000| Complete 
|  33|0x0000000084900000, 0x0000000084a00000, 0x0000000084a00000|100%|HS|  |TAMS 0x0000000084a00000| PB 0x0000000084900000| Complete 
|  34|0x0000000084a00000, 0x0000000084b00000, 0x0000000084b00000|100%|HS|  |TAMS 0x0000000084b00000| PB 0x0000000084a00000| Complete 
|  35|0x0000000084b00000, 0x0000000084c00000, 0x0000000084c00000|100%|HS|  |TAMS 0x0000000084c00000| PB 0x0000000084b00000| Complete 
|  36|0x0000000084c00000, 0x0000000084d00000, 0x0000000084d00000|100%|HS|  |TAMS 0x0000000084d00000| PB 0x0000000084c00000| Complete 
|  37|0x0000000084d00000, 0x0000000084e00000, 0x0000000084e00000|100%|HS|  |TAMS 0x0000000084e00000| PB 0x0000000084d00000| Complete 
|  38|0x0000000084e00000, 0x0000000084f00000, 0x0000000084f00000|100%|HS|  |TAMS 0x0000000084f00000| PB 0x0000000084e00000| Complete 
|  39|0x0000000084f00000, 0x0000000085000000, 0x0000000085000000|100%|HS|  |TAMS 0x0000000085000000| PB 0x0000000084f00000| Complete 
|  40|0x0000000085000000, 0x0000000085100000, 0x0000000085100000|100%|HS|  |TAMS 0x0000000085100000| PB 0x0000000085000000| Complete 
|  41|0x0000000085100000, 0x0000000085200000, 0x0000000085200000|100%|HS|  |TAMS 0x0000000085200000| PB 0x0000000085100000| Complete 
|  42|0x0000000085200000, 0x0000000085300000, 0x0000000085300000|100%|HS|  |TAMS 0x0000000085300000| PB 0x0000000085200000| Complete 
|  43|0x0000000085300000, 0x0000000085400000, 0x0000000085400000|100%|HS|  |TAMS 0x0000000085400000| PB 0x0000000085300000| Complete 
|  44|0x0000000085400000, 0x0000000085500000, 0x0000000085500000|100%|HS|  |TAMS 0x0000000085500000| PB 0x0000000085400000| Complete 
|  45|0x0000000085500000, 0x0000000085600000, 0x0000000085600000|100%|HS|  |TAMS 0x0000000085600000| PB 0x0000000085500000| Complete 
|  46|0x0000000085600000, 0x0000000085700000, 0x0000000085700000|100%|HS|  |TAMS 0x0000000085700000| PB 0x0000000085600000| Complete 
|  47|0x0000000085700000, 0x0000000085800000, 0x0000000085800000|100%|HS|  |TAMS 0x0000000085800000| PB 0x0000000085700000| Complete 
|  48|0x0000000085800000, 0x0000000085900000, 0x0000000085900000|100%|HS|  |TAMS 0x0000000085900000| PB 0x0000000085800000| Complete 
|  49|0x0000000085900000, 0x0000000085a00000, 0x0000000085a00000|100%|HS|  |TAMS 0x0000000085a00000| PB 0x0000000085900000| Complete 
|  50|0x0000000085a00000, 0x0000000085b00000, 0x0000000085b00000|100%|HS|  |TAMS 0x0000000085b00000| PB 0x0000000085a00000| Complete 
|  51|0x0000000085b00000, 0x0000000085c00000, 0x0000000085c00000|100%|HS|  |TAMS 0x0000000085c00000| PB 0x0000000085b00000| Complete 
|  52|0x0000000085c00000, 0x0000000085d00000, 0x0000000085d00000|100%|HS|  |TAMS 0x0000000085d00000| PB 0x0000000085c00000| Complete 
|  53|0x0000000085d00000, 0x0000000085e00000, 0x0000000085e00000|100%|HS|  |TAMS 0x0000000085e00000| PB 0x0000000085d00000| Complete 
|  54|0x0000000085e00000, 0x0000000085f00000, 0x0000000085f00000|100%|HS|  |TAMS 0x0000000085f00000| PB 0x0000000085e00000| Complete 
|  55|0x0000000085f00000, 0x0000000086000000, 0x0000000086000000|100%|HS|  |TAMS 0x0000000086000000| PB 0x0000000085f00000| Complete 
|  56|0x0000000086000000, 0x0000000086100000, 0x0000000086100000|100%| O|  |TAMS 0x0000000086100000| PB 0x0000000086000000| Untracked 
|  57|0x0000000086100000, 0x0000000086200000, 0x0000000086200000|100%| O|  |TAMS 0x0000000086200000| PB 0x0000000086100000| Untracked 
|  58|0x0000000086200000, 0x0000000086300000, 0x0000000086300000|100%| O|  |TAMS 0x0000000086300000| PB 0x0000000086200000| Untracked 
|  59|0x0000000086300000, 0x0000000086400000, 0x0000000086400000|100%| O|  |TAMS 0x0000000086400000| PB 0x0000000086300000| Untracked 
|  60|0x0000000086400000, 0x0000000086500000, 0x0000000086500000|100%|HS|  |TAMS 0x0000000086500000| PB 0x0000000086400000| Complete 
|  61|0x0000000086500000, 0x00000000865efe18, 0x0000000086600000| 93%| O|  |TAMS 0x00000000865efe18| PB 0x0000000086500000| Untracked 
|  62|0x0000000086600000, 0x0000000086700000, 0x0000000086700000|100%|HS|  |TAMS 0x0000000086700000| PB 0x0000000086600000| Complete 
|  63|0x0000000086700000, 0x0000000086800000, 0x0000000086800000|100%|HS|  |TAMS 0x0000000086800000| PB 0x0000000086700000| Complete 
|  64|0x0000000086800000, 0x0000000086900000, 0x0000000086900000|100%|HS|  |TAMS 0x0000000086900000| PB 0x0000000086800000| Complete 
|  65|0x0000000086900000, 0x0000000086a00000, 0x0000000086a00000|100%|HS|  |TAMS 0x0000000086a00000| PB 0x0000000086900000| Complete 
|  66|0x0000000086a00000, 0x0000000086b00000, 0x0000000086b00000|100%|HS|  |TAMS 0x0000000086b00000| PB 0x0000000086a00000| Complete 
|  67|0x0000000086b00000, 0x0000000086c00000, 0x0000000086c00000|100%|HS|  |TAMS 0x0000000086c00000| PB 0x0000000086b00000| Complete 
|  68|0x0000000086c00000, 0x0000000086d00000, 0x0000000086d00000|100%|HS|  |TAMS 0x0000000086d00000| PB 0x0000000086c00000| Complete 
|  69|0x0000000086d00000, 0x0000000086e00000, 0x0000000086e00000|100%|HS|  |TAMS 0x0000000086e00000| PB 0x0000000086d00000| Complete 
|  70|0x0000000086e00000, 0x0000000086f00000, 0x0000000086f00000|100%|HS|  |TAMS 0x0000000086f00000| PB 0x0000000086e00000| Complete 
|  71|0x0000000086f00000, 0x0000000087000000, 0x0000000087000000|100%|HS|  |TAMS 0x0000000087000000| PB 0x0000000086f00000| Complete 
|  72|0x0000000087000000, 0x0000000087100000, 0x0000000087100000|100%|HS|  |TAMS 0x0000000087100000| PB 0x0000000087000000| Complete 
|  73|0x0000000087100000, 0x0000000087200000, 0x0000000087200000|100%|HS|  |TAMS 0x0000000087200000| PB 0x0000000087100000| Complete 
|  74|0x0000000087200000, 0x0000000087300000, 0x0000000087300000|100%|HS|  |TAMS 0x0000000087300000| PB 0x0000000087200000| Complete 
|  75|0x0000000087300000, 0x0000000087400000, 0x0000000087400000|100%|HS|  |TAMS 0x0000000087400000| PB 0x0000000087300000| Complete 
|  76|0x0000000087400000, 0x0000000087500000, 0x0000000087500000|100%|HS|  |TAMS 0x0000000087500000| PB 0x0000000087400000| Complete 
|  77|0x0000000087500000, 0x0000000087600000, 0x0000000087600000|100%|HS|  |TAMS 0x0000000087600000| PB 0x0000000087500000| Complete 
|  78|0x0000000087600000, 0x0000000087700000, 0x0000000087700000|100%|HS|  |TAMS 0x0000000087700000| PB 0x0000000087600000| Complete 
|  79|0x0000000087700000, 0x0000000087800000, 0x0000000087800000|100%|HS|  |TAMS 0x0000000087800000| PB 0x0000000087700000| Complete 
|  80|0x0000000087800000, 0x0000000087900000, 0x0000000087900000|100%|HS|  |TAMS 0x0000000087900000| PB 0x0000000087800000| Complete 
|  81|0x0000000087900000, 0x0000000087a00000, 0x0000000087a00000|100%|HS|  |TAMS 0x0000000087a00000| PB 0x0000000087900000| Complete 
|  82|0x0000000087a00000, 0x0000000087b00000, 0x0000000087b00000|100%|HS|  |TAMS 0x0000000087b00000| PB 0x0000000087a00000| Complete 
|  83|0x0000000087b00000, 0x0000000087c00000, 0x0000000087c00000|100%|HS|  |TAMS 0x0000000087c00000| PB 0x0000000087b00000| Complete 
|  84|0x0000000087c00000, 0x0000000087d00000, 0x0000000087d00000|100%|HS|  |TAMS 0x0000000087d00000| PB 0x0000000087c00000| Complete 
|  85|0x0000000087d00000, 0x0000000087e00000, 0x0000000087e00000|100%|HS|  |TAMS 0x0000000087e00000| PB 0x0000000087d00000| Complete 
|  86|0x0000000087e00000, 0x0000000087f00000, 0x0000000087f00000|100%|HS|  |TAMS 0x0000000087f00000| PB 0x0000000087e00000| Complete 
|  87|0x0000000087f00000, 0x0000000088000000, 0x0000000088000000|100%|HS|  |TAMS 0x0000000088000000| PB 0x0000000087f00000| Complete 
|  88|0x0000000088000000, 0x0000000088100000, 0x0000000088100000|100%|HS|  |TAMS 0x0000000088100000| PB 0x0000000088000000| Complete 
|  89|0x0000000088100000, 0x0000000088200000, 0x0000000088200000|100%|HS|  |TAMS 0x0000000088200000| PB 0x0000000088100000| Complete 
|  90|0x0000000088200000, 0x0000000088300000, 0x0000000088300000|100%|HS|  |TAMS 0x0000000088300000| PB 0x0000000088200000| Complete 
|  91|0x0000000088300000, 0x0000000088400000, 0x0000000088400000|100%|HS|  |TAMS 0x0000000088400000| PB 0x0000000088300000| Complete 
|  92|0x0000000088400000, 0x0000000088500000, 0x0000000088500000|100%|HS|  |TAMS 0x0000000088500000| PB 0x0000000088400000| Complete 
|  93|0x0000000088500000, 0x0000000088600000, 0x0000000088600000|100%|HS|  |TAMS 0x0000000088600000| PB 0x0000000088500000| Complete 
|  94|0x0000000088600000, 0x0000000088700000, 0x0000000088700000|100%|HS|  |TAMS 0x0000000088700000| PB 0x0000000088600000| Complete 
|  95|0x0000000088700000, 0x0000000088800000, 0x0000000088800000|100%|HS|  |TAMS 0x0000000088800000| PB 0x0000000088700000| Complete 
|  96|0x0000000088800000, 0x0000000088900000, 0x0000000088900000|100%|HS|  |TAMS 0x0000000088900000| PB 0x0000000088800000| Complete 
|  97|0x0000000088900000, 0x0000000088a00000, 0x0000000088a00000|100%|HS|  |TAMS 0x0000000088a00000| PB 0x0000000088900000| Complete 
|  98|0x0000000088a00000, 0x0000000088b00000, 0x0000000088b00000|100%|HS|  |TAMS 0x0000000088b00000| PB 0x0000000088a00000| Complete 
|  99|0x0000000088b00000, 0x0000000088c00000, 0x0000000088c00000|100%|HS|  |TAMS 0x0000000088c00000| PB 0x0000000088b00000| Complete 
| 100|0x0000000088c00000, 0x0000000088d00000, 0x0000000088d00000|100%|HS|  |TAMS 0x0000000088d00000| PB 0x0000000088c00000| Complete 
| 101|0x0000000088d00000, 0x0000000088e00000, 0x0000000088e00000|100%|HS|  |TAMS 0x0000000088e00000| PB 0x0000000088d00000| Complete 
| 102|0x0000000088e00000, 0x0000000088f00000, 0x0000000088f00000|100%|HS|  |TAMS 0x0000000088f00000| PB 0x0000000088e00000| Complete 
| 103|0x0000000088f00000, 0x0000000089000000, 0x0000000089000000|100%|HS|  |TAMS 0x0000000089000000| PB 0x0000000088f00000| Complete 
| 104|0x0000000089000000, 0x0000000089100000, 0x0000000089100000|100%|HS|  |TAMS 0x0000000089100000| PB 0x0000000089000000| Complete 
| 105|0x0000000089100000, 0x0000000089200000, 0x0000000089200000|100%|HS|  |TAMS 0x0000000089200000| PB 0x0000000089100000| Complete 
| 106|0x0000000089200000, 0x0000000089300000, 0x0000000089300000|100%|HS|  |TAMS 0x0000000089300000| PB 0x0000000089200000| Complete 
| 107|0x0000000089300000, 0x0000000089400000, 0x0000000089400000|100%|HS|  |TAMS 0x0000000089400000| PB 0x0000000089300000| Complete 
| 108|0x0000000089400000, 0x0000000089500000, 0x0000000089500000|100%|HS|  |TAMS 0x0000000089500000| PB 0x0000000089400000| Complete 
| 109|0x0000000089500000, 0x0000000089600000, 0x0000000089600000|100%|HS|  |TAMS 0x0000000089600000| PB 0x0000000089500000| Complete 
| 110|0x0000000089600000, 0x0000000089700000, 0x0000000089700000|100%|HS|  |TAMS 0x0000000089700000| PB 0x0000000089600000| Complete 
| 111|0x0000000089700000, 0x0000000089800000, 0x0000000089800000|100%|HS|  |TAMS 0x0000000089800000| PB 0x0000000089700000| Complete 
| 112|0x0000000089800000, 0x0000000089900000, 0x0000000089900000|100%|HS|  |TAMS 0x0000000089900000| PB 0x0000000089800000| Complete 
| 113|0x0000000089900000, 0x0000000089a00000, 0x0000000089a00000|100%|HS|  |TAMS 0x0000000089a00000| PB 0x0000000089900000| Complete 
| 114|0x0000000089a00000, 0x0000000089b00000, 0x0000000089b00000|100%|HS|  |TAMS 0x0000000089b00000| PB 0x0000000089a00000| Complete 
| 115|0x0000000089b00000, 0x0000000089c00000, 0x0000000089c00000|100%|HS|  |TAMS 0x0000000089c00000| PB 0x0000000089b00000| Complete 
| 116|0x0000000089c00000, 0x0000000089d00000, 0x0000000089d00000|100%|HS|  |TAMS 0x0000000089d00000| PB 0x0000000089c00000| Complete 
| 117|0x0000000089d00000, 0x0000000089e00000, 0x0000000089e00000|100%|HS|  |TAMS 0x0000000089e00000| PB 0x0000000089d00000| Complete 
| 118|0x0000000089e00000, 0x0000000089f00000, 0x0000000089f00000|100%|HS|  |TAMS 0x0000000089f00000| PB 0x0000000089e00000| Complete 
| 119|0x0000000089f00000, 0x000000008a000000, 0x000000008a000000|100%|HS|  |TAMS 0x000000008a000000| PB 0x0000000089f00000| Complete 
| 120|0x000000008a000000, 0x000000008a100000, 0x000000008a100000|100%|HS|  |TAMS 0x000000008a100000| PB 0x000000008a000000| Complete 
| 121|0x000000008a100000, 0x000000008a200000, 0x000000008a200000|100%|HS|  |TAMS 0x000000008a200000| PB 0x000000008a100000| Complete 
| 122|0x000000008a200000, 0x000000008a300000, 0x000000008a300000|100%|HS|  |TAMS 0x000000008a300000| PB 0x000000008a200000| Complete 
| 123|0x000000008a300000, 0x000000008a400000, 0x000000008a400000|100%|HS|  |TAMS 0x000000008a400000| PB 0x000000008a300000| Complete 
| 124|0x000000008a400000, 0x000000008a500000, 0x000000008a500000|100%|HS|  |TAMS 0x000000008a500000| PB 0x000000008a400000| Complete 
| 125|0x000000008a500000, 0x000000008a600000, 0x000000008a600000|100%|HS|  |TAMS 0x000000008a600000| PB 0x000000008a500000| Complete 
| 126|0x000000008a600000, 0x000000008a700000, 0x000000008a700000|100%|HS|  |TAMS 0x000000008a700000| PB 0x000000008a600000| Complete 
| 127|0x000000008a700000, 0x000000008a800000, 0x000000008a800000|100%|HS|  |TAMS 0x000000008a800000| PB 0x000000008a700000| Complete 
| 128|0x000000008a800000, 0x000000008a900000, 0x000000008a900000|100%|HS|  |TAMS 0x000000008a900000| PB 0x000000008a800000| Complete 
| 129|0x000000008a900000, 0x000000008aa00000, 0x000000008aa00000|100%|HS|  |TAMS 0x000000008aa00000| PB 0x000000008a900000| Complete 
| 130|0x000000008aa00000, 0x000000008ab00000, 0x000000008ab00000|100%|HS|  |TAMS 0x000000008ab00000| PB 0x000000008aa00000| Complete 
| 131|0x000000008ab00000, 0x000000008ac00000, 0x000000008ac00000|100%|HS|  |TAMS 0x000000008ac00000| PB 0x000000008ab00000| Complete 
| 132|0x000000008ac00000, 0x000000008ad00000, 0x000000008ad00000|100%|HS|  |TAMS 0x000000008ad00000| PB 0x000000008ac00000| Complete 
| 133|0x000000008ad00000, 0x000000008ae00000, 0x000000008ae00000|100%|HS|  |TAMS 0x000000008ae00000| PB 0x000000008ad00000| Complete 
| 134|0x000000008ae00000, 0x000000008af00000, 0x000000008af00000|100%|HS|  |TAMS 0x000000008af00000| PB 0x000000008ae00000| Complete 
| 135|0x000000008af00000, 0x000000008b000000, 0x000000008b000000|100%|HS|  |TAMS 0x000000008b000000| PB 0x000000008af00000| Complete 
| 136|0x000000008b000000, 0x000000008b100000, 0x000000008b100000|100%|HS|  |TAMS 0x000000008b100000| PB 0x000000008b000000| Complete 
| 137|0x000000008b100000, 0x000000008b200000, 0x000000008b200000|100%|HS|  |TAMS 0x000000008b200000| PB 0x000000008b100000| Complete 
| 138|0x000000008b200000, 0x000000008b300000, 0x000000008b300000|100%|HS|  |TAMS 0x000000008b300000| PB 0x000000008b200000| Complete 
| 139|0x000000008b300000, 0x000000008b400000, 0x000000008b400000|100%|HS|  |TAMS 0x000000008b400000| PB 0x000000008b300000| Complete 
| 140|0x000000008b400000, 0x000000008b500000, 0x000000008b500000|100%|HS|  |TAMS 0x000000008b500000| PB 0x000000008b400000| Complete 
| 141|0x000000008b500000, 0x000000008b600000, 0x000000008b600000|100%|HS|  |TAMS 0x000000008b600000| PB 0x000000008b500000| Complete 
| 142|0x000000008b600000, 0x000000008b700000, 0x000000008b700000|100%|HS|  |TAMS 0x000000008b700000| PB 0x000000008b600000| Complete 
| 143|0x000000008b700000, 0x000000008b800000, 0x000000008b800000|100%|HS|  |TAMS 0x000000008b800000| PB 0x000000008b700000| Complete 
| 144|0x000000008b800000, 0x000000008b900000, 0x000000008b900000|100%|HS|  |TAMS 0x000000008b900000| PB 0x000000008b800000| Complete 
| 145|0x000000008b900000, 0x000000008ba00000, 0x000000008ba00000|100%|HS|  |TAMS 0x000000008ba00000| PB 0x000000008b900000| Complete 
| 146|0x000000008ba00000, 0x000000008bb00000, 0x000000008bb00000|100%|HS|  |TAMS 0x000000008bb00000| PB 0x000000008ba00000| Complete 
| 147|0x000000008bb00000, 0x000000008bc00000, 0x000000008bc00000|100%|HS|  |TAMS 0x000000008bc00000| PB 0x000000008bb00000| Complete 
| 148|0x000000008bc00000, 0x000000008bd00000, 0x000000008bd00000|100%|HS|  |TAMS 0x000000008bd00000| PB 0x000000008bc00000| Complete 
| 149|0x000000008bd00000, 0x000000008be00000, 0x000000008be00000|100%|HS|  |TAMS 0x000000008be00000| PB 0x000000008bd00000| Complete 
| 150|0x000000008be00000, 0x000000008bf00000, 0x000000008bf00000|100%|HS|  |TAMS 0x000000008bf00000| PB 0x000000008be00000| Complete 
| 151|0x000000008bf00000, 0x000000008c000000, 0x000000008c000000|100%|HS|  |TAMS 0x000000008c000000| PB 0x000000008bf00000| Complete 
| 152|0x000000008c000000, 0x000000008c100000, 0x000000008c100000|100%|HS|  |TAMS 0x000000008c100000| PB 0x000000008c000000| Complete 
| 153|0x000000008c100000, 0x000000008c200000, 0x000000008c200000|100%|HS|  |TAMS 0x000000008c200000| PB 0x000000008c100000| Complete 
| 154|0x000000008c200000, 0x000000008c300000, 0x000000008c300000|100%|HS|  |TAMS 0x000000008c300000| PB 0x000000008c200000| Complete 
| 155|0x000000008c300000, 0x000000008c300000, 0x000000008c400000|  0%| F|  |TAMS 0x000000008c300000| PB 0x000000008c300000| Untracked 
| 156|0x000000008c400000, 0x000000008c400000, 0x000000008c500000|  0%| F|  |TAMS 0x000000008c400000| PB 0x000000008c400000| Untracked 
| 157|0x000000008c500000, 0x000000008c500000, 0x000000008c600000|  0%| F|  |TAMS 0x000000008c500000| PB 0x000000008c500000| Untracked 
| 158|0x000000008c600000, 0x000000008c600000, 0x000000008c700000|  0%| F|  |TAMS 0x000000008c600000| PB 0x000000008c600000| Untracked 
| 159|0x000000008c700000, 0x000000008c700000, 0x000000008c800000|  0%| F|  |TAMS 0x000000008c700000| PB 0x000000008c700000| Untracked 
| 160|0x000000008c800000, 0x000000008c800000, 0x000000008c900000|  0%| F|  |TAMS 0x000000008c800000| PB 0x000000008c800000| Untracked 
| 161|0x000000008c900000, 0x000000008c900000, 0x000000008ca00000|  0%| F|  |TAMS 0x000000008c900000| PB 0x000000008c900000| Untracked 
| 162|0x000000008ca00000, 0x000000008ca00000, 0x000000008cb00000|  0%| F|  |TAMS 0x000000008ca00000| PB 0x000000008ca00000| Untracked 
| 163|0x000000008cb00000, 0x000000008cb00000, 0x000000008cc00000|  0%| F|  |TAMS 0x000000008cb00000| PB 0x000000008cb00000| Untracked 
| 164|0x000000008cc00000, 0x000000008cc00000, 0x000000008cd00000|  0%| F|  |TAMS 0x000000008cc00000| PB 0x000000008cc00000| Untracked 
| 165|0x000000008cd00000, 0x000000008cd00000, 0x000000008ce00000|  0%| F|  |TAMS 0x000000008cd00000| PB 0x000000008cd00000| Untracked 
| 166|0x000000008ce00000, 0x000000008ce00000, 0x000000008cf00000|  0%| F|  |TAMS 0x000000008ce00000| PB 0x000000008ce00000| Untracked 
| 167|0x000000008cf00000, 0x000000008cf00000, 0x000000008d000000|  0%| F|  |TAMS 0x000000008cf00000| PB 0x000000008cf00000| Untracked 
| 168|0x000000008d000000, 0x000000008d000000, 0x000000008d100000|  0%| F|  |TAMS 0x000000008d000000| PB 0x000000008d000000| Untracked 
| 169|0x000000008d100000, 0x000000008d100000, 0x000000008d200000|  0%| F|  |TAMS 0x000000008d100000| PB 0x000000008d100000| Untracked 
| 170|0x000000008d200000, 0x000000008d200000, 0x000000008d300000|  0%| F|  |TAMS 0x000000008d200000| PB 0x000000008d200000| Untracked 
| 171|0x000000008d300000, 0x000000008d300000, 0x000000008d400000|  0%| F|  |TAMS 0x000000008d300000| PB 0x000000008d300000| Untracked 
| 172|0x000000008d400000, 0x000000008d400000, 0x000000008d500000|  0%| F|  |TAMS 0x000000008d400000| PB 0x000000008d400000| Untracked 
| 173|0x000000008d500000, 0x000000008d500000, 0x000000008d600000|  0%| F|  |TAMS 0x000000008d500000| PB 0x000000008d500000| Untracked 
| 174|0x000000008d600000, 0x000000008d600000, 0x000000008d700000|  0%| F|  |TAMS 0x000000008d600000| PB 0x000000008d600000| Untracked 
| 175|0x000000008d700000, 0x000000008d700000, 0x000000008d800000|  0%| F|  |TAMS 0x000000008d700000| PB 0x000000008d700000| Untracked 
| 176|0x000000008d800000, 0x000000008d800000, 0x000000008d900000|  0%| F|  |TAMS 0x000000008d800000| PB 0x000000008d800000| Untracked 
| 177|0x000000008d900000, 0x000000008d900000, 0x000000008da00000|  0%| F|  |TAMS 0x000000008d900000| PB 0x000000008d900000| Untracked 
| 178|0x000000008da00000, 0x000000008da00000, 0x000000008db00000|  0%| F|  |TAMS 0x000000008da00000| PB 0x000000008da00000| Untracked 
| 179|0x000000008db00000, 0x000000008db00000, 0x000000008dc00000|  0%| F|  |TAMS 0x000000008db00000| PB 0x000000008db00000| Untracked 
| 180|0x000000008dc00000, 0x000000008dc00000, 0x000000008dd00000|  0%| F|  |TAMS 0x000000008dc00000| PB 0x000000008dc00000| Untracked 
| 181|0x000000008dd00000, 0x000000008dd00000, 0x000000008de00000|  0%| F|  |TAMS 0x000000008dd00000| PB 0x000000008dd00000| Untracked 
| 182|0x000000008de00000, 0x000000008de00000, 0x000000008df00000|  0%| F|  |TAMS 0x000000008de00000| PB 0x000000008de00000| Untracked 
| 183|0x000000008df00000, 0x000000008df00000, 0x000000008e000000|  0%| F|  |TAMS 0x000000008df00000| PB 0x000000008df00000| Untracked 
| 184|0x000000008e000000, 0x000000008e000000, 0x000000008e100000|  0%| F|  |TAMS 0x000000008e000000| PB 0x000000008e000000| Untracked 
| 185|0x000000008e100000, 0x000000008e100000, 0x000000008e200000|  0%| F|  |TAMS 0x000000008e100000| PB 0x000000008e100000| Untracked 
| 186|0x000000008e200000, 0x000000008e200000, 0x000000008e300000|  0%| F|  |TAMS 0x000000008e200000| PB 0x000000008e200000| Untracked 
| 187|0x000000008e300000, 0x000000008e300000, 0x000000008e400000|  0%| F|  |TAMS 0x000000008e300000| PB 0x000000008e300000| Untracked 
| 188|0x000000008e400000, 0x000000008e400000, 0x000000008e500000|  0%| F|  |TAMS 0x000000008e400000| PB 0x000000008e400000| Untracked 
| 189|0x000000008e500000, 0x000000008e500000, 0x000000008e600000|  0%| F|  |TAMS 0x000000008e500000| PB 0x000000008e500000| Untracked 
| 190|0x000000008e600000, 0x000000008e600000, 0x000000008e700000|  0%| F|  |TAMS 0x000000008e600000| PB 0x000000008e600000| Untracked 
| 191|0x000000008e700000, 0x000000008e700000, 0x000000008e800000|  0%| F|  |TAMS 0x000000008e700000| PB 0x000000008e700000| Untracked 
| 192|0x000000008e800000, 0x000000008e800000, 0x000000008e900000|  0%| F|  |TAMS 0x000000008e800000| PB 0x000000008e800000| Untracked 
| 193|0x000000008e900000, 0x000000008e900000, 0x000000008ea00000|  0%| F|  |TAMS 0x000000008e900000| PB 0x000000008e900000| Untracked 
| 194|0x000000008ea00000, 0x000000008ea00000, 0x000000008eb00000|  0%| F|  |TAMS 0x000000008ea00000| PB 0x000000008ea00000| Untracked 
| 195|0x000000008eb00000, 0x000000008eb00000, 0x000000008ec00000|  0%| F|  |TAMS 0x000000008eb00000| PB 0x000000008eb00000| Untracked 
| 196|0x000000008ec00000, 0x000000008ec00000, 0x000000008ed00000|  0%| F|  |TAMS 0x000000008ec00000| PB 0x000000008ec00000| Untracked 
| 197|0x000000008ed00000, 0x000000008ed00000, 0x000000008ee00000|  0%| F|  |TAMS 0x000000008ed00000| PB 0x000000008ed00000| Untracked 
| 198|0x000000008ee00000, 0x000000008ee00000, 0x000000008ef00000|  0%| F|  |TAMS 0x000000008ee00000| PB 0x000000008ee00000| Untracked 
| 199|0x000000008ef00000, 0x000000008ef00000, 0x000000008f000000|  0%| F|  |TAMS 0x000000008ef00000| PB 0x000000008ef00000| Untracked 
| 200|0x000000008f000000, 0x000000008f000000, 0x000000008f100000|  0%| F|  |TAMS 0x000000008f000000| PB 0x000000008f000000| Untracked 
| 201|0x000000008f100000, 0x000000008f100000, 0x000000008f200000|  0%| F|  |TAMS 0x000000008f100000| PB 0x000000008f100000| Untracked 
| 202|0x000000008f200000, 0x000000008f200000, 0x000000008f300000|  0%| F|  |TAMS 0x000000008f200000| PB 0x000000008f200000| Untracked 
| 203|0x000000008f300000, 0x000000008f300000, 0x000000008f400000|  0%| F|  |TAMS 0x000000008f300000| PB 0x000000008f300000| Untracked 
| 204|0x000000008f400000, 0x000000008f400000, 0x000000008f500000|  0%| F|  |TAMS 0x000000008f400000| PB 0x000000008f400000| Untracked 
| 205|0x000000008f500000, 0x000000008f500000, 0x000000008f600000|  0%| F|  |TAMS 0x000000008f500000| PB 0x000000008f500000| Untracked 
| 206|0x000000008f600000, 0x000000008f600000, 0x000000008f700000|  0%| F|  |TAMS 0x000000008f600000| PB 0x000000008f600000| Untracked 
| 207|0x000000008f700000, 0x000000008f700000, 0x000000008f800000|  0%| F|  |TAMS 0x000000008f700000| PB 0x000000008f700000| Untracked 
| 208|0x000000008f800000, 0x000000008f800000, 0x000000008f900000|  0%| F|  |TAMS 0x000000008f800000| PB 0x000000008f800000| Untracked 
| 209|0x000000008f900000, 0x000000008f900000, 0x000000008fa00000|  0%| F|  |TAMS 0x000000008f900000| PB 0x000000008f900000| Untracked 
| 210|0x000000008fa00000, 0x000000008fa00000, 0x000000008fb00000|  0%| F|  |TAMS 0x000000008fa00000| PB 0x000000008fa00000| Untracked 
| 211|0x000000008fb00000, 0x000000008fb00000, 0x000000008fc00000|  0%| F|  |TAMS 0x000000008fb00000| PB 0x000000008fb00000| Untracked 
| 212|0x000000008fc00000, 0x000000008fc00000, 0x000000008fd00000|  0%| F|  |TAMS 0x000000008fc00000| PB 0x000000008fc00000| Untracked 
| 213|0x000000008fd00000, 0x000000008fd00000, 0x000000008fe00000|  0%| F|  |TAMS 0x000000008fd00000| PB 0x000000008fd00000| Untracked 
| 214|0x000000008fe00000, 0x000000008fe00000, 0x000000008ff00000|  0%| F|  |TAMS 0x000000008fe00000| PB 0x000000008fe00000| Untracked 
| 215|0x000000008ff00000, 0x000000008ff00000, 0x0000000090000000|  0%| F|  |TAMS 0x000000008ff00000| PB 0x000000008ff00000| Untracked 
| 216|0x0000000090000000, 0x0000000090000000, 0x0000000090100000|  0%| F|  |TAMS 0x0000000090000000| PB 0x0000000090000000| Untracked 
| 217|0x0000000090100000, 0x0000000090100000, 0x0000000090200000|  0%| F|  |TAMS 0x0000000090100000| PB 0x0000000090100000| Untracked 
| 218|0x0000000090200000, 0x0000000090200000, 0x0000000090300000|  0%| F|  |TAMS 0x0000000090200000| PB 0x0000000090200000| Untracked 
| 219|0x0000000090300000, 0x0000000090300000, 0x0000000090400000|  0%| F|  |TAMS 0x0000000090300000| PB 0x0000000090300000| Untracked 
| 220|0x0000000090400000, 0x0000000090400000, 0x0000000090500000|  0%| F|  |TAMS 0x0000000090400000| PB 0x0000000090400000| Untracked 
| 221|0x0000000090500000, 0x0000000090500000, 0x0000000090600000|  0%| F|  |TAMS 0x0000000090500000| PB 0x0000000090500000| Untracked 
| 222|0x0000000090600000, 0x0000000090600000, 0x0000000090700000|  0%| F|  |TAMS 0x0000000090600000| PB 0x0000000090600000| Untracked 
| 223|0x0000000090700000, 0x0000000090700000, 0x0000000090800000|  0%| F|  |TAMS 0x0000000090700000| PB 0x0000000090700000| Untracked 
| 224|0x0000000090800000, 0x0000000090800000, 0x0000000090900000|  0%| F|  |TAMS 0x0000000090800000| PB 0x0000000090800000| Untracked 
| 225|0x0000000090900000, 0x0000000090900000, 0x0000000090a00000|  0%| F|  |TAMS 0x0000000090900000| PB 0x0000000090900000| Untracked 
| 226|0x0000000090a00000, 0x0000000090a00000, 0x0000000090b00000|  0%| F|  |TAMS 0x0000000090a00000| PB 0x0000000090a00000| Untracked 
| 227|0x0000000090b00000, 0x0000000090b00000, 0x0000000090c00000|  0%| F|  |TAMS 0x0000000090b00000| PB 0x0000000090b00000| Untracked 
| 228|0x0000000090c00000, 0x0000000090c00000, 0x0000000090d00000|  0%| F|  |TAMS 0x0000000090c00000| PB 0x0000000090c00000| Untracked 
| 229|0x0000000090d00000, 0x0000000090d00000, 0x0000000090e00000|  0%| F|  |TAMS 0x0000000090d00000| PB 0x0000000090d00000| Untracked 
| 230|0x0000000090e00000, 0x0000000090e00000, 0x0000000090f00000|  0%| F|  |TAMS 0x0000000090e00000| PB 0x0000000090e00000| Untracked 
| 231|0x0000000090f00000, 0x0000000090f00000, 0x0000000091000000|  0%| F|  |TAMS 0x0000000090f00000| PB 0x0000000090f00000| Untracked 
| 232|0x0000000091000000, 0x0000000091000000, 0x0000000091100000|  0%| F|  |TAMS 0x0000000091000000| PB 0x0000000091000000| Untracked 
| 233|0x0000000091100000, 0x0000000091100000, 0x0000000091200000|  0%| F|  |TAMS 0x0000000091100000| PB 0x0000000091100000| Untracked 
| 234|0x0000000091200000, 0x0000000091200000, 0x0000000091300000|  0%| F|  |TAMS 0x0000000091200000| PB 0x0000000091200000| Untracked 
| 235|0x0000000091300000, 0x0000000091300000, 0x0000000091400000|  0%| F|  |TAMS 0x0000000091300000| PB 0x0000000091300000| Untracked 
| 236|0x0000000091400000, 0x0000000091400000, 0x0000000091500000|  0%| F|  |TAMS 0x0000000091400000| PB 0x0000000091400000| Untracked 
| 237|0x0000000091500000, 0x0000000091500000, 0x0000000091600000|  0%| F|  |TAMS 0x0000000091500000| PB 0x0000000091500000| Untracked 
| 238|0x0000000091600000, 0x0000000091600000, 0x0000000091700000|  0%| F|  |TAMS 0x0000000091600000| PB 0x0000000091600000| Untracked 
| 239|0x0000000091700000, 0x0000000091700000, 0x0000000091800000|  0%| F|  |TAMS 0x0000000091700000| PB 0x0000000091700000| Untracked 
| 240|0x0000000091800000, 0x0000000091800000, 0x0000000091900000|  0%| F|  |TAMS 0x0000000091800000| PB 0x0000000091800000| Untracked 
| 241|0x0000000091900000, 0x0000000091900000, 0x0000000091a00000|  0%| F|  |TAMS 0x0000000091900000| PB 0x0000000091900000| Untracked 
| 242|0x0000000091a00000, 0x0000000091a00000, 0x0000000091b00000|  0%| F|  |TAMS 0x0000000091a00000| PB 0x0000000091a00000| Untracked 
| 243|0x0000000091b00000, 0x0000000091b00000, 0x0000000091c00000|  0%| F|  |TAMS 0x0000000091b00000| PB 0x0000000091b00000| Untracked 
| 244|0x0000000091c00000, 0x0000000091c00000, 0x0000000091d00000|  0%| F|  |TAMS 0x0000000091c00000| PB 0x0000000091c00000| Untracked 
| 245|0x0000000091d00000, 0x0000000091d00000, 0x0000000091e00000|  0%| F|  |TAMS 0x0000000091d00000| PB 0x0000000091d00000| Untracked 
| 246|0x0000000091e00000, 0x0000000091e00000, 0x0000000091f00000|  0%| F|  |TAMS 0x0000000091e00000| PB 0x0000000091e00000| Untracked 
| 247|0x0000000091f00000, 0x0000000091f00000, 0x0000000092000000|  0%| F|  |TAMS 0x0000000091f00000| PB 0x0000000091f00000| Untracked 
| 248|0x0000000092000000, 0x0000000092000000, 0x0000000092100000|  0%| F|  |TAMS 0x0000000092000000| PB 0x0000000092000000| Untracked 
| 249|0x0000000092100000, 0x0000000092100000, 0x0000000092200000|  0%| F|  |TAMS 0x0000000092100000| PB 0x0000000092100000| Untracked 
| 250|0x0000000092200000, 0x0000000092200000, 0x0000000092300000|  0%| F|  |TAMS 0x0000000092200000| PB 0x0000000092200000| Untracked 
| 251|0x0000000092300000, 0x0000000092300000, 0x0000000092400000|  0%| F|  |TAMS 0x0000000092300000| PB 0x0000000092300000| Untracked 
| 252|0x0000000092400000, 0x0000000092400000, 0x0000000092500000|  0%| F|  |TAMS 0x0000000092400000| PB 0x0000000092400000| Untracked 
| 253|0x0000000092500000, 0x0000000092500000, 0x0000000092600000|  0%| F|  |TAMS 0x0000000092500000| PB 0x0000000092500000| Untracked 
| 254|0x0000000092600000, 0x0000000092600000, 0x0000000092700000|  0%| F|  |TAMS 0x0000000092600000| PB 0x0000000092600000| Untracked 
| 255|0x0000000092700000, 0x0000000092700000, 0x0000000092800000|  0%| F|  |TAMS 0x0000000092700000| PB 0x0000000092700000| Untracked 
| 256|0x0000000092800000, 0x0000000092800000, 0x0000000092900000|  0%| F|  |TAMS 0x0000000092800000| PB 0x0000000092800000| Untracked 
| 257|0x0000000092900000, 0x0000000092900000, 0x0000000092a00000|  0%| F|  |TAMS 0x0000000092900000| PB 0x0000000092900000| Untracked 
| 258|0x0000000092a00000, 0x0000000092a8d570, 0x0000000092b00000| 55%| S|CS|TAMS 0x0000000092a00000| PB 0x0000000092a00000| Complete 
| 259|0x0000000092b00000, 0x0000000092b00000, 0x0000000092c00000|  0%| F|  |TAMS 0x0000000092b00000| PB 0x0000000092b00000| Untracked 
| 260|0x0000000092c00000, 0x0000000092c00000, 0x0000000092d00000|  0%| F|  |TAMS 0x0000000092c00000| PB 0x0000000092c00000| Untracked 
| 261|0x0000000092d00000, 0x0000000092d00000, 0x0000000092e00000|  0%| F|  |TAMS 0x0000000092d00000| PB 0x0000000092d00000| Untracked 

Card table byte_map: [0x00000228c71b0000,0x00000228c75a0000] _byte_map_base: 0x00000228c6d9c000

Marking Bits: (CMBitMap*) 0x00000228ad737510
 Bits: [0x00000228c75a0000, 0x00000228c9500000)

Polling page: 0x00000228ad580000

Metaspace:

Usage:
  Non-class:     11.91 MB used.
      Class:      1.80 MB used.
       Both:     13.71 MB used.

Virtual space:
  Non-class space:       64.00 MB reserved,      12.12 MB ( 19%) committed,  1 nodes.
      Class space:        1.00 GB reserved,       1.94 MB ( <1%) committed,  1 nodes.
             Both:        1.06 GB reserved,      14.06 MB (  1%) committed. 

Chunk freelists:
   Non-Class:  3.92 MB
       Class:  14.10 MB
        Both:  18.02 MB

MaxMetaspaceSize: unlimited
CompressedClassSpaceSize: 1.00 GB
Initial GC threshold: 21.00 MB
Current GC threshold: 23.12 MB
CDS: on
 - commit_granule_bytes: 65536.
 - commit_granule_words: 8192.
 - virtual_space_node_default_size: 8388608.
 - enlarge_chunks_in_place: 1.
 - use_allocation_guard: 0.


Internal statistics:

num_allocs_failed_limit: 0.
num_arena_births: 340.
num_arena_deaths: 0.
num_vsnodes_births: 2.
num_vsnodes_deaths: 0.
num_space_committed: 225.
num_space_uncommitted: 0.
num_chunks_returned_to_freelist: 0.
num_chunks_taken_from_freelist: 790.
num_chunk_merges: 0.
num_chunk_splits: 540.
num_chunks_enlarged: 372.
num_inconsistent_stats: 0.

CodeHeap 'non-profiled nmethods': size=120000Kb used=717Kb max_used=726Kb free=119282Kb
 bounds [0x00000228bee20000, 0x00000228bf090000, 0x00000228c6350000]
CodeHeap 'profiled nmethods': size=120000Kb used=3794Kb max_used=4330Kb free=116205Kb
 bounds [0x00000228b7350000, 0x00000228b7790000, 0x00000228be880000]
CodeHeap 'non-nmethods': size=5760Kb used=1638Kb max_used=1679Kb free=4121Kb
 bounds [0x00000228be880000, 0x00000228beaf0000, 0x00000228bee20000]
 total_blobs=2563 nmethods=1873 adapters=594
 compilation: enabled
              stopped_count=0, restarted_count=0
 full_count=0

Compilation events (20 events):
Event: 2.774 Thread 0x00000228cbfb2f00 nmethod 2145 0x00000228b7361a10 code [0x00000228b7361bc0, 0x00000228b7361e90]
Event: 2.774 Thread 0x00000228cbfb2f00 2146       3       java.lang.invoke.BoundMethodHandle$Species_LL::<init> (18 bytes)
Event: 2.774 Thread 0x00000228cbfb2f00 nmethod 2146 0x00000228b7373f90 code [0x00000228b7374140, 0x00000228b73743d0]
Event: 2.774 Thread 0x00000228cbfb2f00 2149       1       java.lang.reflect.Field::getModifiers (5 bytes)
Event: 2.774 Thread 0x00000228cbfb2f00 nmethod 2149 0x00000228bee32890 code [0x00000228bee32a20, 0x00000228bee32ae8]
Event: 2.777 Thread 0x00000228cbfb2f00 2151       3       com.sun.org.apache.xerces.internal.impl.XMLEntityScanner::arrangeCapacity (227 bytes)
Event: 2.778 Thread 0x00000228cbfb2f00 nmethod 2151 0x00000228b7446a90 code [0x00000228b7446cc0, 0x00000228b74472f0]
Event: 2.778 Thread 0x00000228cbfb2f00 2153       3       com.sun.org.apache.xerces.internal.impl.XMLNSDocumentScannerImpl::scanStartElement (1031 bytes)
Event: 2.782 Thread 0x00000228cbfb2f00 nmethod 2153 0x00000228b743e790 code [0x00000228b743ee20, 0x00000228b7443af8]
Event: 2.782 Thread 0x00000228cbfb2f00 2152       3       javax.xml.stream.util.StreamReaderDelegate::isWhiteSpace (10 bytes)
Event: 2.782 Thread 0x00000228cbfb2f00 nmethod 2152 0x00000228b735bf90 code [0x00000228b735c140, 0x00000228b735c318]
Event: 2.782 Thread 0x00000228cbfb2f00 2158       3       java.lang.reflect.Constructor::newInstance (34 bytes)
Event: 2.783 Thread 0x00000228cbfb2f00 nmethod 2158 0x00000228b7449690 code [0x00000228b7449860, 0x00000228b7449ab0]
Event: 2.783 Thread 0x00000228cbfb2f00 2159   !   3       jdk.internal.reflect.DirectConstructorHandleAccessor::newInstance (130 bytes)
Event: 2.784 Thread 0x00000228cbfb2f00 nmethod 2159 0x00000228b737b990 code [0x00000228b737bec0, 0x00000228b737e3a0]
Event: 2.784 Thread 0x00000228cbfb2f00 2161       3       java.lang.ref.WeakReference::<init> (6 bytes)
Event: 2.785 Thread 0x00000228cbfb2f00 nmethod 2161 0x00000228b7374a90 code [0x00000228b7374c60, 0x00000228b7374f70]
Event: 2.785 Thread 0x00000228cbfb2f00 2157       3       java.lang.invoke.DirectMethodHandle::make (275 bytes)
Event: 2.785 Thread 0x00000228cbfb2f00 nmethod 2157 0x00000228b7370010 code [0x00000228b73703c0, 0x00000228b73717c0]
Event: 2.786 Thread 0x00000228cbfb2f00 2154       3       com.sun.org.apache.xerces.internal.impl.XMLDocumentFragmentScannerImpl$ElementStack::nextElement (129 bytes)

GC Heap History (20 events):
Event: 2.223 GC heap after
{Heap after GC invocations=2 (full 0):
 garbage-first heap   total 129024K, used 19279K [0x0000000082800000, 0x0000000100000000)
  region size 1024K, 5 young (5120K), 5 survivors (5120K)
 Metaspace       used 13560K, committed 13888K, reserved 1114112K
  class space    used 1735K, committed 1856K, reserved 1048576K
}
Event: 2.428 GC heap before
{Heap before GC invocations=2 (full 0):
 garbage-first heap   total 129024K, used 70479K [0x0000000082800000, 0x0000000100000000)
  region size 1024K, 15 young (15360K), 5 survivors (5120K)
 Metaspace       used 13939K, committed 14208K, reserved 1114112K
  class space    used 1805K, committed 1920K, reserved 1048576K
}
Event: 2.432 GC heap after
{Heap after GC invocations=3 (full 0):
 garbage-first heap   total 129024K, used 63587K [0x0000000082800000, 0x0000000100000000)
  region size 1024K, 1 young (1024K), 1 survivors (1024K)
 Metaspace       used 13939K, committed 14208K, reserved 1114112K
  class space    used 1805K, committed 1920K, reserved 1048576K
}
Event: 2.446 GC heap before
{Heap before GC invocations=4 (full 0):
 garbage-first heap   total 129024K, used 68707K [0x0000000082800000, 0x0000000100000000)
  region size 1024K, 3 young (3072K), 1 survivors (1024K)
 Metaspace       used 13939K, committed 14208K, reserved 1114112K
  class space    used 1805K, committed 1920K, reserved 1048576K
}
Event: 2.447 GC heap after
{Heap after GC invocations=5 (full 0):
 garbage-first heap   total 129024K, used 68257K [0x0000000082800000, 0x0000000100000000)
  region size 1024K, 1 young (1024K), 1 survivors (1024K)
 Metaspace       used 13939K, committed 14208K, reserved 1114112K
  class space    used 1805K, committed 1920K, reserved 1048576K
}
Event: 2.544 GC heap before
{Heap before GC invocations=6 (full 0):
 garbage-first heap   total 134144K, used 131745K [0x0000000082800000, 0x0000000100000000)
  region size 1024K, 10 young (10240K), 1 survivors (1024K)
 Metaspace       used 13939K, committed 14208K, reserved 1114112K
  class space    used 1805K, committed 1920K, reserved 1048576K
}
Event: 2.545 GC heap after
{Heap after GC invocations=7 (full 0):
 garbage-first heap   total 135168K, used 123408K [0x0000000082800000, 0x0000000100000000)
  region size 1024K, 1 young (1024K), 1 survivors (1024K)
 Metaspace       used 13939K, committed 14208K, reserved 1114112K
  class space    used 1805K, committed 1920K, reserved 1048576K
}
Event: 2.561 GC heap before
{Heap before GC invocations=7 (full 0):
 garbage-first heap   total 138240K, used 135696K [0x0000000082800000, 0x0000000100000000)
  region size 1024K, 3 young (3072K), 1 survivors (1024K)
 Metaspace       used 13939K, committed 14208K, reserved 1114112K
  class space    used 1805K, committed 1920K, reserved 1048576K
}
Event: 2.562 GC heap after
{Heap after GC invocations=8 (full 0):
 garbage-first heap   total 139264K, used 134433K [0x0000000082800000, 0x0000000100000000)
  region size 1024K, 1 young (1024K), 1 survivors (1024K)
 Metaspace       used 13939K, committed 14208K, reserved 1114112K
  class space    used 1805K, committed 1920K, reserved 1048576K
}
Event: 2.564 GC heap before
{Heap before GC invocations=8 (full 0):
 garbage-first heap   total 139264K, used 134433K [0x0000000082800000, 0x0000000100000000)
  region size 1024K, 2 young (2048K), 1 survivors (1024K)
 Metaspace       used 13939K, committed 14208K, reserved 1114112K
  class space    used 1805K, committed 1920K, reserved 1048576K
}
Event: 2.565 GC heap after
{Heap after GC invocations=9 (full 0):
 garbage-first heap   total 197632K, used 134536K [0x0000000082800000, 0x0000000100000000)
  region size 1024K, 1 young (1024K), 1 survivors (1024K)
 Metaspace       used 13939K, committed 14208K, reserved 1114112K
  class space    used 1805K, committed 1920K, reserved 1048576K
}
Event: 2.582 GC heap before
{Heap before GC invocations=10 (full 0):
 garbage-first heap   total 239616K, used 142728K [0x0000000082800000, 0x0000000100000000)
  region size 1024K, 3 young (3072K), 1 survivors (1024K)
 Metaspace       used 13939K, committed 14208K, reserved 1114112K
  class space    used 1805K, committed 1920K, reserved 1048576K
}
Event: 2.583 GC heap after
{Heap after GC invocations=11 (full 0):
 garbage-first heap   total 239616K, used 142726K [0x0000000082800000, 0x0000000100000000)
  region size 1024K, 1 young (1024K), 1 survivors (1024K)
 Metaspace       used 13939K, committed 14208K, reserved 1114112K
  class space    used 1805K, committed 1920K, reserved 1048576K
}
Event: 2.598 GC heap before
{Heap before GC invocations=12 (full 0):
 garbage-first heap   total 249856K, used 148870K [0x0000000082800000, 0x0000000100000000)
  region size 1024K, 2 young (2048K), 1 survivors (1024K)
 Metaspace       used 13939K, committed 14208K, reserved 1114112K
  class space    used 1805K, committed 1920K, reserved 1048576K
}
Event: 2.600 GC heap after
{Heap after GC invocations=13 (full 0):
 garbage-first heap   total 249856K, used 148892K [0x0000000082800000, 0x0000000100000000)
  region size 1024K, 1 young (1024K), 1 survivors (1024K)
 Metaspace       used 13939K, committed 14208K, reserved 1114112K
  class space    used 1805K, committed 1920K, reserved 1048576K
}
Event: 2.615 GC heap before
{Heap before GC invocations=14 (full 0):
 garbage-first heap   total 261120K, used 158108K [0x0000000082800000, 0x0000000100000000)
  region size 1024K, 3 young (3072K), 1 survivors (1024K)
 Metaspace       used 13939K, committed 14208K, reserved 1114112K
  class space    used 1805K, committed 1920K, reserved 1048576K
}
Event: 2.616 GC heap after
{Heap after GC invocations=15 (full 0):
 garbage-first heap   total 261120K, used 157074K [0x0000000082800000, 0x0000000100000000)
  region size 1024K, 1 young (1024K), 1 survivors (1024K)
 Metaspace       used 13939K, committed 14208K, reserved 1114112K
  class space    used 1805K, committed 1920K, reserved 1048576K
}
Event: 2.763 GC heap before
{Heap before GC invocations=16 (full 0):
 garbage-first heap   total 268288K, used 159122K [0x0000000082800000, 0x0000000100000000)
  region size 1024K, 2 young (2048K), 1 survivors (1024K)
 Metaspace       used 14018K, committed 14336K, reserved 1114112K
  class space    used 1845K, committed 1984K, reserved 1048576K
}
Event: 2.764 GC heap after
{Heap after GC invocations=17 (full 0):
 garbage-first heap   total 268288K, used 158065K [0x0000000082800000, 0x0000000100000000)
  region size 1024K, 1 young (1024K), 1 survivors (1024K)
 Metaspace       used 14018K, committed 14336K, reserved 1114112K
  class space    used 1845K, committed 1984K, reserved 1048576K
}
Event: 2.786 GC heap before
{Heap before GC invocations=18 (full 0):
 garbage-first heap   total 268288K, used 160113K [0x0000000082800000, 0x0000000100000000)
  region size 1024K, 3 young (3072K), 1 survivors (1024K)
 Metaspace       used 14040K, committed 14400K, reserved 1114112K
  class space    used 1845K, committed 1984K, reserved 1048576K
}

Dll operation events (20 events):
Event: 0.515 Loaded shared library C:\Users\Lenovo\.openjfx\cache\20.0.1+2\amd64\api-ms-win-crt-math-l1-1-0.dll
Event: 0.520 Loaded shared library C:\Users\Lenovo\.openjfx\cache\20.0.1+2\amd64\api-ms-win-crt-multibyte-l1-1-0.dll
Event: 0.527 Loaded shared library C:\Users\Lenovo\.openjfx\cache\20.0.1+2\amd64\api-ms-win-crt-private-l1-1-0.dll
Event: 0.532 Loaded shared library C:\Users\Lenovo\.openjfx\cache\20.0.1+2\amd64\api-ms-win-crt-process-l1-1-0.dll
Event: 0.537 Loaded shared library C:\Users\Lenovo\.openjfx\cache\20.0.1+2\amd64\api-ms-win-crt-runtime-l1-1-0.dll
Event: 0.542 Loaded shared library C:\Users\Lenovo\.openjfx\cache\20.0.1+2\amd64\api-ms-win-crt-stdio-l1-1-0.dll
Event: 0.548 Loaded shared library C:\Users\Lenovo\.openjfx\cache\20.0.1+2\amd64\api-ms-win-crt-string-l1-1-0.dll
Event: 0.554 Loaded shared library C:\Users\Lenovo\.openjfx\cache\20.0.1+2\amd64\api-ms-win-crt-time-l1-1-0.dll
Event: 0.560 Loaded shared library C:\Users\Lenovo\.openjfx\cache\20.0.1+2\amd64\api-ms-win-crt-utility-l1-1-0.dll
Event: 0.606 Loaded shared library C:\Users\Lenovo\.openjfx\cache\20.0.1+2\amd64\ucrtbase.dll
Event: 0.619 Loaded shared library C:\Users\Lenovo\.openjfx\cache\20.0.1+2\amd64\vcruntime140.dll
Event: 0.630 Loaded shared library C:\Users\Lenovo\.openjfx\cache\20.0.1+2\amd64\vcruntime140_1.dll
Event: 0.648 Loaded shared library C:\Users\Lenovo\.openjfx\cache\20.0.1+2\amd64\msvcp140.dll
Event: 0.653 Loaded shared library C:\Users\Lenovo\.openjfx\cache\20.0.1+2\amd64\msvcp140_1.dll
Event: 0.661 Loaded shared library C:\Users\Lenovo\.openjfx\cache\20.0.1+2\amd64\msvcp140_2.dll
Event: 0.724 Loaded shared library C:\Users\Lenovo\.openjfx\cache\20.0.1+2\amd64\prism_d3d.dll
Event: 0.826 Loaded shared library C:\Users\Lenovo\.openjfx\cache\20.0.1+2\amd64\glass.dll
Event: 0.960 Loaded shared library C:\Users\Lenovo\.jdks\openjdk-21\bin\jimage.dll
Event: 1.241 Loaded shared library C:\Users\Lenovo\.jdks\openjdk-21\bin\extnet.dll
Event: 1.592 Loaded shared library C:\Users\Lenovo\.openjfx\cache\20.0.1+2\amd64\javafx_font.dll

Deoptimization events (20 events):
Event: 2.527 Thread 0x00000228cc9873f0 DEOPT PACKING pc=0x00000228b7786de6 sp=0x0000003b8e6fd3b0
Event: 2.527 Thread 0x00000228cc9873f0 DEOPT UNPACKING pc=0x00000228be8d4e42 sp=0x0000003b8e6fc8d0 mode 0
Event: 2.528 Thread 0x00000228cc9873f0 DEOPT PACKING pc=0x00000228b7786de6 sp=0x0000003b8e6fd3b0
Event: 2.528 Thread 0x00000228cc9873f0 DEOPT UNPACKING pc=0x00000228be8d4e42 sp=0x0000003b8e6fc8d0 mode 0
Event: 2.530 Thread 0x00000228cc9873f0 DEOPT PACKING pc=0x00000228b7786de6 sp=0x0000003b8e6fd3b0
Event: 2.530 Thread 0x00000228cc9873f0 DEOPT UNPACKING pc=0x00000228be8d4e42 sp=0x0000003b8e6fc8d0 mode 0
Event: 2.531 Thread 0x00000228cc9873f0 DEOPT PACKING pc=0x00000228b7784f86 sp=0x0000003b8e6fd340
Event: 2.531 Thread 0x00000228cc9873f0 DEOPT UNPACKING pc=0x00000228be8d4e42 sp=0x0000003b8e6fc8d0 mode 0
Event: 2.532 Thread 0x00000228cc9873f0 DEOPT PACKING pc=0x00000228b7786de6 sp=0x0000003b8e6fd3b0
Event: 2.532 Thread 0x00000228cc9873f0 DEOPT UNPACKING pc=0x00000228be8d4e42 sp=0x0000003b8e6fc8d0 mode 0
Event: 2.535 Thread 0x00000228cc9873f0 DEOPT PACKING pc=0x00000228b7786de6 sp=0x0000003b8e6fd3b0
Event: 2.535 Thread 0x00000228cc9873f0 DEOPT UNPACKING pc=0x00000228be8d4e42 sp=0x0000003b8e6fc8d0 mode 0
Event: 2.536 Thread 0x00000228cc9873f0 DEOPT PACKING pc=0x00000228b7786de6 sp=0x0000003b8e6fd3b0
Event: 2.536 Thread 0x00000228cc9873f0 DEOPT UNPACKING pc=0x00000228be8d4e42 sp=0x0000003b8e6fc8d0 mode 0
Event: 2.537 Thread 0x00000228cc9873f0 DEOPT PACKING pc=0x00000228b7784f86 sp=0x0000003b8e6fd340
Event: 2.537 Thread 0x00000228cc9873f0 DEOPT UNPACKING pc=0x00000228be8d4e42 sp=0x0000003b8e6fc8d0 mode 0
Event: 2.754 Thread 0x00000228cc9873f0 Uncommon trap: trap_request=0xffffff45 fr.pc=0x00000228bee3f4f8 relative=0x0000000000000a58
Event: 2.754 Thread 0x00000228cc9873f0 Uncommon trap: reason=unstable_if action=reinterpret pc=0x00000228bee3f4f8 method=java.io.BufferedInputStream.implRead([BII)I @ 103 c2
Event: 2.754 Thread 0x00000228cc9873f0 DEOPT PACKING pc=0x00000228bee3f4f8 sp=0x0000003b8e6fd560
Event: 2.754 Thread 0x00000228cc9873f0 DEOPT UNPACKING pc=0x00000228be8d46a2 sp=0x0000003b8e6fd518 mode 2

Classes loaded (20 events):
Event: 1.663 Loading class java/util/WeakHashMap$Values
Event: 1.664 Loading class java/util/WeakHashMap$Values done
Event: 1.664 Loading class java/util/WeakHashMap$ValueIterator
Event: 1.664 Loading class java/util/WeakHashMap$ValueIterator done
Event: 1.665 Loading class java/lang/CloneNotSupportedException
Event: 1.665 Loading class java/lang/CloneNotSupportedException done
Event: 1.859 Loading class sun/nio/cs/UTF_16BE$Decoder
Event: 1.859 Loading class sun/nio/cs/UnicodeDecoder
Event: 1.859 Loading class sun/nio/cs/UnicodeDecoder done
Event: 1.859 Loading class sun/nio/cs/UTF_16BE$Decoder done
Event: 2.135 Loading class java/lang/Byte$ByteCache
Event: 2.135 Loading class java/lang/Byte$ByteCache done
Event: 2.135 Loading class java/lang/Short$ShortCache
Event: 2.135 Loading class java/lang/Short$ShortCache done
Event: 2.167 Loading class java/time/DateTimeException
Event: 2.167 Loading class java/time/DateTimeException done
Event: 2.168 Loading class java/time/format/FormatStyle
Event: 2.168 Loading class java/time/format/FormatStyle done
Event: 2.253 Loading class jdk/internal/math/FDBigInteger
Event: 2.254 Loading class jdk/internal/math/FDBigInteger done

Classes unloaded (0 events):
No events

Classes redefined (0 events):
No events

Internal exceptions (20 events):
Event: 1.432 Thread 0x00000228cc9873f0 Exception <a 'java/lang/NullPointerException'{0x0000000089841520}> (0x0000000089841520) 
thrown [s\open\src\hotspot\share\interpreter\linkResolver.cpp, line 1372]
Event: 1.526 Thread 0x00000228cc9873f0 Exception <a 'java/lang/NoSuchMethodError'{0x00000000894d8b80}: 'void java.lang.invoke.DirectMethodHandle$Holder.invokeSpecial(java.lang.Object, java.lang.Object, double)'> (0x00000000894d8b80) 
thrown [s\open\src\hotspot\share\interpreter\linkResolver.cpp, line 773]
Event: 1.528 Thread 0x00000228cc9873f0 Exception <a 'java/lang/NoSuchMethodError'{0x00000000894e3768}: 'double java.lang.invoke.DelegatingMethodHandle$Holder.reinvoke_L(java.lang.Object, java.lang.Object, int)'> (0x00000000894e3768) 
thrown [s\open\src\hotspot\share\interpreter\linkResolver.cpp, line 773]
Event: 1.529 Thread 0x00000228cc9873f0 Exception <a 'java/lang/NoSuchMethodError'{0x00000000894f51a8}: 'java.lang.Object java.lang.invoke.DirectMethodHandle$Holder.invokeStatic(java.lang.Object, java.lang.Object, java.lang.Object, java.lang.Object, int)'> (0x00000000894f51a8) 
thrown [s\open\src\hotspot\share\interpreter\linkResolver.cpp, line 773]
Event: 1.531 Thread 0x00000228cc9873f0 Exception <a 'java/lang/NoSuchMethodError'{0x0000000089300a30}: 'void java.lang.invoke.DelegatingMethodHandle$Holder.reinvoke_L(java.lang.Object, java.lang.Object, double)'> (0x0000000089300a30) 
thrown [s\open\src\hotspot\share\interpreter\linkResolver.cpp, line 773]
Event: 1.535 Thread 0x00000228cc9873f0 Exception <a 'java/lang/NoSuchMethodError'{0x0000000089313328}: 'void java.lang.invoke.DirectMethodHandle$Holder.invokeSpecial(java.lang.Object, java.lang.Object, int)'> (0x0000000089313328) 
thrown [s\open\src\hotspot\share\interpreter\linkResolver.cpp, line 773]
Event: 1.535 Thread 0x00000228cc9873f0 Exception <a 'java/lang/NoSuchMethodError'{0x00000000893170a8}: 'int java.lang.invoke.DirectMethodHandle$Holder.invokeSpecial(java.lang.Object, java.lang.Object, java.lang.Object, int)'> (0x00000000893170a8) 
thrown [s\open\src\hotspot\share\interpreter\linkResolver.cpp, line 773]
Event: 1.536 Thread 0x00000228cc9873f0 Exception <a 'java/lang/NoSuchMethodError'{0x0000000089321230}: 'void java.lang.invoke.DelegatingMethodHandle$Holder.reinvoke_L(java.lang.Object, java.lang.Object, int)'> (0x0000000089321230) 
thrown [s\open\src\hotspot\share\interpreter\linkResolver.cpp, line 773]
Event: 1.536 Thread 0x00000228cc9873f0 Exception <a 'java/lang/NoSuchMethodError'{0x0000000089324c58}: 'int java.lang.invoke.DirectMethodHandle$Holder.invokeSpecial(java.lang.Object, java.lang.Object, java.lang.Object)'> (0x0000000089324c58) 
thrown [s\open\src\hotspot\share\interpreter\linkResolver.cpp, line 773]
Event: 1.557 Thread 0x00000228cc9873f0 Exception <a 'java/lang/ClassNotFoundException'{0x00000000893e4a58}: com/sun/glass/ui/win/themes> (0x00000000893e4a58) 
thrown [s\open\src\hotspot\share\prims\jni.cpp, line 539]
Event: 1.558 Thread 0x00000228cc9873f0 Exception <a 'java/lang/ClassNotFoundException'{0x00000000893efc58}: com/sun/glass/ui/win/themes_fr> (0x00000000893efc58) 
thrown [s\open\src\hotspot\share\prims\jni.cpp, line 539]
Event: 1.558 Thread 0x00000228cc9873f0 Exception <a 'java/lang/ClassNotFoundException'{0x00000000893f3af0}: com/sun/glass/ui/win/themes_fr_FR> (0x00000000893f3af0) 
thrown [s\open\src\hotspot\share\prims\jni.cpp, line 539]
Event: 1.664 Thread 0x00000228cc9873f0 Exception <a 'java/lang/NoSuchMethodError'{0x0000000088acd490}: 'void java.lang.invoke.DirectMethodHandle$Holder.invokeStaticInit(java.lang.Object, java.lang.Object)'> (0x0000000088acd490) 
thrown [s\open\src\hotspot\share\interpreter\linkResolver.cpp, line 773]
Event: 1.715 Thread 0x00000228cc9873f0 Exception <a 'java/lang/NoSuchMethodError'{0x00000000888c91e0}: 'java.lang.Object java.lang.invoke.Invokers$Holder.invokeExact_MT(java.lang.Object, java.lang.Object, java.lang.Object, java.lang.Object, java.lang.Object)'> (0x00000000888c91e0) 
thrown [s\open\src\hotspot\share\interpreter\linkResolver.cpp, line 773]
Event: 1.721 Thread 0x00000228cc9873f0 Exception <a 'java/lang/NoSuchMethodError'{0x00000000888ea608}: 'void java.lang.invoke.Invokers$Holder.invokeExact_MT(java.lang.Object, java.lang.Object, java.lang.Object, java.lang.Object)'> (0x00000000888ea608) 
thrown [s\open\src\hotspot\share\interpreter\linkResolver.cpp, line 773]
Event: 2.139 Thread 0x00000228cc9873f0 Exception <a 'java/lang/NoSuchMethodError'{0x00000000884fd660}: 'java.lang.Object java.lang.invoke.DelegatingMethodHandle$Holder.reinvoke_L(java.lang.Object, double, double, double, double)'> (0x00000000884fd660) 
thrown [s\open\src\hotspot\share\interpreter\linkResolver.cpp, line 773]
Event: 2.140 Thread 0x00000228cc9873f0 Exception <a 'java/lang/NoSuchMethodError'{0x0000000088308a88}: 'java.lang.Object java.lang.invoke.DirectMethodHandle$Holder.invokeStatic(java.lang.Object, java.lang.Object, int)'> (0x0000000088308a88) 
thrown [s\open\src\hotspot\share\interpreter\linkResolver.cpp, line 773]
Event: 2.140 Thread 0x00000228cc9873f0 Exception <a 'java/lang/NoSuchMethodError'{0x000000008830c660}: 'void java.lang.invoke.DirectMethodHandle$Holder.invokeStatic(java.lang.Object, java.lang.Object, int, java.lang.Object)'> (0x000000008830c660) 
thrown [s\open\src\hotspot\share\interpreter\linkResolver.cpp, line 773]
Event: 2.141 Thread 0x00000228cc9873f0 Exception <a 'java/lang/NoSuchMethodError'{0x00000000883130d0}: 'void java.lang.invoke.DelegatingMethodHandle$Holder.delegate(java.lang.Object, java.lang.Object, int, java.lang.Object)'> (0x00000000883130d0) 
thrown [s\open\src\hotspot\share\interpreter\linkResolver.cpp, line 773]
Event: 2.242 Thread 0x00000228cc9873f0 Exception <a 'java/lang/NoSuchMethodError'{0x000000008a4671e8}: 'java.lang.Object java.lang.invoke.DirectMethodHandle$Holder.newInvokeSpecial(java.lang.Object, double)'> (0x000000008a4671e8) 
thrown [s\open\src\hotspot\share\interpreter\linkResolver.cpp, line 773]

ZGC Phase Switch (0 events):
No events

VM Operations (20 events):
Event: 2.597 Executing VM operation: G1PauseCleanup done
Event: 2.598 Executing VM operation: G1TryInitiateConcMark (G1 Humongous Allocation)
Event: 2.600 Executing VM operation: G1TryInitiateConcMark (G1 Humongous Allocation) done
Event: 2.609 Executing VM operation: G1PauseRemark
Event: 2.611 Executing VM operation: G1PauseRemark done
Event: 2.613 Executing VM operation: G1PauseCleanup
Event: 2.613 Executing VM operation: G1PauseCleanup done
Event: 2.615 Executing VM operation: G1TryInitiateConcMark (G1 Humongous Allocation)
Event: 2.616 Executing VM operation: G1TryInitiateConcMark (G1 Humongous Allocation) done
Event: 2.628 Executing VM operation: G1PauseRemark
Event: 2.630 Executing VM operation: G1PauseRemark done
Event: 2.633 Executing VM operation: G1PauseCleanup
Event: 2.633 Executing VM operation: G1PauseCleanup done
Event: 2.763 Executing VM operation: G1TryInitiateConcMark (G1 Humongous Allocation)
Event: 2.764 Executing VM operation: G1TryInitiateConcMark (G1 Humongous Allocation) done
Event: 2.772 Executing VM operation: G1PauseRemark
Event: 2.773 Executing VM operation: G1PauseRemark done
Event: 2.776 Executing VM operation: G1PauseCleanup
Event: 2.776 Executing VM operation: G1PauseCleanup done
Event: 2.786 Executing VM operation: G1TryInitiateConcMark (G1 Humongous Allocation)

Events (20 events):
Event: 2.457 Thread 0x00000228cbf809a0 flushing nmethod 0x00000228bee2d290
Event: 2.457 Thread 0x00000228cbf809a0 flushing nmethod 0x00000228bee2c610
Event: 2.457 Thread 0x00000228cbf809a0 flushing nmethod 0x00000228bee33790
Event: 2.457 Thread 0x00000228cbf809a0 flushing nmethod 0x00000228bee33290
Event: 2.457 Thread 0x00000228cbf809a0 flushing nmethod 0x00000228bee31d10
Event: 2.457 Thread 0x00000228cbf809a0 flushing nmethod 0x00000228bee30290
Event: 2.457 Thread 0x00000228cbf809a0 flushing nmethod 0x00000228bee2b090
Event: 2.457 Thread 0x00000228cbf809a0 flushing nmethod 0x00000228bee2a990
Event: 2.594 Thread 0x00000228cbf809a0 flushing nmethod 0x00000228b7785a10
Event: 2.594 Thread 0x00000228cbf809a0 flushing nmethod 0x00000228b7780f10
Event: 2.594 Thread 0x00000228cbf809a0 flushing nmethod 0x00000228b7619210
Event: 2.594 Thread 0x00000228cbf809a0 flushing nmethod 0x00000228b75ca190
Event: 2.594 Thread 0x00000228cbf809a0 flushing nmethod 0x00000228b75c8e10
Event: 2.629 Thread 0x00000228cbf809a0 flushing nmethod 0x00000228b7779b10
Event: 2.629 Thread 0x00000228cbf809a0 flushing nmethod 0x00000228b7782990
Event: 2.629 Thread 0x00000228cbf809a0 flushing nmethod 0x00000228b767e310
Event: 2.629 Thread 0x00000228cbf809a0 flushing nmethod 0x00000228b7654490
Event: 2.629 Thread 0x00000228cbf809a0 flushing nmethod 0x00000228b73f9690
Event: 2.629 Thread 0x00000228cbf809a0 flushing nmethod 0x00000228b73ccb10
Event: 2.773 Thread 0x00000228cbf809a0 flushing nmethod 0x00000228b7783110


Dynamic libraries:
0x00007ff62f970000 - 0x00007ff62f97e000 	C:\Users\Lenovo\.jdks\openjdk-21\bin\java.exe
0x00007ff933ab0000 - 0x00007ff933ca8000 	C:\Windows\SYSTEM32\ntdll.dll
0x00007ff924df0000 - 0x00007ff924e09000 	C:\Program Files\Avast Software\Avast\aswhook.dll
0x00007ff933730000 - 0x00007ff9337ed000 	C:\Windows\System32\KERNEL32.DLL
0x00007ff9315a0000 - 0x00007ff931896000 	C:\Windows\System32\KERNELBASE.dll
0x00007ff931160000 - 0x00007ff931260000 	C:\Windows\System32\ucrtbase.dll
0x00007ff92b600000 - 0x00007ff92b618000 	C:\Users\Lenovo\.jdks\openjdk-21\bin\jli.dll
0x00007ff92bae0000 - 0x00007ff92bafb000 	C:\Users\Lenovo\.jdks\openjdk-21\bin\VCRUNTIME140.dll
0x00007ff932400000 - 0x00007ff93259f000 	C:\Windows\System32\USER32.dll
0x00007ff9313b0000 - 0x00007ff9313d2000 	C:\Windows\System32\win32u.dll
0x00007ff90efe0000 - 0x00007ff90f27a000 	C:\Windows\WinSxS\amd64_microsoft.windows.common-controls_6595b64144ccf1df_6.0.19041.3636_none_60b6a03d71f818d5\COMCTL32.dll
0x00007ff932ef0000 - 0x00007ff932f1b000 	C:\Windows\System32\GDI32.dll
0x00007ff932f20000 - 0x00007ff932fbe000 	C:\Windows\System32\msvcrt.dll
0x00007ff931260000 - 0x00007ff931377000 	C:\Windows\System32\gdi32full.dll
0x00007ff931450000 - 0x00007ff9314ed000 	C:\Windows\System32\msvcp_win.dll
0x00007ff931ea0000 - 0x00007ff931ed2000 	C:\Windows\System32\IMM32.DLL
0x00007ff92bc30000 - 0x00007ff92bc3c000 	C:\Users\Lenovo\.jdks\openjdk-21\bin\vcruntime140_1.dll
0x00007ff8fec40000 - 0x00007ff8fecce000 	C:\Users\Lenovo\.jdks\openjdk-21\bin\msvcp140.dll
0x00007ff8f2540000 - 0x00007ff8f3253000 	C:\Users\Lenovo\.jdks\openjdk-21\bin\server\jvm.dll
0x00007ff932650000 - 0x00007ff932700000 	C:\Windows\System32\ADVAPI32.dll
0x00007ff932df0000 - 0x00007ff932e90000 	C:\Windows\System32\sechost.dll
0x00007ff9327d0000 - 0x00007ff9328f3000 	C:\Windows\System32\RPCRT4.dll
0x00007ff931380000 - 0x00007ff9313a7000 	C:\Windows\System32\bcrypt.dll
0x00007ff932d80000 - 0x00007ff932deb000 	C:\Windows\System32\WS2_32.dll
0x00007ff9306f0000 - 0x00007ff93073b000 	C:\Windows\SYSTEM32\POWRPROF.dll
0x00007ff913ce0000 - 0x00007ff913d07000 	C:\Windows\SYSTEM32\WINMM.dll
0x00007ff92a9a0000 - 0x00007ff92a9aa000 	C:\Windows\SYSTEM32\VERSION.dll
0x00007ff930560000 - 0x00007ff930572000 	C:\Windows\SYSTEM32\UMPDC.dll
0x00007ff92f980000 - 0x00007ff92f992000 	C:\Windows\SYSTEM32\kernel.appcore.dll
0x00007ff92b5f0000 - 0x00007ff92b5fa000 	C:\Users\Lenovo\.jdks\openjdk-21\bin\jimage.dll
0x00007ff92eef0000 - 0x00007ff92f0d4000 	C:\Windows\SYSTEM32\DBGHELP.DLL
0x00007ff927d10000 - 0x00007ff927d44000 	C:\Windows\SYSTEM32\dbgcore.DLL
0x00007ff9318a0000 - 0x00007ff931922000 	C:\Windows\System32\bcryptPrimitives.dll
0x00007ff92b300000 - 0x00007ff92b31f000 	C:\Users\Lenovo\.jdks\openjdk-21\bin\java.dll
0x00007ff932fc0000 - 0x00007ff93372b000 	C:\Windows\System32\SHELL32.dll
0x00007ff92f1d0000 - 0x00007ff92f96e000 	C:\Windows\SYSTEM32\windows.storage.dll
0x00007ff931f70000 - 0x00007ff9322c3000 	C:\Windows\System32\combase.dll
0x00007ff930b90000 - 0x00007ff930bbe000 	C:\Windows\SYSTEM32\Wldp.dll
0x00007ff932700000 - 0x00007ff9327cd000 	C:\Windows\System32\OLEAUT32.dll
0x00007ff931ae0000 - 0x00007ff931b8d000 	C:\Windows\System32\SHCORE.dll
0x00007ff933a10000 - 0x00007ff933a65000 	C:\Windows\System32\shlwapi.dll
0x00007ff931090000 - 0x00007ff9310b3000 	C:\Windows\SYSTEM32\profapi.dll
0x00007ff8f4910000 - 0x00007ff8f49e7000 	C:\Users\Lenovo\.jdks\openjdk-21\bin\jsvml.dll
0x00007ff92b5e0000 - 0x00007ff92b5f0000 	C:\Users\Lenovo\.jdks\openjdk-21\bin\net.dll
0x00007ff926410000 - 0x00007ff92651a000 	C:\Windows\SYSTEM32\WINHTTP.dll
0x00007ff9308f0000 - 0x00007ff93095a000 	C:\Windows\system32\mswsock.dll
0x00007ff92b2e0000 - 0x00007ff92b2f6000 	C:\Users\Lenovo\.jdks\openjdk-21\bin\nio.dll
0x00007ff92b2c0000 - 0x00007ff92b2d8000 	C:\Users\Lenovo\.jdks\openjdk-21\bin\zip.dll
0x00000228ad7c0000 - 0x00000228ad7c3000 	C:\Users\Lenovo\.openjfx\cache\20.0.1+2\amd64\api-ms-win-core-console-l1-1-0.dll
0x00000228ad7d0000 - 0x00000228ad7d3000 	C:\Users\Lenovo\.openjfx\cache\20.0.1+2\amd64\api-ms-win-core-console-l1-2-0.dll
0x00000228ad7e0000 - 0x00000228ad7e3000 	C:\Users\Lenovo\.openjfx\cache\20.0.1+2\amd64\api-ms-win-core-datetime-l1-1-0.dll
0x00000228ad7f0000 - 0x00000228ad7f3000 	C:\Users\Lenovo\.openjfx\cache\20.0.1+2\amd64\api-ms-win-core-debug-l1-1-0.dll
0x00000228ad800000 - 0x00000228ad803000 	C:\Users\Lenovo\.openjfx\cache\20.0.1+2\amd64\api-ms-win-core-errorhandling-l1-1-0.dll
0x00000228ad810000 - 0x00000228ad814000 	C:\Users\Lenovo\.openjfx\cache\20.0.1+2\amd64\api-ms-win-core-file-l1-1-0.dll
0x00000228ccd40000 - 0x00000228ccd43000 	C:\Users\Lenovo\.openjfx\cache\20.0.1+2\amd64\api-ms-win-core-file-l1-2-0.dll
0x00000228ccd50000 - 0x00000228ccd53000 	C:\Users\Lenovo\.openjfx\cache\20.0.1+2\amd64\api-ms-win-core-file-l2-1-0.dll
0x00000228ccd60000 - 0x00000228ccd63000 	C:\Users\Lenovo\.openjfx\cache\20.0.1+2\amd64\api-ms-win-core-handle-l1-1-0.dll
0x00000228ccd70000 - 0x00000228ccd73000 	C:\Users\Lenovo\.openjfx\cache\20.0.1+2\amd64\api-ms-win-core-heap-l1-1-0.dll
0x00000228ccd80000 - 0x00000228ccd83000 	C:\Users\Lenovo\.openjfx\cache\20.0.1+2\amd64\api-ms-win-core-interlocked-l1-1-0.dll
0x00000228ccd90000 - 0x00000228ccd93000 	C:\Users\Lenovo\.openjfx\cache\20.0.1+2\amd64\api-ms-win-core-libraryloader-l1-1-0.dll
0x00000228ccda0000 - 0x00000228ccda3000 	C:\Users\Lenovo\.openjfx\cache\20.0.1+2\amd64\api-ms-win-core-localization-l1-2-0.dll
0x00000228ccdb0000 - 0x00000228ccdb3000 	C:\Users\Lenovo\.openjfx\cache\20.0.1+2\amd64\api-ms-win-core-memory-l1-1-0.dll
0x00000228ccdc0000 - 0x00000228ccdc3000 	C:\Users\Lenovo\.openjfx\cache\20.0.1+2\amd64\api-ms-win-core-namedpipe-l1-1-0.dll
0x00000228ccdd0000 - 0x00000228ccdd3000 	C:\Users\Lenovo\.openjfx\cache\20.0.1+2\amd64\api-ms-win-core-processenvironment-l1-1-0.dll
0x00000228ccde0000 - 0x00000228ccde3000 	C:\Users\Lenovo\.openjfx\cache\20.0.1+2\amd64\api-ms-win-core-processthreads-l1-1-0.dll
0x00000228ccdf0000 - 0x00000228ccdf3000 	C:\Users\Lenovo\.openjfx\cache\20.0.1+2\amd64\api-ms-win-core-processthreads-l1-1-1.dll
0x00000228cce00000 - 0x00000228cce03000 	C:\Users\Lenovo\.openjfx\cache\20.0.1+2\amd64\api-ms-win-core-profile-l1-1-0.dll
0x00000228cce10000 - 0x00000228cce13000 	C:\Users\Lenovo\.openjfx\cache\20.0.1+2\amd64\api-ms-win-core-rtlsupport-l1-1-0.dll
0x00000228cce20000 - 0x00000228cce23000 	C:\Users\Lenovo\.openjfx\cache\20.0.1+2\amd64\api-ms-win-core-string-l1-1-0.dll
0x00000228cce30000 - 0x00000228cce33000 	C:\Users\Lenovo\.openjfx\cache\20.0.1+2\amd64\api-ms-win-core-synch-l1-1-0.dll
0x00000228cce40000 - 0x00000228cce43000 	C:\Users\Lenovo\.openjfx\cache\20.0.1+2\amd64\api-ms-win-core-synch-l1-2-0.dll
0x00000228cce50000 - 0x00000228cce53000 	C:\Users\Lenovo\.openjfx\cache\20.0.1+2\amd64\api-ms-win-core-sysinfo-l1-1-0.dll
0x00000228cce60000 - 0x00000228cce63000 	C:\Users\Lenovo\.openjfx\cache\20.0.1+2\amd64\api-ms-win-core-timezone-l1-1-0.dll
0x00000228cce70000 - 0x00000228cce73000 	C:\Users\Lenovo\.openjfx\cache\20.0.1+2\amd64\api-ms-win-core-util-l1-1-0.dll
0x00000228cce80000 - 0x00000228cce83000 	C:\Users\Lenovo\.openjfx\cache\20.0.1+2\amd64\api-ms-win-crt-conio-l1-1-0.dll
0x00000228cce90000 - 0x00000228cce94000 	C:\Users\Lenovo\.openjfx\cache\20.0.1+2\amd64\api-ms-win-crt-convert-l1-1-0.dll
0x00000228ccea0000 - 0x00000228ccea3000 	C:\Users\Lenovo\.openjfx\cache\20.0.1+2\amd64\api-ms-win-crt-environment-l1-1-0.dll
0x00000228cceb0000 - 0x00000228cceb3000 	C:\Users\Lenovo\.openjfx\cache\20.0.1+2\amd64\api-ms-win-crt-filesystem-l1-1-0.dll
0x00000228ccec0000 - 0x00000228ccec3000 	C:\Users\Lenovo\.openjfx\cache\20.0.1+2\amd64\api-ms-win-crt-heap-l1-1-0.dll
0x00000228cced0000 - 0x00000228cced3000 	C:\Users\Lenovo\.openjfx\cache\20.0.1+2\amd64\api-ms-win-crt-locale-l1-1-0.dll
0x00000228ccee0000 - 0x00000228ccee5000 	C:\Users\Lenovo\.openjfx\cache\20.0.1+2\amd64\api-ms-win-crt-math-l1-1-0.dll
0x00000228ccef0000 - 0x00000228ccef5000 	C:\Users\Lenovo\.openjfx\cache\20.0.1+2\amd64\api-ms-win-crt-multibyte-l1-1-0.dll
0x00000228ccf00000 - 0x00000228ccf10000 	C:\Users\Lenovo\.openjfx\cache\20.0.1+2\amd64\api-ms-win-crt-private-l1-1-0.dll
0x00000228ccf10000 - 0x00000228ccf13000 	C:\Users\Lenovo\.openjfx\cache\20.0.1+2\amd64\api-ms-win-crt-process-l1-1-0.dll
0x00000228ccf20000 - 0x00000228ccf24000 	C:\Users\Lenovo\.openjfx\cache\20.0.1+2\amd64\api-ms-win-crt-runtime-l1-1-0.dll
0x00000228ccf30000 - 0x00000228ccf34000 	C:\Users\Lenovo\.openjfx\cache\20.0.1+2\amd64\api-ms-win-crt-stdio-l1-1-0.dll
0x00000228ccf40000 - 0x00000228ccf44000 	C:\Users\Lenovo\.openjfx\cache\20.0.1+2\amd64\api-ms-win-crt-string-l1-1-0.dll
0x00000228ccf50000 - 0x00000228ccf53000 	C:\Users\Lenovo\.openjfx\cache\20.0.1+2\amd64\api-ms-win-crt-time-l1-1-0.dll
0x00000228ccf60000 - 0x00000228ccf63000 	C:\Users\Lenovo\.openjfx\cache\20.0.1+2\amd64\api-ms-win-crt-utility-l1-1-0.dll
0x00007ff914140000 - 0x00007ff91423c000 	C:\Users\Lenovo\.openjfx\cache\20.0.1+2\amd64\ucrtbase.dll
0x00007ff92a1d0000 - 0x00007ff92a1eb000 	C:\Users\Lenovo\.openjfx\cache\20.0.1+2\amd64\vcruntime140.dll
0x00007ff92b5c0000 - 0x00007ff92b5cc000 	C:\Users\Lenovo\.openjfx\cache\20.0.1+2\amd64\vcruntime140_1.dll
0x00007ff9140b0000 - 0x00007ff91413e000 	C:\Users\Lenovo\.openjfx\cache\20.0.1+2\amd64\msvcp140.dll
0x00007ff929a60000 - 0x00007ff929a69000 	C:\Users\Lenovo\.openjfx\cache\20.0.1+2\amd64\msvcp140_1.dll
0x00007ff9294b0000 - 0x00007ff9294e0000 	C:\Users\Lenovo\.openjfx\cache\20.0.1+2\amd64\msvcp140_2.dll
0x00007ff924d40000 - 0x00007ff924d6f000 	C:\Users\Lenovo\.openjfx\cache\20.0.1+2\amd64\prism_d3d.dll
0x00007ff90cb50000 - 0x00007ff90cd1d000 	C:\Windows\system32\d3d9.dll
0x00007ff92e860000 - 0x00007ff92e88f000 	C:\Windows\SYSTEM32\dwmapi.dll
0x00007ff92e760000 - 0x00007ff92e7fe000 	C:\Windows\system32\uxtheme.dll
0x00007ff8f9930000 - 0x00007ff8f9a95000 	C:\Windows\System32\DriverStore\FileRepository\iigd_dch.inf_amd64_4b31d9b38e2bb506\igdumdim64.dll
0x00007ff933850000 - 0x00007ff93397b000 	C:\Windows\System32\ole32.dll
0x00007ff882ae0000 - 0x00007ff88676b000 	C:\Windows\System32\DriverStore\FileRepository\iigd_dch.inf_amd64_4b31d9b38e2bb506\igd9dxva64.dll
0x00007ff932900000 - 0x00007ff932d6e000 	C:\Windows\System32\SETUPAPI.dll
0x00007ff931930000 - 0x00007ff93197e000 	C:\Windows\System32\cfgmgr32.dll
0x00007ff9260b0000 - 0x00007ff9263e6000 	C:\Windows\System32\DriverStore\FileRepository\iigd_dch.inf_amd64_4b31d9b38e2bb506\igdgmm64.dll
0x00007ff91fb10000 - 0x00007ff91fb52000 	C:\Users\Lenovo\.openjfx\cache\20.0.1+2\amd64\glass.dll
0x00007ff931b90000 - 0x00007ff931c6a000 	C:\Windows\System32\COMDLG32.dll
0x00007ff9322d0000 - 0x00007ff9323e5000 	C:\Windows\System32\MSCTF.dll
0x00007ff8fc850000 - 0x00007ff8fc877000 	C:\Windows\System32\DriverStore\FileRepository\iigd_dch.inf_amd64_4b31d9b38e2bb506\igdinfo64.dll
0x00007ff930af0000 - 0x00007ff930b08000 	C:\Windows\SYSTEM32\CRYPTSP.dll
0x00007ff9301a0000 - 0x00007ff9301d4000 	C:\Windows\system32\rsaenh.dll
0x00007ff930ae0000 - 0x00007ff930aec000 	C:\Windows\SYSTEM32\CRYPTBASE.dll
0x00007ff9203c0000 - 0x00007ff92314f000 	C:\Windows\System32\DriverStore\FileRepository\iigd_dch.inf_amd64_4b31d9b38e2bb506\igc64.dll
0x00007ff926bc0000 - 0x00007ff926bfb000 	C:\Windows\SYSTEM32\dxcore.dll
0x00007ff9305d0000 - 0x00007ff93069b000 	C:\Windows\SYSTEM32\DNSAPI.dll
0x00007ff930580000 - 0x00007ff9305bb000 	C:\Windows\SYSTEM32\IPHLPAPI.DLL
0x00007ff933a00000 - 0x00007ff933a08000 	C:\Windows\System32\NSI.dll
0x00007ff927d00000 - 0x00007ff927d0a000 	C:\Windows\System32\rasadhlp.dll
0x00007ff925c90000 - 0x00007ff925d10000 	C:\Windows\System32\fwpuclnt.dll
0x00007ff92b2b0000 - 0x00007ff92b2b7000 	C:\Users\Lenovo\.jdks\openjdk-21\bin\extnet.dll
0x00007ff928e40000 - 0x00007ff928e54000 	C:\Users\Lenovo\.openjfx\cache\20.0.1+2\amd64\javafx_font.dll
0x00007ff91c480000 - 0x00007ff91c6ff000 	C:\Windows\SYSTEM32\dwrite.dll

dbghelp: loaded successfully - version: 4.0.5 - missing functions: none
symbol engine: initialized successfully - sym options: 0x614 - pdb path: .;C:\Users\Lenovo\.jdks\openjdk-21\bin;C:\Windows\SYSTEM32;C:\Program Files\Avast Software\Avast;C:\Windows\WinSxS\amd64_microsoft.windows.common-controls_6595b64144ccf1df_6.0.19041.3636_none_60b6a03d71f818d5;C:\Users\Lenovo\.jdks\openjdk-21\bin\server;C:\Users\Lenovo\.openjfx\cache\20.0.1+2\amd64;C:\Windows\System32\DriverStore\FileRepository\iigd_dch.inf_amd64_4b31d9b38e2bb506

VM Arguments:
jvm_args: --module-path=C:\Users\Lenovo\.m2\repository\org\openjfx\javafx-base\20.0.1\javafx-base-20.0.1-win.jar;C:\Users\Lenovo\.m2\repository\org\openjfx\javafx-base\20.0.1\javafx-base-20.0.1.jar;C:\Users\Lenovo\.m2\repository\org\openjfx\javafx-controls\20.0.1\javafx-controls-20.0.1-win.jar;C:\Users\Lenovo\.m2\repository\org\openjfx\javafx-controls\20.0.1\javafx-controls-20.0.1.jar;C:\Users\Lenovo\.m2\repository\org\openjfx\javafx-fxml\20.0.1\javafx-fxml-20.0.1-win.jar;C:\Users\Lenovo\.m2\repository\org\openjfx\javafx-fxml\20.0.1\javafx-fxml-20.0.1.jar;C:\Users\Lenovo\.m2\repository\org\openjfx\javafx-graphics\20.0.1\javafx-graphics-20.0.1-win.jar;C:\Users\Lenovo\.m2\repository\org\openjfx\javafx-graphics\20.0.1\javafx-graphics-20.0.1.jar --add-modules=javafx.base,javafx.controls,javafx.fxml,javafx.graphics 
java_command: test.Main
java_class_path (initial): C:\Users\Lenovo\Desktop\java\PIJAVA\target\classes;C:\Users\Lenovo\.m2\repository\com\google\protobuf\protobuf-java\3.21.9\protobuf-java-3.21.9.jar;C:\Users\Lenovo\.m2\repository\com\mysql\mysql-connector-j\8.0.33\mysql-connector-j-8.0.33.jar;C:\Users\Lenovo\.m2\repository\de\jensd\fontawesomefx-commons\9.1.2\fontawesomefx-commons-9.1.2.jar;C:\Users\Lenovo\.m2\repository\de\jensd\fontawesomefx-fontawesome\4.7.0-9.1.2\fontawesomefx-fontawesome-4.7.0-9.1.2.jar
Launcher Type: SUN_STANDARD

[Global flags]
     intx CICompilerCount                          = 4                                         {product} {ergonomic}
     uint ConcGCThreads                            = 2                                         {product} {ergonomic}
     uint G1ConcRefinementThreads                  = 8                                         {product} {ergonomic}
   size_t G1HeapRegionSize                         = 1048576                                   {product} {ergonomic}
    uintx GCDrainStackTargetSize                   = 64                                        {product} {ergonomic}
   size_t InitialHeapSize                          = 132120576                                 {product} {ergonomic}
   size_t MarkStackSize                            = 4194304                                   {product} {ergonomic}
   size_t MaxHeapSize                              = 2105540608                                {product} {ergonomic}
   size_t MaxNewSize                               = 1262485504                                {product} {ergonomic}
   size_t MinHeapDeltaBytes                        = 1048576                                   {product} {ergonomic}
   size_t MinHeapSize                              = 8388608                                   {product} {ergonomic}
    uintx NonNMethodCodeHeapSize                   = 5839372                                {pd product} {ergonomic}
    uintx NonProfiledCodeHeapSize                  = 122909434                              {pd product} {ergonomic}
    uintx ProfiledCodeHeapSize                     = 122909434                              {pd product} {ergonomic}
    uintx ReservedCodeCacheSize                    = 251658240                              {pd product} {ergonomic}
     bool SegmentedCodeCache                       = true                                      {product} {ergonomic}
   size_t SoftMaxHeapSize                          = 2105540608                             {manageable} {ergonomic}
     bool UseCompressedOops                        = true                           {product lp64_product} {ergonomic}
     bool UseG1GC                                  = true                                      {product} {ergonomic}
     bool UseLargePagesIndividualAllocation        = false                                  {pd product} {ergonomic}

Logging:
Log output configuration:
 #0: stdout all=warning uptime,level,tags foldmultilines=false
 #1: stderr all=off uptime,level,tags foldmultilines=false

Environment Variables:
PATH=C:\oraclexe\app\oracle\product\10.2.0\server\bin;C:\Program Files (x86)\VMware\VMware Player\bin\;C:\Windows\system32;C:\Windows;C:\Windows\System32\Wbem;C:\Windows\System32\WindowsPowerShell\v1.0\;C:\Windows\System32\OpenSSH\;C:\xampp\php;C:\Program Files\Git\cmd;C:\composer;C:\Users\Lenovo\AppData\Local\Programs\Python\Launcher\;C:\Users\Lenovo\scoop\shims;C:\Users\Lenovo\AppData\Local\Microsoft\WindowsApps;C:\Microsoft VS Code\bin;C:\Users\Lenovo\AppData\Roaming\Composer\vendor\bin;C:\Flex Windows\gcc\bin;C:\Flex Windows\Lex\bin;C:\Flex Windows\bison\bin
USERNAME=Lenovo
OS=Windows_NT
PROCESSOR_IDENTIFIER=Intel64 Family 6 Model 142 Stepping 12, GenuineIntel
TMP=C:\Users\Lenovo\AppData\Local\Temp
TEMP=C:\Users\Lenovo\AppData\Local\Temp




---------------  S Y S T E M  ---------------

OS:
 Windows 10 , 64 bit Build 19041 (10.0.19041.3636)
OS uptime: 2 days 6:05 hours

CPU: total 8 (initial active 8) (4 cores per cpu, 2 threads per core) family 6 model 142 stepping 12 microcode 0xde, cx8, cmov, fxsr, ht, mmx, 3dnowpref, sse, sse2, sse3, ssse3, sse4.1, sse4.2, popcnt, lzcnt, tsc, tscinvbit, avx, avx2, aes, erms, clmul, bmi1, bmi2, adx, fma, vzeroupper, clflush, clflushopt, rdtscp, f16c
Processor Information for processor 0
  Max Mhz: 2112, Current Mhz: 1408, Mhz Limit: 1605
Processor Information for processor 1
  Max Mhz: 2112, Current Mhz: 1609, Mhz Limit: 1605
Processor Information for processor 2
  Max Mhz: 2112, Current Mhz: 1408, Mhz Limit: 1605
Processor Information for processor 3
  Max Mhz: 2112, Current Mhz: 1609, Mhz Limit: 1605
Processor Information for processor 4
  Max Mhz: 2112, Current Mhz: 1408, Mhz Limit: 1605
Processor Information for processor 5
  Max Mhz: 2112, Current Mhz: 1408, Mhz Limit: 1605
Processor Information for processor 6
  Max Mhz: 2112, Current Mhz: 1408, Mhz Limit: 1605
Processor Information for processor 7
  Max Mhz: 2112, Current Mhz: 1408, Mhz Limit: 1605

Memory: 4k page, system-wide physical 8027M (234M free)
TotalPageFile size 32603M (AvailPageFile size 46M)
current process WorkingSet (physical memory assigned to process): 264M, peak: 264M
current process commit charge ("private bytes"): 406M, peak: 470M

vm_info: OpenJDK 64-Bit Server VM (21+35-2513) for windows-amd64 JRE (21+35-2513), built on 2023-08-09T20:25:10Z by "mach5one" with MS VC++ 17.1 (VS2022)

END.
