#
# There is insufficient memory for the Java Runtime Environment to continue.
# Native memory allocation (mmap) failed to map 77594624 bytes for G1 virtual space
# Possible reasons:
#   The system is out of physical RAM or swap space
#   The process is running with CompressedOops enabled, and the Java Heap may be blocking the growth of the native heap
# Possible solutions:
#   Reduce memory load on the system
#   Increase physical memory or swap space
#   Check if swap backing store is full
#   Decrease Java heap size (-Xmx/-Xms)
#   Decrease number of Java threads
#   Decrease Java thread stack sizes (-Xss)
#   Set larger code cache with -XX:ReservedCodeCacheSize=
#   JVM is running with Unscaled Compressed Oops mode in which the Java heap is
#     placed in the first 4GB address space. The Java Heap base address is the
#     maximum limit for the native heap growth. Please use -XX:HeapBaseMinAddress
#     to set the Java Heap base and to place the Java Heap above 4GB virtual address.
# This output file may be truncated or incomplete.
#
#  Out of Memory Error (os_windows.cpp:3600), pid=12380, tid=26684
#
# JRE version: OpenJDK Runtime Environment (21.0+35) (build 21+35-2513)
# Java VM: OpenJDK 64-Bit Server VM (21+35-2513, mixed mode, sharing, tiered, compressed oops, compressed class ptrs, g1 gc, windows-amd64)
# No core dump will be written. Minidumps are not enabled by default on client versions of Windows
#

---------------  S U M M A R Y ------------

Command Line: --module-path=C:\Users\Lenovo\.m2\repository\org\openjfx\javafx-base\20.0.1\javafx-base-20.0.1-win.jar;C:\Users\Lenovo\.m2\repository\org\openjfx\javafx-base\20.0.1\javafx-base-20.0.1.jar;C:\Users\Lenovo\.m2\repository\org\openjfx\javafx-controls\20.0.1\javafx-controls-20.0.1-win.jar;C:\Users\Lenovo\.m2\repository\org\openjfx\javafx-controls\20.0.1\javafx-controls-20.0.1.jar;C:\Users\Lenovo\.m2\repository\org\openjfx\javafx-fxml\20.0.1\javafx-fxml-20.0.1-win.jar;C:\Users\Lenovo\.m2\repository\org\openjfx\javafx-fxml\20.0.1\javafx-fxml-20.0.1.jar;C:\Users\Lenovo\.m2\repository\org\openjfx\javafx-graphics\20.0.1\javafx-graphics-20.0.1-win.jar;C:\Users\Lenovo\.m2\repository\org\openjfx\javafx-graphics\20.0.1\javafx-graphics-20.0.1.jar --add-modules=javafx.base,javafx.controls,javafx.fxml,javafx.graphics test.Main

Host: Intel(R) Core(TM) i5-10210U CPU @ 1.60GHz, 8 cores, 7G,  Windows 10 , 64 bit Build 19041 (10.0.19041.3636)
Time: Sat May  4 16:07:54 2024 Paris, Madrid (heure duild 19041 (10.0.19041.3636) elapsed time: 2.247512 seconds (0d 0h 0m 2s)

---------------  T H R E A D  ---------------

Current thread (0x000001dc60490c50):  VMThread "VM Thread"          [id=26684, stack(0x0000003302b00000,0x0000003302c00000) (1024K)]

Stack: [0x0000003302b00000,0x0000003302c00000]
Native frames: (J=compiled Java code, j=interpreted, Vv=VM code, C=native code)
V  [jvm.dll+0x6c8d39]
V  [jvm.dll+0x854091]
V  [jvm.dll+0x85630e]
V  [jvm.dll+0x8569e3]
V  [jvm.dll+0x2809a6]
V  [jvm.dll+0x6c5425]
V  [jvm.dll+0x6b9e1a]
V  [jvm.dll+0x3555ba]
V  [jvm.dll+0x35d206]
V  [jvm.dll+0x3adf6e]
V  [jvm.dll+0x3ae218]
V  [jvm.dll+0x328fcc]
V  [jvm.dll+0x32b876]
V  [jvm.dll+0x3357ce]
V  [jvm.dll+0x36ba35]
V  [jvm.dll+0x85c4e8]
V  [jvm.dll+0x85d5e4]
V  [jvm.dll+0x85db20]
V  [jvm.dll+0x85ddc3]
V  [jvm.dll+0x7fd2c8]
V  [jvm.dll+0x6c748d]
C  [ucrtbase.dll+0x21bb2]
C  [KERNEL32.DLL+0x17344]
C  [ntdll.dll+0x526b1]

VM_Operation (0x00000033026ff960): G1PauseRemark, mode: safepoint, requested by thread 0x000001dc43c26b80


---------------  P R O C E S S  ---------------

Threads class SMR info:
_java_thread_list=0x000001dc654916a0, length=19, elements={
0x000001dc43bc34e0, 0x000001dc604af0a0, 0x000001dc604affc0, 0x000001dc604b4dc0,
0x000001dc604b7d60, 0x000001dc604b9030, 0x000001dc604c6fe0, 0x000001dc604cb530,
0x000001dc604cc770, 0x000001dc6070f680, 0x000001dc60710a30, 0x000001dc60711750,
0x000001dc607110c0, 0x000001dc6070eff0, 0x000001dc6070fd10, 0x000001dc60712470,
0x000001dc60711de0, 0x000001dc6573c390, 0x000001dc6a4ac7f0
}

Java Threads: ( => current thread )
  0x000001dc43bc34e0 JavaThread "main"                              [_thread_blocked, id=24132, stack(0x0000003302400000,0x0000003302500000) (1024K)]
  0x000001dc604af0a0 JavaThread "Reference Handler"          daemon [_thread_blocked, id=10996, stack(0x0000003302c00000,0x0000003302d00000) (1024K)]
  0x000001dc604affc0 JavaThread "Finalizer"                  daemon [_thread_blocked, id=27560, stack(0x0000003302d00000,0x0000003302e00000) (1024K)]
  0x000001dc604b4dc0 JavaThread "Signal Dispatcher"          daemon [_thread_blocked, id=20272, stack(0x0000003302e00000,0x0000003302f00000) (1024K)]
  0x000001dc604b7d60 JavaThread "Attach Listener"            daemon [_thread_blocked, id=16816, stack(0x0000003302f00000,0x0000003303000000) (1024K)]
  0x000001dc604b9030 JavaThread "Service Thread"             daemon [_thread_blocked, id=3804, stack(0x0000003303000000,0x0000003303100000) (1024K)]
  0x000001dc604c6fe0 JavaThread "Monitor Deflation Thread"   daemon [_thread_blocked, id=20396, stack(0x0000003303100000,0x0000003303200000) (1024K)]
  0x000001dc604cb530 JavaThread "C2 CompilerThread0"         daemon [_thread_blocked, id=17292, stack(0x0000003303200000,0x0000003303300000) (1024K)]
  0x000001dc604cc770 JavaThread "C1 CompilerThread0"         daemon [_thread_blocked, id=5360, stack(0x0000003303300000,0x0000003303400000) (1024K)]
  0x000001dc6070f680 JavaThread "Common-Cleaner"             daemon [_thread_blocked, id=19060, stack(0x0000003303400000,0x0000003303500000) (1024K)]
  0x000001dc60710a30 JavaThread "Notification Thread"        daemon [_thread_blocked, id=12932, stack(0x0000003303600000,0x0000003303700000) (1024K)]
  0x000001dc60711750 JavaThread "QuantumRenderer-0"          daemon [_thread_blocked, id=30188, stack(0x0000003303500000,0x0000003303600000) (1024K)]
  0x000001dc607110c0 JavaThread "InvokeLaterDispatcher"      daemon [_thread_blocked, id=29160, stack(0x0000003303700000,0x0000003303800000) (1024K)]
  0x000001dc6070eff0 JavaThread "JavaFX Application Thread"         [_thread_blocked, id=27216, stack(0x0000003303800000,0x0000003303900000) (1024K)]
  0x000001dc6070fd10 JavaThread "JavaFX-Launcher"                   [_thread_blocked, id=23656, stack(0x0000003303d00000,0x0000003303e00000) (1024K)]
  0x000001dc60712470 JavaThread "Thread-2"                   daemon [_thread_blocked, id=26856, stack(0x0000003303c00000,0x0000003303d00000) (1024K)]
  0x000001dc60711de0 JavaThread "mysql-cj-abandoned-connection-cleanup" daemon [_thread_blocked, id=5828, stack(0x0000003304300000,0x0000003304400000) (1024K)]
  0x000001dc6573c390 JavaThread "C2 CompilerThread1"         daemon [_thread_blocked, id=2784, stack(0x0000003304400000,0x0000003304500000) (1024K)]
  0x000001dc6a4ac7f0 JavaThread "Prism Font Disposer"        daemon [_thread_blocked, id=12256, stack(0x0000003304700000,0x0000003304800000) (1024K)]
Total: 19

Other Threads:
=>0x000001dc60490c50 VMThread "VM Thread"                           [id=26684, stack(0x0000003302b00000,0x0000003302c00000) (1024K)]
  0x000001dc60477a10 WatcherThread "VM Periodic Task Thread"        [id=22844, stack(0x0000003302a00000,0x0000003302b00000) (1024K)]
  0x000001dc43c15e20 WorkerThread "GC Thread#0"                     [id=26112, stack(0x0000003302500000,0x0000003302600000) (1024K)]
  0x000001dc65609020 WorkerThread "GC Thread#1"                     [id=10516, stack(0x0000003303e00000,0x0000003303f00000) (1024K)]
  0x000001dc656093c0 WorkerThread "GC Thread#2"                     [id=15792, stack(0x0000003303f00000,0x0000003304000000) (1024K)]
  0x000001dc6560adf0 WorkerThread "GC Thread#3"                     [id=18764, stack(0x0000003304000000,0x0000003304100000) (1024K)]
  0x000001dc6560b190 WorkerThread "GC Thread#4"                     [id=11208, stack(0x0000003304100000,0x0000003304200000) (1024K)]
  0x000001dc655da3f0 WorkerThread "GC Thread#5"                     [id=15972, stack(0x0000003304200000,0x0000003304300000) (1024K)]
  0x000001dc6a56d9d0 WorkerThread "GC Thread#6"                     [id=28968, stack(0x0000003304500000,0x0000003304600000) (1024K)]
  0x000001dc6a95f8b0 WorkerThread "GC Thread#7"                     [id=12992, stack(0x0000003304600000,0x0000003304700000) (1024K)]
  0x000001dc43c26b80 ConcurrentGCThread "G1 Main Marker"            [id=2180, stack(0x0000003302600000,0x0000003302700000) (1024K)]
  0x000001dc43c27e20 WorkerThread "G1 Conc#0"                       [id=29904, stack(0x0000003302700000,0x0000003302800000) (1024K)]
  0x000001dc6a347250 WorkerThread "G1 Conc#1"                       [id=13324, stack(0x0000003304800000,0x0000003304900000) (1024K)]
  0x000001dc43c8e460 ConcurrentGCThread "G1 Refine#0"               [id=26140, stack(0x0000003302800000,0x0000003302900000) (1024K)]
  0x000001dc6034b110 ConcurrentGCThread "G1 Service"                [id=8756, stack(0x0000003302900000,0x0000003302a00000) (1024K)]
Total: 15

Threads with active compile tasks:
C2 CompilerThread0     2288 2089       4       com.sun.javafx.iio.gif.GIFImageLoader2$LZWDecoder::readData (52 bytes)
Total: 1

VM state: at safepoint (normal execution)

VM Mutex/Monitor currently owned by a thread:  ([mutex/lock_event])
[0x00007ff8f3178548] Threads_lock - owner thread: 0x000001dc60490c50
[0x00007ff8f3178648] Heap_lock - owner thread: 0x000001dc43c26b80

Heap address: 0x0000000082800000, size: 2008 MB, Compressed Oops mode: 32-bit

CDS archive(s) mapped at: [0x000001dc00000000-0x000001dc00c90000-0x000001dc00c90000), size 13172736, SharedBaseAddress: 0x000001dc00000000, ArchiveRelocationMode: 1.
Compressed class space mapped at: 0x000001dc01000000-0x000001dc41000000, reserved size: 1073741824
Narrow klass base: 0x000001dc00000000, Narrow klass shift: 0, Narrow klass range: 0x100000000

GC Precious Log:
 CardTable entry size: 512
 Card Set container configuration: InlinePtr #cards 5 size 8 Array Of Cards #cards 12 size 40 Howl #buckets 4 coarsen threshold 1843 Howl Bitmap #cards 512 size 80 coarsen threshold 460 Card regions per heap region 1 cards per card region 2048
 CPUs: 8 total, 8 available
 Memory: 8027M
 Large Page Support: Disabled
 NUMA Support: Disabled
 Compressed Oops: Enabled (32-bit)
 Heap Region Size: 1M
 Heap Min Capacity: 8M
 Heap Initial Capacity: 126M
 Heap Max Capacity: 2008M
 Pre-touch: Disabled
 Parallel Workers: 8
 Concurrent Workers: 2
 Concurrent Refinement Workers: 8
 Periodic GC: Disabled

Heap:
 garbage-first heap   total 169984K, used 144039K [0x0000000082800000, 0x0000000100000000)
  region size 1024K, 3 young (3072K), 1 survivors (1024K)
 Metaspace       used 13913K, committed 14208K, reserved 1114112K
  class space    used 1799K, committed 1920K, reserved 1048576K

Heap Regions: E=young(eden), S=young(survivor), O=old, HS=humongous(starts), HC=humongous(continues), CS=collection set, F=free, TAMS=top-at-mark-start, PB=parsable bottom
|   0|0x0000000082800000, 0x0000000082900000, 0x0000000082900000|100%|HS|  |TAMS 0x0000000082900000| PB 0x0000000082800000| Complete 
|   1|0x0000000082900000, 0x0000000082a00000, 0x0000000082a00000|100%|HC|  |TAMS 0x0000000082a00000| PB 0x0000000082900000| Complete 
|   2|0x0000000082a00000, 0x0000000082b00000, 0x0000000082b00000|100%|HS|  |TAMS 0x0000000082b00000| PB 0x0000000082a00000| Complete 
|   3|0x0000000082b00000, 0x0000000082c00000, 0x0000000082c00000|100%|HC|  |TAMS 0x0000000082c00000| PB 0x0000000082b00000| Complete 
|   4|0x0000000082c00000, 0x0000000082d00000, 0x0000000082d00000|100%|HS|  |TAMS 0x0000000082d00000| PB 0x0000000082c00000| Complete 
|   5|0x0000000082d00000, 0x0000000082e00000, 0x0000000082e00000|100%|HC|  |TAMS 0x0000000082e00000| PB 0x0000000082d00000| Complete 
|   6|0x0000000082e00000, 0x0000000082f00000, 0x0000000082f00000|100%|HS|  |TAMS 0x0000000082f00000| PB 0x0000000082e00000| Complete 
|   7|0x0000000082f00000, 0x0000000083000000, 0x0000000083000000|100%|HC|  |TAMS 0x0000000083000000| PB 0x0000000082f00000| Complete 
|   8|0x0000000083000000, 0x0000000083100000, 0x0000000083100000|100%|HS|  |TAMS 0x0000000083100000| PB 0x0000000083000000| Complete 
|   9|0x0000000083100000, 0x0000000083200000, 0x0000000083200000|100%|HC|  |TAMS 0x0000000083200000| PB 0x0000000083100000| Complete 
|  10|0x0000000083200000, 0x0000000083300000, 0x0000000083300000|100%|HS|  |TAMS 0x0000000083300000| PB 0x0000000083200000| Complete 
|  11|0x0000000083300000, 0x0000000083400000, 0x0000000083400000|100%| O|  |TAMS 0x0000000083400000| PB 0x0000000083400000| Untracked 
|  12|0x0000000083400000, 0x0000000083500000, 0x0000000083500000|100%| O|  |TAMS 0x0000000083500000| PB 0x0000000083500000| Untracked 
|  13|0x0000000083500000, 0x0000000083600000, 0x0000000083600000|100%| O|  |TAMS 0x0000000083600000| PB 0x0000000083600000| Untracked 
|  14|0x0000000083600000, 0x0000000083700000, 0x0000000083700000|100%|HS|  |TAMS 0x0000000083700000| PB 0x0000000083600000| Complete 
|  15|0x0000000083700000, 0x0000000083800000, 0x0000000083800000|100%|HS|  |TAMS 0x0000000083800000| PB 0x0000000083700000| Complete 
|  16|0x0000000083800000, 0x0000000083900000, 0x0000000083900000|100%|HS|  |TAMS 0x0000000083900000| PB 0x0000000083800000| Complete 
|  17|0x0000000083900000, 0x0000000083a00000, 0x0000000083a00000|100%|HS|  |TAMS 0x0000000083a00000| PB 0x0000000083900000| Complete 
|  18|0x0000000083a00000, 0x0000000083b00000, 0x0000000083b00000|100%|HS|  |TAMS 0x0000000083b00000| PB 0x0000000083a00000| Complete 
|  19|0x0000000083b00000, 0x0000000083c00000, 0x0000000083c00000|100%|HS|  |TAMS 0x0000000083c00000| PB 0x0000000083b00000| Complete 
|  20|0x0000000083c00000, 0x0000000083d00000, 0x0000000083d00000|100%|HS|  |TAMS 0x0000000083d00000| PB 0x0000000083c00000| Complete 
|  21|0x0000000083d00000, 0x0000000083e00000, 0x0000000083e00000|100%|HS|  |TAMS 0x0000000083e00000| PB 0x0000000083d00000| Complete 
|  22|0x0000000083e00000, 0x0000000083f00000, 0x0000000083f00000|100%|HS|  |TAMS 0x0000000083f00000| PB 0x0000000083e00000| Complete 
|  23|0x0000000083f00000, 0x0000000084000000, 0x0000000084000000|100%|HS|  |TAMS 0x0000000084000000| PB 0x0000000083f00000| Complete 
|  24|0x0000000084000000, 0x0000000084100000, 0x0000000084100000|100%|HS|  |TAMS 0x0000000084100000| PB 0x0000000084000000| Complete 
|  25|0x0000000084100000, 0x0000000084200000, 0x0000000084200000|100%|HS|  |TAMS 0x0000000084200000| PB 0x0000000084100000| Complete 
|  26|0x0000000084200000, 0x0000000084300000, 0x0000000084300000|100%|HS|  |TAMS 0x0000000084300000| PB 0x0000000084200000| Complete 
|  27|0x0000000084300000, 0x0000000084400000, 0x0000000084400000|100%|HS|  |TAMS 0x0000000084400000| PB 0x0000000084300000| Complete 
|  28|0x0000000084400000, 0x0000000084500000, 0x0000000084500000|100%|HS|  |TAMS 0x0000000084500000| PB 0x0000000084400000| Complete 
|  29|0x0000000084500000, 0x0000000084600000, 0x0000000084600000|100%|HS|  |TAMS 0x0000000084600000| PB 0x0000000084500000| Complete 
|  30|0x0000000084600000, 0x0000000084700000, 0x0000000084700000|100%|HS|  |TAMS 0x0000000084700000| PB 0x0000000084600000| Complete 
|  31|0x0000000084700000, 0x0000000084800000, 0x0000000084800000|100%|HS|  |TAMS 0x0000000084800000| PB 0x0000000084700000| Complete 
|  32|0x0000000084800000, 0x0000000084900000, 0x0000000084900000|100%|HS|  |TAMS 0x0000000084900000| PB 0x0000000084800000| Complete 
|  33|0x0000000084900000, 0x0000000084a00000, 0x0000000084a00000|100%|HS|  |TAMS 0x0000000084a00000| PB 0x0000000084900000| Complete 
|  34|0x0000000084a00000, 0x0000000084b00000, 0x0000000084b00000|100%|HS|  |TAMS 0x0000000084b00000| PB 0x0000000084a00000| Complete 
|  35|0x0000000084b00000, 0x0000000084c00000, 0x0000000084c00000|100%|HS|  |TAMS 0x0000000084c00000| PB 0x0000000084b00000| Complete 
|  36|0x0000000084c00000, 0x0000000084d00000, 0x0000000084d00000|100%|HS|  |TAMS 0x0000000084d00000| PB 0x0000000084c00000| Complete 
|  37|0x0000000084d00000, 0x0000000084e00000, 0x0000000084e00000|100%|HS|  |TAMS 0x0000000084e00000| PB 0x0000000084d00000| Complete 
|  38|0x0000000084e00000, 0x0000000084f00000, 0x0000000084f00000|100%|HS|  |TAMS 0x0000000084f00000| PB 0x0000000084e00000| Complete 
|  39|0x0000000084f00000, 0x0000000085000000, 0x0000000085000000|100%|HS|  |TAMS 0x0000000085000000| PB 0x0000000084f00000| Complete 
|  40|0x0000000085000000, 0x0000000085100000, 0x0000000085100000|100%|HS|  |TAMS 0x0000000085100000| PB 0x0000000085000000| Complete 
|  41|0x0000000085100000, 0x0000000085200000, 0x0000000085200000|100%|HS|  |TAMS 0x0000000085200000| PB 0x0000000085100000| Complete 
|  42|0x0000000085200000, 0x0000000085300000, 0x0000000085300000|100%|HS|  |TAMS 0x0000000085300000| PB 0x0000000085200000| Complete 
|  43|0x0000000085300000, 0x0000000085400000, 0x0000000085400000|100%|HS|  |TAMS 0x0000000085400000| PB 0x0000000085300000| Complete 
|  44|0x0000000085400000, 0x0000000085500000, 0x0000000085500000|100%|HS|  |TAMS 0x0000000085500000| PB 0x0000000085400000| Complete 
|  45|0x0000000085500000, 0x0000000085600000, 0x0000000085600000|100%|HS|  |TAMS 0x0000000085600000| PB 0x0000000085500000| Complete 
|  46|0x0000000085600000, 0x0000000085700000, 0x0000000085700000|100%|HS|  |TAMS 0x0000000085700000| PB 0x0000000085600000| Complete 
|  47|0x0000000085700000, 0x0000000085800000, 0x0000000085800000|100%|HS|  |TAMS 0x0000000085800000| PB 0x0000000085700000| Complete 
|  48|0x0000000085800000, 0x0000000085900000, 0x0000000085900000|100%|HS|  |TAMS 0x0000000085900000| PB 0x0000000085800000| Complete 
|  49|0x0000000085900000, 0x0000000085a00000, 0x0000000085a00000|100%|HS|  |TAMS 0x0000000085a00000| PB 0x0000000085900000| Complete 
|  50|0x0000000085a00000, 0x0000000085b00000, 0x0000000085b00000|100%|HS|  |TAMS 0x0000000085b00000| PB 0x0000000085a00000| Complete 
|  51|0x0000000085b00000, 0x0000000085c00000, 0x0000000085c00000|100%|HS|  |TAMS 0x0000000085c00000| PB 0x0000000085b00000| Complete 
|  52|0x0000000085c00000, 0x0000000085d00000, 0x0000000085d00000|100%|HS|  |TAMS 0x0000000085d00000| PB 0x0000000085c00000| Complete 
|  53|0x0000000085d00000, 0x0000000085e00000, 0x0000000085e00000|100%|HS|  |TAMS 0x0000000085e00000| PB 0x0000000085d00000| Complete 
|  54|0x0000000085e00000, 0x0000000085f00000, 0x0000000085f00000|100%|HS|  |TAMS 0x0000000085f00000| PB 0x0000000085e00000| Complete 
|  55|0x0000000085f00000, 0x0000000086000000, 0x0000000086000000|100%|HS|  |TAMS 0x0000000086000000| PB 0x0000000085f00000| Complete 
|  56|0x0000000086000000, 0x0000000086100000, 0x0000000086100000|100%|HS|  |TAMS 0x0000000086100000| PB 0x0000000086000000| Complete 
|  57|0x0000000086100000, 0x0000000086200000, 0x0000000086200000|100%| O|  |TAMS 0x0000000086200000| PB 0x0000000086200000| Untracked 
|  58|0x0000000086200000, 0x0000000086300000, 0x0000000086300000|100%|HS|  |TAMS 0x0000000086200000| PB 0x0000000086200000| Complete 
|  59|0x0000000086300000, 0x0000000086400000, 0x0000000086400000|100%| O|  |TAMS 0x0000000086400000| PB 0x0000000086400000| Untracked 
|  60|0x0000000086400000, 0x0000000086500000, 0x0000000086500000|100%| O|  |TAMS 0x0000000086500000| PB 0x0000000086500000| Untracked 
|  61|0x0000000086500000, 0x0000000086600000, 0x0000000086600000|100%| O|  |TAMS 0x0000000086600000| PB 0x0000000086600000| Untracked 
|  62|0x0000000086600000, 0x0000000086700000, 0x0000000086700000|100%| O|  |TAMS 0x0000000086700000| PB 0x0000000086700000| Updating 
|  63|0x0000000086700000, 0x0000000086800000, 0x0000000086800000|100%|HS|  |TAMS 0x0000000086800000| PB 0x0000000086700000| Complete 
|  64|0x0000000086800000, 0x0000000086900000, 0x0000000086900000|100%|HS|  |TAMS 0x0000000086900000| PB 0x0000000086800000| Complete 
|  65|0x0000000086900000, 0x0000000086a00000, 0x0000000086a00000|100%|HS|  |TAMS 0x0000000086a00000| PB 0x0000000086900000| Complete 
|  66|0x0000000086a00000, 0x0000000086b00000, 0x0000000086b00000|100%|HS|  |TAMS 0x0000000086b00000| PB 0x0000000086a00000| Complete 
|  67|0x0000000086b00000, 0x0000000086c00000, 0x0000000086c00000|100%|HS|  |TAMS 0x0000000086c00000| PB 0x0000000086b00000| Complete 
|  68|0x0000000086c00000, 0x0000000086d00000, 0x0000000086d00000|100%|HS|  |TAMS 0x0000000086d00000| PB 0x0000000086c00000| Complete 
|  69|0x0000000086d00000, 0x0000000086e00000, 0x0000000086e00000|100%|HS|  |TAMS 0x0000000086e00000| PB 0x0000000086d00000| Complete 
|  70|0x0000000086e00000, 0x0000000086f00000, 0x0000000086f00000|100%|HS|  |TAMS 0x0000000086f00000| PB 0x0000000086e00000| Complete 
|  71|0x0000000086f00000, 0x0000000087000000, 0x0000000087000000|100%|HS|  |TAMS 0x0000000087000000| PB 0x0000000086f00000| Complete 
|  72|0x0000000087000000, 0x0000000087100000, 0x0000000087100000|100%|HS|  |TAMS 0x0000000087100000| PB 0x0000000087000000| Complete 
|  73|0x0000000087100000, 0x0000000087200000, 0x0000000087200000|100%|HS|  |TAMS 0x0000000087200000| PB 0x0000000087100000| Complete 
|  74|0x0000000087200000, 0x0000000087300000, 0x0000000087300000|100%|HS|  |TAMS 0x0000000087300000| PB 0x0000000087200000| Complete 
|  75|0x0000000087300000, 0x0000000087400000, 0x0000000087400000|100%|HS|  |TAMS 0x0000000087400000| PB 0x0000000087300000| Complete 
|  76|0x0000000087400000, 0x0000000087500000, 0x0000000087500000|100%|HS|  |TAMS 0x0000000087500000| PB 0x0000000087400000| Complete 
|  77|0x0000000087500000, 0x0000000087600000, 0x0000000087600000|100%|HS|  |TAMS 0x0000000087600000| PB 0x0000000087500000| Complete 
|  78|0x0000000087600000, 0x0000000087700000, 0x0000000087700000|100%|HS|  |TAMS 0x0000000087700000| PB 0x0000000087600000| Complete 
|  79|0x0000000087700000, 0x0000000087800000, 0x0000000087800000|100%|HS|  |TAMS 0x0000000087800000| PB 0x0000000087700000| Complete 
|  80|0x0000000087800000, 0x0000000087900000, 0x0000000087900000|100%|HS|  |TAMS 0x0000000087900000| PB 0x0000000087800000| Complete 
|  81|0x0000000087900000, 0x0000000087a00000, 0x0000000087a00000|100%|HS|  |TAMS 0x0000000087a00000| PB 0x0000000087900000| Complete 
|  82|0x0000000087a00000, 0x0000000087b00000, 0x0000000087b00000|100%|HS|  |TAMS 0x0000000087b00000| PB 0x0000000087a00000| Complete 
|  83|0x0000000087b00000, 0x0000000087c00000, 0x0000000087c00000|100%|HS|  |TAMS 0x0000000087c00000| PB 0x0000000087b00000| Complete 
|  84|0x0000000087c00000, 0x0000000087d00000, 0x0000000087d00000|100%|HS|  |TAMS 0x0000000087d00000| PB 0x0000000087c00000| Complete 
|  85|0x0000000087d00000, 0x0000000087e00000, 0x0000000087e00000|100%|HS|  |TAMS 0x0000000087e00000| PB 0x0000000087d00000| Complete 
|  86|0x0000000087e00000, 0x0000000087f00000, 0x0000000087f00000|100%|HS|  |TAMS 0x0000000087f00000| PB 0x0000000087e00000| Complete 
|  87|0x0000000087f00000, 0x0000000088000000, 0x0000000088000000|100%|HS|  |TAMS 0x0000000088000000| PB 0x0000000087f00000| Complete 
|  88|0x0000000088000000, 0x0000000088100000, 0x0000000088100000|100%|HS|  |TAMS 0x0000000088100000| PB 0x0000000088000000| Complete 
|  89|0x0000000088100000, 0x0000000088200000, 0x0000000088200000|100%|HS|  |TAMS 0x0000000088200000| PB 0x0000000088100000| Complete 
|  90|0x0000000088200000, 0x0000000088300000, 0x0000000088300000|100%|HS|  |TAMS 0x0000000088300000| PB 0x0000000088200000| Complete 
|  91|0x0000000088300000, 0x0000000088400000, 0x0000000088400000|100%|HS|  |TAMS 0x0000000088400000| PB 0x0000000088300000| Complete 
|  92|0x0000000088400000, 0x0000000088500000, 0x0000000088500000|100%|HS|  |TAMS 0x0000000088500000| PB 0x0000000088400000| Complete 
|  93|0x0000000088500000, 0x0000000088600000, 0x0000000088600000|100%|HS|  |TAMS 0x0000000088600000| PB 0x0000000088500000| Complete 
|  94|0x0000000088600000, 0x0000000088700000, 0x0000000088700000|100%|HS|  |TAMS 0x0000000088700000| PB 0x0000000088600000| Complete 
|  95|0x0000000088700000, 0x0000000088800000, 0x0000000088800000|100%|HS|  |TAMS 0x0000000088800000| PB 0x0000000088700000| Complete 
|  96|0x0000000088800000, 0x0000000088900000, 0x0000000088900000|100%|HS|  |TAMS 0x0000000088900000| PB 0x0000000088800000| Complete 
|  97|0x0000000088900000, 0x0000000088a00000, 0x0000000088a00000|100%|HS|  |TAMS 0x0000000088a00000| PB 0x0000000088900000| Complete 
|  98|0x0000000088a00000, 0x0000000088b00000, 0x0000000088b00000|100%|HS|  |TAMS 0x0000000088b00000| PB 0x0000000088a00000| Complete 
|  99|0x0000000088b00000, 0x0000000088c00000, 0x0000000088c00000|100%|HS|  |TAMS 0x0000000088c00000| PB 0x0000000088b00000| Complete 
| 100|0x0000000088c00000, 0x0000000088d00000, 0x0000000088d00000|100%|HS|  |TAMS 0x0000000088d00000| PB 0x0000000088c00000| Complete 
| 101|0x0000000088d00000, 0x0000000088e00000, 0x0000000088e00000|100%|HS|  |TAMS 0x0000000088e00000| PB 0x0000000088d00000| Complete 
| 102|0x0000000088e00000, 0x0000000088f00000, 0x0000000088f00000|100%|HS|  |TAMS 0x0000000088f00000| PB 0x0000000088e00000| Complete 
| 103|0x0000000088f00000, 0x0000000089000000, 0x0000000089000000|100%|HS|  |TAMS 0x0000000089000000| PB 0x0000000088f00000| Complete 
| 104|0x0000000089000000, 0x0000000089100000, 0x0000000089100000|100%|HS|  |TAMS 0x0000000089100000| PB 0x0000000089000000| Complete 
| 105|0x0000000089100000, 0x0000000089200000, 0x0000000089200000|100%|HS|  |TAMS 0x0000000089200000| PB 0x0000000089100000| Complete 
| 106|0x0000000089200000, 0x0000000089300000, 0x0000000089300000|100%|HS|  |TAMS 0x0000000089300000| PB 0x0000000089200000| Complete 
| 107|0x0000000089300000, 0x0000000089400000, 0x0000000089400000|100%|HS|  |TAMS 0x0000000089400000| PB 0x0000000089300000| Complete 
| 108|0x0000000089400000, 0x0000000089500000, 0x0000000089500000|100%|HS|  |TAMS 0x0000000089500000| PB 0x0000000089400000| Complete 
| 109|0x0000000089500000, 0x0000000089600000, 0x0000000089600000|100%|HS|  |TAMS 0x0000000089600000| PB 0x0000000089500000| Complete 
| 110|0x0000000089600000, 0x0000000089700000, 0x0000000089700000|100%|HS|  |TAMS 0x0000000089700000| PB 0x0000000089600000| Complete 
| 111|0x0000000089700000, 0x0000000089800000, 0x0000000089800000|100%|HS|  |TAMS 0x0000000089800000| PB 0x0000000089700000| Complete 
| 112|0x0000000089800000, 0x0000000089900000, 0x0000000089900000|100%|HS|  |TAMS 0x0000000089900000| PB 0x0000000089800000| Complete 
| 113|0x0000000089900000, 0x0000000089a00000, 0x0000000089a00000|100%|HS|  |TAMS 0x0000000089a00000| PB 0x0000000089900000| Complete 
| 114|0x0000000089a00000, 0x0000000089b00000, 0x0000000089b00000|100%|HS|  |TAMS 0x0000000089b00000| PB 0x0000000089a00000| Complete 
| 115|0x0000000089b00000, 0x0000000089c00000, 0x0000000089c00000|100%|HS|  |TAMS 0x0000000089c00000| PB 0x0000000089b00000| Complete 
| 116|0x0000000089c00000, 0x0000000089d00000, 0x0000000089d00000|100%|HS|  |TAMS 0x0000000089d00000| PB 0x0000000089c00000| Complete 
| 117|0x0000000089d00000, 0x0000000089e00000, 0x0000000089e00000|100%|HS|  |TAMS 0x0000000089e00000| PB 0x0000000089d00000| Complete 
| 118|0x0000000089e00000, 0x0000000089f00000, 0x0000000089f00000|100%|HS|  |TAMS 0x0000000089f00000| PB 0x0000000089e00000| Complete 
| 119|0x0000000089f00000, 0x000000008a000000, 0x000000008a000000|100%|HS|  |TAMS 0x000000008a000000| PB 0x0000000089f00000| Complete 
| 120|0x000000008a000000, 0x000000008a100000, 0x000000008a100000|100%|HS|  |TAMS 0x000000008a100000| PB 0x000000008a000000| Complete 
| 121|0x000000008a100000, 0x000000008a200000, 0x000000008a200000|100%|HS|  |TAMS 0x000000008a200000| PB 0x000000008a100000| Complete 
| 122|0x000000008a200000, 0x000000008a300000, 0x000000008a300000|100%|HS|  |TAMS 0x000000008a300000| PB 0x000000008a200000| Complete 
| 123|0x000000008a300000, 0x000000008a400000, 0x000000008a400000|100%|HS|  |TAMS 0x000000008a400000| PB 0x000000008a300000| Complete 
| 124|0x000000008a400000, 0x000000008a500000, 0x000000008a500000|100%|HS|  |TAMS 0x000000008a400000| PB 0x000000008a400000| Complete 
| 125|0x000000008a500000, 0x000000008a600000, 0x000000008a600000|100%|HS|  |TAMS 0x000000008a500000| PB 0x000000008a500000| Complete 
| 126|0x000000008a600000, 0x000000008a700000, 0x000000008a700000|100%|HS|  |TAMS 0x000000008a700000| PB 0x000000008a600000| Complete 
| 127|0x000000008a700000, 0x000000008a800000, 0x000000008a800000|100%|HS|  |TAMS 0x000000008a800000| PB 0x000000008a700000| Complete 
| 128|0x000000008a800000, 0x000000008a900000, 0x000000008a900000|100%|HS|  |TAMS 0x000000008a900000| PB 0x000000008a800000| Complete 
| 129|0x000000008a900000, 0x000000008aa00000, 0x000000008aa00000|100%|HS|  |TAMS 0x000000008aa00000| PB 0x000000008a900000| Complete 
| 130|0x000000008aa00000, 0x000000008ab00000, 0x000000008ab00000|100%|HS|  |TAMS 0x000000008ab00000| PB 0x000000008aa00000| Complete 
| 131|0x000000008ab00000, 0x000000008ac00000, 0x000000008ac00000|100%|HS|  |TAMS 0x000000008ac00000| PB 0x000000008ab00000| Complete 
| 132|0x000000008ac00000, 0x000000008ad00000, 0x000000008ad00000|100%|HS|  |TAMS 0x000000008ac00000| PB 0x000000008ac00000| Complete 
| 133|0x000000008ad00000, 0x000000008ae00000, 0x000000008ae00000|100%|HS|  |TAMS 0x000000008ae00000| PB 0x000000008ad00000| Complete 
| 134|0x000000008ae00000, 0x000000008af00000, 0x000000008af00000|100%|HS|  |TAMS 0x000000008af00000| PB 0x000000008ae00000| Complete 
| 135|0x000000008af00000, 0x000000008b000000, 0x000000008b000000|100%|HS|  |TAMS 0x000000008b000000| PB 0x000000008af00000| Complete 
| 136|0x000000008b000000, 0x000000008b100000, 0x000000008b100000|100%|HS|  |TAMS 0x000000008b000000| PB 0x000000008b000000| Complete 
| 137|0x000000008b100000, 0x000000008b200000, 0x000000008b200000|100%|HS|  |TAMS 0x000000008b100000| PB 0x000000008b100000| Complete 
| 138|0x000000008b200000, 0x000000008b300000, 0x000000008b300000|100%|HS|  |TAMS 0x000000008b200000| PB 0x000000008b200000| Complete 
| 139|0x000000008b300000, 0x000000008b400000, 0x000000008b400000|100%|HS|  |TAMS 0x000000008b300000| PB 0x000000008b300000| Complete 
| 140|0x000000008b400000, 0x000000008b400000, 0x000000008b500000|  0%| F|  |TAMS 0x000000008b400000| PB 0x000000008b400000| Untracked 
| 141|0x000000008b500000, 0x000000008b500000, 0x000000008b600000|  0%| F|  |TAMS 0x000000008b500000| PB 0x000000008b500000| Untracked 
| 142|0x000000008b600000, 0x000000008b600000, 0x000000008b700000|  0%| F|  |TAMS 0x000000008b600000| PB 0x000000008b600000| Untracked 
| 143|0x000000008b700000, 0x000000008b700000, 0x000000008b800000|  0%| F|  |TAMS 0x000000008b700000| PB 0x000000008b700000| Untracked 
| 144|0x000000008b800000, 0x000000008b800000, 0x000000008b900000|  0%| F|  |TAMS 0x000000008b800000| PB 0x000000008b800000| Untracked 
| 145|0x000000008b900000, 0x000000008b900000, 0x000000008ba00000|  0%| F|  |TAMS 0x000000008b900000| PB 0x000000008b900000| Untracked 
| 146|0x000000008ba00000, 0x000000008ba00000, 0x000000008bb00000|  0%| F|  |TAMS 0x000000008ba00000| PB 0x000000008ba00000| Untracked 
| 147|0x000000008bb00000, 0x000000008bb00000, 0x000000008bc00000|  0%| F|  |TAMS 0x000000008bb00000| PB 0x000000008bb00000| Untracked 
| 148|0x000000008bc00000, 0x000000008bc00000, 0x000000008bd00000|  0%| F|  |TAMS 0x000000008bc00000| PB 0x000000008bc00000| Untracked 
| 149|0x000000008bd00000, 0x000000008bd00000, 0x000000008be00000|  0%| F|  |TAMS 0x000000008bd00000| PB 0x000000008bd00000| Untracked 
| 150|0x000000008be00000, 0x000000008be00000, 0x000000008bf00000|  0%| F|  |TAMS 0x000000008be00000| PB 0x000000008be00000| Untracked 
| 151|0x000000008bf00000, 0x000000008bf00000, 0x000000008c000000|  0%| F|  |TAMS 0x000000008bf00000| PB 0x000000008bf00000| Untracked 
| 152|0x000000008c000000, 0x000000008c000000, 0x000000008c100000|  0%| F|  |TAMS 0x000000008c000000| PB 0x000000008c000000| Untracked 
| 153|0x000000008c100000, 0x000000008c100000, 0x000000008c200000|  0%| F|  |TAMS 0x000000008c100000| PB 0x000000008c100000| Untracked 
| 154|0x000000008c200000, 0x000000008c200000, 0x000000008c300000|  0%| F|  |TAMS 0x000000008c200000| PB 0x000000008c200000| Untracked 
| 155|0x000000008c300000, 0x000000008c300000, 0x000000008c400000|  0%| F|  |TAMS 0x000000008c300000| PB 0x000000008c300000| Untracked 
| 156|0x000000008c400000, 0x000000008c400000, 0x000000008c500000|  0%| F|  |TAMS 0x000000008c400000| PB 0x000000008c400000| Untracked 
| 157|0x000000008c500000, 0x000000008c500000, 0x000000008c600000|  0%| F|  |TAMS 0x000000008c500000| PB 0x000000008c500000| Untracked 
| 158|0x000000008c600000, 0x000000008c600000, 0x000000008c700000|  0%| F|  |TAMS 0x000000008c600000| PB 0x000000008c600000| Untracked 
| 159|0x000000008c700000, 0x000000008c700000, 0x000000008c800000|  0%| F|  |TAMS 0x000000008c700000| PB 0x000000008c700000| Untracked 
| 160|0x000000008c800000, 0x000000008c800000, 0x000000008c900000|  0%| F|  |TAMS 0x000000008c800000| PB 0x000000008c800000| Untracked 
| 161|0x000000008c900000, 0x000000008c900000, 0x000000008ca00000|  0%| F|  |TAMS 0x000000008c900000| PB 0x000000008c900000| Untracked 
| 162|0x000000008ca00000, 0x000000008ca40580, 0x000000008cb00000| 25%| E|  |TAMS 0x000000008ca00000| PB 0x000000008ca00000| Complete 
| 163|0x000000008cb00000, 0x000000008cb82e88, 0x000000008cc00000| 51%| S|CS|TAMS 0x000000008cb00000| PB 0x000000008cb00000| Complete 
| 164|0x000000008cc00000, 0x000000008ccf83b8, 0x000000008cd00000| 96%| E|  |TAMS 0x000000008cc00000| PB 0x000000008cc00000| Complete 
|2007|0x00000000fff00000, 0x00000000fff27030, 0x0000000100000000| 15%| O|  |TAMS 0x00000000fff27030| PB 0x00000000fff27030| Updating 

Card table byte_map: [0x000001dc5b730000,0x000001dc5bb20000] _byte_map_base: 0x000001dc5b31c000

Marking Bits: (CMBitMap*) 0x000001dc43c16520
 Bits: [0x000001dc5bb20000, 0x000001dc5da80000)

Polling page: 0x000001dc41b80000

Metaspace:

Usage:
  Non-class:     11.83 MB used.
      Class:      1.76 MB used.
       Both:     13.59 MB used.

Virtual space:
  Non-class space:       64.00 MB reserved,      12.00 MB ( 19%) committed,  1 nodes.
      Class space:        1.00 GB reserved,       1.88 MB ( <1%) committed,  1 nodes.
             Both:        1.06 GB reserved,      13.88 MB (  1%) committed. 

Chunk freelists:
   Non-Class:  4.02 MB
       Class:  14.14 MB
        Both:  18.16 MB

MaxMetaspaceSize: unlimited
CompressedClassSpaceSize: 1.00 GB
Initial GC threshold: 21.00 MB
Current GC threshold: 23.12 MB
CDS: on
 - commit_granule_bytes: 65536.
 - commit_granule_words: 8192.
 - virtual_space_node_default_size: 8388608.
 - enlarge_chunks_in_place: 1.
 - use_allocation_guard: 0.


Internal statistics:

num_allocs_failed_limit: 0.
num_arena_births: 332.
num_arena_deaths: 0.
num_vsnodes_births: 2.
num_vsnodes_deaths: 0.
num_space_committed: 222.
num_space_uncommitted: 0.
num_chunks_returned_to_freelist: 0.
num_chunks_taken_from_freelist: 778.
num_chunk_merges: 0.
num_chunk_splits: 538.
num_chunks_enlarged: 367.
num_inconsistent_stats: 0.

CodeHeap 'non-profiled nmethods': size=120000Kb used=773Kb max_used=822Kb free=119226Kb
 bounds [0x000001dc53ae0000, 0x000001dc53d50000, 0x000001dc5b010000]
CodeHeap 'profiled nmethods': size=120000Kb used=3548Kb max_used=4318Kb free=116452Kb
 bounds [0x000001dc4c010000, 0x000001dc4c450000, 0x000001dc53540000]
CodeHeap 'non-nmethods': size=5760Kb used=1646Kb max_used=1680Kb free=4113Kb
 bounds [0x000001dc53540000, 0x000001dc537b0000, 0x000001dc53ae0000]
 total_blobs=2488 nmethods=1797 adapters=594
 compilation: enabled
              stopped_count=0, restarted_count=0
 full_count=0

Compilation events (20 events):
Event: 2.111 Thread 0x000001dc6573c390 2082       4       java.io.BufferedInputStream::read1 (121 bytes)
Event: 2.124 Thread 0x000001dc6573c390 nmethod 2082 0x000001dc53bacd10 code [0x000001dc53bacf00, 0x000001dc53bad4e8]
Event: 2.135 Thread 0x000001dc604cc770 2083       3       com.sun.javafx.iio.gif.GIFImageLoader2::readShort (17 bytes)
Event: 2.136 Thread 0x000001dc604cc770 nmethod 2083 0x000001dc4c447010 code [0x000001dc4c447220, 0x000001dc4c447780]
Event: 2.143 Thread 0x000001dc604cb530 nmethod 2079 0x000001dc53bad810 code [0x000001dc53badb80, 0x000001dc53bb06e0]
Event: 2.144 Thread 0x000001dc6573c390 2084 %     4       com.sun.javafx.iio.gif.GIFImageLoader2::decodeImage @ 48 (161 bytes)
Event: 2.161 Thread 0x000001dc604cb530 2085       4       java.util.HashMap$HashIterator::hasNext (13 bytes)
Event: 2.161 Thread 0x000001dc604cb530 nmethod 2085 0x000001dc53aed290 code [0x000001dc53aed420, 0x000001dc53aed4b0]
Event: 2.162 Thread 0x000001dc6573c390 nmethod 2084% 0x000001dc53b3f390 code [0x000001dc53b3f5e0, 0x000001dc53b40750]
Event: 2.167 Thread 0x000001dc6573c390 2086       4       java.io.SequenceInputStream::read (31 bytes)
Event: 2.177 Thread 0x000001dc6573c390 nmethod 2086 0x000001dc53b01610 code [0x000001dc53b01840, 0x000001dc53b02130]
Event: 2.185 Thread 0x000001dc6573c390 2087       4       java.io.SequenceInputStream::read (68 bytes)
Event: 2.189 Thread 0x000001dc604cb530 2088       4       com.sun.javafx.iio.gif.GIFImageLoader2::readByte (22 bytes)
Event: 2.199 Thread 0x000001dc604cb530 nmethod 2088 0x000001dc53b2a390 code [0x000001dc53b2a5e0, 0x000001dc53b2af28]
Event: 2.199 Thread 0x000001dc604cb530 2089       4       com.sun.javafx.iio.gif.GIFImageLoader2$LZWDecoder::readData (52 bytes)
Event: 2.208 Thread 0x000001dc6573c390 nmethod 2087 0x000001dc53ba5110 code [0x000001dc53ba5400, 0x000001dc53ba6c60]
Event: 2.208 Thread 0x000001dc6573c390 2090       4       com.sun.javafx.iio.gif.GIFImageLoader2::readBytes (44 bytes)
Event: 2.211 Thread 0x000001dc6573c390 nmethod 2090 0x000001dc53aeb690 code [0x000001dc53aeb840, 0x000001dc53aeb9b8]
Event: 2.212 Thread 0x000001dc604cc770 2091       1       com.sun.javafx.iio.ImageFrame::setPixelScale (6 bytes)
Event: 2.212 Thread 0x000001dc604cc770 nmethod 2091 0x000001dc53b16510 code [0x000001dc53b166a0, 0x000001dc53b16768]

GC Heap History (16 events):
Event: 0.845 GC heap before
{Heap before GC invocations=0 (full 0):
 garbage-first heap   total 129024K, used 22528K [0x0000000082800000, 0x0000000100000000)
  region size 1024K, 23 young (23552K), 0 survivors (0K)
 Metaspace       used 4035K, committed 4224K, reserved 1114112K
  class space    used 473K, committed 576K, reserved 1048576K
}
Event: 0.849 GC heap after
{Heap after GC invocations=1 (full 0):
 garbage-first heap   total 129024K, used 2776K [0x0000000082800000, 0x0000000100000000)
  region size 1024K, 3 young (3072K), 3 survivors (3072K)
 Metaspace       used 4035K, committed 4224K, reserved 1114112K
  class space    used 473K, committed 576K, reserved 1048576K
}
Event: 1.883 GC heap before
{Heap before GC invocations=1 (full 0):
 garbage-first heap   total 129024K, used 47832K [0x0000000082800000, 0x0000000100000000)
  region size 1024K, 37 young (37888K), 3 survivors (3072K)
 Metaspace       used 13451K, committed 13760K, reserved 1114112K
  class space    used 1705K, committed 1856K, reserved 1048576K
}
Event: 1.891 GC heap after
{Heap after GC invocations=2 (full 0):
 garbage-first heap   total 129024K, used 19241K [0x0000000082800000, 0x0000000100000000)
  region size 1024K, 5 young (5120K), 5 survivors (5120K)
 Metaspace       used 13451K, committed 13760K, reserved 1114112K
  class space    used 1705K, committed 1856K, reserved 1048576K
}
Event: 2.104 GC heap before
{Heap before GC invocations=2 (full 0):
 garbage-first heap   total 129024K, used 71465K [0x0000000082800000, 0x0000000100000000)
  region size 1024K, 16 young (16384K), 5 survivors (5120K)
 Metaspace       used 13913K, committed 14208K, reserved 1114112K
  class space    used 1799K, committed 1920K, reserved 1048576K
}
Event: 2.109 GC heap after
{Heap after GC invocations=3 (full 0):
 garbage-first heap   total 129024K, used 63469K [0x0000000082800000, 0x0000000100000000)
  region size 1024K, 7 young (7168K), 7 survivors (7168K)
 Metaspace       used 13913K, committed 14208K, reserved 1114112K
  class space    used 1799K, committed 1920K, reserved 1048576K
}
Event: 2.111 GC heap before
{Heap before GC invocations=3 (full 0):
 garbage-first heap   total 129024K, used 64493K [0x0000000082800000, 0x0000000100000000)
  region size 1024K, 8 young (8192K), 7 survivors (7168K)
 Metaspace       used 13913K, committed 14208K, reserved 1114112K
  class space    used 1799K, committed 1920K, reserved 1048576K
}
Event: 2.115 GC heap after
{Heap after GC invocations=4 (full 0):
 garbage-first heap   total 129024K, used 64781K [0x0000000082800000, 0x0000000100000000)
  region size 1024K, 1 young (1024K), 1 survivors (1024K)
 Metaspace       used 13913K, committed 14208K, reserved 1114112K
  class space    used 1799K, committed 1920K, reserved 1048576K
}
Event: 2.128 GC heap before
{Heap before GC invocations=5 (full 0):
 garbage-first heap   total 129024K, used 69901K [0x0000000082800000, 0x0000000100000000)
  region size 1024K, 2 young (2048K), 1 survivors (1024K)
 Metaspace       used 13913K, committed 14208K, reserved 1114112K
  class space    used 1799K, committed 1920K, reserved 1048576K
}
Event: 2.129 GC heap after
{Heap after GC invocations=6 (full 0):
 garbage-first heap   total 129024K, used 69598K [0x0000000082800000, 0x0000000100000000)
  region size 1024K, 1 young (1024K), 1 survivors (1024K)
 Metaspace       used 13913K, committed 14208K, reserved 1114112K
  class space    used 1799K, committed 1920K, reserved 1048576K
}
Event: 2.208 GC heap before
{Heap before GC invocations=7 (full 0):
 garbage-first heap   total 135168K, used 133086K [0x0000000082800000, 0x0000000100000000)
  region size 1024K, 10 young (10240K), 1 survivors (1024K)
 Metaspace       used 13913K, committed 14208K, reserved 1114112K
  class space    used 1799K, committed 1920K, reserved 1048576K
}
Event: 2.209 GC heap after
{Heap after GC invocations=8 (full 0):
 garbage-first heap   total 136192K, used 124697K [0x0000000082800000, 0x0000000100000000)
  region size 1024K, 1 young (1024K), 1 survivors (1024K)
 Metaspace       used 13913K, committed 14208K, reserved 1114112K
  class space    used 1799K, committed 1920K, reserved 1048576K
}
Event: 2.224 GC heap before
{Heap before GC invocations=8 (full 0):
 garbage-first heap   total 139264K, used 136985K [0x0000000082800000, 0x0000000100000000)
  region size 1024K, 3 young (3072K), 1 survivors (1024K)
 Metaspace       used 13913K, committed 14208K, reserved 1114112K
  class space    used 1799K, committed 1920K, reserved 1048576K
}
Event: 2.226 GC heap after
{Heap after GC invocations=9 (full 0):
 garbage-first heap   total 169984K, used 135724K [0x0000000082800000, 0x0000000100000000)
  region size 1024K, 1 young (1024K), 1 survivors (1024K)
 Metaspace       used 13913K, committed 14208K, reserved 1114112K
  class space    used 1799K, committed 1920K, reserved 1048576K
}
Event: 2.227 GC heap before
{Heap before GC invocations=9 (full 0):
 garbage-first heap   total 169984K, used 135724K [0x0000000082800000, 0x0000000100000000)
  region size 1024K, 2 young (2048K), 1 survivors (1024K)
 Metaspace       used 13913K, committed 14208K, reserved 1114112K
  class space    used 1799K, committed 1920K, reserved 1048576K
}
Event: 2.228 GC heap after
{Heap after GC invocations=10 (full 0):
 garbage-first heap   total 169984K, used 135847K [0x0000000082800000, 0x0000000100000000)
  region size 1024K, 1 young (1024K), 1 survivors (1024K)
 Metaspace       used 13913K, committed 14208K, reserved 1114112K
  class space    used 1799K, committed 1920K, reserved 1048576K
}

Dll operation events (20 events):
Event: 0.444 Loaded shared library C:\Users\Lenovo\.openjfx\cache\20.0.1+2\amd64\api-ms-win-crt-math-l1-1-0.dll
Event: 0.448 Loaded shared library C:\Users\Lenovo\.openjfx\cache\20.0.1+2\amd64\api-ms-win-crt-multibyte-l1-1-0.dll
Event: 0.453 Loaded shared library C:\Users\Lenovo\.openjfx\cache\20.0.1+2\amd64\api-ms-win-crt-private-l1-1-0.dll
Event: 0.457 Loaded shared library C:\Users\Lenovo\.openjfx\cache\20.0.1+2\amd64\api-ms-win-crt-process-l1-1-0.dll
Event: 0.461 Loaded shared library C:\Users\Lenovo\.openjfx\cache\20.0.1+2\amd64\api-ms-win-crt-runtime-l1-1-0.dll
Event: 0.466 Loaded shared library C:\Users\Lenovo\.openjfx\cache\20.0.1+2\amd64\api-ms-win-crt-stdio-l1-1-0.dll
Event: 0.470 Loaded shared library C:\Users\Lenovo\.openjfx\cache\20.0.1+2\amd64\api-ms-win-crt-string-l1-1-0.dll
Event: 0.474 Loaded shared library C:\Users\Lenovo\.openjfx\cache\20.0.1+2\amd64\api-ms-win-crt-time-l1-1-0.dll
Event: 0.477 Loaded shared library C:\Users\Lenovo\.openjfx\cache\20.0.1+2\amd64\api-ms-win-crt-utility-l1-1-0.dll
Event: 0.499 Loaded shared library C:\Users\Lenovo\.openjfx\cache\20.0.1+2\amd64\ucrtbase.dll
Event: 0.505 Loaded shared library C:\Users\Lenovo\.openjfx\cache\20.0.1+2\amd64\vcruntime140.dll
Event: 0.510 Loaded shared library C:\Users\Lenovo\.openjfx\cache\20.0.1+2\amd64\vcruntime140_1.dll
Event: 0.523 Loaded shared library C:\Users\Lenovo\.openjfx\cache\20.0.1+2\amd64\msvcp140.dll
Event: 0.528 Loaded shared library C:\Users\Lenovo\.openjfx\cache\20.0.1+2\amd64\msvcp140_1.dll
Event: 0.537 Loaded shared library C:\Users\Lenovo\.openjfx\cache\20.0.1+2\amd64\msvcp140_2.dll
Event: 0.597 Loaded shared library C:\Users\Lenovo\.openjfx\cache\20.0.1+2\amd64\prism_d3d.dll
Event: 0.689 Loaded shared library C:\Users\Lenovo\.openjfx\cache\20.0.1+2\amd64\glass.dll
Event: 0.842 Loaded shared library C:\Users\Lenovo\.jdks\openjdk-21\bin\jimage.dll
Event: 1.090 Loaded shared library C:\Users\Lenovo\.jdks\openjdk-21\bin\extnet.dll
Event: 1.372 Loaded shared library C:\Users\Lenovo\.openjfx\cache\20.0.1+2\amd64\javafx_font.dll

Deoptimization events (20 events):
Event: 2.050 Thread 0x000001dc6070eff0 DEOPT PACKING pc=0x000001dc4c446afd sp=0x00000033038fd3b0
Event: 2.050 Thread 0x000001dc6070eff0 DEOPT UNPACKING pc=0x000001dc53594e42 sp=0x00000033038fc840 mode 0
Event: 2.050 Thread 0x000001dc6070eff0 DEOPT PACKING pc=0x000001dc4c446afd sp=0x00000033038fd3b0
Event: 2.050 Thread 0x000001dc6070eff0 DEOPT UNPACKING pc=0x000001dc53594e42 sp=0x00000033038fc840 mode 0
Event: 2.051 Thread 0x000001dc6070eff0 DEOPT PACKING pc=0x000001dc4c446afd sp=0x00000033038fd3b0
Event: 2.051 Thread 0x000001dc6070eff0 DEOPT UNPACKING pc=0x000001dc53594e42 sp=0x00000033038fc840 mode 0
Event: 2.051 Thread 0x000001dc6070eff0 DEOPT PACKING pc=0x000001dc4c446afd sp=0x00000033038fd3b0
Event: 2.051 Thread 0x000001dc6070eff0 DEOPT UNPACKING pc=0x000001dc53594e42 sp=0x00000033038fc840 mode 0
Event: 2.051 Thread 0x000001dc6070eff0 DEOPT PACKING pc=0x000001dc4c446afd sp=0x00000033038fd3b0
Event: 2.051 Thread 0x000001dc6070eff0 DEOPT UNPACKING pc=0x000001dc53594e42 sp=0x00000033038fc840 mode 0
Event: 2.051 Thread 0x000001dc6070eff0 DEOPT PACKING pc=0x000001dc4c446afd sp=0x00000033038fd3b0
Event: 2.051 Thread 0x000001dc6070eff0 DEOPT UNPACKING pc=0x000001dc53594e42 sp=0x00000033038fc840 mode 0
Event: 2.051 Thread 0x000001dc6070eff0 DEOPT PACKING pc=0x000001dc4c446afd sp=0x00000033038fd3b0
Event: 2.051 Thread 0x000001dc6070eff0 DEOPT UNPACKING pc=0x000001dc53594e42 sp=0x00000033038fc840 mode 0
Event: 2.051 Thread 0x000001dc6070eff0 DEOPT PACKING pc=0x000001dc4c446afd sp=0x00000033038fd3b0
Event: 2.051 Thread 0x000001dc6070eff0 DEOPT UNPACKING pc=0x000001dc53594e42 sp=0x00000033038fc840 mode 0
Event: 2.051 Thread 0x000001dc6070eff0 DEOPT PACKING pc=0x000001dc4c446afd sp=0x00000033038fd3b0
Event: 2.051 Thread 0x000001dc6070eff0 DEOPT UNPACKING pc=0x000001dc53594e42 sp=0x00000033038fc840 mode 0
Event: 2.051 Thread 0x000001dc6070eff0 DEOPT PACKING pc=0x000001dc4c43d3d6 sp=0x00000033038fd410
Event: 2.051 Thread 0x000001dc6070eff0 DEOPT UNPACKING pc=0x000001dc53594e42 sp=0x00000033038fc8f8 mode 0

Classes loaded (20 events):
Event: 1.445 Loading class java/util/WeakHashMap$Values
Event: 1.446 Loading class java/util/WeakHashMap$Values done
Event: 1.446 Loading class java/util/WeakHashMap$ValueIterator
Event: 1.446 Loading class java/util/WeakHashMap$ValueIterator done
Event: 1.447 Loading class java/lang/CloneNotSupportedException
Event: 1.448 Loading class java/lang/CloneNotSupportedException done
Event: 1.641 Loading class sun/nio/cs/UTF_16BE$Decoder
Event: 1.641 Loading class sun/nio/cs/UnicodeDecoder
Event: 1.641 Loading class sun/nio/cs/UnicodeDecoder done
Event: 1.641 Loading class sun/nio/cs/UTF_16BE$Decoder done
Event: 1.803 Loading class java/lang/Byte$ByteCache
Event: 1.803 Loading class java/lang/Byte$ByteCache done
Event: 1.803 Loading class java/lang/Short$ShortCache
Event: 1.803 Loading class java/lang/Short$ShortCache done
Event: 1.838 Loading class java/time/DateTimeException
Event: 1.838 Loading class java/time/DateTimeException done
Event: 1.838 Loading class java/time/format/FormatStyle
Event: 1.839 Loading class java/time/format/FormatStyle done
Event: 1.925 Loading class jdk/internal/math/FDBigInteger
Event: 1.926 Loading class jdk/internal/math/FDBigInteger done

Classes unloaded (0 events):
No events

Classes redefined (0 events):
No events

Internal exceptions (20 events):
Event: 1.240 Thread 0x000001dc6070eff0 Exception <a 'java/lang/NullPointerException'{0x00000000898dc000}> (0x00000000898dc000) 
thrown [s\open\src\hotspot\share\interpreter\linkResolver.cpp, line 1372]
Event: 1.314 Thread 0x000001dc6070eff0 Exception <a 'java/lang/NoSuchMethodError'{0x0000000089377d18}: 'void java.lang.invoke.DirectMethodHandle$Holder.invokeSpecial(java.lang.Object, java.lang.Object, double)'> (0x0000000089377d18) 
thrown [s\open\src\hotspot\share\interpreter\linkResolver.cpp, line 773]
Event: 1.315 Thread 0x000001dc6070eff0 Exception <a 'java/lang/NoSuchMethodError'{0x0000000089382b50}: 'double java.lang.invoke.DelegatingMethodHandle$Holder.reinvoke_L(java.lang.Object, java.lang.Object, int)'> (0x0000000089382b50) 
thrown [s\open\src\hotspot\share\interpreter\linkResolver.cpp, line 773]
Event: 1.316 Thread 0x000001dc6070eff0 Exception <a 'java/lang/NoSuchMethodError'{0x0000000089394590}: 'java.lang.Object java.lang.invoke.DirectMethodHandle$Holder.invokeStatic(java.lang.Object, java.lang.Object, java.lang.Object, java.lang.Object, int)'> (0x0000000089394590) 
thrown [s\open\src\hotspot\share\interpreter\linkResolver.cpp, line 773]
Event: 1.317 Thread 0x000001dc6070eff0 Exception <a 'java/lang/NoSuchMethodError'{0x000000008939f6c0}: 'void java.lang.invoke.DelegatingMethodHandle$Holder.reinvoke_L(java.lang.Object, java.lang.Object, double)'> (0x000000008939f6c0) 
thrown [s\open\src\hotspot\share\interpreter\linkResolver.cpp, line 773]
Event: 1.320 Thread 0x000001dc6070eff0 Exception <a 'java/lang/NoSuchMethodError'{0x00000000893b1fe0}: 'void java.lang.invoke.DirectMethodHandle$Holder.invokeSpecial(java.lang.Object, java.lang.Object, int)'> (0x00000000893b1fe0) 
thrown [s\open\src\hotspot\share\interpreter\linkResolver.cpp, line 773]
Event: 1.320 Thread 0x000001dc6070eff0 Exception <a 'java/lang/NoSuchMethodError'{0x00000000893b5d60}: 'int java.lang.invoke.DirectMethodHandle$Holder.invokeSpecial(java.lang.Object, java.lang.Object, java.lang.Object, int)'> (0x00000000893b5d60) 
thrown [s\open\src\hotspot\share\interpreter\linkResolver.cpp, line 773]
Event: 1.321 Thread 0x000001dc6070eff0 Exception <a 'java/lang/NoSuchMethodError'{0x00000000893c0150}: 'void java.lang.invoke.DelegatingMethodHandle$Holder.reinvoke_L(java.lang.Object, java.lang.Object, int)'> (0x00000000893c0150) 
thrown [s\open\src\hotspot\share\interpreter\linkResolver.cpp, line 773]
Event: 1.322 Thread 0x000001dc6070eff0 Exception <a 'java/lang/NoSuchMethodError'{0x00000000893c6e30}: 'int java.lang.invoke.DirectMethodHandle$Holder.invokeSpecial(java.lang.Object, java.lang.Object, java.lang.Object)'> (0x00000000893c6e30) 
thrown [s\open\src\hotspot\share\interpreter\linkResolver.cpp, line 773]
Event: 1.342 Thread 0x000001dc6070eff0 Exception <a 'java/lang/ClassNotFoundException'{0x00000000893fea90}: com/sun/glass/ui/win/themes> (0x00000000893fea90) 
thrown [s\open\src\hotspot\share\prims\jni.cpp, line 539]
Event: 1.343 Thread 0x000001dc6070eff0 Exception <a 'java/lang/ClassNotFoundException'{0x000000008928e728}: com/sun/glass/ui/win/themes_fr> (0x000000008928e728) 
thrown [s\open\src\hotspot\share\prims\jni.cpp, line 539]
Event: 1.343 Thread 0x000001dc6070eff0 Exception <a 'java/lang/ClassNotFoundException'{0x00000000892965d0}: com/sun/glass/ui/win/themes_fr_FR> (0x00000000892965d0) 
thrown [s\open\src\hotspot\share\prims\jni.cpp, line 539]
Event: 1.446 Thread 0x000001dc6070eff0 Exception <a 'java/lang/NoSuchMethodError'{0x000000008896cc80}: 'void java.lang.invoke.DirectMethodHandle$Holder.invokeStaticInit(java.lang.Object, java.lang.Object)'> (0x000000008896cc80) 
thrown [s\open\src\hotspot\share\interpreter\linkResolver.cpp, line 773]
Event: 1.494 Thread 0x000001dc6070eff0 Exception <a 'java/lang/NoSuchMethodError'{0x0000000088768078}: 'java.lang.Object java.lang.invoke.Invokers$Holder.invokeExact_MT(java.lang.Object, java.lang.Object, java.lang.Object, java.lang.Object, java.lang.Object)'> (0x0000000088768078) 
thrown [s\open\src\hotspot\share\interpreter\linkResolver.cpp, line 773]
Event: 1.498 Thread 0x000001dc6070eff0 Exception <a 'java/lang/NoSuchMethodError'{0x0000000088789410}: 'void java.lang.invoke.Invokers$Holder.invokeExact_MT(java.lang.Object, java.lang.Object, java.lang.Object, java.lang.Object)'> (0x0000000088789410) 
thrown [s\open\src\hotspot\share\interpreter\linkResolver.cpp, line 773]
Event: 1.806 Thread 0x000001dc6070eff0 Exception <a 'java/lang/NoSuchMethodError'{0x000000008839c820}: 'java.lang.Object java.lang.invoke.DelegatingMethodHandle$Holder.reinvoke_L(java.lang.Object, double, double, double, double)'> (0x000000008839c820) 
thrown [s\open\src\hotspot\share\interpreter\linkResolver.cpp, line 773]
Event: 1.808 Thread 0x000001dc6070eff0 Exception <a 'java/lang/NoSuchMethodError'{0x00000000883a74a8}: 'java.lang.Object java.lang.invoke.DirectMethodHandle$Holder.invokeStatic(java.lang.Object, java.lang.Object, int)'> (0x00000000883a74a8) 
thrown [s\open\src\hotspot\share\interpreter\linkResolver.cpp, line 773]
Event: 1.808 Thread 0x000001dc6070eff0 Exception <a 'java/lang/NoSuchMethodError'{0x00000000883ab080}: 'void java.lang.invoke.DirectMethodHandle$Holder.invokeStatic(java.lang.Object, java.lang.Object, int, java.lang.Object)'> (0x00000000883ab080) 
thrown [s\open\src\hotspot\share\interpreter\linkResolver.cpp, line 773]
Event: 1.808 Thread 0x000001dc6070eff0 Exception <a 'java/lang/NoSuchMethodError'{0x00000000883b1af0}: 'void java.lang.invoke.DelegatingMethodHandle$Holder.delegate(java.lang.Object, java.lang.Object, int, java.lang.Object)'> (0x00000000883b1af0) 
thrown [s\open\src\hotspot\share\interpreter\linkResolver.cpp, line 773]
Event: 1.912 Thread 0x000001dc6070eff0 Exception <a 'java/lang/NoSuchMethodError'{0x000000008a334158}: 'java.lang.Object java.lang.invoke.DirectMethodHandle$Holder.newInvokeSpecial(java.lang.Object, double)'> (0x000000008a334158) 
thrown [s\open\src\hotspot\share\interpreter\linkResolver.cpp, line 773]

ZGC Phase Switch (0 events):
No events

VM Operations (20 events):
Event: 2.109 Executing VM operation: G1TryInitiateConcMark (G1 Humongous Allocation) done
Event: 2.111 Executing VM operation: G1TryInitiateConcMark (G1 Humongous Allocation)
Event: 2.116 Executing VM operation: G1TryInitiateConcMark (G1 Humongous Allocation) done
Event: 2.122 Executing VM operation: G1PauseRemark
Event: 2.123 Executing VM operation: G1PauseRemark done
Event: 2.127 Executing VM operation: G1PauseCleanup
Event: 2.127 Executing VM operation: G1PauseCleanup done
Event: 2.128 Executing VM operation: G1TryInitiateConcMark (G1 Humongous Allocation)
Event: 2.129 Executing VM operation: G1TryInitiateConcMark (G1 Humongous Allocation) done
Event: 2.137 Executing VM operation: G1PauseRemark
Event: 2.138 Executing VM operation: G1PauseRemark done
Event: 2.142 Executing VM operation: G1PauseCleanup
Event: 2.142 Executing VM operation: G1PauseCleanup done
Event: 2.208 Executing VM operation: G1CollectForAllocation (G1 Evacuation Pause)
Event: 2.209 Executing VM operation: G1CollectForAllocation (G1 Evacuation Pause) done
Event: 2.224 Executing VM operation: G1CollectForAllocation (G1 Evacuation Pause)
Event: 2.226 Executing VM operation: G1CollectForAllocation (G1 Evacuation Pause) done
Event: 2.227 Executing VM operation: G1TryInitiateConcMark (G1 Humongous Allocation)
Event: 2.229 Executing VM operation: G1TryInitiateConcMark (G1 Humongous Allocation) done
Event: 2.241 Executing VM operation: G1PauseRemark

Events (20 events):
Event: 2.138 Thread 0x000001dc60490c50 flushing nmethod 0x000001dc53b1f210
Event: 2.138 Thread 0x000001dc60490c50 flushing nmethod 0x000001dc53b01210
Event: 2.138 Thread 0x000001dc60490c50 flushing nmethod 0x000001dc53b15410
Event: 2.138 Thread 0x000001dc60490c50 flushing nmethod 0x000001dc53b16510
Event: 2.138 Thread 0x000001dc60490c50 flushing nmethod 0x000001dc53aed290
Event: 2.138 Thread 0x000001dc60490c50 flushing nmethod 0x000001dc53aec310
Event: 2.138 Thread 0x000001dc60490c50 flushing nmethod 0x000001dc53af4810
Event: 2.138 Thread 0x000001dc60490c50 flushing nmethod 0x000001dc53af3b90
Event: 2.138 Thread 0x000001dc60490c50 flushing nmethod 0x000001dc53afed90
Event: 2.138 Thread 0x000001dc60490c50 flushing nmethod 0x000001dc53af2a10
Event: 2.138 Thread 0x000001dc60490c50 flushing nmethod 0x000001dc53af8890
Event: 2.138 Thread 0x000001dc60490c50 flushing nmethod 0x000001dc53afe510
Event: 2.138 Thread 0x000001dc60490c50 flushing nmethod 0x000001dc53af0290
Event: 2.138 Thread 0x000001dc60490c50 flushing nmethod 0x000001dc53af1d90
Event: 2.138 Thread 0x000001dc60490c50 flushing nmethod 0x000001dc53aeb690
Event: 2.138 Thread 0x000001dc60490c50 flushing nmethod 0x000001dc53af1590
Event: 2.138 Thread 0x000001dc60490c50 flushing nmethod 0x000001dc53aea690
Event: 2.242 Thread 0x000001dc60490c50 flushing nmethod 0x000001dc4c43ed10
Event: 2.242 Thread 0x000001dc60490c50 flushing nmethod 0x000001dc4c341610
Event: 2.242 Thread 0x000001dc60490c50 flushing nmethod 0x000001dc4c318c10


Dynamic libraries:
0x00007ff62f970000 - 0x00007ff62f97e000 	C:\Users\Lenovo\.jdks\openjdk-21\bin\java.exe
0x00007ff933ab0000 - 0x00007ff933ca8000 	C:\Windows\SYSTEM32\ntdll.dll
0x00007ff924df0000 - 0x00007ff924e09000 	C:\Program Files\Avast Software\Avast\aswhook.dll
0x00007ff933730000 - 0x00007ff9337ed000 	C:\Windows\System32\KERNEL32.DLL
0x00007ff9315a0000 - 0x00007ff931896000 	C:\Windows\System32\KERNELBASE.dll
0x00007ff931160000 - 0x00007ff931260000 	C:\Windows\System32\ucrtbase.dll
0x00007ff92bae0000 - 0x00007ff92bafb000 	C:\Users\Lenovo\.jdks\openjdk-21\bin\VCRUNTIME140.dll
0x00007ff92b600000 - 0x00007ff92b618000 	C:\Users\Lenovo\.jdks\openjdk-21\bin\jli.dll
0x00007ff932400000 - 0x00007ff93259f000 	C:\Windows\System32\USER32.dll
0x00007ff9313b0000 - 0x00007ff9313d2000 	C:\Windows\System32\win32u.dll
0x00007ff90efe0000 - 0x00007ff90f27a000 	C:\Windows\WinSxS\amd64_microsoft.windows.common-controls_6595b64144ccf1df_6.0.19041.3636_none_60b6a03d71f818d5\COMCTL32.dll
0x00007ff932ef0000 - 0x00007ff932f1b000 	C:\Windows\System32\GDI32.dll
0x00007ff932f20000 - 0x00007ff932fbe000 	C:\Windows\System32\msvcrt.dll
0x00007ff931260000 - 0x00007ff931377000 	C:\Windows\System32\gdi32full.dll
0x00007ff931450000 - 0x00007ff9314ed000 	C:\Windows\System32\msvcp_win.dll
0x00007ff931ea0000 - 0x00007ff931ed2000 	C:\Windows\System32\IMM32.DLL
0x00007ff92bc30000 - 0x00007ff92bc3c000 	C:\Users\Lenovo\.jdks\openjdk-21\bin\vcruntime140_1.dll
0x00007ff8fec40000 - 0x00007ff8fecce000 	C:\Users\Lenovo\.jdks\openjdk-21\bin\msvcp140.dll
0x00007ff8f2540000 - 0x00007ff8f3253000 	C:\Users\Lenovo\.jdks\openjdk-21\bin\server\jvm.dll
0x00007ff932650000 - 0x00007ff932700000 	C:\Windows\System32\ADVAPI32.dll
0x00007ff932df0000 - 0x00007ff932e90000 	C:\Windows\System32\sechost.dll
0x00007ff9327d0000 - 0x00007ff9328f3000 	C:\Windows\System32\RPCRT4.dll
0x00007ff931380000 - 0x00007ff9313a7000 	C:\Windows\System32\bcrypt.dll
0x00007ff932d80000 - 0x00007ff932deb000 	C:\Windows\System32\WS2_32.dll
0x00007ff9306f0000 - 0x00007ff93073b000 	C:\Windows\SYSTEM32\POWRPROF.dll
0x00007ff913ce0000 - 0x00007ff913d07000 	C:\Windows\SYSTEM32\WINMM.dll
0x00007ff92a9a0000 - 0x00007ff92a9aa000 	C:\Windows\SYSTEM32\VERSION.dll
0x00007ff930560000 - 0x00007ff930572000 	C:\Windows\SYSTEM32\UMPDC.dll
0x00007ff92f980000 - 0x00007ff92f992000 	C:\Windows\SYSTEM32\kernel.appcore.dll
0x00007ff92b5f0000 - 0x00007ff92b5fa000 	C:\Users\Lenovo\.jdks\openjdk-21\bin\jimage.dll
0x00007ff92eef0000 - 0x00007ff92f0d4000 	C:\Windows\SYSTEM32\DBGHELP.DLL
0x00007ff927d10000 - 0x00007ff927d44000 	C:\Windows\SYSTEM32\dbgcore.DLL
0x00007ff9318a0000 - 0x00007ff931922000 	C:\Windows\System32\bcryptPrimitives.dll
0x00007ff92b300000 - 0x00007ff92b31f000 	C:\Users\Lenovo\.jdks\openjdk-21\bin\java.dll
0x00007ff932fc0000 - 0x00007ff93372b000 	C:\Windows\System32\SHELL32.dll
0x00007ff92f1d0000 - 0x00007ff92f96e000 	C:\Windows\SYSTEM32\windows.storage.dll
0x00007ff931f70000 - 0x00007ff9322c3000 	C:\Windows\System32\combase.dll
0x00007ff930b90000 - 0x00007ff930bbe000 	C:\Windows\SYSTEM32\Wldp.dll
0x00007ff932700000 - 0x00007ff9327cd000 	C:\Windows\System32\OLEAUT32.dll
0x00007ff931ae0000 - 0x00007ff931b8d000 	C:\Windows\System32\SHCORE.dll
0x00007ff933a10000 - 0x00007ff933a65000 	C:\Windows\System32\shlwapi.dll
0x00007ff931090000 - 0x00007ff9310b3000 	C:\Windows\SYSTEM32\profapi.dll
0x00007ff8f4910000 - 0x00007ff8f49e7000 	C:\Users\Lenovo\.jdks\openjdk-21\bin\jsvml.dll
0x00007ff92b5e0000 - 0x00007ff92b5f0000 	C:\Users\Lenovo\.jdks\openjdk-21\bin\net.dll
0x00007ff926410000 - 0x00007ff92651a000 	C:\Windows\SYSTEM32\WINHTTP.dll
0x00007ff9308f0000 - 0x00007ff93095a000 	C:\Windows\system32\mswsock.dll
0x00007ff92b2e0000 - 0x00007ff92b2f6000 	C:\Users\Lenovo\.jdks\openjdk-21\bin\nio.dll
0x00007ff92b2c0000 - 0x00007ff92b2d8000 	C:\Users\Lenovo\.jdks\openjdk-21\bin\zip.dll
0x000001dc41bc0000 - 0x000001dc41bc3000 	C:\Users\Lenovo\.openjfx\cache\20.0.1+2\amd64\api-ms-win-core-console-l1-1-0.dll
0x000001dc41bd0000 - 0x000001dc41bd3000 	C:\Users\Lenovo\.openjfx\cache\20.0.1+2\amd64\api-ms-win-core-console-l1-2-0.dll
0x000001dc43b60000 - 0x000001dc43b63000 	C:\Users\Lenovo\.openjfx\cache\20.0.1+2\amd64\api-ms-win-core-datetime-l1-1-0.dll
0x000001dc43b70000 - 0x000001dc43b73000 	C:\Users\Lenovo\.openjfx\cache\20.0.1+2\amd64\api-ms-win-core-debug-l1-1-0.dll
0x000001dc43b80000 - 0x000001dc43b83000 	C:\Users\Lenovo\.openjfx\cache\20.0.1+2\amd64\api-ms-win-core-errorhandling-l1-1-0.dll
0x000001dc60a50000 - 0x000001dc60a54000 	C:\Users\Lenovo\.openjfx\cache\20.0.1+2\amd64\api-ms-win-core-file-l1-1-0.dll
0x000001dc60a60000 - 0x000001dc60a63000 	C:\Users\Lenovo\.openjfx\cache\20.0.1+2\amd64\api-ms-win-core-file-l1-2-0.dll
0x000001dc60a70000 - 0x000001dc60a73000 	C:\Users\Lenovo\.openjfx\cache\20.0.1+2\amd64\api-ms-win-core-file-l2-1-0.dll
0x000001dc60a80000 - 0x000001dc60a83000 	C:\Users\Lenovo\.openjfx\cache\20.0.1+2\amd64\api-ms-win-core-handle-l1-1-0.dll
0x000001dc60a90000 - 0x000001dc60a93000 	C:\Users\Lenovo\.openjfx\cache\20.0.1+2\amd64\api-ms-win-core-heap-l1-1-0.dll
0x000001dc60aa0000 - 0x000001dc60aa3000 	C:\Users\Lenovo\.openjfx\cache\20.0.1+2\amd64\api-ms-win-core-interlocked-l1-1-0.dll
0x000001dc60ab0000 - 0x000001dc60ab3000 	C:\Users\Lenovo\.openjfx\cache\20.0.1+2\amd64\api-ms-win-core-libraryloader-l1-1-0.dll
0x000001dc60ac0000 - 0x000001dc60ac3000 	C:\Users\Lenovo\.openjfx\cache\20.0.1+2\amd64\api-ms-win-core-localization-l1-2-0.dll
0x000001dc60ad0000 - 0x000001dc60ad3000 	C:\Users\Lenovo\.openjfx\cache\20.0.1+2\amd64\api-ms-win-core-memory-l1-1-0.dll
0x000001dc60ae0000 - 0x000001dc60ae3000 	C:\Users\Lenovo\.openjfx\cache\20.0.1+2\amd64\api-ms-win-core-namedpipe-l1-1-0.dll
0x000001dc60af0000 - 0x000001dc60af3000 	C:\Users\Lenovo\.openjfx\cache\20.0.1+2\amd64\api-ms-win-core-processenvironment-l1-1-0.dll
0x000001dc60b00000 - 0x000001dc60b03000 	C:\Users\Lenovo\.openjfx\cache\20.0.1+2\amd64\api-ms-win-core-processthreads-l1-1-0.dll
0x000001dc60b10000 - 0x000001dc60b13000 	C:\Users\Lenovo\.openjfx\cache\20.0.1+2\amd64\api-ms-win-core-processthreads-l1-1-1.dll
0x000001dc60b20000 - 0x000001dc60b23000 	C:\Users\Lenovo\.openjfx\cache\20.0.1+2\amd64\api-ms-win-core-profile-l1-1-0.dll
0x000001dc60b30000 - 0x000001dc60b33000 	C:\Users\Lenovo\.openjfx\cache\20.0.1+2\amd64\api-ms-win-core-rtlsupport-l1-1-0.dll
0x000001dc60b40000 - 0x000001dc60b43000 	C:\Users\Lenovo\.openjfx\cache\20.0.1+2\amd64\api-ms-win-core-string-l1-1-0.dll
0x000001dc60b50000 - 0x000001dc60b53000 	C:\Users\Lenovo\.openjfx\cache\20.0.1+2\amd64\api-ms-win-core-synch-l1-1-0.dll
0x000001dc60b60000 - 0x000001dc60b63000 	C:\Users\Lenovo\.openjfx\cache\20.0.1+2\amd64\api-ms-win-core-synch-l1-2-0.dll
0x000001dc60b70000 - 0x000001dc60b73000 	C:\Users\Lenovo\.openjfx\cache\20.0.1+2\amd64\api-ms-win-core-sysinfo-l1-1-0.dll
0x000001dc60b80000 - 0x000001dc60b83000 	C:\Users\Lenovo\.openjfx\cache\20.0.1+2\amd64\api-ms-win-core-timezone-l1-1-0.dll
0x000001dc60b90000 - 0x000001dc60b93000 	C:\Users\Lenovo\.openjfx\cache\20.0.1+2\amd64\api-ms-win-core-util-l1-1-0.dll
0x000001dc60ba0000 - 0x000001dc60ba3000 	C:\Users\Lenovo\.openjfx\cache\20.0.1+2\amd64\api-ms-win-crt-conio-l1-1-0.dll
0x000001dc60bb0000 - 0x000001dc60bb4000 	C:\Users\Lenovo\.openjfx\cache\20.0.1+2\amd64\api-ms-win-crt-convert-l1-1-0.dll
0x000001dc60bc0000 - 0x000001dc60bc3000 	C:\Users\Lenovo\.openjfx\cache\20.0.1+2\amd64\api-ms-win-crt-environment-l1-1-0.dll
0x000001dc60bd0000 - 0x000001dc60bd3000 	C:\Users\Lenovo\.openjfx\cache\20.0.1+2\amd64\api-ms-win-crt-filesystem-l1-1-0.dll
0x000001dc60be0000 - 0x000001dc60be3000 	C:\Users\Lenovo\.openjfx\cache\20.0.1+2\amd64\api-ms-win-crt-heap-l1-1-0.dll
0x000001dc60bf0000 - 0x000001dc60bf3000 	C:\Users\Lenovo\.openjfx\cache\20.0.1+2\amd64\api-ms-win-crt-locale-l1-1-0.dll
0x000001dc60c00000 - 0x000001dc60c05000 	C:\Users\Lenovo\.openjfx\cache\20.0.1+2\amd64\api-ms-win-crt-math-l1-1-0.dll
0x000001dc60c10000 - 0x000001dc60c15000 	C:\Users\Lenovo\.openjfx\cache\20.0.1+2\amd64\api-ms-win-crt-multibyte-l1-1-0.dll
0x000001dc60c20000 - 0x000001dc60c30000 	C:\Users\Lenovo\.openjfx\cache\20.0.1+2\amd64\api-ms-win-crt-private-l1-1-0.dll
0x000001dc60c30000 - 0x000001dc60c33000 	C:\Users\Lenovo\.openjfx\cache\20.0.1+2\amd64\api-ms-win-crt-process-l1-1-0.dll
0x000001dc60c40000 - 0x000001dc60c44000 	C:\Users\Lenovo\.openjfx\cache\20.0.1+2\amd64\api-ms-win-crt-runtime-l1-1-0.dll
0x000001dc60c50000 - 0x000001dc60c54000 	C:\Users\Lenovo\.openjfx\cache\20.0.1+2\amd64\api-ms-win-crt-stdio-l1-1-0.dll
0x000001dc60c60000 - 0x000001dc60c64000 	C:\Users\Lenovo\.openjfx\cache\20.0.1+2\amd64\api-ms-win-crt-string-l1-1-0.dll
0x000001dc60c70000 - 0x000001dc60c73000 	C:\Users\Lenovo\.openjfx\cache\20.0.1+2\amd64\api-ms-win-crt-time-l1-1-0.dll
0x000001dc60c80000 - 0x000001dc60c83000 	C:\Users\Lenovo\.openjfx\cache\20.0.1+2\amd64\api-ms-win-crt-utility-l1-1-0.dll
0x00007ff914140000 - 0x00007ff91423c000 	C:\Users\Lenovo\.openjfx\cache\20.0.1+2\amd64\ucrtbase.dll
0x00007ff92a1d0000 - 0x00007ff92a1eb000 	C:\Users\Lenovo\.openjfx\cache\20.0.1+2\amd64\vcruntime140.dll
0x00007ff92b5c0000 - 0x00007ff92b5cc000 	C:\Users\Lenovo\.openjfx\cache\20.0.1+2\amd64\vcruntime140_1.dll
0x00007ff9140b0000 - 0x00007ff91413e000 	C:\Users\Lenovo\.openjfx\cache\20.0.1+2\amd64\msvcp140.dll
0x00007ff929a60000 - 0x00007ff929a69000 	C:\Users\Lenovo\.openjfx\cache\20.0.1+2\amd64\msvcp140_1.dll
0x00007ff9294b0000 - 0x00007ff9294e0000 	C:\Users\Lenovo\.openjfx\cache\20.0.1+2\amd64\msvcp140_2.dll
0x00007ff924d40000 - 0x00007ff924d6f000 	C:\Users\Lenovo\.openjfx\cache\20.0.1+2\amd64\prism_d3d.dll
0x00007ff90cb50000 - 0x00007ff90cd1d000 	C:\Windows\system32\d3d9.dll
0x00007ff92e860000 - 0x00007ff92e88f000 	C:\Windows\SYSTEM32\dwmapi.dll
0x00007ff92e760000 - 0x00007ff92e7fe000 	C:\Windows\system32\uxtheme.dll
0x00007ff8f9930000 - 0x00007ff8f9a95000 	C:\Windows\System32\DriverStore\FileRepository\iigd_dch.inf_amd64_4b31d9b38e2bb506\igdumdim64.dll
0x00007ff933850000 - 0x00007ff93397b000 	C:\Windows\System32\ole32.dll
0x00007ff882ae0000 - 0x00007ff88676b000 	C:\Windows\System32\DriverStore\FileRepository\iigd_dch.inf_amd64_4b31d9b38e2bb506\igd9dxva64.dll
0x00007ff932900000 - 0x00007ff932d6e000 	C:\Windows\System32\SETUPAPI.dll
0x00007ff931930000 - 0x00007ff93197e000 	C:\Windows\System32\cfgmgr32.dll
0x00007ff9260b0000 - 0x00007ff9263e6000 	C:\Windows\System32\DriverStore\FileRepository\iigd_dch.inf_amd64_4b31d9b38e2bb506\igdgmm64.dll
0x00007ff91fb10000 - 0x00007ff91fb52000 	C:\Users\Lenovo\.openjfx\cache\20.0.1+2\amd64\glass.dll
0x00007ff931b90000 - 0x00007ff931c6a000 	C:\Windows\System32\COMDLG32.dll
0x00007ff9322d0000 - 0x00007ff9323e5000 	C:\Windows\System32\MSCTF.dll
0x00007ff8fc850000 - 0x00007ff8fc877000 	C:\Windows\System32\DriverStore\FileRepository\iigd_dch.inf_amd64_4b31d9b38e2bb506\igdinfo64.dll
0x00007ff930af0000 - 0x00007ff930b08000 	C:\Windows\SYSTEM32\CRYPTSP.dll
0x00007ff9301a0000 - 0x00007ff9301d4000 	C:\Windows\system32\rsaenh.dll
0x00007ff930ae0000 - 0x00007ff930aec000 	C:\Windows\SYSTEM32\CRYPTBASE.dll
0x00007ff9203c0000 - 0x00007ff92314f000 	C:\Windows\System32\DriverStore\FileRepository\iigd_dch.inf_amd64_4b31d9b38e2bb506\igc64.dll
0x00007ff926bc0000 - 0x00007ff926bfb000 	C:\Windows\SYSTEM32\dxcore.dll
0x00007ff9305d0000 - 0x00007ff93069b000 	C:\Windows\SYSTEM32\DNSAPI.dll
0x00007ff930580000 - 0x00007ff9305bb000 	C:\Windows\SYSTEM32\IPHLPAPI.DLL
0x00007ff933a00000 - 0x00007ff933a08000 	C:\Windows\System32\NSI.dll
0x00007ff927d00000 - 0x00007ff927d0a000 	C:\Windows\System32\rasadhlp.dll
0x00007ff925c90000 - 0x00007ff925d10000 	C:\Windows\System32\fwpuclnt.dll
0x00007ff92b2b0000 - 0x00007ff92b2b7000 	C:\Users\Lenovo\.jdks\openjdk-21\bin\extnet.dll
0x00007ff928e40000 - 0x00007ff928e54000 	C:\Users\Lenovo\.openjfx\cache\20.0.1+2\amd64\javafx_font.dll
0x00007ff91c480000 - 0x00007ff91c6ff000 	C:\Windows\SYSTEM32\dwrite.dll

dbghelp: loaded successfully - version: 4.0.5 - missing functions: none
symbol engine: initialized successfully - sym options: 0x614 - pdb path: .;C:\Users\Lenovo\.jdks\openjdk-21\bin;C:\Windows\SYSTEM32;C:\Program Files\Avast Software\Avast;C:\Windows\WinSxS\amd64_microsoft.windows.common-controls_6595b64144ccf1df_6.0.19041.3636_none_60b6a03d71f818d5;C:\Users\Lenovo\.jdks\openjdk-21\bin\server;C:\Users\Lenovo\.openjfx\cache\20.0.1+2\amd64;C:\Windows\System32\DriverStore\FileRepository\iigd_dch.inf_amd64_4b31d9b38e2bb506

VM Arguments:
jvm_args: --module-path=C:\Users\Lenovo\.m2\repository\org\openjfx\javafx-base\20.0.1\javafx-base-20.0.1-win.jar;C:\Users\Lenovo\.m2\repository\org\openjfx\javafx-base\20.0.1\javafx-base-20.0.1.jar;C:\Users\Lenovo\.m2\repository\org\openjfx\javafx-controls\20.0.1\javafx-controls-20.0.1-win.jar;C:\Users\Lenovo\.m2\repository\org\openjfx\javafx-controls\20.0.1\javafx-controls-20.0.1.jar;C:\Users\Lenovo\.m2\repository\org\openjfx\javafx-fxml\20.0.1\javafx-fxml-20.0.1-win.jar;C:\Users\Lenovo\.m2\repository\org\openjfx\javafx-fxml\20.0.1\javafx-fxml-20.0.1.jar;C:\Users\Lenovo\.m2\repository\org\openjfx\javafx-graphics\20.0.1\javafx-graphics-20.0.1-win.jar;C:\Users\Lenovo\.m2\repository\org\openjfx\javafx-graphics\20.0.1\javafx-graphics-20.0.1.jar --add-modules=javafx.base,javafx.controls,javafx.fxml,javafx.graphics 
java_command: test.Main
java_class_path (initial): C:\Users\Lenovo\Desktop\java\PIJAVA\target\classes;C:\Users\Lenovo\.m2\repository\com\google\protobuf\protobuf-java\3.21.9\protobuf-java-3.21.9.jar;C:\Users\Lenovo\.m2\repository\com\mysql\mysql-connector-j\8.0.33\mysql-connector-j-8.0.33.jar;C:\Users\Lenovo\.m2\repository\de\jensd\fontawesomefx-commons\9.1.2\fontawesomefx-commons-9.1.2.jar;C:\Users\Lenovo\.m2\repository\de\jensd\fontawesomefx-fontawesome\4.7.0-9.1.2\fontawesomefx-fontawesome-4.7.0-9.1.2.jar
Launcher Type: SUN_STANDARD

[Global flags]
     intx CICompilerCount                          = 4                                         {product} {ergonomic}
     uint ConcGCThreads                            = 2                                         {product} {ergonomic}
     uint G1ConcRefinementThreads                  = 8                                         {product} {ergonomic}
   size_t G1HeapRegionSize                         = 1048576                                   {product} {ergonomic}
    uintx GCDrainStackTargetSize                   = 64                                        {product} {ergonomic}
   size_t InitialHeapSize                          = 132120576                                 {product} {ergonomic}
   size_t MarkStackSize                            = 4194304                                   {product} {ergonomic}
   size_t MaxHeapSize                              = 2105540608                                {product} {ergonomic}
   size_t MaxNewSize                               = 1262485504                                {product} {ergonomic}
   size_t MinHeapDeltaBytes                        = 1048576                                   {product} {ergonomic}
   size_t MinHeapSize                              = 8388608                                   {product} {ergonomic}
    uintx NonNMethodCodeHeapSize                   = 5839372                                {pd product} {ergonomic}
    uintx NonProfiledCodeHeapSize                  = 122909434                              {pd product} {ergonomic}
    uintx ProfiledCodeHeapSize                     = 122909434                              {pd product} {ergonomic}
    uintx ReservedCodeCacheSize                    = 251658240                              {pd product} {ergonomic}
     bool SegmentedCodeCache                       = true                                      {product} {ergonomic}
   size_t SoftMaxHeapSize                          = 2105540608                             {manageable} {ergonomic}
     bool UseCompressedOops                        = true                           {product lp64_product} {ergonomic}
     bool UseG1GC                                  = true                                      {product} {ergonomic}
     bool UseLargePagesIndividualAllocation        = false                                  {pd product} {ergonomic}

Logging:
Log output configuration:
 #0: stdout all=warning uptime,level,tags foldmultilines=false
 #1: stderr all=off uptime,level,tags foldmultilines=false

Environment Variables:
PATH=C:\oraclexe\app\oracle\product\10.2.0\server\bin;C:\Program Files (x86)\VMware\VMware Player\bin\;C:\Windows\system32;C:\Windows;C:\Windows\System32\Wbem;C:\Windows\System32\WindowsPowerShell\v1.0\;C:\Windows\System32\OpenSSH\;C:\xampp\php;C:\Program Files\Git\cmd;C:\composer;C:\Users\Lenovo\AppData\Local\Programs\Python\Launcher\;C:\Users\Lenovo\scoop\shims;C:\Users\Lenovo\AppData\Local\Microsoft\WindowsApps;C:\Microsoft VS Code\bin;C:\Users\Lenovo\AppData\Roaming\Composer\vendor\bin;C:\Flex Windows\gcc\bin;C:\Flex Windows\Lex\bin;C:\Flex Windows\bison\bin
USERNAME=Lenovo
OS=Windows_NT
PROCESSOR_IDENTIFIER=Intel64 Family 6 Model 142 Stepping 12, GenuineIntel
TMP=C:\Users\Lenovo\AppData\Local\Temp
TEMP=C:\Users\Lenovo\AppData\Local\Temp




---------------  S Y S T E M  ---------------

OS:
 Windows 10 , 64 bit Build 19041 (10.0.19041.3636)
OS uptime: 2 days 23:30 hours

CPU: total 8 (initial active 8) (4 cores per cpu, 2 threads per core) family 6 model 142 stepping 12 microcode 0xde, cx8, cmov, fxsr, ht, mmx, 3dnowpref, sse, sse2, sse3, ssse3, sse4.1, sse4.2, popcnt, lzcnt, tsc, tscinvbit, avx, avx2, aes, erms, clmul, bmi1, bmi2, adx, fma, vzeroupper, clflush, clflushopt, rdtscp, f16c
Processor Information for all 8 processors :
  Max Mhz: 2112, Current Mhz: 1609, Mhz Limit: 1605

Memory: 4k page, system-wide physical 8027M (398M free)
TotalPageFile size 32603M (AvailPageFile size 73M)
current process WorkingSet (physical memory assigned to process): 243M, peak: 243M
current process commit charge ("private bytes"): 310M, peak: 384M

vm_info: OpenJDK 64-Bit Server VM (21+35-2513) for windows-amd64 JRE (21+35-2513), built on 2023-08-09T20:25:10Z by "mach5one" with MS VC++ 17.1 (VS2022)

END.
