#
# There is insufficient memory for the Java Runtime Environment to continue.
# Native memory allocation (mmap) failed to map 835584 bytes for G1 virtual space
# Possible reasons:
#   The system is out of physical RAM or swap space
#   The process is running with CompressedOops enabled, and the Java Heap may be blocking the growth of the native heap
# Possible solutions:
#   Reduce memory load on the system
#   Increase physical memory or swap space
#   Check if swap backing store is full
#   Decrease Java heap size (-Xmx/-Xms)
#   Decrease number of Java threads
#   Decrease Java thread stack sizes (-Xss)
#   Set larger code cache with -XX:ReservedCodeCacheSize=
#   JVM is running with Unscaled Compressed Oops mode in which the Java heap is
#     placed in the first 4GB address space. The Java Heap base address is the
#     maximum limit for the native heap growth. Please use -XX:HeapBaseMinAddress
#     to set the Java Heap base and to place the Java Heap above 4GB virtual address.
# This output file may be truncated or incomplete.
#
#  Out of Memory Error (os_windows.cpp:3600), pid=15448, tid=6728
#
# JRE version: OpenJDK Runtime Environment (21.0+35) (build 21+35-2513)
# Java VM: OpenJDK 64-Bit Server VM (21+35-2513, mixed mode, sharing, tiered, compressed oops, compressed class ptrs, g1 gc, windows-amd64)
# No core dump will be written. Minidumps are not enabled by default on client versions of Windows
#

---------------  S U M M A R Y ------------

Command Line: --module-path=C:\Users\Lenovo\.m2\repository\org\openjfx\javafx-base\20.0.1\javafx-base-20.0.1-win.jar;C:\Users\Lenovo\.m2\repository\org\openjfx\javafx-base\20.0.1\javafx-base-20.0.1.jar;C:\Users\Lenovo\.m2\repository\org\openjfx\javafx-controls\20.0.1\javafx-controls-20.0.1-win.jar;C:\Users\Lenovo\.m2\repository\org\openjfx\javafx-controls\20.0.1\javafx-controls-20.0.1.jar;C:\Users\Lenovo\.m2\repository\org\openjfx\javafx-fxml\20.0.1\javafx-fxml-20.0.1-win.jar;C:\Users\Lenovo\.m2\repository\org\openjfx\javafx-fxml\20.0.1\javafx-fxml-20.0.1.jar;C:\Users\Lenovo\.m2\repository\org\openjfx\javafx-graphics\20.0.1\javafx-graphics-20.0.1-win.jar;C:\Users\Lenovo\.m2\repository\org\openjfx\javafx-graphics\20.0.1\javafx-graphics-20.0.1.jar --add-modules=javafx.base,javafx.controls,javafx.fxml,javafx.graphics test.Main

Host: Intel(R) Core(TM) i5-10210U CPU @ 1.60GHz, 8 cores, 7G,  Windows 10 , 64 bit Build 19041 (10.0.19041.3636)
Time: Sat May  4 16:08:09 2024 Paris, Madrid (heure duild 19041 (10.0.19041.3636) elapsed time: 1.965140 seconds (0d 0h 0m 1s)

---------------  T H R E A D  ---------------

Current thread (0x000002260f2a4f40):  VMThread "VM Thread"          [id=6728, stack(0x000000a844d00000,0x000000a844e00000) (1024K)]

Stack: [0x000000a844d00000,0x000000a844e00000]
Native frames: (J=compiled Java code, j=interpreted, Vv=VM code, C=native code)
V  [jvm.dll+0x6c8d39]
V  [jvm.dll+0x854091]
V  [jvm.dll+0x85630e]
V  [jvm.dll+0x8569e3]
V  [jvm.dll+0x2809a6]
V  [jvm.dll+0x6c5425]
V  [jvm.dll+0x6b9e1a]
V  [jvm.dll+0x3555ba]
V  [jvm.dll+0x35d206]
V  [jvm.dll+0x3adf83]
V  [jvm.dll+0x3ae218]
V  [jvm.dll+0x328fcc]
V  [jvm.dll+0x329057]
V  [jvm.dll+0x36d90c]
V  [jvm.dll+0x36c10d]
V  [jvm.dll+0x328741]
V  [jvm.dll+0x36bb38]
V  [jvm.dll+0x85c4e8]
V  [jvm.dll+0x85d5e4]
V  [jvm.dll+0x85db20]
V  [jvm.dll+0x85ddc3]
V  [jvm.dll+0x7fd2c8]
V  [jvm.dll+0x6c748d]
C  [ucrtbase.dll+0x21bb2]
C  [KERNEL32.DLL+0x17344]
C  [ntdll.dll+0x526b1]

VM_Operation (0x000000a845cfbe08): G1TryInitiateConcMark, mode: safepoint, requested by thread 0x00000226553ad070


---------------  P R O C E S S  ---------------

Threads class SMR info:
_java_thread_list=0x000002265a0b2740, length=18, elements={
0x000002267087a4d0, 0x000002260f2c5670, 0x000002260f2c61a0, 0x000002260f2cc9f0,
0x000002260f2cd2e0, 0x000002260f2ce0f0, 0x000002260f2d4f20, 0x000002260f2ddb90,
0x000002260f2de9e0, 0x000002260f52c950, 0x000002260f607230, 0x00000226552dc3d0,
0x0000022655365ee0, 0x00000226553ad070, 0x00000226555a1ad0, 0x00000226555a0ef0,
0x00000226556f8c20, 0x000002265a453020
}

Java Threads: ( => current thread )
  0x000002267087a4d0 JavaThread "main"                              [_thread_blocked, id=18756, stack(0x000000a844600000,0x000000a844700000) (1024K)]
  0x000002260f2c5670 JavaThread "Reference Handler"          daemon [_thread_blocked, id=7812, stack(0x000000a844f00000,0x000000a845000000) (1024K)]
  0x000002260f2c61a0 JavaThread "Finalizer"                  daemon [_thread_blocked, id=10140, stack(0x000000a845000000,0x000000a845100000) (1024K)]
  0x000002260f2cc9f0 JavaThread "Signal Dispatcher"          daemon [_thread_blocked, id=23356, stack(0x000000a845100000,0x000000a845200000) (1024K)]
  0x000002260f2cd2e0 JavaThread "Attach Listener"            daemon [_thread_blocked, id=12848, stack(0x000000a845200000,0x000000a845300000) (1024K)]
  0x000002260f2ce0f0 JavaThread "Service Thread"             daemon [_thread_blocked, id=15324, stack(0x000000a845300000,0x000000a845400000) (1024K)]
  0x000002260f2d4f20 JavaThread "Monitor Deflation Thread"   daemon [_thread_blocked, id=21328, stack(0x000000a845400000,0x000000a845500000) (1024K)]
  0x000002260f2ddb90 JavaThread "C2 CompilerThread0"         daemon [_thread_blocked, id=30072, stack(0x000000a845500000,0x000000a845600000) (1024K)]
  0x000002260f2de9e0 JavaThread "C1 CompilerThread0"         daemon [_thread_blocked, id=29096, stack(0x000000a845600000,0x000000a845700000) (1024K)]
  0x000002260f52c950 JavaThread "Common-Cleaner"             daemon [_thread_blocked, id=22992, stack(0x000000a845700000,0x000000a845800000) (1024K)]
  0x000002260f607230 JavaThread "Notification Thread"        daemon [_thread_blocked, id=27752, stack(0x000000a845900000,0x000000a845a00000) (1024K)]
  0x00000226552dc3d0 JavaThread "QuantumRenderer-0"          daemon [_thread_blocked, id=19436, stack(0x000000a845a00000,0x000000a845b00000) (1024K)]
  0x0000022655365ee0 JavaThread "InvokeLaterDispatcher"      daemon [_thread_blocked, id=17204, stack(0x000000a845b00000,0x000000a845c00000) (1024K)]
  0x00000226553ad070 JavaThread "JavaFX Application Thread"         [_thread_blocked, id=16592, stack(0x000000a845c00000,0x000000a845d00000) (1024K)]
  0x00000226555a1ad0 JavaThread "JavaFX-Launcher"                   [_thread_blocked, id=29052, stack(0x000000a846100000,0x000000a846200000) (1024K)]
  0x00000226555a0ef0 JavaThread "Thread-2"                   daemon [_thread_blocked, id=18968, stack(0x000000a846000000,0x000000a846100000) (1024K)]
  0x00000226556f8c20 JavaThread "mysql-cj-abandoned-connection-cleanup" daemon [_thread_blocked, id=29624, stack(0x000000a846700000,0x000000a846800000) (1024K)]
  0x000002265a453020 JavaThread "Prism Font Disposer"        daemon [_thread_blocked, id=28068, stack(0x000000a846a00000,0x000000a846b00000) (1024K)]
Total: 18

Other Threads:
=>0x000002260f2a4f40 VMThread "VM Thread"                           [id=6728, stack(0x000000a844d00000,0x000000a844e00000) (1024K)]
  0x000002260f28f900 WatcherThread "VM Periodic Task Thread"        [id=24300, stack(0x000000a844c00000,0x000000a844d00000) (1024K)]
  0x00000226709d4d50 WorkerThread "GC Thread#0"                     [id=28524, stack(0x000000a844700000,0x000000a844800000) (1024K)]
  0x0000022655647160 WorkerThread "GC Thread#1"                     [id=27296, stack(0x000000a846200000,0x000000a846300000) (1024K)]
  0x0000022655647500 WorkerThread "GC Thread#2"                     [id=18860, stack(0x000000a846300000,0x000000a846400000) (1024K)]
  0x000002265564e5b0 WorkerThread "GC Thread#3"                     [id=13224, stack(0x000000a846400000,0x000000a846500000) (1024K)]
  0x000002265564e950 WorkerThread "GC Thread#4"                     [id=30308, stack(0x000000a846500000,0x000000a846600000) (1024K)]
  0x0000022655650100 WorkerThread "GC Thread#5"                     [id=1996, stack(0x000000a846600000,0x000000a846700000) (1024K)]
  0x0000022659d35f00 WorkerThread "GC Thread#6"                     [id=12672, stack(0x000000a846800000,0x000000a846900000) (1024K)]
  0x0000022659ef49f0 WorkerThread "GC Thread#7"                     [id=21360, stack(0x000000a846900000,0x000000a846a00000) (1024K)]
  0x00000226709e5ab0 ConcurrentGCThread "G1 Main Marker"            [id=29304, stack(0x000000a844800000,0x000000a844900000) (1024K)]
  0x00000226709e6d50 WorkerThread "G1 Conc#0"                       [id=22720, stack(0x000000a844900000,0x000000a844a00000) (1024K)]
  0x000002265a2b4bc0 WorkerThread "G1 Conc#1"                       [id=13496, stack(0x000000a846b00000,0x000000a846c00000) (1024K)]
  0x000002260f161170 ConcurrentGCThread "G1 Refine#0"               [id=26996, stack(0x000000a844a00000,0x000000a844b00000) (1024K)]
  0x000002260f163710 ConcurrentGCThread "G1 Service"                [id=6852, stack(0x000000a844b00000,0x000000a844c00000) (1024K)]
Total: 15

Threads with active compile tasks:
Total: 0

VM state: at safepoint (normal execution)

VM Mutex/Monitor currently owned by a thread:  ([mutex/lock_event])
[0x00007ff8f3178548] Threads_lock - owner thread: 0x000002260f2a4f40
[0x00007ff8f3178648] Heap_lock - owner thread: 0x00000226553ad070

Heap address: 0x0000000082800000, size: 2008 MB, Compressed Oops mode: 32-bit

CDS archive(s) mapped at: [0x0000022610000000-0x0000022610c90000-0x0000022610c90000), size 13172736, SharedBaseAddress: 0x0000022610000000, ArchiveRelocationMode: 1.
Compressed class space mapped at: 0x0000022611000000-0x0000022651000000, reserved size: 1073741824
Narrow klass base: 0x0000022610000000, Narrow klass shift: 0, Narrow klass range: 0x100000000

GC Precious Log:
 CardTable entry size: 512
 Card Set container configuration: InlinePtr #cards 5 size 8 Array Of Cards #cards 12 size 40 Howl #buckets 4 coarsen threshold 1843 Howl Bitmap #cards 512 size 80 coarsen threshold 460 Card regions per heap region 1 cards per card region 2048
 CPUs: 8 total, 8 available
 Memory: 8027M
 Large Page Support: Disabled
 NUMA Support: Disabled
 Compressed Oops: Enabled (32-bit)
 Heap Region Size: 1M
 Heap Min Capacity: 8M
 Heap Initial Capacity: 126M
 Heap Max Capacity: 2008M
 Pre-touch: Disabled
 Parallel Workers: 8
 Concurrent Workers: 2
 Concurrent Refinement Workers: 8
 Periodic GC: Disabled

Heap:
 garbage-first heap   total 260096K, used 156056K [0x0000000082800000, 0x0000000100000000)
  region size 1024K, 1 young (1024K), 1 survivors (1024K)
 Metaspace       used 13913K, committed 14208K, reserved 1114112K
  class space    used 1798K, committed 1920K, reserved 1048576K

Heap Regions: E=young(eden), S=young(survivor), O=old, HS=humongous(starts), HC=humongous(continues), CS=collection set, F=free, TAMS=top-at-mark-start, PB=parsable bottom
|   0|0x0000000082800000, 0x0000000082900000, 0x0000000082900000|100%|HS|  |TAMS 0x0000000082900000| PB 0x0000000082800000| Complete 
|   1|0x0000000082900000, 0x0000000082a00000, 0x0000000082a00000|100%|HC|  |TAMS 0x0000000082a00000| PB 0x0000000082900000| Complete 
|   2|0x0000000082a00000, 0x0000000082b00000, 0x0000000082b00000|100%|HS|  |TAMS 0x0000000082b00000| PB 0x0000000082a00000| Complete 
|   3|0x0000000082b00000, 0x0000000082c00000, 0x0000000082c00000|100%|HC|  |TAMS 0x0000000082c00000| PB 0x0000000082b00000| Complete 
|   4|0x0000000082c00000, 0x0000000082d00000, 0x0000000082d00000|100%|HS|  |TAMS 0x0000000082d00000| PB 0x0000000082c00000| Complete 
|   5|0x0000000082d00000, 0x0000000082e00000, 0x0000000082e00000|100%|HC|  |TAMS 0x0000000082e00000| PB 0x0000000082d00000| Complete 
|   6|0x0000000082e00000, 0x0000000082f00000, 0x0000000082f00000|100%|HS|  |TAMS 0x0000000082f00000| PB 0x0000000082e00000| Complete 
|   7|0x0000000082f00000, 0x0000000083000000, 0x0000000083000000|100%|HC|  |TAMS 0x0000000083000000| PB 0x0000000082f00000| Complete 
|   8|0x0000000083000000, 0x0000000083100000, 0x0000000083100000|100%|HS|  |TAMS 0x0000000083100000| PB 0x0000000083000000| Complete 
|   9|0x0000000083100000, 0x0000000083200000, 0x0000000083200000|100%|HC|  |TAMS 0x0000000083200000| PB 0x0000000083100000| Complete 
|  10|0x0000000083200000, 0x0000000083300000, 0x0000000083300000|100%|HS|  |TAMS 0x0000000083300000| PB 0x0000000083200000| Complete 
|  11|0x0000000083300000, 0x0000000083400000, 0x0000000083400000|100%| O|  |TAMS 0x0000000083400000| PB 0x0000000083300000| Untracked 
|  12|0x0000000083400000, 0x0000000083500000, 0x0000000083500000|100%| O|  |TAMS 0x0000000083500000| PB 0x0000000083400000| Untracked 
|  13|0x0000000083500000, 0x0000000083600000, 0x0000000083600000|100%| O|  |TAMS 0x0000000083600000| PB 0x0000000083500000| Untracked 
|  14|0x0000000083600000, 0x0000000083700000, 0x0000000083700000|100%|HS|  |TAMS 0x0000000083700000| PB 0x0000000083600000| Complete 
|  15|0x0000000083700000, 0x0000000083800000, 0x0000000083800000|100%|HS|  |TAMS 0x0000000083800000| PB 0x0000000083700000| Complete 
|  16|0x0000000083800000, 0x0000000083900000, 0x0000000083900000|100%|HS|  |TAMS 0x0000000083900000| PB 0x0000000083800000| Complete 
|  17|0x0000000083900000, 0x0000000083a00000, 0x0000000083a00000|100%|HS|  |TAMS 0x0000000083a00000| PB 0x0000000083900000| Complete 
|  18|0x0000000083a00000, 0x0000000083b00000, 0x0000000083b00000|100%|HS|  |TAMS 0x0000000083b00000| PB 0x0000000083a00000| Complete 
|  19|0x0000000083b00000, 0x0000000083c00000, 0x0000000083c00000|100%|HS|  |TAMS 0x0000000083c00000| PB 0x0000000083b00000| Complete 
|  20|0x0000000083c00000, 0x0000000083d00000, 0x0000000083d00000|100%|HS|  |TAMS 0x0000000083d00000| PB 0x0000000083c00000| Complete 
|  21|0x0000000083d00000, 0x0000000083e00000, 0x0000000083e00000|100%|HS|  |TAMS 0x0000000083e00000| PB 0x0000000083d00000| Complete 
|  22|0x0000000083e00000, 0x0000000083f00000, 0x0000000083f00000|100%|HS|  |TAMS 0x0000000083f00000| PB 0x0000000083e00000| Complete 
|  23|0x0000000083f00000, 0x0000000084000000, 0x0000000084000000|100%|HS|  |TAMS 0x0000000084000000| PB 0x0000000083f00000| Complete 
|  24|0x0000000084000000, 0x0000000084100000, 0x0000000084100000|100%|HS|  |TAMS 0x0000000084100000| PB 0x0000000084000000| Complete 
|  25|0x0000000084100000, 0x0000000084200000, 0x0000000084200000|100%|HS|  |TAMS 0x0000000084200000| PB 0x0000000084100000| Complete 
|  26|0x0000000084200000, 0x0000000084300000, 0x0000000084300000|100%|HS|  |TAMS 0x0000000084300000| PB 0x0000000084200000| Complete 
|  27|0x0000000084300000, 0x0000000084400000, 0x0000000084400000|100%|HS|  |TAMS 0x0000000084400000| PB 0x0000000084300000| Complete 
|  28|0x0000000084400000, 0x0000000084500000, 0x0000000084500000|100%|HS|  |TAMS 0x0000000084500000| PB 0x0000000084400000| Complete 
|  29|0x0000000084500000, 0x0000000084600000, 0x0000000084600000|100%|HS|  |TAMS 0x0000000084600000| PB 0x0000000084500000| Complete 
|  30|0x0000000084600000, 0x0000000084700000, 0x0000000084700000|100%|HS|  |TAMS 0x0000000084700000| PB 0x0000000084600000| Complete 
|  31|0x0000000084700000, 0x0000000084800000, 0x0000000084800000|100%|HS|  |TAMS 0x0000000084800000| PB 0x0000000084700000| Complete 
|  32|0x0000000084800000, 0x0000000084900000, 0x0000000084900000|100%|HS|  |TAMS 0x0000000084900000| PB 0x0000000084800000| Complete 
|  33|0x0000000084900000, 0x0000000084a00000, 0x0000000084a00000|100%|HS|  |TAMS 0x0000000084a00000| PB 0x0000000084900000| Complete 
|  34|0x0000000084a00000, 0x0000000084b00000, 0x0000000084b00000|100%|HS|  |TAMS 0x0000000084b00000| PB 0x0000000084a00000| Complete 
|  35|0x0000000084b00000, 0x0000000084c00000, 0x0000000084c00000|100%|HS|  |TAMS 0x0000000084c00000| PB 0x0000000084b00000| Complete 
|  36|0x0000000084c00000, 0x0000000084d00000, 0x0000000084d00000|100%|HS|  |TAMS 0x0000000084d00000| PB 0x0000000084c00000| Complete 
|  37|0x0000000084d00000, 0x0000000084e00000, 0x0000000084e00000|100%|HS|  |TAMS 0x0000000084e00000| PB 0x0000000084d00000| Complete 
|  38|0x0000000084e00000, 0x0000000084f00000, 0x0000000084f00000|100%|HS|  |TAMS 0x0000000084f00000| PB 0x0000000084e00000| Complete 
|  39|0x0000000084f00000, 0x0000000085000000, 0x0000000085000000|100%|HS|  |TAMS 0x0000000085000000| PB 0x0000000084f00000| Complete 
|  40|0x0000000085000000, 0x0000000085100000, 0x0000000085100000|100%|HS|  |TAMS 0x0000000085100000| PB 0x0000000085000000| Complete 
|  41|0x0000000085100000, 0x0000000085200000, 0x0000000085200000|100%|HS|  |TAMS 0x0000000085200000| PB 0x0000000085100000| Complete 
|  42|0x0000000085200000, 0x0000000085300000, 0x0000000085300000|100%|HS|  |TAMS 0x0000000085300000| PB 0x0000000085200000| Complete 
|  43|0x0000000085300000, 0x0000000085400000, 0x0000000085400000|100%|HS|  |TAMS 0x0000000085400000| PB 0x0000000085300000| Complete 
|  44|0x0000000085400000, 0x0000000085500000, 0x0000000085500000|100%|HS|  |TAMS 0x0000000085500000| PB 0x0000000085400000| Complete 
|  45|0x0000000085500000, 0x0000000085600000, 0x0000000085600000|100%|HS|  |TAMS 0x0000000085600000| PB 0x0000000085500000| Complete 
|  46|0x0000000085600000, 0x0000000085700000, 0x0000000085700000|100%|HS|  |TAMS 0x0000000085700000| PB 0x0000000085600000| Complete 
|  47|0x0000000085700000, 0x0000000085800000, 0x0000000085800000|100%|HS|  |TAMS 0x0000000085800000| PB 0x0000000085700000| Complete 
|  48|0x0000000085800000, 0x0000000085900000, 0x0000000085900000|100%|HS|  |TAMS 0x0000000085900000| PB 0x0000000085800000| Complete 
|  49|0x0000000085900000, 0x0000000085a00000, 0x0000000085a00000|100%|HS|  |TAMS 0x0000000085a00000| PB 0x0000000085900000| Complete 
|  50|0x0000000085a00000, 0x0000000085b00000, 0x0000000085b00000|100%|HS|  |TAMS 0x0000000085b00000| PB 0x0000000085a00000| Complete 
|  51|0x0000000085b00000, 0x0000000085c00000, 0x0000000085c00000|100%|HS|  |TAMS 0x0000000085c00000| PB 0x0000000085b00000| Complete 
|  52|0x0000000085c00000, 0x0000000085d00000, 0x0000000085d00000|100%|HS|  |TAMS 0x0000000085d00000| PB 0x0000000085c00000| Complete 
|  53|0x0000000085d00000, 0x0000000085e00000, 0x0000000085e00000|100%|HS|  |TAMS 0x0000000085e00000| PB 0x0000000085d00000| Complete 
|  54|0x0000000085e00000, 0x0000000085f00000, 0x0000000085f00000|100%|HS|  |TAMS 0x0000000085f00000| PB 0x0000000085e00000| Complete 
|  55|0x0000000085f00000, 0x0000000086000000, 0x0000000086000000|100%|HS|  |TAMS 0x0000000086000000| PB 0x0000000085f00000| Complete 
|  56|0x0000000086000000, 0x0000000086100000, 0x0000000086100000|100%|HS|  |TAMS 0x0000000086100000| PB 0x0000000086000000| Complete 
|  57|0x0000000086100000, 0x0000000086200000, 0x0000000086200000|100%| O|  |TAMS 0x0000000086200000| PB 0x0000000086100000| Untracked 
|  58|0x0000000086200000, 0x0000000086300000, 0x0000000086300000|100%| O|  |TAMS 0x0000000086300000| PB 0x0000000086200000| Untracked 
|  59|0x0000000086300000, 0x0000000086400000, 0x0000000086400000|100%| O|  |TAMS 0x0000000086400000| PB 0x0000000086300000| Untracked 
|  60|0x0000000086400000, 0x0000000086500000, 0x0000000086500000|100%| O|  |TAMS 0x0000000086500000| PB 0x0000000086400000| Untracked 
|  61|0x0000000086500000, 0x00000000865e11f0, 0x0000000086600000| 87%| O|  |TAMS 0x00000000865e11f0| PB 0x0000000086500000| Untracked 
|  62|0x0000000086600000, 0x0000000086700000, 0x0000000086700000|100%|HS|  |TAMS 0x0000000086700000| PB 0x0000000086600000| Complete 
|  63|0x0000000086700000, 0x0000000086800000, 0x0000000086800000|100%|HS|  |TAMS 0x0000000086800000| PB 0x0000000086700000| Complete 
|  64|0x0000000086800000, 0x0000000086900000, 0x0000000086900000|100%|HS|  |TAMS 0x0000000086900000| PB 0x0000000086800000| Complete 
|  65|0x0000000086900000, 0x0000000086a00000, 0x0000000086a00000|100%|HS|  |TAMS 0x0000000086a00000| PB 0x0000000086900000| Complete 
|  66|0x0000000086a00000, 0x0000000086b00000, 0x0000000086b00000|100%|HS|  |TAMS 0x0000000086b00000| PB 0x0000000086a00000| Complete 
|  67|0x0000000086b00000, 0x0000000086c00000, 0x0000000086c00000|100%|HS|  |TAMS 0x0000000086c00000| PB 0x0000000086b00000| Complete 
|  68|0x0000000086c00000, 0x0000000086d00000, 0x0000000086d00000|100%|HS|  |TAMS 0x0000000086d00000| PB 0x0000000086c00000| Complete 
|  69|0x0000000086d00000, 0x0000000086e00000, 0x0000000086e00000|100%|HS|  |TAMS 0x0000000086e00000| PB 0x0000000086d00000| Complete 
|  70|0x0000000086e00000, 0x0000000086f00000, 0x0000000086f00000|100%|HS|  |TAMS 0x0000000086f00000| PB 0x0000000086e00000| Complete 
|  71|0x0000000086f00000, 0x0000000087000000, 0x0000000087000000|100%|HS|  |TAMS 0x0000000087000000| PB 0x0000000086f00000| Complete 
|  72|0x0000000087000000, 0x0000000087100000, 0x0000000087100000|100%|HS|  |TAMS 0x0000000087100000| PB 0x0000000087000000| Complete 
|  73|0x0000000087100000, 0x0000000087200000, 0x0000000087200000|100%|HS|  |TAMS 0x0000000087200000| PB 0x0000000087100000| Complete 
|  74|0x0000000087200000, 0x0000000087300000, 0x0000000087300000|100%|HS|  |TAMS 0x0000000087300000| PB 0x0000000087200000| Complete 
|  75|0x0000000087300000, 0x0000000087400000, 0x0000000087400000|100%|HS|  |TAMS 0x0000000087400000| PB 0x0000000087300000| Complete 
|  76|0x0000000087400000, 0x0000000087500000, 0x0000000087500000|100%|HS|  |TAMS 0x0000000087500000| PB 0x0000000087400000| Complete 
|  77|0x0000000087500000, 0x0000000087600000, 0x0000000087600000|100%|HS|  |TAMS 0x0000000087600000| PB 0x0000000087500000| Complete 
|  78|0x0000000087600000, 0x0000000087700000, 0x0000000087700000|100%|HS|  |TAMS 0x0000000087700000| PB 0x0000000087600000| Complete 
|  79|0x0000000087700000, 0x0000000087800000, 0x0000000087800000|100%|HS|  |TAMS 0x0000000087800000| PB 0x0000000087700000| Complete 
|  80|0x0000000087800000, 0x0000000087900000, 0x0000000087900000|100%|HS|  |TAMS 0x0000000087900000| PB 0x0000000087800000| Complete 
|  81|0x0000000087900000, 0x0000000087a00000, 0x0000000087a00000|100%|HS|  |TAMS 0x0000000087a00000| PB 0x0000000087900000| Complete 
|  82|0x0000000087a00000, 0x0000000087b00000, 0x0000000087b00000|100%|HS|  |TAMS 0x0000000087b00000| PB 0x0000000087a00000| Complete 
|  83|0x0000000087b00000, 0x0000000087c00000, 0x0000000087c00000|100%|HS|  |TAMS 0x0000000087c00000| PB 0x0000000087b00000| Complete 
|  84|0x0000000087c00000, 0x0000000087d00000, 0x0000000087d00000|100%|HS|  |TAMS 0x0000000087d00000| PB 0x0000000087c00000| Complete 
|  85|0x0000000087d00000, 0x0000000087e00000, 0x0000000087e00000|100%|HS|  |TAMS 0x0000000087e00000| PB 0x0000000087d00000| Complete 
|  86|0x0000000087e00000, 0x0000000087f00000, 0x0000000087f00000|100%|HS|  |TAMS 0x0000000087f00000| PB 0x0000000087e00000| Complete 
|  87|0x0000000087f00000, 0x0000000088000000, 0x0000000088000000|100%|HS|  |TAMS 0x0000000088000000| PB 0x0000000087f00000| Complete 
|  88|0x0000000088000000, 0x0000000088100000, 0x0000000088100000|100%|HS|  |TAMS 0x0000000088100000| PB 0x0000000088000000| Complete 
|  89|0x0000000088100000, 0x0000000088200000, 0x0000000088200000|100%|HS|  |TAMS 0x0000000088200000| PB 0x0000000088100000| Complete 
|  90|0x0000000088200000, 0x0000000088300000, 0x0000000088300000|100%|HS|  |TAMS 0x0000000088300000| PB 0x0000000088200000| Complete 
|  91|0x0000000088300000, 0x0000000088400000, 0x0000000088400000|100%|HS|  |TAMS 0x0000000088400000| PB 0x0000000088300000| Complete 
|  92|0x0000000088400000, 0x0000000088500000, 0x0000000088500000|100%|HS|  |TAMS 0x0000000088500000| PB 0x0000000088400000| Complete 
|  93|0x0000000088500000, 0x0000000088600000, 0x0000000088600000|100%|HS|  |TAMS 0x0000000088600000| PB 0x0000000088500000| Complete 
|  94|0x0000000088600000, 0x0000000088700000, 0x0000000088700000|100%|HS|  |TAMS 0x0000000088700000| PB 0x0000000088600000| Complete 
|  95|0x0000000088700000, 0x0000000088800000, 0x0000000088800000|100%|HS|  |TAMS 0x0000000088800000| PB 0x0000000088700000| Complete 
|  96|0x0000000088800000, 0x0000000088900000, 0x0000000088900000|100%|HS|  |TAMS 0x0000000088900000| PB 0x0000000088800000| Complete 
|  97|0x0000000088900000, 0x0000000088a00000, 0x0000000088a00000|100%|HS|  |TAMS 0x0000000088a00000| PB 0x0000000088900000| Complete 
|  98|0x0000000088a00000, 0x0000000088b00000, 0x0000000088b00000|100%|HS|  |TAMS 0x0000000088b00000| PB 0x0000000088a00000| Complete 
|  99|0x0000000088b00000, 0x0000000088c00000, 0x0000000088c00000|100%|HS|  |TAMS 0x0000000088c00000| PB 0x0000000088b00000| Complete 
| 100|0x0000000088c00000, 0x0000000088d00000, 0x0000000088d00000|100%|HS|  |TAMS 0x0000000088d00000| PB 0x0000000088c00000| Complete 
| 101|0x0000000088d00000, 0x0000000088e00000, 0x0000000088e00000|100%|HS|  |TAMS 0x0000000088e00000| PB 0x0000000088d00000| Complete 
| 102|0x0000000088e00000, 0x0000000088f00000, 0x0000000088f00000|100%|HS|  |TAMS 0x0000000088f00000| PB 0x0000000088e00000| Complete 
| 103|0x0000000088f00000, 0x0000000089000000, 0x0000000089000000|100%|HS|  |TAMS 0x0000000089000000| PB 0x0000000088f00000| Complete 
| 104|0x0000000089000000, 0x0000000089100000, 0x0000000089100000|100%|HS|  |TAMS 0x0000000089100000| PB 0x0000000089000000| Complete 
| 105|0x0000000089100000, 0x0000000089200000, 0x0000000089200000|100%|HS|  |TAMS 0x0000000089200000| PB 0x0000000089100000| Complete 
| 106|0x0000000089200000, 0x0000000089300000, 0x0000000089300000|100%|HS|  |TAMS 0x0000000089300000| PB 0x0000000089200000| Complete 
| 107|0x0000000089300000, 0x0000000089400000, 0x0000000089400000|100%|HS|  |TAMS 0x0000000089400000| PB 0x0000000089300000| Complete 
| 108|0x0000000089400000, 0x0000000089500000, 0x0000000089500000|100%|HS|  |TAMS 0x0000000089500000| PB 0x0000000089400000| Complete 
| 109|0x0000000089500000, 0x0000000089600000, 0x0000000089600000|100%|HS|  |TAMS 0x0000000089600000| PB 0x0000000089500000| Complete 
| 110|0x0000000089600000, 0x0000000089700000, 0x0000000089700000|100%|HS|  |TAMS 0x0000000089700000| PB 0x0000000089600000| Complete 
| 111|0x0000000089700000, 0x0000000089800000, 0x0000000089800000|100%|HS|  |TAMS 0x0000000089800000| PB 0x0000000089700000| Complete 
| 112|0x0000000089800000, 0x0000000089900000, 0x0000000089900000|100%|HS|  |TAMS 0x0000000089900000| PB 0x0000000089800000| Complete 
| 113|0x0000000089900000, 0x0000000089a00000, 0x0000000089a00000|100%|HS|  |TAMS 0x0000000089a00000| PB 0x0000000089900000| Complete 
| 114|0x0000000089a00000, 0x0000000089b00000, 0x0000000089b00000|100%|HS|  |TAMS 0x0000000089b00000| PB 0x0000000089a00000| Complete 
| 115|0x0000000089b00000, 0x0000000089c00000, 0x0000000089c00000|100%|HS|  |TAMS 0x0000000089c00000| PB 0x0000000089b00000| Complete 
| 116|0x0000000089c00000, 0x0000000089d00000, 0x0000000089d00000|100%|HS|  |TAMS 0x0000000089d00000| PB 0x0000000089c00000| Complete 
| 117|0x0000000089d00000, 0x0000000089e00000, 0x0000000089e00000|100%|HS|  |TAMS 0x0000000089e00000| PB 0x0000000089d00000| Complete 
| 118|0x0000000089e00000, 0x0000000089f00000, 0x0000000089f00000|100%|HS|  |TAMS 0x0000000089f00000| PB 0x0000000089e00000| Complete 
| 119|0x0000000089f00000, 0x000000008a000000, 0x000000008a000000|100%|HS|  |TAMS 0x000000008a000000| PB 0x0000000089f00000| Complete 
| 120|0x000000008a000000, 0x000000008a100000, 0x000000008a100000|100%|HS|  |TAMS 0x000000008a100000| PB 0x000000008a000000| Complete 
| 121|0x000000008a100000, 0x000000008a200000, 0x000000008a200000|100%|HS|  |TAMS 0x000000008a200000| PB 0x000000008a100000| Complete 
| 122|0x000000008a200000, 0x000000008a300000, 0x000000008a300000|100%|HS|  |TAMS 0x000000008a300000| PB 0x000000008a200000| Complete 
| 123|0x000000008a300000, 0x000000008a400000, 0x000000008a400000|100%|HS|  |TAMS 0x000000008a400000| PB 0x000000008a300000| Complete 
| 124|0x000000008a400000, 0x000000008a500000, 0x000000008a500000|100%|HS|  |TAMS 0x000000008a500000| PB 0x000000008a400000| Complete 
| 125|0x000000008a500000, 0x000000008a600000, 0x000000008a600000|100%|HS|  |TAMS 0x000000008a600000| PB 0x000000008a500000| Complete 
| 126|0x000000008a600000, 0x000000008a700000, 0x000000008a700000|100%|HS|  |TAMS 0x000000008a700000| PB 0x000000008a600000| Complete 
| 127|0x000000008a700000, 0x000000008a800000, 0x000000008a800000|100%|HS|  |TAMS 0x000000008a800000| PB 0x000000008a700000| Complete 
| 128|0x000000008a800000, 0x000000008a900000, 0x000000008a900000|100%|HS|  |TAMS 0x000000008a900000| PB 0x000000008a800000| Complete 
| 129|0x000000008a900000, 0x000000008aa00000, 0x000000008aa00000|100%|HS|  |TAMS 0x000000008aa00000| PB 0x000000008a900000| Complete 
| 130|0x000000008aa00000, 0x000000008ab00000, 0x000000008ab00000|100%|HS|  |TAMS 0x000000008ab00000| PB 0x000000008aa00000| Complete 
| 131|0x000000008ab00000, 0x000000008ac00000, 0x000000008ac00000|100%|HS|  |TAMS 0x000000008ac00000| PB 0x000000008ab00000| Complete 
| 132|0x000000008ac00000, 0x000000008ad00000, 0x000000008ad00000|100%|HS|  |TAMS 0x000000008ad00000| PB 0x000000008ac00000| Complete 
| 133|0x000000008ad00000, 0x000000008ae00000, 0x000000008ae00000|100%|HS|  |TAMS 0x000000008ae00000| PB 0x000000008ad00000| Complete 
| 134|0x000000008ae00000, 0x000000008af00000, 0x000000008af00000|100%|HS|  |TAMS 0x000000008af00000| PB 0x000000008ae00000| Complete 
| 135|0x000000008af00000, 0x000000008b000000, 0x000000008b000000|100%|HS|  |TAMS 0x000000008b000000| PB 0x000000008af00000| Complete 
| 136|0x000000008b000000, 0x000000008b100000, 0x000000008b100000|100%|HS|  |TAMS 0x000000008b100000| PB 0x000000008b000000| Complete 
| 137|0x000000008b100000, 0x000000008b200000, 0x000000008b200000|100%|HS|  |TAMS 0x000000008b200000| PB 0x000000008b100000| Complete 
| 138|0x000000008b200000, 0x000000008b300000, 0x000000008b300000|100%|HS|  |TAMS 0x000000008b300000| PB 0x000000008b200000| Complete 
| 139|0x000000008b300000, 0x000000008b400000, 0x000000008b400000|100%|HS|  |TAMS 0x000000008b400000| PB 0x000000008b300000| Complete 
| 140|0x000000008b400000, 0x000000008b500000, 0x000000008b500000|100%|HS|  |TAMS 0x000000008b500000| PB 0x000000008b400000| Complete 
| 141|0x000000008b500000, 0x000000008b600000, 0x000000008b600000|100%|HS|  |TAMS 0x000000008b600000| PB 0x000000008b500000| Complete 
| 142|0x000000008b600000, 0x000000008b700000, 0x000000008b700000|100%|HS|  |TAMS 0x000000008b700000| PB 0x000000008b600000| Complete 
| 143|0x000000008b700000, 0x000000008b800000, 0x000000008b800000|100%|HS|  |TAMS 0x000000008b800000| PB 0x000000008b700000| Complete 
| 144|0x000000008b800000, 0x000000008b900000, 0x000000008b900000|100%|HS|  |TAMS 0x000000008b900000| PB 0x000000008b800000| Complete 
| 145|0x000000008b900000, 0x000000008ba00000, 0x000000008ba00000|100%|HS|  |TAMS 0x000000008ba00000| PB 0x000000008b900000| Complete 
| 146|0x000000008ba00000, 0x000000008bb00000, 0x000000008bb00000|100%|HS|  |TAMS 0x000000008bb00000| PB 0x000000008ba00000| Complete 
| 147|0x000000008bb00000, 0x000000008bc00000, 0x000000008bc00000|100%|HS|  |TAMS 0x000000008bc00000| PB 0x000000008bb00000| Complete 
| 148|0x000000008bc00000, 0x000000008bd00000, 0x000000008bd00000|100%|HS|  |TAMS 0x000000008bd00000| PB 0x000000008bc00000| Complete 
| 149|0x000000008bd00000, 0x000000008be00000, 0x000000008be00000|100%|HS|  |TAMS 0x000000008be00000| PB 0x000000008bd00000| Complete 
| 150|0x000000008be00000, 0x000000008bf00000, 0x000000008bf00000|100%|HS|  |TAMS 0x000000008bf00000| PB 0x000000008be00000| Complete 
| 151|0x000000008bf00000, 0x000000008c000000, 0x000000008c000000|100%|HS|  |TAMS 0x000000008c000000| PB 0x000000008bf00000| Complete 
| 152|0x000000008c000000, 0x000000008c000000, 0x000000008c100000|  0%| F|  |TAMS 0x000000008c000000| PB 0x000000008c000000| Untracked 
| 153|0x000000008c100000, 0x000000008c100000, 0x000000008c200000|  0%| F|  |TAMS 0x000000008c100000| PB 0x000000008c100000| Untracked 
| 154|0x000000008c200000, 0x000000008c200000, 0x000000008c300000|  0%| F|  |TAMS 0x000000008c200000| PB 0x000000008c200000| Untracked 
| 155|0x000000008c300000, 0x000000008c300000, 0x000000008c400000|  0%| F|  |TAMS 0x000000008c300000| PB 0x000000008c300000| Untracked 
| 156|0x000000008c400000, 0x000000008c400000, 0x000000008c500000|  0%| F|  |TAMS 0x000000008c400000| PB 0x000000008c400000| Untracked 
| 157|0x000000008c500000, 0x000000008c500000, 0x000000008c600000|  0%| F|  |TAMS 0x000000008c500000| PB 0x000000008c500000| Untracked 
| 158|0x000000008c600000, 0x000000008c600000, 0x000000008c700000|  0%| F|  |TAMS 0x000000008c600000| PB 0x000000008c600000| Untracked 
| 159|0x000000008c700000, 0x000000008c700000, 0x000000008c800000|  0%| F|  |TAMS 0x000000008c700000| PB 0x000000008c700000| Untracked 
| 160|0x000000008c800000, 0x000000008c800000, 0x000000008c900000|  0%| F|  |TAMS 0x000000008c800000| PB 0x000000008c800000| Untracked 
| 161|0x000000008c900000, 0x000000008c900000, 0x000000008ca00000|  0%| F|  |TAMS 0x000000008c900000| PB 0x000000008c900000| Untracked 
| 162|0x000000008ca00000, 0x000000008ca00000, 0x000000008cb00000|  0%| F|  |TAMS 0x000000008ca00000| PB 0x000000008ca00000| Untracked 
| 163|0x000000008cb00000, 0x000000008cb00000, 0x000000008cc00000|  0%| F|  |TAMS 0x000000008cb00000| PB 0x000000008cb00000| Untracked 
| 164|0x000000008cc00000, 0x000000008cc00000, 0x000000008cd00000|  0%| F|  |TAMS 0x000000008cc00000| PB 0x000000008cc00000| Untracked 
| 165|0x000000008cd00000, 0x000000008cd00000, 0x000000008ce00000|  0%| F|  |TAMS 0x000000008cd00000| PB 0x000000008cd00000| Untracked 
| 166|0x000000008ce00000, 0x000000008ce00000, 0x000000008cf00000|  0%| F|  |TAMS 0x000000008ce00000| PB 0x000000008ce00000| Untracked 
| 167|0x000000008cf00000, 0x000000008cf00000, 0x000000008d000000|  0%| F|  |TAMS 0x000000008cf00000| PB 0x000000008cf00000| Untracked 
| 168|0x000000008d000000, 0x000000008d000000, 0x000000008d100000|  0%| F|  |TAMS 0x000000008d000000| PB 0x000000008d000000| Untracked 
| 169|0x000000008d100000, 0x000000008d100000, 0x000000008d200000|  0%| F|  |TAMS 0x000000008d100000| PB 0x000000008d100000| Untracked 
| 170|0x000000008d200000, 0x000000008d200000, 0x000000008d300000|  0%| F|  |TAMS 0x000000008d200000| PB 0x000000008d200000| Untracked 
| 171|0x000000008d300000, 0x000000008d300000, 0x000000008d400000|  0%| F|  |TAMS 0x000000008d300000| PB 0x000000008d300000| Untracked 
| 172|0x000000008d400000, 0x000000008d400000, 0x000000008d500000|  0%| F|  |TAMS 0x000000008d400000| PB 0x000000008d400000| Untracked 
| 173|0x000000008d500000, 0x000000008d500000, 0x000000008d600000|  0%| F|  |TAMS 0x000000008d500000| PB 0x000000008d500000| Untracked 
| 174|0x000000008d600000, 0x000000008d600000, 0x000000008d700000|  0%| F|  |TAMS 0x000000008d600000| PB 0x000000008d600000| Untracked 
| 175|0x000000008d700000, 0x000000008d700000, 0x000000008d800000|  0%| F|  |TAMS 0x000000008d700000| PB 0x000000008d700000| Untracked 
| 176|0x000000008d800000, 0x000000008d800000, 0x000000008d900000|  0%| F|  |TAMS 0x000000008d800000| PB 0x000000008d800000| Untracked 
| 177|0x000000008d900000, 0x000000008d900000, 0x000000008da00000|  0%| F|  |TAMS 0x000000008d900000| PB 0x000000008d900000| Untracked 
| 178|0x000000008da00000, 0x000000008da00000, 0x000000008db00000|  0%| F|  |TAMS 0x000000008da00000| PB 0x000000008da00000| Untracked 
| 179|0x000000008db00000, 0x000000008db00000, 0x000000008dc00000|  0%| F|  |TAMS 0x000000008db00000| PB 0x000000008db00000| Untracked 
| 180|0x000000008dc00000, 0x000000008dc00000, 0x000000008dd00000|  0%| F|  |TAMS 0x000000008dc00000| PB 0x000000008dc00000| Untracked 
| 181|0x000000008dd00000, 0x000000008dd00000, 0x000000008de00000|  0%| F|  |TAMS 0x000000008dd00000| PB 0x000000008dd00000| Untracked 
| 182|0x000000008de00000, 0x000000008de00000, 0x000000008df00000|  0%| F|  |TAMS 0x000000008de00000| PB 0x000000008de00000| Untracked 
| 183|0x000000008df00000, 0x000000008df00000, 0x000000008e000000|  0%| F|  |TAMS 0x000000008df00000| PB 0x000000008df00000| Untracked 
| 184|0x000000008e000000, 0x000000008e000000, 0x000000008e100000|  0%| F|  |TAMS 0x000000008e000000| PB 0x000000008e000000| Untracked 
| 185|0x000000008e100000, 0x000000008e100000, 0x000000008e200000|  0%| F|  |TAMS 0x000000008e100000| PB 0x000000008e100000| Untracked 
| 186|0x000000008e200000, 0x000000008e200000, 0x000000008e300000|  0%| F|  |TAMS 0x000000008e200000| PB 0x000000008e200000| Untracked 
| 187|0x000000008e300000, 0x000000008e300000, 0x000000008e400000|  0%| F|  |TAMS 0x000000008e300000| PB 0x000000008e300000| Untracked 
| 188|0x000000008e400000, 0x000000008e400000, 0x000000008e500000|  0%| F|  |TAMS 0x000000008e400000| PB 0x000000008e400000| Untracked 
| 189|0x000000008e500000, 0x000000008e500000, 0x000000008e600000|  0%| F|  |TAMS 0x000000008e500000| PB 0x000000008e500000| Untracked 
| 190|0x000000008e600000, 0x000000008e600000, 0x000000008e700000|  0%| F|  |TAMS 0x000000008e600000| PB 0x000000008e600000| Untracked 
| 191|0x000000008e700000, 0x000000008e700000, 0x000000008e800000|  0%| F|  |TAMS 0x000000008e700000| PB 0x000000008e700000| Untracked 
| 192|0x000000008e800000, 0x000000008e800000, 0x000000008e900000|  0%| F|  |TAMS 0x000000008e800000| PB 0x000000008e800000| Untracked 
| 193|0x000000008e900000, 0x000000008e900000, 0x000000008ea00000|  0%| F|  |TAMS 0x000000008e900000| PB 0x000000008e900000| Untracked 
| 194|0x000000008ea00000, 0x000000008ea00000, 0x000000008eb00000|  0%| F|  |TAMS 0x000000008ea00000| PB 0x000000008ea00000| Untracked 
| 195|0x000000008eb00000, 0x000000008eb00000, 0x000000008ec00000|  0%| F|  |TAMS 0x000000008eb00000| PB 0x000000008eb00000| Untracked 
| 196|0x000000008ec00000, 0x000000008ec00000, 0x000000008ed00000|  0%| F|  |TAMS 0x000000008ec00000| PB 0x000000008ec00000| Untracked 
| 197|0x000000008ed00000, 0x000000008ed00000, 0x000000008ee00000|  0%| F|  |TAMS 0x000000008ed00000| PB 0x000000008ed00000| Untracked 
| 198|0x000000008ee00000, 0x000000008ee00000, 0x000000008ef00000|  0%| F|  |TAMS 0x000000008ee00000| PB 0x000000008ee00000| Untracked 
| 199|0x000000008ef00000, 0x000000008ef00000, 0x000000008f000000|  0%| F|  |TAMS 0x000000008ef00000| PB 0x000000008ef00000| Untracked 
| 200|0x000000008f000000, 0x000000008f000000, 0x000000008f100000|  0%| F|  |TAMS 0x000000008f000000| PB 0x000000008f000000| Untracked 
| 201|0x000000008f100000, 0x000000008f100000, 0x000000008f200000|  0%| F|  |TAMS 0x000000008f100000| PB 0x000000008f100000| Untracked 
| 202|0x000000008f200000, 0x000000008f200000, 0x000000008f300000|  0%| F|  |TAMS 0x000000008f200000| PB 0x000000008f200000| Untracked 
| 203|0x000000008f300000, 0x000000008f300000, 0x000000008f400000|  0%| F|  |TAMS 0x000000008f300000| PB 0x000000008f300000| Untracked 
| 204|0x000000008f400000, 0x000000008f400000, 0x000000008f500000|  0%| F|  |TAMS 0x000000008f400000| PB 0x000000008f400000| Untracked 
| 205|0x000000008f500000, 0x000000008f500000, 0x000000008f600000|  0%| F|  |TAMS 0x000000008f500000| PB 0x000000008f500000| Untracked 
| 206|0x000000008f600000, 0x000000008f600000, 0x000000008f700000|  0%| F|  |TAMS 0x000000008f600000| PB 0x000000008f600000| Untracked 
| 207|0x000000008f700000, 0x000000008f700000, 0x000000008f800000|  0%| F|  |TAMS 0x000000008f700000| PB 0x000000008f700000| Untracked 
| 208|0x000000008f800000, 0x000000008f800000, 0x000000008f900000|  0%| F|  |TAMS 0x000000008f800000| PB 0x000000008f800000| Untracked 
| 209|0x000000008f900000, 0x000000008f900000, 0x000000008fa00000|  0%| F|  |TAMS 0x000000008f900000| PB 0x000000008f900000| Untracked 
| 210|0x000000008fa00000, 0x000000008fa00000, 0x000000008fb00000|  0%| F|  |TAMS 0x000000008fa00000| PB 0x000000008fa00000| Untracked 
| 211|0x000000008fb00000, 0x000000008fb00000, 0x000000008fc00000|  0%| F|  |TAMS 0x000000008fb00000| PB 0x000000008fb00000| Untracked 
| 212|0x000000008fc00000, 0x000000008fc00000, 0x000000008fd00000|  0%| F|  |TAMS 0x000000008fc00000| PB 0x000000008fc00000| Untracked 
| 213|0x000000008fd00000, 0x000000008fd00000, 0x000000008fe00000|  0%| F|  |TAMS 0x000000008fd00000| PB 0x000000008fd00000| Untracked 
| 214|0x000000008fe00000, 0x000000008fe00000, 0x000000008ff00000|  0%| F|  |TAMS 0x000000008fe00000| PB 0x000000008fe00000| Untracked 
| 215|0x000000008ff00000, 0x000000008ff00000, 0x0000000090000000|  0%| F|  |TAMS 0x000000008ff00000| PB 0x000000008ff00000| Untracked 
| 216|0x0000000090000000, 0x0000000090000000, 0x0000000090100000|  0%| F|  |TAMS 0x0000000090000000| PB 0x0000000090000000| Untracked 
| 217|0x0000000090100000, 0x0000000090100000, 0x0000000090200000|  0%| F|  |TAMS 0x0000000090100000| PB 0x0000000090100000| Untracked 
| 218|0x0000000090200000, 0x0000000090200000, 0x0000000090300000|  0%| F|  |TAMS 0x0000000090200000| PB 0x0000000090200000| Untracked 
| 219|0x0000000090300000, 0x0000000090300000, 0x0000000090400000|  0%| F|  |TAMS 0x0000000090300000| PB 0x0000000090300000| Untracked 
| 220|0x0000000090400000, 0x0000000090400000, 0x0000000090500000|  0%| F|  |TAMS 0x0000000090400000| PB 0x0000000090400000| Untracked 
| 221|0x0000000090500000, 0x0000000090500000, 0x0000000090600000|  0%| F|  |TAMS 0x0000000090500000| PB 0x0000000090500000| Untracked 
| 222|0x0000000090600000, 0x0000000090600000, 0x0000000090700000|  0%| F|  |TAMS 0x0000000090600000| PB 0x0000000090600000| Untracked 
| 223|0x0000000090700000, 0x0000000090700000, 0x0000000090800000|  0%| F|  |TAMS 0x0000000090700000| PB 0x0000000090700000| Untracked 
| 224|0x0000000090800000, 0x0000000090800000, 0x0000000090900000|  0%| F|  |TAMS 0x0000000090800000| PB 0x0000000090800000| Untracked 
| 225|0x0000000090900000, 0x0000000090900000, 0x0000000090a00000|  0%| F|  |TAMS 0x0000000090900000| PB 0x0000000090900000| Untracked 
| 226|0x0000000090a00000, 0x0000000090a00000, 0x0000000090b00000|  0%| F|  |TAMS 0x0000000090a00000| PB 0x0000000090a00000| Untracked 
| 227|0x0000000090b00000, 0x0000000090b00000, 0x0000000090c00000|  0%| F|  |TAMS 0x0000000090b00000| PB 0x0000000090b00000| Untracked 
| 228|0x0000000090c00000, 0x0000000090c00000, 0x0000000090d00000|  0%| F|  |TAMS 0x0000000090c00000| PB 0x0000000090c00000| Untracked 
| 229|0x0000000090d00000, 0x0000000090d00000, 0x0000000090e00000|  0%| F|  |TAMS 0x0000000090d00000| PB 0x0000000090d00000| Untracked 
| 230|0x0000000090e00000, 0x0000000090e00000, 0x0000000090f00000|  0%| F|  |TAMS 0x0000000090e00000| PB 0x0000000090e00000| Untracked 
| 231|0x0000000090f00000, 0x0000000090f00000, 0x0000000091000000|  0%| F|  |TAMS 0x0000000090f00000| PB 0x0000000090f00000| Untracked 
| 232|0x0000000091000000, 0x0000000091000000, 0x0000000091100000|  0%| F|  |TAMS 0x0000000091000000| PB 0x0000000091000000| Untracked 
| 233|0x0000000091100000, 0x0000000091100000, 0x0000000091200000|  0%| F|  |TAMS 0x0000000091100000| PB 0x0000000091100000| Untracked 
| 234|0x0000000091200000, 0x0000000091200000, 0x0000000091300000|  0%| F|  |TAMS 0x0000000091200000| PB 0x0000000091200000| Untracked 
| 235|0x0000000091300000, 0x0000000091300000, 0x0000000091400000|  0%| F|  |TAMS 0x0000000091300000| PB 0x0000000091300000| Untracked 
| 236|0x0000000091400000, 0x0000000091400000, 0x0000000091500000|  0%| F|  |TAMS 0x0000000091400000| PB 0x0000000091400000| Untracked 
| 237|0x0000000091500000, 0x0000000091500000, 0x0000000091600000|  0%| F|  |TAMS 0x0000000091500000| PB 0x0000000091500000| Untracked 
| 238|0x0000000091600000, 0x0000000091600000, 0x0000000091700000|  0%| F|  |TAMS 0x0000000091600000| PB 0x0000000091600000| Untracked 
| 239|0x0000000091700000, 0x0000000091700000, 0x0000000091800000|  0%| F|  |TAMS 0x0000000091700000| PB 0x0000000091700000| Untracked 
| 240|0x0000000091800000, 0x0000000091800000, 0x0000000091900000|  0%| F|  |TAMS 0x0000000091800000| PB 0x0000000091800000| Untracked 
| 241|0x0000000091900000, 0x0000000091900000, 0x0000000091a00000|  0%| F|  |TAMS 0x0000000091900000| PB 0x0000000091900000| Untracked 
| 242|0x0000000091a00000, 0x0000000091a00000, 0x0000000091b00000|  0%| F|  |TAMS 0x0000000091a00000| PB 0x0000000091a00000| Untracked 
| 243|0x0000000091b00000, 0x0000000091b00000, 0x0000000091c00000|  0%| F|  |TAMS 0x0000000091b00000| PB 0x0000000091b00000| Untracked 
| 244|0x0000000091c00000, 0x0000000091c00000, 0x0000000091d00000|  0%| F|  |TAMS 0x0000000091c00000| PB 0x0000000091c00000| Untracked 
| 245|0x0000000091d00000, 0x0000000091d00000, 0x0000000091e00000|  0%| F|  |TAMS 0x0000000091d00000| PB 0x0000000091d00000| Untracked 
| 246|0x0000000091e00000, 0x0000000091e00000, 0x0000000091f00000|  0%| F|  |TAMS 0x0000000091e00000| PB 0x0000000091e00000| Untracked 
| 247|0x0000000091f00000, 0x0000000091f00000, 0x0000000092000000|  0%| F|  |TAMS 0x0000000091f00000| PB 0x0000000091f00000| Untracked 
| 248|0x0000000092000000, 0x0000000092000000, 0x0000000092100000|  0%| F|  |TAMS 0x0000000092000000| PB 0x0000000092000000| Untracked 
| 249|0x0000000092100000, 0x0000000092100000, 0x0000000092200000|  0%| F|  |TAMS 0x0000000092100000| PB 0x0000000092100000| Untracked 
| 250|0x0000000092200000, 0x0000000092200000, 0x0000000092300000|  0%| F|  |TAMS 0x0000000092200000| PB 0x0000000092200000| Untracked 
| 251|0x0000000092300000, 0x0000000092300000, 0x0000000092400000|  0%| F|  |TAMS 0x0000000092300000| PB 0x0000000092300000| Untracked 
| 252|0x0000000092400000, 0x0000000092485028, 0x0000000092500000| 51%| S|CS|TAMS 0x0000000092400000| PB 0x0000000092400000| Complete 
| 253|0x0000000092500000, 0x0000000092500000, 0x0000000092600000|  0%| F|  |TAMS 0x0000000092500000| PB 0x0000000092500000| Untracked 

Card table byte_map: [0x000002267b450000,0x000002267b840000] _byte_map_base: 0x000002267b03c000

Marking Bits: (CMBitMap*) 0x00000226709d5450
 Bits: [0x000002267b840000, 0x000002267d7a0000)

Polling page: 0x0000022670a50000

Metaspace:

Usage:
  Non-class:     11.83 MB used.
      Class:      1.76 MB used.
       Both:     13.59 MB used.

Virtual space:
  Non-class space:       64.00 MB reserved,      12.00 MB ( 19%) committed,  1 nodes.
      Class space:        1.00 GB reserved,       1.88 MB ( <1%) committed,  1 nodes.
             Both:        1.06 GB reserved,      13.88 MB (  1%) committed. 

Chunk freelists:
   Non-Class:  3.95 MB
       Class:  14.14 MB
        Both:  18.10 MB

MaxMetaspaceSize: unlimited
CompressedClassSpaceSize: 1.00 GB
Initial GC threshold: 21.00 MB
Current GC threshold: 23.12 MB
CDS: on
 - commit_granule_bytes: 65536.
 - commit_granule_words: 8192.
 - virtual_space_node_default_size: 8388608.
 - enlarge_chunks_in_place: 1.
 - use_allocation_guard: 0.


Internal statistics:

num_allocs_failed_limit: 0.
num_arena_births: 338.
num_arena_deaths: 0.
num_vsnodes_births: 2.
num_vsnodes_deaths: 0.
num_space_committed: 222.
num_space_uncommitted: 0.
num_chunks_returned_to_freelist: 0.
num_chunks_taken_from_freelist: 805.
num_chunk_merges: 0.
num_chunk_splits: 541.
num_chunks_enlarged: 350.
num_inconsistent_stats: 0.

CodeHeap 'non-profiled nmethods': size=120000Kb used=750Kb max_used=794Kb free=119249Kb
 bounds [0x0000022607ad0000, 0x0000022607d40000, 0x000002260f000000]
CodeHeap 'profiled nmethods': size=120000Kb used=3514Kb max_used=4256Kb free=116485Kb
 bounds [0x0000022600000000, 0x0000022600430000, 0x0000022607530000]
CodeHeap 'non-nmethods': size=5760Kb used=1640Kb max_used=1681Kb free=4119Kb
 bounds [0x0000022607530000, 0x00000226077a0000, 0x0000022607ad0000]
 total_blobs=2490 nmethods=1800 adapters=594
 compilation: enabled
              stopped_count=0, restarted_count=0
 full_count=0

Compilation events (20 events):
Event: 1.746 Thread 0x000002260f609a50 nmethod 2083 0x0000022607b94490 code [0x0000022607b94740, 0x0000022607b95608]
Event: 1.747 Thread 0x000002260f609a50 2084       4       java.io.BufferedInputStream::read1 (121 bytes)
Event: 1.752 Thread 0x000002260f609a50 nmethod 2084 0x0000022607b95e90 code [0x0000022607b96080, 0x0000022607b96648]
Event: 1.767 Thread 0x000002260f2de9e0 2085       3       com.sun.javafx.iio.gif.GIFImageLoader2::readShort (17 bytes)
Event: 1.767 Thread 0x000002260f2de9e0 nmethod 2085 0x0000022600427990 code [0x0000022600427ba0, 0x0000022600428100]
Event: 1.809 Thread 0x000002260f2ddb90 nmethod 2082 0x0000022607b96990 code [0x0000022607b96d00, 0x0000022607b99748]
Event: 1.811 Thread 0x000002260f2ddb90 2086       4       java.util.HashMap$HashIterator::hasNext (13 bytes)
Event: 1.811 Thread 0x000002260f2ddb90 nmethod 2086 0x0000022607add290 code [0x0000022607add420, 0x0000022607add4b0]
Event: 1.823 Thread 0x000002260f2ddb90 2087       4       java.io.SequenceInputStream::read (31 bytes)
Event: 1.839 Thread 0x000002260f2ddb90 nmethod 2087 0x0000022607b1c990 code [0x0000022607b1cbc0, 0x0000022607b1d4b0]
Event: 1.854 Thread 0x000002260f2ddb90 2088       4       java.io.SequenceInputStream::read (68 bytes)
Event: 1.887 Thread 0x000002260f2ddb90 nmethod 2088 0x0000022607b9a910 code [0x0000022607b9ac00, 0x0000022607b9c480]
Event: 1.888 Thread 0x000002260f2ddb90 2089       4       com.sun.javafx.iio.gif.GIFImageLoader2::readByte (22 bytes)
Event: 1.893 Thread 0x000002260f2de9e0 2090       1       com.sun.javafx.iio.ImageFrame::setPixelScale (6 bytes)
Event: 1.893 Thread 0x000002260f2de9e0 nmethod 2090 0x0000022607b04190 code [0x0000022607b04320, 0x0000022607b043e8]
Event: 1.902 Thread 0x000002260f2ddb90 nmethod 2089 0x0000022607b54610 code [0x0000022607b54860, 0x0000022607b551b0]
Event: 1.913 Thread 0x000002260f2ddb90 2091       4       com.sun.javafx.iio.gif.GIFImageLoader2$LZWDecoder::readData (52 bytes)
Event: 1.933 Thread 0x000002260f2ddb90 nmethod 2091 0x0000022607aefd10 code [0x0000022607aeff80, 0x0000022607af0b20]
Event: 1.933 Thread 0x000002260f2ddb90 2092       4       com.sun.javafx.iio.gif.GIFImageLoader2::readBytes (44 bytes)
Event: 1.935 Thread 0x000002260f2ddb90 nmethod 2092 0x0000022607adb090 code [0x0000022607adb240, 0x0000022607adb3b8]

GC Heap History (20 events):
Event: 1.793 GC heap after
{Heap after GC invocations=10 (full 0):
 garbage-first heap   total 137216K, used 81297K [0x0000000082800000, 0x0000000100000000)
  region size 1024K, 1 young (1024K), 1 survivors (1024K)
 Metaspace       used 13913K, committed 14208K, reserved 1114112K
  class space    used 1798K, committed 1920K, reserved 1048576K
}
Event: 1.813 GC heap before
{Heap before GC invocations=11 (full 0):
 garbage-first heap   total 145408K, used 86417K [0x0000000082800000, 0x0000000100000000)
  region size 1024K, 2 young (2048K), 1 survivors (1024K)
 Metaspace       used 13913K, committed 14208K, reserved 1114112K
  class space    used 1798K, committed 1920K, reserved 1048576K
}
Event: 1.814 GC heap after
{Heap after GC invocations=12 (full 0):
 garbage-first heap   total 145408K, used 86413K [0x0000000082800000, 0x0000000100000000)
  region size 1024K, 1 young (1024K), 1 survivors (1024K)
 Metaspace       used 13913K, committed 14208K, reserved 1114112K
  class space    used 1798K, committed 1920K, reserved 1048576K
}
Event: 1.828 GC heap before
{Heap before GC invocations=13 (full 0):
 garbage-first heap   total 155648K, used 94605K [0x0000000082800000, 0x0000000100000000)
  region size 1024K, 3 young (3072K), 1 survivors (1024K)
 Metaspace       used 13913K, committed 14208K, reserved 1114112K
  class space    used 1798K, committed 1920K, reserved 1048576K
}
Event: 1.829 GC heap after
{Heap after GC invocations=14 (full 0):
 garbage-first heap   total 187392K, used 93573K [0x0000000082800000, 0x0000000100000000)
  region size 1024K, 1 young (1024K), 1 survivors (1024K)
 Metaspace       used 13913K, committed 14208K, reserved 1114112K
  class space    used 1798K, committed 1920K, reserved 1048576K
}
Event: 1.843 GC heap before
{Heap before GC invocations=15 (full 0):
 garbage-first heap   total 187392K, used 100741K [0x0000000082800000, 0x0000000100000000)
  region size 1024K, 3 young (3072K), 1 survivors (1024K)
 Metaspace       used 13913K, committed 14208K, reserved 1114112K
  class space    used 1798K, committed 1920K, reserved 1048576K
}
Event: 1.844 GC heap after
{Heap after GC invocations=16 (full 0):
 garbage-first heap   total 187392K, used 99716K [0x0000000082800000, 0x0000000100000000)
  region size 1024K, 1 young (1024K), 1 survivors (1024K)
 Metaspace       used 13913K, committed 14208K, reserved 1114112K
  class space    used 1798K, committed 1920K, reserved 1048576K
}
Event: 1.856 GC heap before
{Heap before GC invocations=17 (full 0):
 garbage-first heap   total 187392K, used 107908K [0x0000000082800000, 0x0000000100000000)
  region size 1024K, 3 young (3072K), 1 survivors (1024K)
 Metaspace       used 13913K, committed 14208K, reserved 1114112K
  class space    used 1798K, committed 1920K, reserved 1048576K
}
Event: 1.857 GC heap after
{Heap after GC invocations=18 (full 0):
 garbage-first heap   total 187392K, used 106873K [0x0000000082800000, 0x0000000100000000)
  region size 1024K, 1 young (1024K), 1 survivors (1024K)
 Metaspace       used 13913K, committed 14208K, reserved 1114112K
  class space    used 1798K, committed 1920K, reserved 1048576K
}
Event: 1.872 GC heap before
{Heap before GC invocations=19 (full 0):
 garbage-first heap   total 191488K, used 116089K [0x0000000082800000, 0x0000000100000000)
  region size 1024K, 3 young (3072K), 1 survivors (1024K)
 Metaspace       used 13913K, committed 14208K, reserved 1114112K
  class space    used 1798K, committed 1920K, reserved 1048576K
}
Event: 1.873 GC heap after
{Heap after GC invocations=20 (full 0):
 garbage-first heap   total 191488K, used 115097K [0x0000000082800000, 0x0000000100000000)
  region size 1024K, 1 young (1024K), 1 survivors (1024K)
 Metaspace       used 13913K, committed 14208K, reserved 1114112K
  class space    used 1798K, committed 1920K, reserved 1048576K
}
Event: 1.891 GC heap before
{Heap before GC invocations=21 (full 0):
 garbage-first heap   total 208896K, used 126361K [0x0000000082800000, 0x0000000100000000)
  region size 1024K, 3 young (3072K), 1 survivors (1024K)
 Metaspace       used 13913K, committed 14208K, reserved 1114112K
  class space    used 1798K, committed 1920K, reserved 1048576K
}
Event: 1.892 GC heap after
{Heap after GC invocations=22 (full 0):
 garbage-first heap   total 208896K, used 125321K [0x0000000082800000, 0x0000000100000000)
  region size 1024K, 1 young (1024K), 1 survivors (1024K)
 Metaspace       used 13913K, committed 14208K, reserved 1114112K
  class space    used 1798K, committed 1920K, reserved 1048576K
}
Event: 1.910 GC heap before
{Heap before GC invocations=23 (full 0):
 garbage-first heap   total 224256K, used 134537K [0x0000000082800000, 0x0000000100000000)
  region size 1024K, 3 young (3072K), 1 survivors (1024K)
 Metaspace       used 13913K, committed 14208K, reserved 1114112K
  class space    used 1798K, committed 1920K, reserved 1048576K
}
Event: 1.911 GC heap after
{Heap after GC invocations=24 (full 0):
 garbage-first heap   total 224256K, used 133533K [0x0000000082800000, 0x0000000100000000)
  region size 1024K, 1 young (1024K), 1 survivors (1024K)
 Metaspace       used 13913K, committed 14208K, reserved 1114112K
  class space    used 1798K, committed 1920K, reserved 1048576K
}
Event: 1.928 GC heap before
{Heap before GC invocations=25 (full 0):
 garbage-first heap   total 237568K, used 142749K [0x0000000082800000, 0x0000000100000000)
  region size 1024K, 3 young (3072K), 1 survivors (1024K)
 Metaspace       used 13913K, committed 14208K, reserved 1114112K
  class space    used 1798K, committed 1920K, reserved 1048576K
}
Event: 1.929 GC heap after
{Heap after GC invocations=26 (full 0):
 garbage-first heap   total 237568K, used 141731K [0x0000000082800000, 0x0000000100000000)
  region size 1024K, 1 young (1024K), 1 survivors (1024K)
 Metaspace       used 13913K, committed 14208K, reserved 1114112K
  class space    used 1798K, committed 1920K, reserved 1048576K
}
Event: 1.945 GC heap before
{Heap before GC invocations=27 (full 0):
 garbage-first heap   total 247808K, used 149923K [0x0000000082800000, 0x0000000100000000)
  region size 1024K, 3 young (3072K), 1 survivors (1024K)
 Metaspace       used 13913K, committed 14208K, reserved 1114112K
  class space    used 1798K, committed 1920K, reserved 1048576K
}
Event: 1.946 GC heap after
{Heap after GC invocations=28 (full 0):
 garbage-first heap   total 247808K, used 148881K [0x0000000082800000, 0x0000000100000000)
  region size 1024K, 1 young (1024K), 1 survivors (1024K)
 Metaspace       used 13913K, committed 14208K, reserved 1114112K
  class space    used 1798K, committed 1920K, reserved 1048576K
}
Event: 1.962 GC heap before
{Heap before GC invocations=29 (full 0):
 garbage-first heap   total 260096K, used 157073K [0x0000000082800000, 0x0000000100000000)
  region size 1024K, 3 young (3072K), 1 survivors (1024K)
 Metaspace       used 13913K, committed 14208K, reserved 1114112K
  class space    used 1798K, committed 1920K, reserved 1048576K
}

Dll operation events (20 events):
Event: 0.450 Loaded shared library C:\Users\Lenovo\.openjfx\cache\20.0.1+2\amd64\api-ms-win-crt-math-l1-1-0.dll
Event: 0.453 Loaded shared library C:\Users\Lenovo\.openjfx\cache\20.0.1+2\amd64\api-ms-win-crt-multibyte-l1-1-0.dll
Event: 0.457 Loaded shared library C:\Users\Lenovo\.openjfx\cache\20.0.1+2\amd64\api-ms-win-crt-private-l1-1-0.dll
Event: 0.460 Loaded shared library C:\Users\Lenovo\.openjfx\cache\20.0.1+2\amd64\api-ms-win-crt-process-l1-1-0.dll
Event: 0.463 Loaded shared library C:\Users\Lenovo\.openjfx\cache\20.0.1+2\amd64\api-ms-win-crt-runtime-l1-1-0.dll
Event: 0.465 Loaded shared library C:\Users\Lenovo\.openjfx\cache\20.0.1+2\amd64\api-ms-win-crt-stdio-l1-1-0.dll
Event: 0.468 Loaded shared library C:\Users\Lenovo\.openjfx\cache\20.0.1+2\amd64\api-ms-win-crt-string-l1-1-0.dll
Event: 0.471 Loaded shared library C:\Users\Lenovo\.openjfx\cache\20.0.1+2\amd64\api-ms-win-crt-time-l1-1-0.dll
Event: 0.474 Loaded shared library C:\Users\Lenovo\.openjfx\cache\20.0.1+2\amd64\api-ms-win-crt-utility-l1-1-0.dll
Event: 0.490 Loaded shared library C:\Users\Lenovo\.openjfx\cache\20.0.1+2\amd64\ucrtbase.dll
Event: 0.494 Loaded shared library C:\Users\Lenovo\.openjfx\cache\20.0.1+2\amd64\vcruntime140.dll
Event: 0.497 Loaded shared library C:\Users\Lenovo\.openjfx\cache\20.0.1+2\amd64\vcruntime140_1.dll
Event: 0.506 Loaded shared library C:\Users\Lenovo\.openjfx\cache\20.0.1+2\amd64\msvcp140.dll
Event: 0.509 Loaded shared library C:\Users\Lenovo\.openjfx\cache\20.0.1+2\amd64\msvcp140_1.dll
Event: 0.513 Loaded shared library C:\Users\Lenovo\.openjfx\cache\20.0.1+2\amd64\msvcp140_2.dll
Event: 0.550 Loaded shared library C:\Users\Lenovo\.openjfx\cache\20.0.1+2\amd64\prism_d3d.dll
Event: 0.588 Loaded shared library C:\Users\Lenovo\.openjfx\cache\20.0.1+2\amd64\glass.dll
Event: 0.684 Loaded shared library C:\Users\Lenovo\.jdks\openjdk-21\bin\jimage.dll
Event: 0.907 Loaded shared library C:\Users\Lenovo\.jdks\openjdk-21\bin\extnet.dll
Event: 1.158 Loaded shared library C:\Users\Lenovo\.openjfx\cache\20.0.1+2\amd64\javafx_font.dll

Deoptimization events (20 events):
Event: 1.778 Thread 0x00000226553ad070 DEOPT PACKING pc=0x00000226004248e6 sp=0x000000a845cfd580
Event: 1.778 Thread 0x00000226553ad070 DEOPT UNPACKING pc=0x0000022607584e42 sp=0x000000a845cfcaa0 mode 0
Event: 1.780 Thread 0x00000226553ad070 DEOPT PACKING pc=0x00000226004248e6 sp=0x000000a845cfd580
Event: 1.780 Thread 0x00000226553ad070 DEOPT UNPACKING pc=0x0000022607584e42 sp=0x000000a845cfcaa0 mode 0
Event: 1.782 Thread 0x00000226553ad070 DEOPT PACKING pc=0x00000226004248e6 sp=0x000000a845cfd580
Event: 1.782 Thread 0x00000226553ad070 DEOPT UNPACKING pc=0x0000022607584e42 sp=0x000000a845cfcaa0 mode 0
Event: 1.783 Thread 0x00000226553ad070 DEOPT PACKING pc=0x0000022600422a86 sp=0x000000a845cfd510
Event: 1.783 Thread 0x00000226553ad070 DEOPT UNPACKING pc=0x0000022607584e42 sp=0x000000a845cfcaa0 mode 0
Event: 1.785 Thread 0x00000226553ad070 DEOPT PACKING pc=0x00000226004248e6 sp=0x000000a845cfd580
Event: 1.785 Thread 0x00000226553ad070 DEOPT UNPACKING pc=0x0000022607584e42 sp=0x000000a845cfcaa0 mode 0
Event: 1.788 Thread 0x00000226553ad070 DEOPT PACKING pc=0x00000226004248e6 sp=0x000000a845cfd580
Event: 1.788 Thread 0x00000226553ad070 DEOPT UNPACKING pc=0x0000022607584e42 sp=0x000000a845cfcaa0 mode 0
Event: 1.791 Thread 0x00000226553ad070 DEOPT PACKING pc=0x00000226004248e6 sp=0x000000a845cfd580
Event: 1.791 Thread 0x00000226553ad070 DEOPT UNPACKING pc=0x0000022607584e42 sp=0x000000a845cfcaa0 mode 0
Event: 1.796 Thread 0x00000226553ad070 DEOPT PACKING pc=0x00000226004248e6 sp=0x000000a845cfd580
Event: 1.797 Thread 0x00000226553ad070 DEOPT UNPACKING pc=0x0000022607584e42 sp=0x000000a845cfcaa0 mode 0
Event: 1.801 Thread 0x00000226553ad070 DEOPT PACKING pc=0x00000226004248e6 sp=0x000000a845cfd580
Event: 1.801 Thread 0x00000226553ad070 DEOPT UNPACKING pc=0x0000022607584e42 sp=0x000000a845cfcaa0 mode 0
Event: 1.807 Thread 0x00000226553ad070 DEOPT PACKING pc=0x00000226004248e6 sp=0x000000a845cfd580
Event: 1.807 Thread 0x00000226553ad070 DEOPT UNPACKING pc=0x0000022607584e42 sp=0x000000a845cfcaa0 mode 0

Classes loaded (20 events):
Event: 1.223 Loading class java/util/WeakHashMap$Values
Event: 1.223 Loading class java/util/WeakHashMap$Values done
Event: 1.223 Loading class java/util/WeakHashMap$ValueIterator
Event: 1.223 Loading class java/util/WeakHashMap$ValueIterator done
Event: 1.224 Loading class java/lang/CloneNotSupportedException
Event: 1.224 Loading class java/lang/CloneNotSupportedException done
Event: 1.407 Loading class sun/nio/cs/UTF_16BE$Decoder
Event: 1.408 Loading class sun/nio/cs/UnicodeDecoder
Event: 1.408 Loading class sun/nio/cs/UnicodeDecoder done
Event: 1.408 Loading class sun/nio/cs/UTF_16BE$Decoder done
Event: 1.472 Loading class java/lang/Byte$ByteCache
Event: 1.472 Loading class java/lang/Byte$ByteCache done
Event: 1.472 Loading class java/lang/Short$ShortCache
Event: 1.473 Loading class java/lang/Short$ShortCache done
Event: 1.511 Loading class java/time/DateTimeException
Event: 1.511 Loading class java/time/DateTimeException done
Event: 1.512 Loading class java/time/format/FormatStyle
Event: 1.512 Loading class java/time/format/FormatStyle done
Event: 1.595 Loading class jdk/internal/math/FDBigInteger
Event: 1.595 Loading class jdk/internal/math/FDBigInteger done

Classes unloaded (0 events):
No events

Classes redefined (0 events):
No events

Internal exceptions (20 events):
Event: 1.036 Thread 0x00000226553ad070 Exception <a 'java/lang/NullPointerException'{0x00000000898d2230}> (0x00000000898d2230) 
thrown [s\open\src\hotspot\share\interpreter\linkResolver.cpp, line 1372]
Event: 1.109 Thread 0x00000226553ad070 Exception <a 'java/lang/NoSuchMethodError'{0x0000000089370f50}: 'void java.lang.invoke.DirectMethodHandle$Holder.invokeSpecial(java.lang.Object, java.lang.Object, double)'> (0x0000000089370f50) 
thrown [s\open\src\hotspot\share\interpreter\linkResolver.cpp, line 773]
Event: 1.110 Thread 0x00000226553ad070 Exception <a 'java/lang/NoSuchMethodError'{0x000000008937bb38}: 'double java.lang.invoke.DelegatingMethodHandle$Holder.reinvoke_L(java.lang.Object, java.lang.Object, int)'> (0x000000008937bb38) 
thrown [s\open\src\hotspot\share\interpreter\linkResolver.cpp, line 773]
Event: 1.111 Thread 0x00000226553ad070 Exception <a 'java/lang/NoSuchMethodError'{0x000000008938b950}: 'java.lang.Object java.lang.invoke.DirectMethodHandle$Holder.invokeStatic(java.lang.Object, java.lang.Object, java.lang.Object, java.lang.Object, int)'> (0x000000008938b950) 
thrown [s\open\src\hotspot\share\interpreter\linkResolver.cpp, line 773]
Event: 1.112 Thread 0x00000226553ad070 Exception <a 'java/lang/NoSuchMethodError'{0x0000000089396a80}: 'void java.lang.invoke.DelegatingMethodHandle$Holder.reinvoke_L(java.lang.Object, java.lang.Object, double)'> (0x0000000089396a80) 
thrown [s\open\src\hotspot\share\interpreter\linkResolver.cpp, line 773]
Event: 1.115 Thread 0x00000226553ad070 Exception <a 'java/lang/NoSuchMethodError'{0x00000000893a9378}: 'void java.lang.invoke.DirectMethodHandle$Holder.invokeSpecial(java.lang.Object, java.lang.Object, int)'> (0x00000000893a9378) 
thrown [s\open\src\hotspot\share\interpreter\linkResolver.cpp, line 773]
Event: 1.115 Thread 0x00000226553ad070 Exception <a 'java/lang/NoSuchMethodError'{0x00000000893ad0f8}: 'int java.lang.invoke.DirectMethodHandle$Holder.invokeSpecial(java.lang.Object, java.lang.Object, java.lang.Object, int)'> (0x00000000893ad0f8) 
thrown [s\open\src\hotspot\share\interpreter\linkResolver.cpp, line 773]
Event: 1.116 Thread 0x00000226553ad070 Exception <a 'java/lang/NoSuchMethodError'{0x00000000893b7280}: 'void java.lang.invoke.DelegatingMethodHandle$Holder.reinvoke_L(java.lang.Object, java.lang.Object, int)'> (0x00000000893b7280) 
thrown [s\open\src\hotspot\share\interpreter\linkResolver.cpp, line 773]
Event: 1.116 Thread 0x00000226553ad070 Exception <a 'java/lang/NoSuchMethodError'{0x00000000893baca8}: 'int java.lang.invoke.DirectMethodHandle$Holder.invokeSpecial(java.lang.Object, java.lang.Object, java.lang.Object)'> (0x00000000893baca8) 
thrown [s\open\src\hotspot\share\interpreter\linkResolver.cpp, line 773]
Event: 1.133 Thread 0x00000226553ad070 Exception <a 'java/lang/ClassNotFoundException'{0x000000008927b8c0}: com/sun/glass/ui/win/themes> (0x000000008927b8c0) 
thrown [s\open\src\hotspot\share\prims\jni.cpp, line 539]
Event: 1.134 Thread 0x00000226553ad070 Exception <a 'java/lang/ClassNotFoundException'{0x0000000089282ab0}: com/sun/glass/ui/win/themes_fr> (0x0000000089282ab0) 
thrown [s\open\src\hotspot\share\prims\jni.cpp, line 539]
Event: 1.134 Thread 0x00000226553ad070 Exception <a 'java/lang/ClassNotFoundException'{0x000000008928f360}: com/sun/glass/ui/win/themes_fr_FR> (0x000000008928f360) 
thrown [s\open\src\hotspot\share\prims\jni.cpp, line 539]
Event: 1.223 Thread 0x00000226553ad070 Exception <a 'java/lang/NoSuchMethodError'{0x00000000889652a8}: 'void java.lang.invoke.DirectMethodHandle$Holder.invokeStaticInit(java.lang.Object, java.lang.Object)'> (0x00000000889652a8) 
thrown [s\open\src\hotspot\share\interpreter\linkResolver.cpp, line 773]
Event: 1.267 Thread 0x00000226553ad070 Exception <a 'java/lang/NoSuchMethodError'{0x0000000088761868}: 'java.lang.Object java.lang.invoke.Invokers$Holder.invokeExact_MT(java.lang.Object, java.lang.Object, java.lang.Object, java.lang.Object, java.lang.Object)'> (0x0000000088761868) 
thrown [s\open\src\hotspot\share\interpreter\linkResolver.cpp, line 773]
Event: 1.271 Thread 0x00000226553ad070 Exception <a 'java/lang/NoSuchMethodError'{0x0000000088782c00}: 'void java.lang.invoke.Invokers$Holder.invokeExact_MT(java.lang.Object, java.lang.Object, java.lang.Object, java.lang.Object)'> (0x0000000088782c00) 
thrown [s\open\src\hotspot\share\interpreter\linkResolver.cpp, line 773]
Event: 1.476 Thread 0x00000226553ad070 Exception <a 'java/lang/NoSuchMethodError'{0x00000000883952b0}: 'java.lang.Object java.lang.invoke.DelegatingMethodHandle$Holder.reinvoke_L(java.lang.Object, double, double, double, double)'> (0x00000000883952b0) 
thrown [s\open\src\hotspot\share\interpreter\linkResolver.cpp, line 773]
Event: 1.478 Thread 0x00000226553ad070 Exception <a 'java/lang/NoSuchMethodError'{0x000000008839ff38}: 'java.lang.Object java.lang.invoke.DirectMethodHandle$Holder.invokeStatic(java.lang.Object, java.lang.Object, int)'> (0x000000008839ff38) 
thrown [s\open\src\hotspot\share\interpreter\linkResolver.cpp, line 773]
Event: 1.479 Thread 0x00000226553ad070 Exception <a 'java/lang/NoSuchMethodError'{0x00000000883a3b10}: 'void java.lang.invoke.DirectMethodHandle$Holder.invokeStatic(java.lang.Object, java.lang.Object, int, java.lang.Object)'> (0x00000000883a3b10) 
thrown [s\open\src\hotspot\share\interpreter\linkResolver.cpp, line 773]
Event: 1.479 Thread 0x00000226553ad070 Exception <a 'java/lang/NoSuchMethodError'{0x00000000883aa580}: 'void java.lang.invoke.DelegatingMethodHandle$Holder.delegate(java.lang.Object, java.lang.Object, int, java.lang.Object)'> (0x00000000883aa580) 
thrown [s\open\src\hotspot\share\interpreter\linkResolver.cpp, line 773]
Event: 1.583 Thread 0x00000226553ad070 Exception <a 'java/lang/NoSuchMethodError'{0x000000008a3754b0}: 'java.lang.Object java.lang.invoke.DirectMethodHandle$Holder.newInvokeSpecial(java.lang.Object, double)'> (0x000000008a3754b0) 
thrown [s\open\src\hotspot\share\interpreter\linkResolver.cpp, line 773]

ZGC Phase Switch (0 events):
No events

VM Operations (20 events):
Event: 1.909 Executing VM operation: G1PauseCleanup done
Event: 1.910 Executing VM operation: G1TryInitiateConcMark (G1 Humongous Allocation)
Event: 1.911 Executing VM operation: G1TryInitiateConcMark (G1 Humongous Allocation) done
Event: 1.922 Executing VM operation: G1PauseRemark
Event: 1.923 Executing VM operation: G1PauseRemark done
Event: 1.926 Executing VM operation: G1PauseCleanup
Event: 1.927 Executing VM operation: G1PauseCleanup done
Event: 1.928 Executing VM operation: G1TryInitiateConcMark (G1 Humongous Allocation)
Event: 1.929 Executing VM operation: G1TryInitiateConcMark (G1 Humongous Allocation) done
Event: 1.939 Executing VM operation: G1PauseRemark
Event: 1.940 Executing VM operation: G1PauseRemark done
Event: 1.944 Executing VM operation: G1PauseCleanup
Event: 1.944 Executing VM operation: G1PauseCleanup done
Event: 1.945 Executing VM operation: G1TryInitiateConcMark (G1 Humongous Allocation)
Event: 1.946 Executing VM operation: G1TryInitiateConcMark (G1 Humongous Allocation) done
Event: 1.955 Executing VM operation: G1PauseRemark
Event: 1.956 Executing VM operation: G1PauseRemark done
Event: 1.960 Executing VM operation: G1PauseCleanup
Event: 1.960 Executing VM operation: G1PauseCleanup done
Event: 1.962 Executing VM operation: G1TryInitiateConcMark (G1 Humongous Allocation)

Events (20 events):
Event: 1.770 Thread 0x000002260f2a4f40 flushing nmethod 0x0000022607adc610
Event: 1.770 Thread 0x000002260f2a4f40 flushing nmethod 0x0000022607af1690
Event: 1.770 Thread 0x000002260f2a4f40 flushing nmethod 0x0000022607aeab10
Event: 1.770 Thread 0x000002260f2a4f40 flushing nmethod 0x0000022607aefa10
Event: 1.770 Thread 0x000002260f2a4f40 flushing nmethod 0x0000022607ae3b90
Event: 1.770 Thread 0x000002260f2a4f40 flushing nmethod 0x0000022607ae2d10
Event: 1.771 Thread 0x000002260f2a4f40 flushing nmethod 0x0000022607ae6110
Event: 1.771 Thread 0x000002260f2a4f40 flushing nmethod 0x0000022607ae1d90
Event: 1.771 Thread 0x000002260f2a4f40 flushing nmethod 0x0000022607ae1590
Event: 1.771 Thread 0x000002260f2a4f40 flushing nmethod 0x0000022607adb090
Event: 1.771 Thread 0x000002260f2a4f40 flushing nmethod 0x0000022607ae0590
Event: 1.771 Thread 0x000002260f2a4f40 flushing nmethod 0x0000022607ada990
Event: 1.788 Thread 0x000002260f2a4f40 flushing nmethod 0x0000022600327f10
Event: 1.788 Thread 0x000002260f2a4f40 flushing nmethod 0x0000022600300290
Event: 1.838 Thread 0x000002260f2a4f40 flushing nmethod 0x0000022600423510
Event: 1.838 Thread 0x000002260f2a4f40 flushing nmethod 0x0000022600070910
Event: 1.854 Thread 0x000002260f609a50 Thread exited: 0x000002260f609a50
Event: 1.868 Thread 0x000002260f2a4f40 flushing nmethod 0x0000022600420c10
Event: 1.922 Thread 0x000002260f2a4f40 flushing nmethod 0x0000022600310b10
Event: 1.940 Thread 0x000002260f2a4f40 flushing nmethod 0x0000022600426b90


Dynamic libraries:
0x00007ff62f970000 - 0x00007ff62f97e000 	C:\Users\Lenovo\.jdks\openjdk-21\bin\java.exe
0x00007ff933ab0000 - 0x00007ff933ca8000 	C:\Windows\SYSTEM32\ntdll.dll
0x00007ff924df0000 - 0x00007ff924e09000 	C:\Program Files\Avast Software\Avast\aswhook.dll
0x00007ff933730000 - 0x00007ff9337ed000 	C:\Windows\System32\KERNEL32.DLL
0x00007ff9315a0000 - 0x00007ff931896000 	C:\Windows\System32\KERNELBASE.dll
0x00007ff931160000 - 0x00007ff931260000 	C:\Windows\System32\ucrtbase.dll
0x00007ff92b600000 - 0x00007ff92b618000 	C:\Users\Lenovo\.jdks\openjdk-21\bin\jli.dll
0x00007ff932400000 - 0x00007ff93259f000 	C:\Windows\System32\USER32.dll
0x00007ff9313b0000 - 0x00007ff9313d2000 	C:\Windows\System32\win32u.dll
0x00007ff932ef0000 - 0x00007ff932f1b000 	C:\Windows\System32\GDI32.dll
0x00007ff931260000 - 0x00007ff931377000 	C:\Windows\System32\gdi32full.dll
0x00007ff931450000 - 0x00007ff9314ed000 	C:\Windows\System32\msvcp_win.dll
0x00007ff92bae0000 - 0x00007ff92bafb000 	C:\Users\Lenovo\.jdks\openjdk-21\bin\VCRUNTIME140.dll
0x00007ff90efe0000 - 0x00007ff90f27a000 	C:\Windows\WinSxS\amd64_microsoft.windows.common-controls_6595b64144ccf1df_6.0.19041.3636_none_60b6a03d71f818d5\COMCTL32.dll
0x00007ff932f20000 - 0x00007ff932fbe000 	C:\Windows\System32\msvcrt.dll
0x00007ff931ea0000 - 0x00007ff931ed2000 	C:\Windows\System32\IMM32.DLL
0x00007ff92bc30000 - 0x00007ff92bc3c000 	C:\Users\Lenovo\.jdks\openjdk-21\bin\vcruntime140_1.dll
0x00007ff8fec40000 - 0x00007ff8fecce000 	C:\Users\Lenovo\.jdks\openjdk-21\bin\msvcp140.dll
0x00007ff8f2540000 - 0x00007ff8f3253000 	C:\Users\Lenovo\.jdks\openjdk-21\bin\server\jvm.dll
0x00007ff932650000 - 0x00007ff932700000 	C:\Windows\System32\ADVAPI32.dll
0x00007ff932df0000 - 0x00007ff932e90000 	C:\Windows\System32\sechost.dll
0x00007ff9327d0000 - 0x00007ff9328f3000 	C:\Windows\System32\RPCRT4.dll
0x00007ff931380000 - 0x00007ff9313a7000 	C:\Windows\System32\bcrypt.dll
0x00007ff932d80000 - 0x00007ff932deb000 	C:\Windows\System32\WS2_32.dll
0x00007ff9306f0000 - 0x00007ff93073b000 	C:\Windows\SYSTEM32\POWRPROF.dll
0x00007ff913ce0000 - 0x00007ff913d07000 	C:\Windows\SYSTEM32\WINMM.dll
0x00007ff92a9a0000 - 0x00007ff92a9aa000 	C:\Windows\SYSTEM32\VERSION.dll
0x00007ff930560000 - 0x00007ff930572000 	C:\Windows\SYSTEM32\UMPDC.dll
0x00007ff92f980000 - 0x00007ff92f992000 	C:\Windows\SYSTEM32\kernel.appcore.dll
0x00007ff92b5f0000 - 0x00007ff92b5fa000 	C:\Users\Lenovo\.jdks\openjdk-21\bin\jimage.dll
0x00007ff92eef0000 - 0x00007ff92f0d4000 	C:\Windows\SYSTEM32\DBGHELP.DLL
0x00007ff927d10000 - 0x00007ff927d44000 	C:\Windows\SYSTEM32\dbgcore.DLL
0x00007ff9318a0000 - 0x00007ff931922000 	C:\Windows\System32\bcryptPrimitives.dll
0x00007ff92b300000 - 0x00007ff92b31f000 	C:\Users\Lenovo\.jdks\openjdk-21\bin\java.dll
0x00007ff932fc0000 - 0x00007ff93372b000 	C:\Windows\System32\SHELL32.dll
0x00007ff92f1d0000 - 0x00007ff92f96e000 	C:\Windows\SYSTEM32\windows.storage.dll
0x00007ff931f70000 - 0x00007ff9322c3000 	C:\Windows\System32\combase.dll
0x00007ff930b90000 - 0x00007ff930bbe000 	C:\Windows\SYSTEM32\Wldp.dll
0x00007ff932700000 - 0x00007ff9327cd000 	C:\Windows\System32\OLEAUT32.dll
0x00007ff931ae0000 - 0x00007ff931b8d000 	C:\Windows\System32\SHCORE.dll
0x00007ff933a10000 - 0x00007ff933a65000 	C:\Windows\System32\shlwapi.dll
0x00007ff931090000 - 0x00007ff9310b3000 	C:\Windows\SYSTEM32\profapi.dll
0x00007ff8f4910000 - 0x00007ff8f49e7000 	C:\Users\Lenovo\.jdks\openjdk-21\bin\jsvml.dll
0x00007ff92b5e0000 - 0x00007ff92b5f0000 	C:\Users\Lenovo\.jdks\openjdk-21\bin\net.dll
0x00007ff926410000 - 0x00007ff92651a000 	C:\Windows\SYSTEM32\WINHTTP.dll
0x00007ff9308f0000 - 0x00007ff93095a000 	C:\Windows\system32\mswsock.dll
0x00007ff92b2e0000 - 0x00007ff92b2f6000 	C:\Users\Lenovo\.jdks\openjdk-21\bin\nio.dll
0x00007ff92b2c0000 - 0x00007ff92b2d8000 	C:\Users\Lenovo\.jdks\openjdk-21\bin\zip.dll
0x000002260f850000 - 0x000002260f853000 	C:\Users\Lenovo\.openjfx\cache\20.0.1+2\amd64\api-ms-win-core-console-l1-1-0.dll
0x000002260f860000 - 0x000002260f863000 	C:\Users\Lenovo\.openjfx\cache\20.0.1+2\amd64\api-ms-win-core-console-l1-2-0.dll
0x000002260f870000 - 0x000002260f873000 	C:\Users\Lenovo\.openjfx\cache\20.0.1+2\amd64\api-ms-win-core-datetime-l1-1-0.dll
0x000002260f880000 - 0x000002260f883000 	C:\Users\Lenovo\.openjfx\cache\20.0.1+2\amd64\api-ms-win-core-debug-l1-1-0.dll
0x000002260f890000 - 0x000002260f893000 	C:\Users\Lenovo\.openjfx\cache\20.0.1+2\amd64\api-ms-win-core-errorhandling-l1-1-0.dll
0x000002260f8a0000 - 0x000002260f8a4000 	C:\Users\Lenovo\.openjfx\cache\20.0.1+2\amd64\api-ms-win-core-file-l1-1-0.dll
0x000002260f8b0000 - 0x000002260f8b3000 	C:\Users\Lenovo\.openjfx\cache\20.0.1+2\amd64\api-ms-win-core-file-l1-2-0.dll
0x000002260f8c0000 - 0x000002260f8c3000 	C:\Users\Lenovo\.openjfx\cache\20.0.1+2\amd64\api-ms-win-core-file-l2-1-0.dll
0x000002260f8d0000 - 0x000002260f8d3000 	C:\Users\Lenovo\.openjfx\cache\20.0.1+2\amd64\api-ms-win-core-handle-l1-1-0.dll
0x000002260f8e0000 - 0x000002260f8e3000 	C:\Users\Lenovo\.openjfx\cache\20.0.1+2\amd64\api-ms-win-core-heap-l1-1-0.dll
0x000002260f8f0000 - 0x000002260f8f3000 	C:\Users\Lenovo\.openjfx\cache\20.0.1+2\amd64\api-ms-win-core-interlocked-l1-1-0.dll
0x000002260f900000 - 0x000002260f903000 	C:\Users\Lenovo\.openjfx\cache\20.0.1+2\amd64\api-ms-win-core-libraryloader-l1-1-0.dll
0x000002260f910000 - 0x000002260f913000 	C:\Users\Lenovo\.openjfx\cache\20.0.1+2\amd64\api-ms-win-core-localization-l1-2-0.dll
0x000002260f920000 - 0x000002260f923000 	C:\Users\Lenovo\.openjfx\cache\20.0.1+2\amd64\api-ms-win-core-memory-l1-1-0.dll
0x000002260f930000 - 0x000002260f933000 	C:\Users\Lenovo\.openjfx\cache\20.0.1+2\amd64\api-ms-win-core-namedpipe-l1-1-0.dll
0x000002260f940000 - 0x000002260f943000 	C:\Users\Lenovo\.openjfx\cache\20.0.1+2\amd64\api-ms-win-core-processenvironment-l1-1-0.dll
0x000002260f950000 - 0x000002260f953000 	C:\Users\Lenovo\.openjfx\cache\20.0.1+2\amd64\api-ms-win-core-processthreads-l1-1-0.dll
0x000002260f960000 - 0x000002260f963000 	C:\Users\Lenovo\.openjfx\cache\20.0.1+2\amd64\api-ms-win-core-processthreads-l1-1-1.dll
0x000002260f970000 - 0x000002260f973000 	C:\Users\Lenovo\.openjfx\cache\20.0.1+2\amd64\api-ms-win-core-profile-l1-1-0.dll
0x000002260f980000 - 0x000002260f983000 	C:\Users\Lenovo\.openjfx\cache\20.0.1+2\amd64\api-ms-win-core-rtlsupport-l1-1-0.dll
0x000002260f990000 - 0x000002260f993000 	C:\Users\Lenovo\.openjfx\cache\20.0.1+2\amd64\api-ms-win-core-string-l1-1-0.dll
0x000002260f9a0000 - 0x000002260f9a3000 	C:\Users\Lenovo\.openjfx\cache\20.0.1+2\amd64\api-ms-win-core-synch-l1-1-0.dll
0x000002260f9b0000 - 0x000002260f9b3000 	C:\Users\Lenovo\.openjfx\cache\20.0.1+2\amd64\api-ms-win-core-synch-l1-2-0.dll
0x000002260f9c0000 - 0x000002260f9c3000 	C:\Users\Lenovo\.openjfx\cache\20.0.1+2\amd64\api-ms-win-core-sysinfo-l1-1-0.dll
0x000002260f9d0000 - 0x000002260f9d3000 	C:\Users\Lenovo\.openjfx\cache\20.0.1+2\amd64\api-ms-win-core-timezone-l1-1-0.dll
0x000002260f9e0000 - 0x000002260f9e3000 	C:\Users\Lenovo\.openjfx\cache\20.0.1+2\amd64\api-ms-win-core-util-l1-1-0.dll
0x000002260f9f0000 - 0x000002260f9f3000 	C:\Users\Lenovo\.openjfx\cache\20.0.1+2\amd64\api-ms-win-crt-conio-l1-1-0.dll
0x000002260fa00000 - 0x000002260fa04000 	C:\Users\Lenovo\.openjfx\cache\20.0.1+2\amd64\api-ms-win-crt-convert-l1-1-0.dll
0x000002260fa10000 - 0x000002260fa13000 	C:\Users\Lenovo\.openjfx\cache\20.0.1+2\amd64\api-ms-win-crt-environment-l1-1-0.dll
0x000002260fa20000 - 0x000002260fa23000 	C:\Users\Lenovo\.openjfx\cache\20.0.1+2\amd64\api-ms-win-crt-filesystem-l1-1-0.dll
0x000002260fa30000 - 0x000002260fa33000 	C:\Users\Lenovo\.openjfx\cache\20.0.1+2\amd64\api-ms-win-crt-heap-l1-1-0.dll
0x000002260fa40000 - 0x000002260fa43000 	C:\Users\Lenovo\.openjfx\cache\20.0.1+2\amd64\api-ms-win-crt-locale-l1-1-0.dll
0x000002260fa50000 - 0x000002260fa55000 	C:\Users\Lenovo\.openjfx\cache\20.0.1+2\amd64\api-ms-win-crt-math-l1-1-0.dll
0x000002260fa60000 - 0x000002260fa65000 	C:\Users\Lenovo\.openjfx\cache\20.0.1+2\amd64\api-ms-win-crt-multibyte-l1-1-0.dll
0x000002260fa70000 - 0x000002260fa80000 	C:\Users\Lenovo\.openjfx\cache\20.0.1+2\amd64\api-ms-win-crt-private-l1-1-0.dll
0x000002260fa80000 - 0x000002260fa83000 	C:\Users\Lenovo\.openjfx\cache\20.0.1+2\amd64\api-ms-win-crt-process-l1-1-0.dll
0x000002260fa90000 - 0x000002260fa94000 	C:\Users\Lenovo\.openjfx\cache\20.0.1+2\amd64\api-ms-win-crt-runtime-l1-1-0.dll
0x000002260faa0000 - 0x000002260faa4000 	C:\Users\Lenovo\.openjfx\cache\20.0.1+2\amd64\api-ms-win-crt-stdio-l1-1-0.dll
0x000002260fab0000 - 0x000002260fab4000 	C:\Users\Lenovo\.openjfx\cache\20.0.1+2\amd64\api-ms-win-crt-string-l1-1-0.dll
0x000002260fac0000 - 0x000002260fac3000 	C:\Users\Lenovo\.openjfx\cache\20.0.1+2\amd64\api-ms-win-crt-time-l1-1-0.dll
0x000002260fad0000 - 0x000002260fad3000 	C:\Users\Lenovo\.openjfx\cache\20.0.1+2\amd64\api-ms-win-crt-utility-l1-1-0.dll
0x00007ff914140000 - 0x00007ff91423c000 	C:\Users\Lenovo\.openjfx\cache\20.0.1+2\amd64\ucrtbase.dll
0x00007ff92a1d0000 - 0x00007ff92a1eb000 	C:\Users\Lenovo\.openjfx\cache\20.0.1+2\amd64\vcruntime140.dll
0x00007ff92b5c0000 - 0x00007ff92b5cc000 	C:\Users\Lenovo\.openjfx\cache\20.0.1+2\amd64\vcruntime140_1.dll
0x00007ff9140b0000 - 0x00007ff91413e000 	C:\Users\Lenovo\.openjfx\cache\20.0.1+2\amd64\msvcp140.dll
0x00007ff929a60000 - 0x00007ff929a69000 	C:\Users\Lenovo\.openjfx\cache\20.0.1+2\amd64\msvcp140_1.dll
0x00007ff9294b0000 - 0x00007ff9294e0000 	C:\Users\Lenovo\.openjfx\cache\20.0.1+2\amd64\msvcp140_2.dll
0x00007ff924d40000 - 0x00007ff924d6f000 	C:\Users\Lenovo\.openjfx\cache\20.0.1+2\amd64\prism_d3d.dll
0x00007ff90cb50000 - 0x00007ff90cd1d000 	C:\Windows\system32\d3d9.dll
0x00007ff92e860000 - 0x00007ff92e88f000 	C:\Windows\SYSTEM32\dwmapi.dll
0x00007ff92e760000 - 0x00007ff92e7fe000 	C:\Windows\system32\uxtheme.dll
0x00007ff8f9930000 - 0x00007ff8f9a95000 	C:\Windows\System32\DriverStore\FileRepository\iigd_dch.inf_amd64_4b31d9b38e2bb506\igdumdim64.dll
0x00007ff933850000 - 0x00007ff93397b000 	C:\Windows\System32\ole32.dll
0x00007ff882ae0000 - 0x00007ff88676b000 	C:\Windows\System32\DriverStore\FileRepository\iigd_dch.inf_amd64_4b31d9b38e2bb506\igd9dxva64.dll
0x00007ff932900000 - 0x00007ff932d6e000 	C:\Windows\System32\SETUPAPI.dll
0x00007ff931930000 - 0x00007ff93197e000 	C:\Windows\System32\cfgmgr32.dll
0x00007ff9260b0000 - 0x00007ff9263e6000 	C:\Windows\System32\DriverStore\FileRepository\iigd_dch.inf_amd64_4b31d9b38e2bb506\igdgmm64.dll
0x00007ff91fb10000 - 0x00007ff91fb52000 	C:\Users\Lenovo\.openjfx\cache\20.0.1+2\amd64\glass.dll
0x00007ff931b90000 - 0x00007ff931c6a000 	C:\Windows\System32\COMDLG32.dll
0x00007ff9322d0000 - 0x00007ff9323e5000 	C:\Windows\System32\MSCTF.dll
0x00007ff8fc850000 - 0x00007ff8fc877000 	C:\Windows\System32\DriverStore\FileRepository\iigd_dch.inf_amd64_4b31d9b38e2bb506\igdinfo64.dll
0x00007ff930af0000 - 0x00007ff930b08000 	C:\Windows\SYSTEM32\CRYPTSP.dll
0x00007ff9301a0000 - 0x00007ff9301d4000 	C:\Windows\system32\rsaenh.dll
0x00007ff930ae0000 - 0x00007ff930aec000 	C:\Windows\SYSTEM32\CRYPTBASE.dll
0x00007ff9203c0000 - 0x00007ff92314f000 	C:\Windows\System32\DriverStore\FileRepository\iigd_dch.inf_amd64_4b31d9b38e2bb506\igc64.dll
0x00007ff926bc0000 - 0x00007ff926bfb000 	C:\Windows\SYSTEM32\dxcore.dll
0x00007ff9305d0000 - 0x00007ff93069b000 	C:\Windows\SYSTEM32\DNSAPI.dll
0x00007ff930580000 - 0x00007ff9305bb000 	C:\Windows\SYSTEM32\IPHLPAPI.DLL
0x00007ff933a00000 - 0x00007ff933a08000 	C:\Windows\System32\NSI.dll
0x00007ff927d00000 - 0x00007ff927d0a000 	C:\Windows\System32\rasadhlp.dll
0x00007ff925c90000 - 0x00007ff925d10000 	C:\Windows\System32\fwpuclnt.dll
0x00007ff92b2b0000 - 0x00007ff92b2b7000 	C:\Users\Lenovo\.jdks\openjdk-21\bin\extnet.dll
0x00007ff928e40000 - 0x00007ff928e54000 	C:\Users\Lenovo\.openjfx\cache\20.0.1+2\amd64\javafx_font.dll
0x00007ff91c480000 - 0x00007ff91c6ff000 	C:\Windows\SYSTEM32\dwrite.dll

dbghelp: loaded successfully - version: 4.0.5 - missing functions: none
symbol engine: initialized successfully - sym options: 0x614 - pdb path: .;C:\Users\Lenovo\.jdks\openjdk-21\bin;C:\Windows\SYSTEM32;C:\Program Files\Avast Software\Avast;C:\Windows\WinSxS\amd64_microsoft.windows.common-controls_6595b64144ccf1df_6.0.19041.3636_none_60b6a03d71f818d5;C:\Users\Lenovo\.jdks\openjdk-21\bin\server;C:\Users\Lenovo\.openjfx\cache\20.0.1+2\amd64;C:\Windows\System32\DriverStore\FileRepository\iigd_dch.inf_amd64_4b31d9b38e2bb506

VM Arguments:
jvm_args: --module-path=C:\Users\Lenovo\.m2\repository\org\openjfx\javafx-base\20.0.1\javafx-base-20.0.1-win.jar;C:\Users\Lenovo\.m2\repository\org\openjfx\javafx-base\20.0.1\javafx-base-20.0.1.jar;C:\Users\Lenovo\.m2\repository\org\openjfx\javafx-controls\20.0.1\javafx-controls-20.0.1-win.jar;C:\Users\Lenovo\.m2\repository\org\openjfx\javafx-controls\20.0.1\javafx-controls-20.0.1.jar;C:\Users\Lenovo\.m2\repository\org\openjfx\javafx-fxml\20.0.1\javafx-fxml-20.0.1-win.jar;C:\Users\Lenovo\.m2\repository\org\openjfx\javafx-fxml\20.0.1\javafx-fxml-20.0.1.jar;C:\Users\Lenovo\.m2\repository\org\openjfx\javafx-graphics\20.0.1\javafx-graphics-20.0.1-win.jar;C:\Users\Lenovo\.m2\repository\org\openjfx\javafx-graphics\20.0.1\javafx-graphics-20.0.1.jar --add-modules=javafx.base,javafx.controls,javafx.fxml,javafx.graphics 
java_command: test.Main
java_class_path (initial): C:\Users\Lenovo\Desktop\java\PIJAVA\target\classes;C:\Users\Lenovo\.m2\repository\com\google\protobuf\protobuf-java\3.21.9\protobuf-java-3.21.9.jar;C:\Users\Lenovo\.m2\repository\com\mysql\mysql-connector-j\8.0.33\mysql-connector-j-8.0.33.jar;C:\Users\Lenovo\.m2\repository\de\jensd\fontawesomefx-commons\9.1.2\fontawesomefx-commons-9.1.2.jar;C:\Users\Lenovo\.m2\repository\de\jensd\fontawesomefx-fontawesome\4.7.0-9.1.2\fontawesomefx-fontawesome-4.7.0-9.1.2.jar
Launcher Type: SUN_STANDARD

[Global flags]
     intx CICompilerCount                          = 4                                         {product} {ergonomic}
     uint ConcGCThreads                            = 2                                         {product} {ergonomic}
     uint G1ConcRefinementThreads                  = 8                                         {product} {ergonomic}
   size_t G1HeapRegionSize                         = 1048576                                   {product} {ergonomic}
    uintx GCDrainStackTargetSize                   = 64                                        {product} {ergonomic}
   size_t InitialHeapSize                          = 132120576                                 {product} {ergonomic}
   size_t MarkStackSize                            = 4194304                                   {product} {ergonomic}
   size_t MaxHeapSize                              = 2105540608                                {product} {ergonomic}
   size_t MaxNewSize                               = 1262485504                                {product} {ergonomic}
   size_t MinHeapDeltaBytes                        = 1048576                                   {product} {ergonomic}
   size_t MinHeapSize                              = 8388608                                   {product} {ergonomic}
    uintx NonNMethodCodeHeapSize                   = 5839372                                {pd product} {ergonomic}
    uintx NonProfiledCodeHeapSize                  = 122909434                              {pd product} {ergonomic}
    uintx ProfiledCodeHeapSize                     = 122909434                              {pd product} {ergonomic}
    uintx ReservedCodeCacheSize                    = 251658240                              {pd product} {ergonomic}
     bool SegmentedCodeCache                       = true                                      {product} {ergonomic}
   size_t SoftMaxHeapSize                          = 2105540608                             {manageable} {ergonomic}
     bool UseCompressedOops                        = true                           {product lp64_product} {ergonomic}
     bool UseG1GC                                  = true                                      {product} {ergonomic}
     bool UseLargePagesIndividualAllocation        = false                                  {pd product} {ergonomic}

Logging:
Log output configuration:
 #0: stdout all=warning uptime,level,tags foldmultilines=false
 #1: stderr all=off uptime,level,tags foldmultilines=false

Environment Variables:
PATH=C:\oraclexe\app\oracle\product\10.2.0\server\bin;C:\Program Files (x86)\VMware\VMware Player\bin\;C:\Windows\system32;C:\Windows;C:\Windows\System32\Wbem;C:\Windows\System32\WindowsPowerShell\v1.0\;C:\Windows\System32\OpenSSH\;C:\xampp\php;C:\Program Files\Git\cmd;C:\composer;C:\Users\Lenovo\AppData\Local\Programs\Python\Launcher\;C:\Users\Lenovo\scoop\shims;C:\Users\Lenovo\AppData\Local\Microsoft\WindowsApps;C:\Microsoft VS Code\bin;C:\Users\Lenovo\AppData\Roaming\Composer\vendor\bin;C:\Flex Windows\gcc\bin;C:\Flex Windows\Lex\bin;C:\Flex Windows\bison\bin
USERNAME=Lenovo
OS=Windows_NT
PROCESSOR_IDENTIFIER=Intel64 Family 6 Model 142 Stepping 12, GenuineIntel
TMP=C:\Users\Lenovo\AppData\Local\Temp
TEMP=C:\Users\Lenovo\AppData\Local\Temp




---------------  S Y S T E M  ---------------

OS:
 Windows 10 , 64 bit Build 19041 (10.0.19041.3636)
OS uptime: 2 days 23:30 hours

CPU: total 8 (initial active 8) (4 cores per cpu, 2 threads per core) family 6 model 142 stepping 12 microcode 0xde, cx8, cmov, fxsr, ht, mmx, 3dnowpref, sse, sse2, sse3, ssse3, sse4.1, sse4.2, popcnt, lzcnt, tsc, tscinvbit, avx, avx2, aes, erms, clmul, bmi1, bmi2, adx, fma, vzeroupper, clflush, clflushopt, rdtscp, f16c
Processor Information for all 8 processors :
  Max Mhz: 2112, Current Mhz: 1609, Mhz Limit: 1605

Memory: 4k page, system-wide physical 8027M (394M free)
TotalPageFile size 32603M (AvailPageFile size 4M)
current process WorkingSet (physical memory assigned to process): 265M, peak: 265M
current process commit charge ("private bytes"): 449M, peak: 450M

vm_info: OpenJDK 64-Bit Server VM (21+35-2513) for windows-amd64 JRE (21+35-2513), built on 2023-08-09T20:25:10Z by "mach5one" with MS VC++ 17.1 (VS2022)

END.
