#
# There is insufficient memory for the Java Runtime Environment to continue.
# Native memory allocation (malloc) failed to allocate 943376 bytes for Chunk::new
# Possible reasons:
#   The system is out of physical RAM or swap space
#   The process is running with CompressedOops enabled, and the Java Heap may be blocking the growth of the native heap
# Possible solutions:
#   Reduce memory load on the system
#   Increase physical memory or swap space
#   Check if swap backing store is full
#   Decrease Java heap size (-Xmx/-Xms)
#   Decrease number of Java threads
#   Decrease Java thread stack sizes (-Xss)
#   Set larger code cache with -XX:ReservedCodeCacheSize=
#   JVM is running with Unscaled Compressed Oops mode in which the Java heap is
#     placed in the first 4GB address space. The Java Heap base address is the
#     maximum limit for the native heap growth. Please use -XX:HeapBaseMinAddress
#     to set the Java Heap base and to place the Java Heap above 4GB virtual address.
# This output file may be truncated or incomplete.
#
#  Out of Memory Error (arena.cpp:166), pid=24760, tid=15532
#
# JRE version: OpenJDK Runtime Environment (21.0+35) (build 21+35-2513)
# Java VM: OpenJDK 64-Bit Server VM (21+35-2513, mixed mode, sharing, tiered, compressed oops, compressed class ptrs, g1 gc, windows-amd64)
# No core dump will be written. Minidumps are not enabled by default on client versions of Windows
#

---------------  S U M M A R Y ------------

Command Line: --module-path=C:\Users\Lenovo\.m2\repository\org\openjfx\javafx-base\17\javafx-base-17-win.jar;C:\Users\Lenovo\.m2\repository\org\openjfx\javafx-base\17\javafx-base-17.jar;C:\Users\Lenovo\.m2\repository\org\openjfx\javafx-controls\17\javafx-controls-17-win.jar;C:\Users\Lenovo\.m2\repository\org\openjfx\javafx-controls\17\javafx-controls-17.jar;C:\Users\Lenovo\.m2\repository\org\openjfx\javafx-fxml\20.0.1\javafx-fxml-20.0.1-win.jar;C:\Users\Lenovo\.m2\repository\org\openjfx\javafx-fxml\20.0.1\javafx-fxml-20.0.1.jar;C:\Users\Lenovo\.m2\repository\org\openjfx\javafx-graphics\17\javafx-graphics-17-win.jar;C:\Users\Lenovo\.m2\repository\org\openjfx\javafx-graphics\17\javafx-graphics-17.jar;C:\Users\Lenovo\.m2\repository\org\openjfx\javafx-media\20.0.2\javafx-media-20.0.2-win.jar;C:\Users\Lenovo\.m2\repository\org\openjfx\javafx-media\20.0.2\javafx-media-20.0.2.jar;C:\Users\Lenovo\.m2\repository\org\openjfx\javafx-web\20.0.2\javafx-web-20.0.2-win.jar;C:\Users\Lenovo\.m2\repository\org\openjfx\javafx-web\20.0.2\javafx-web-20.0.2.jar --add-modules=javafx.base,javafx.base,javafx.controls,javafx.controls,javafx.fxml,javafx.graphics,javafx.graphics,javafx.media,javafx.web test.Main

Host: Intel(R) Core(TM) i5-10210U CPU @ 1.60GHz, 8 cores, 7G,  Windows 10 , 64 bit Build 19041 (10.0.19041.3636)
Time: Wed May  8 16:34:12 2024 Paris, Madrid (heure duild 19041 (10.0.19041.3636) elapsed time: 7.302075 seconds (0d 0h 0m 7s)

---------------  T H R E A D  ---------------

Current thread (0x000001951e309800):  JavaThread "C2 CompilerThread0" daemon [_thread_in_native, id=15532, stack(0x0000001dfab00000,0x0000001dfac00000) (1024K)]


Current CompileTask:
C2:   7302 3984   !   4       javafx.scene.CssStyleHelper::transitionToState (1031 bytes)

Stack: [0x0000001dfab00000,0x0000001dfac00000]
Native frames: (J=compiled Java code, j=interpreted, Vv=VM code, C=native code)
V  [jvm.dll+0x6c8d39]
V  [jvm.dll+0x854091]
V  [jvm.dll+0x85630e]
V  [jvm.dll+0x8569e3]
V  [jvm.dll+0x2809a6]
V  [jvm.dll+0xc3e6d]
V  [jvm.dll+0xc4383]
V  [jvm.dll+0x2f3cbf]
V  [jvm.dll+0x5f3e46]
V  [jvm.dll+0x25291f]
V  [jvm.dll+0x24b161]
V  [jvm.dll+0x248cd3]
V  [jvm.dll+0x1c9b91]
V  [jvm.dll+0x2583e9]
V  [jvm.dll+0x2569ca]
V  [jvm.dll+0x3eef66]
V  [jvm.dll+0x7fd2c8]
V  [jvm.dll+0x6c748d]
C  [ucrtbase.dll+0x21bb2]
C  [KERNEL32.DLL+0x17344]
C  [ntdll.dll+0x526b1]


---------------  P R O C E S S  ---------------

Threads class SMR info:
_java_thread_list=0x0000019569718b80, length=19, elements={
0x000001957f93bc10, 0x000001951e2f2790, 0x000001951e2f36b0, 0x000001951e2f74a0,
0x000001951e2fb2a0, 0x000001951e2ffdf0, 0x000001951e300f30, 0x000001951e309800,
0x000001951e3307d0, 0x000001951e303d20, 0x000001951e3022e0, 0x000001951e3008a0,
0x000001951e3015c0, 0x000001951e301c50, 0x000001951e302970, 0x000001951e303000,
0x000001951e303690, 0x00000195691b2cd0, 0x00000195691b2640
}

Java Threads: ( => current thread )
  0x000001957f93bc10 JavaThread "main"                              [_thread_blocked, id=22420, stack(0x0000001df9d00000,0x0000001df9e00000) (1024K)]
  0x000001951e2f2790 JavaThread "Reference Handler"          daemon [_thread_blocked, id=14872, stack(0x0000001dfa500000,0x0000001dfa600000) (1024K)]
  0x000001951e2f36b0 JavaThread "Finalizer"                  daemon [_thread_blocked, id=20420, stack(0x0000001dfa600000,0x0000001dfa700000) (1024K)]
  0x000001951e2f74a0 JavaThread "Signal Dispatcher"          daemon [_thread_blocked, id=12220, stack(0x0000001dfa700000,0x0000001dfa800000) (1024K)]
  0x000001951e2fb2a0 JavaThread "Attach Listener"            daemon [_thread_blocked, id=22828, stack(0x0000001dfa800000,0x0000001dfa900000) (1024K)]
  0x000001951e2ffdf0 JavaThread "Service Thread"             daemon [_thread_blocked, id=6292, stack(0x0000001dfa900000,0x0000001dfaa00000) (1024K)]
  0x000001951e300f30 JavaThread "Monitor Deflation Thread"   daemon [_thread_blocked, id=18512, stack(0x0000001dfaa00000,0x0000001dfab00000) (1024K)]
=>0x000001951e309800 JavaThread "C2 CompilerThread0"         daemon [_thread_in_native, id=15532, stack(0x0000001dfab00000,0x0000001dfac00000) (1024K)]
  0x000001951e3307d0 JavaThread "C1 CompilerThread0"         daemon [_thread_blocked, id=2592, stack(0x0000001dfac00000,0x0000001dfad00000) (1024K)]
  0x000001951e303d20 JavaThread "Common-Cleaner"             daemon [_thread_blocked, id=21992, stack(0x0000001dfad00000,0x0000001dfae00000) (1024K)]
  0x000001951e3022e0 JavaThread "Notification Thread"        daemon [_thread_blocked, id=10024, stack(0x0000001dfae00000,0x0000001dfaf00000) (1024K)]
  0x000001951e3008a0 JavaThread "QuantumRenderer-0"          daemon [_thread_in_native, id=21972, stack(0x0000001dfaf00000,0x0000001dfb000000) (1024K)]
  0x000001951e3015c0 JavaThread "InvokeLaterDispatcher"      daemon [_thread_blocked, id=24656, stack(0x0000001dfb000000,0x0000001dfb100000) (1024K)]
  0x000001951e301c50 JavaThread "JavaFX Application Thread"         [_thread_blocked, id=10004, stack(0x0000001dfb100000,0x0000001dfb200000) (1024K)]
  0x000001951e302970 JavaThread "JavaFX-Launcher"                   [_thread_blocked, id=2288, stack(0x0000001dfb600000,0x0000001dfb700000) (1024K)]
  0x000001951e303000 JavaThread "Thread-2"                   daemon [_thread_in_native, id=19288, stack(0x0000001dfb500000,0x0000001dfb600000) (1024K)]
  0x000001951e303690 JavaThread "mysql-cj-abandoned-connection-cleanup" daemon [_thread_blocked, id=21904, stack(0x0000001dfbc00000,0x0000001dfbd00000) (1024K)]
  0x00000195691b2cd0 JavaThread "Prism Font Disposer"        daemon [_thread_blocked, id=12744, stack(0x0000001dfbf00000,0x0000001dfc000000) (1024K)]
  0x00000195691b2640 JavaThread "Cleaner-0"                  daemon [_thread_blocked, id=23696, stack(0x0000001dfc400000,0x0000001dfc500000) (1024K)]
Total: 19

Other Threads:
  0x000001951e2d1470 VMThread "VM Thread"                           [id=25304, stack(0x0000001dfa400000,0x0000001dfa500000) (1024K)]
  0x000001951e2ba690 WatcherThread "VM Periodic Task Thread"        [id=21844, stack(0x0000001dfa300000,0x0000001dfa400000) (1024K)]
  0x000001957fe2a4e0 WorkerThread "GC Thread#0"                     [id=8796, stack(0x0000001df9e00000,0x0000001df9f00000) (1024K)]
  0x00000195646215c0 WorkerThread "GC Thread#1"                     [id=9980, stack(0x0000001dfb700000,0x0000001dfb800000) (1024K)]
  0x00000195645b0130 WorkerThread "GC Thread#2"                     [id=22272, stack(0x0000001dfb800000,0x0000001dfb900000) (1024K)]
  0x00000195645b04d0 WorkerThread "GC Thread#3"                     [id=18376, stack(0x0000001dfb900000,0x0000001dfba00000) (1024K)]
  0x0000019564559ef0 WorkerThread "GC Thread#4"                     [id=14040, stack(0x0000001dfba00000,0x0000001dfbb00000) (1024K)]
  0x00000195645a9d10 WorkerThread "GC Thread#5"                     [id=21500, stack(0x0000001dfbb00000,0x0000001dfbc00000) (1024K)]
  0x0000019569143260 WorkerThread "GC Thread#6"                     [id=21016, stack(0x0000001dfbd00000,0x0000001dfbe00000) (1024K)]
  0x00000195691439f0 WorkerThread "GC Thread#7"                     [id=24664, stack(0x0000001dfbe00000,0x0000001dfbf00000) (1024K)]
  0x000001957fe3b240 ConcurrentGCThread "G1 Main Marker"            [id=1504, stack(0x0000001df9f00000,0x0000001dfa000000) (1024K)]
  0x000001957fe3c4e0 WorkerThread "G1 Conc#0"                       [id=6220, stack(0x0000001dfa000000,0x0000001dfa100000) (1024K)]
  0x0000019569144130 WorkerThread "G1 Conc#1"                       [id=19436, stack(0x0000001dfc000000,0x0000001dfc100000) (1024K)]
  0x000001951e1930e0 ConcurrentGCThread "G1 Refine#0"               [id=23012, stack(0x0000001dfa100000,0x0000001dfa200000) (1024K)]
  0x000001957fe9c180 ConcurrentGCThread "G1 Service"                [id=14916, stack(0x0000001dfa200000,0x0000001dfa300000) (1024K)]
Total: 15

Threads with active compile tasks:
C2 CompilerThread0     7476 3984   !   4       javafx.scene.CssStyleHelper::transitionToState (1031 bytes)
Total: 1

VM state: not at safepoint (normal execution)

VM Mutex/Monitor currently owned by a thread: None

Heap address: 0x0000000082800000, size: 2008 MB, Compressed Oops mode: 32-bit

CDS archive(s) mapped at: [0x000001951f000000-0x000001951fc90000-0x000001951fc90000), size 13172736, SharedBaseAddress: 0x000001951f000000, ArchiveRelocationMode: 1.
Compressed class space mapped at: 0x0000019520000000-0x0000019560000000, reserved size: 1073741824
Narrow klass base: 0x000001951f000000, Narrow klass shift: 0, Narrow klass range: 0x100000000

GC Precious Log:
 CardTable entry size: 512
 Card Set container configuration: InlinePtr #cards 5 size 8 Array Of Cards #cards 12 size 40 Howl #buckets 4 coarsen threshold 1843 Howl Bitmap #cards 512 size 80 coarsen threshold 460 Card regions per heap region 1 cards per card region 2048
 CPUs: 8 total, 8 available
 Memory: 8027M
 Large Page Support: Disabled
 NUMA Support: Disabled
 Compressed Oops: Enabled (32-bit)
 Heap Region Size: 1M
 Heap Min Capacity: 8M
 Heap Initial Capacity: 126M
 Heap Max Capacity: 2008M
 Pre-touch: Disabled
 Parallel Workers: 8
 Concurrent Workers: 2
 Concurrent Refinement Workers: 8
 Periodic GC: Disabled

Heap:
 garbage-first heap   total 245760K, used 227191K [0x0000000082800000, 0x0000000100000000)
  region size 1024K, 60 young (61440K), 1 survivors (1024K)
 Metaspace       used 21733K, committed 22080K, reserved 1114112K
  class space    used 3032K, committed 3200K, reserved 1048576K

Heap Regions: E=young(eden), S=young(survivor), O=old, HS=humongous(starts), HC=humongous(continues), CS=collection set, F=free, TAMS=top-at-mark-start, PB=parsable bottom
|   0|0x0000000082800000, 0x0000000082900000, 0x0000000082900000|100%|HS|  |TAMS 0x0000000082800000| PB 0x0000000082800000| Complete 
|   1|0x0000000082900000, 0x0000000082a00000, 0x0000000082a00000|100%|HC|  |TAMS 0x0000000082900000| PB 0x0000000082900000| Complete 
|   2|0x0000000082a00000, 0x0000000082b00000, 0x0000000082b00000|100%|HS|  |TAMS 0x0000000082a00000| PB 0x0000000082a00000| Complete 
|   3|0x0000000082b00000, 0x0000000082c00000, 0x0000000082c00000|100%|HC|  |TAMS 0x0000000082b00000| PB 0x0000000082b00000| Complete 
|   4|0x0000000082c00000, 0x0000000082d00000, 0x0000000082d00000|100%|HS|  |TAMS 0x0000000082c00000| PB 0x0000000082c00000| Complete 
|   5|0x0000000082d00000, 0x0000000082e00000, 0x0000000082e00000|100%|HC|  |TAMS 0x0000000082d00000| PB 0x0000000082d00000| Complete 
|   6|0x0000000082e00000, 0x0000000082f00000, 0x0000000082f00000|100%|HS|  |TAMS 0x0000000082e00000| PB 0x0000000082e00000| Complete 
|   7|0x0000000082f00000, 0x0000000083000000, 0x0000000083000000|100%|HC|  |TAMS 0x0000000082f00000| PB 0x0000000082f00000| Complete 
|   8|0x0000000083000000, 0x0000000083100000, 0x0000000083100000|100%|HS|  |TAMS 0x0000000083000000| PB 0x0000000083000000| Complete 
|   9|0x0000000083100000, 0x0000000083200000, 0x0000000083200000|100%|HC|  |TAMS 0x0000000083100000| PB 0x0000000083100000| Complete 
|  10|0x0000000083200000, 0x0000000083300000, 0x0000000083300000|100%| O|  |TAMS 0x0000000083200000| PB 0x0000000083200000| Untracked 
|  11|0x0000000083300000, 0x0000000083400000, 0x0000000083400000|100%| O|  |TAMS 0x0000000083300000| PB 0x0000000083300000| Untracked 
|  12|0x0000000083400000, 0x0000000083500000, 0x0000000083500000|100%| O|  |TAMS 0x0000000083400000| PB 0x0000000083400000| Untracked 
|  13|0x0000000083500000, 0x0000000083600000, 0x0000000083600000|100%|HS|  |TAMS 0x0000000083500000| PB 0x0000000083500000| Complete 
|  14|0x0000000083600000, 0x0000000083700000, 0x0000000083700000|100%|HS|  |TAMS 0x0000000083600000| PB 0x0000000083600000| Complete 
|  15|0x0000000083700000, 0x0000000083800000, 0x0000000083800000|100%|HS|  |TAMS 0x0000000083700000| PB 0x0000000083700000| Complete 
|  16|0x0000000083800000, 0x0000000083900000, 0x0000000083900000|100%|HS|  |TAMS 0x0000000083800000| PB 0x0000000083800000| Complete 
|  17|0x0000000083900000, 0x0000000083a00000, 0x0000000083a00000|100%|HS|  |TAMS 0x0000000083900000| PB 0x0000000083900000| Complete 
|  18|0x0000000083a00000, 0x0000000083b00000, 0x0000000083b00000|100%|HS|  |TAMS 0x0000000083a00000| PB 0x0000000083a00000| Complete 
|  19|0x0000000083b00000, 0x0000000083c00000, 0x0000000083c00000|100%|HS|  |TAMS 0x0000000083b00000| PB 0x0000000083b00000| Complete 
|  20|0x0000000083c00000, 0x0000000083d00000, 0x0000000083d00000|100%|HS|  |TAMS 0x0000000083c00000| PB 0x0000000083c00000| Complete 
|  21|0x0000000083d00000, 0x0000000083e00000, 0x0000000083e00000|100%|HS|  |TAMS 0x0000000083d00000| PB 0x0000000083d00000| Complete 
|  22|0x0000000083e00000, 0x0000000083f00000, 0x0000000083f00000|100%|HS|  |TAMS 0x0000000083e00000| PB 0x0000000083e00000| Complete 
|  23|0x0000000083f00000, 0x0000000084000000, 0x0000000084000000|100%|HS|  |TAMS 0x0000000083f00000| PB 0x0000000083f00000| Complete 
|  24|0x0000000084000000, 0x0000000084100000, 0x0000000084100000|100%|HS|  |TAMS 0x0000000084000000| PB 0x0000000084000000| Complete 
|  25|0x0000000084100000, 0x0000000084200000, 0x0000000084200000|100%|HS|  |TAMS 0x0000000084100000| PB 0x0000000084100000| Complete 
|  26|0x0000000084200000, 0x0000000084300000, 0x0000000084300000|100%|HS|  |TAMS 0x0000000084200000| PB 0x0000000084200000| Complete 
|  27|0x0000000084300000, 0x0000000084400000, 0x0000000084400000|100%|HS|  |TAMS 0x0000000084300000| PB 0x0000000084300000| Complete 
|  28|0x0000000084400000, 0x0000000084500000, 0x0000000084500000|100%|HS|  |TAMS 0x0000000084400000| PB 0x0000000084400000| Complete 
|  29|0x0000000084500000, 0x0000000084600000, 0x0000000084600000|100%|HS|  |TAMS 0x0000000084500000| PB 0x0000000084500000| Complete 
|  30|0x0000000084600000, 0x0000000084700000, 0x0000000084700000|100%|HS|  |TAMS 0x0000000084600000| PB 0x0000000084600000| Complete 
|  31|0x0000000084700000, 0x0000000084800000, 0x0000000084800000|100%|HS|  |TAMS 0x0000000084700000| PB 0x0000000084700000| Complete 
|  32|0x0000000084800000, 0x0000000084900000, 0x0000000084900000|100%|HS|  |TAMS 0x0000000084800000| PB 0x0000000084800000| Complete 
|  33|0x0000000084900000, 0x0000000084a00000, 0x0000000084a00000|100%|HS|  |TAMS 0x0000000084900000| PB 0x0000000084900000| Complete 
|  34|0x0000000084a00000, 0x0000000084b00000, 0x0000000084b00000|100%|HS|  |TAMS 0x0000000084a00000| PB 0x0000000084a00000| Complete 
|  35|0x0000000084b00000, 0x0000000084c00000, 0x0000000084c00000|100%|HS|  |TAMS 0x0000000084b00000| PB 0x0000000084b00000| Complete 
|  36|0x0000000084c00000, 0x0000000084d00000, 0x0000000084d00000|100%|HS|  |TAMS 0x0000000084c00000| PB 0x0000000084c00000| Complete 
|  37|0x0000000084d00000, 0x0000000084e00000, 0x0000000084e00000|100%|HS|  |TAMS 0x0000000084d00000| PB 0x0000000084d00000| Complete 
|  38|0x0000000084e00000, 0x0000000084f00000, 0x0000000084f00000|100%|HS|  |TAMS 0x0000000084e00000| PB 0x0000000084e00000| Complete 
|  39|0x0000000084f00000, 0x0000000085000000, 0x0000000085000000|100%|HS|  |TAMS 0x0000000084f00000| PB 0x0000000084f00000| Complete 
|  40|0x0000000085000000, 0x0000000085100000, 0x0000000085100000|100%|HS|  |TAMS 0x0000000085000000| PB 0x0000000085000000| Complete 
|  41|0x0000000085100000, 0x0000000085200000, 0x0000000085200000|100%|HS|  |TAMS 0x0000000085100000| PB 0x0000000085100000| Complete 
|  42|0x0000000085200000, 0x0000000085300000, 0x0000000085300000|100%|HS|  |TAMS 0x0000000085200000| PB 0x0000000085200000| Complete 
|  43|0x0000000085300000, 0x0000000085400000, 0x0000000085400000|100%|HS|  |TAMS 0x0000000085300000| PB 0x0000000085300000| Complete 
|  44|0x0000000085400000, 0x0000000085500000, 0x0000000085500000|100%|HS|  |TAMS 0x0000000085400000| PB 0x0000000085400000| Complete 
|  45|0x0000000085500000, 0x0000000085600000, 0x0000000085600000|100%|HS|  |TAMS 0x0000000085500000| PB 0x0000000085500000| Complete 
|  46|0x0000000085600000, 0x0000000085700000, 0x0000000085700000|100%|HS|  |TAMS 0x0000000085600000| PB 0x0000000085600000| Complete 
|  47|0x0000000085700000, 0x0000000085800000, 0x0000000085800000|100%|HS|  |TAMS 0x0000000085700000| PB 0x0000000085700000| Complete 
|  48|0x0000000085800000, 0x0000000085900000, 0x0000000085900000|100%|HS|  |TAMS 0x0000000085800000| PB 0x0000000085800000| Complete 
|  49|0x0000000085900000, 0x0000000085a00000, 0x0000000085a00000|100%|HS|  |TAMS 0x0000000085900000| PB 0x0000000085900000| Complete 
|  50|0x0000000085a00000, 0x0000000085b00000, 0x0000000085b00000|100%|HS|  |TAMS 0x0000000085a00000| PB 0x0000000085a00000| Complete 
|  51|0x0000000085b00000, 0x0000000085c00000, 0x0000000085c00000|100%|HS|  |TAMS 0x0000000085b00000| PB 0x0000000085b00000| Complete 
|  52|0x0000000085c00000, 0x0000000085d00000, 0x0000000085d00000|100%|HS|  |TAMS 0x0000000085c00000| PB 0x0000000085c00000| Complete 
|  53|0x0000000085d00000, 0x0000000085e00000, 0x0000000085e00000|100%|HS|  |TAMS 0x0000000085d00000| PB 0x0000000085d00000| Complete 
|  54|0x0000000085e00000, 0x0000000085f00000, 0x0000000085f00000|100%|HS|  |TAMS 0x0000000085e00000| PB 0x0000000085e00000| Complete 
|  55|0x0000000085f00000, 0x0000000086000000, 0x0000000086000000|100%|HS|  |TAMS 0x0000000085f00000| PB 0x0000000085f00000| Complete 
|  56|0x0000000086000000, 0x0000000086100000, 0x0000000086100000|100%| O|Cm|TAMS 0x0000000086000000| PB 0x0000000086000000| Complete 
|  57|0x0000000086100000, 0x0000000086200000, 0x0000000086200000|100%| O|  |TAMS 0x0000000086100000| PB 0x0000000086100000| Untracked 
|  58|0x0000000086200000, 0x0000000086300000, 0x0000000086300000|100%|HS|  |TAMS 0x0000000086200000| PB 0x0000000086200000| Complete 
|  59|0x0000000086300000, 0x0000000086400000, 0x0000000086400000|100%|HS|  |TAMS 0x0000000086300000| PB 0x0000000086300000| Complete 
|  60|0x0000000086400000, 0x0000000086500000, 0x0000000086500000|100%|HS|  |TAMS 0x0000000086400000| PB 0x0000000086400000| Complete 
|  61|0x0000000086500000, 0x0000000086600000, 0x0000000086600000|100%|HS|  |TAMS 0x0000000086500000| PB 0x0000000086500000| Complete 
|  62|0x0000000086600000, 0x0000000086700000, 0x0000000086700000|100%|HS|  |TAMS 0x0000000086600000| PB 0x0000000086600000| Complete 
|  63|0x0000000086700000, 0x0000000086800000, 0x0000000086800000|100%|HS|  |TAMS 0x0000000086700000| PB 0x0000000086700000| Complete 
|  64|0x0000000086800000, 0x0000000086900000, 0x0000000086900000|100%|HS|  |TAMS 0x0000000086800000| PB 0x0000000086800000| Complete 
|  65|0x0000000086900000, 0x0000000086a00000, 0x0000000086a00000|100%|HS|  |TAMS 0x0000000086900000| PB 0x0000000086900000| Complete 
|  66|0x0000000086a00000, 0x0000000086b00000, 0x0000000086b00000|100%|HS|  |TAMS 0x0000000086a00000| PB 0x0000000086a00000| Complete 
|  67|0x0000000086b00000, 0x0000000086c00000, 0x0000000086c00000|100%|HS|  |TAMS 0x0000000086b00000| PB 0x0000000086b00000| Complete 
|  68|0x0000000086c00000, 0x0000000086d00000, 0x0000000086d00000|100%|HS|  |TAMS 0x0000000086c00000| PB 0x0000000086c00000| Complete 
|  69|0x0000000086d00000, 0x0000000086e00000, 0x0000000086e00000|100%|HS|  |TAMS 0x0000000086d00000| PB 0x0000000086d00000| Complete 
|  70|0x0000000086e00000, 0x0000000086f00000, 0x0000000086f00000|100%|HS|  |TAMS 0x0000000086e00000| PB 0x0000000086e00000| Complete 
|  71|0x0000000086f00000, 0x0000000087000000, 0x0000000087000000|100%|HS|  |TAMS 0x0000000086f00000| PB 0x0000000086f00000| Complete 
|  72|0x0000000087000000, 0x0000000087100000, 0x0000000087100000|100%|HS|  |TAMS 0x0000000087000000| PB 0x0000000087000000| Complete 
|  73|0x0000000087100000, 0x0000000087200000, 0x0000000087200000|100%|HS|  |TAMS 0x0000000087100000| PB 0x0000000087100000| Complete 
|  74|0x0000000087200000, 0x0000000087300000, 0x0000000087300000|100%|HS|  |TAMS 0x0000000087200000| PB 0x0000000087200000| Complete 
|  75|0x0000000087300000, 0x0000000087400000, 0x0000000087400000|100%|HS|  |TAMS 0x0000000087300000| PB 0x0000000087300000| Complete 
|  76|0x0000000087400000, 0x0000000087500000, 0x0000000087500000|100%|HS|  |TAMS 0x0000000087400000| PB 0x0000000087400000| Complete 
|  77|0x0000000087500000, 0x0000000087600000, 0x0000000087600000|100%|HS|  |TAMS 0x0000000087500000| PB 0x0000000087500000| Complete 
|  78|0x0000000087600000, 0x0000000087700000, 0x0000000087700000|100%|HS|  |TAMS 0x0000000087600000| PB 0x0000000087600000| Complete 
|  79|0x0000000087700000, 0x0000000087800000, 0x0000000087800000|100%|HS|  |TAMS 0x0000000087700000| PB 0x0000000087700000| Complete 
|  80|0x0000000087800000, 0x0000000087900000, 0x0000000087900000|100%|HS|  |TAMS 0x0000000087800000| PB 0x0000000087800000| Complete 
|  81|0x0000000087900000, 0x0000000087a00000, 0x0000000087a00000|100%|HS|  |TAMS 0x0000000087900000| PB 0x0000000087900000| Complete 
|  82|0x0000000087a00000, 0x0000000087b00000, 0x0000000087b00000|100%|HS|  |TAMS 0x0000000087a00000| PB 0x0000000087a00000| Complete 
|  83|0x0000000087b00000, 0x0000000087c00000, 0x0000000087c00000|100%|HS|  |TAMS 0x0000000087b00000| PB 0x0000000087b00000| Complete 
|  84|0x0000000087c00000, 0x0000000087d00000, 0x0000000087d00000|100%|HS|  |TAMS 0x0000000087c00000| PB 0x0000000087c00000| Complete 
|  85|0x0000000087d00000, 0x0000000087e00000, 0x0000000087e00000|100%|HS|  |TAMS 0x0000000087d00000| PB 0x0000000087d00000| Complete 
|  86|0x0000000087e00000, 0x0000000087f00000, 0x0000000087f00000|100%|HS|  |TAMS 0x0000000087e00000| PB 0x0000000087e00000| Complete 
|  87|0x0000000087f00000, 0x0000000088000000, 0x0000000088000000|100%|HS|  |TAMS 0x0000000087f00000| PB 0x0000000087f00000| Complete 
|  88|0x0000000088000000, 0x0000000088100000, 0x0000000088100000|100%|HS|  |TAMS 0x0000000088000000| PB 0x0000000088000000| Complete 
|  89|0x0000000088100000, 0x0000000088200000, 0x0000000088200000|100%|HS|  |TAMS 0x0000000088100000| PB 0x0000000088100000| Complete 
|  90|0x0000000088200000, 0x0000000088300000, 0x0000000088300000|100%|HS|  |TAMS 0x0000000088200000| PB 0x0000000088200000| Complete 
|  91|0x0000000088300000, 0x0000000088400000, 0x0000000088400000|100%|HS|  |TAMS 0x0000000088300000| PB 0x0000000088300000| Complete 
|  92|0x0000000088400000, 0x0000000088500000, 0x0000000088500000|100%|HS|  |TAMS 0x0000000088400000| PB 0x0000000088400000| Complete 
|  93|0x0000000088500000, 0x0000000088600000, 0x0000000088600000|100%|HS|  |TAMS 0x0000000088500000| PB 0x0000000088500000| Complete 
|  94|0x0000000088600000, 0x0000000088700000, 0x0000000088700000|100%|HS|  |TAMS 0x0000000088600000| PB 0x0000000088600000| Complete 
|  95|0x0000000088700000, 0x0000000088800000, 0x0000000088800000|100%|HS|  |TAMS 0x0000000088700000| PB 0x0000000088700000| Complete 
|  96|0x0000000088800000, 0x0000000088900000, 0x0000000088900000|100%|HS|  |TAMS 0x0000000088800000| PB 0x0000000088800000| Complete 
|  97|0x0000000088900000, 0x0000000088a00000, 0x0000000088a00000|100%|HS|  |TAMS 0x0000000088900000| PB 0x0000000088900000| Complete 
|  98|0x0000000088a00000, 0x0000000088b00000, 0x0000000088b00000|100%|HS|  |TAMS 0x0000000088a00000| PB 0x0000000088a00000| Complete 
|  99|0x0000000088b00000, 0x0000000088c00000, 0x0000000088c00000|100%|HS|  |TAMS 0x0000000088b00000| PB 0x0000000088b00000| Complete 
| 100|0x0000000088c00000, 0x0000000088d00000, 0x0000000088d00000|100%|HS|  |TAMS 0x0000000088c00000| PB 0x0000000088c00000| Complete 
| 101|0x0000000088d00000, 0x0000000088e00000, 0x0000000088e00000|100%|HS|  |TAMS 0x0000000088d00000| PB 0x0000000088d00000| Complete 
| 102|0x0000000088e00000, 0x0000000088f00000, 0x0000000088f00000|100%|HS|  |TAMS 0x0000000088e00000| PB 0x0000000088e00000| Complete 
| 103|0x0000000088f00000, 0x0000000089000000, 0x0000000089000000|100%|HS|  |TAMS 0x0000000088f00000| PB 0x0000000088f00000| Complete 
| 104|0x0000000089000000, 0x0000000089100000, 0x0000000089100000|100%|HS|  |TAMS 0x0000000089000000| PB 0x0000000089000000| Complete 
| 105|0x0000000089100000, 0x0000000089200000, 0x0000000089200000|100%|HS|  |TAMS 0x0000000089100000| PB 0x0000000089100000| Complete 
| 106|0x0000000089200000, 0x0000000089300000, 0x0000000089300000|100%|HS|  |TAMS 0x0000000089200000| PB 0x0000000089200000| Complete 
| 107|0x0000000089300000, 0x0000000089400000, 0x0000000089400000|100%|HS|  |TAMS 0x0000000089300000| PB 0x0000000089300000| Complete 
| 108|0x0000000089400000, 0x0000000089500000, 0x0000000089500000|100%|HS|  |TAMS 0x0000000089400000| PB 0x0000000089400000| Complete 
| 109|0x0000000089500000, 0x0000000089600000, 0x0000000089600000|100%|HS|  |TAMS 0x0000000089500000| PB 0x0000000089500000| Complete 
| 110|0x0000000089600000, 0x0000000089700000, 0x0000000089700000|100%|HS|  |TAMS 0x0000000089600000| PB 0x0000000089600000| Complete 
| 111|0x0000000089700000, 0x0000000089800000, 0x0000000089800000|100%|HS|  |TAMS 0x0000000089700000| PB 0x0000000089700000| Complete 
| 112|0x0000000089800000, 0x0000000089900000, 0x0000000089900000|100%|HS|  |TAMS 0x0000000089800000| PB 0x0000000089800000| Complete 
| 113|0x0000000089900000, 0x0000000089a00000, 0x0000000089a00000|100%|HS|  |TAMS 0x0000000089900000| PB 0x0000000089900000| Complete 
| 114|0x0000000089a00000, 0x0000000089b00000, 0x0000000089b00000|100%|HS|  |TAMS 0x0000000089a00000| PB 0x0000000089a00000| Complete 
| 115|0x0000000089b00000, 0x0000000089c00000, 0x0000000089c00000|100%|HS|  |TAMS 0x0000000089b00000| PB 0x0000000089b00000| Complete 
| 116|0x0000000089c00000, 0x0000000089d00000, 0x0000000089d00000|100%|HS|  |TAMS 0x0000000089c00000| PB 0x0000000089c00000| Complete 
| 117|0x0000000089d00000, 0x0000000089e00000, 0x0000000089e00000|100%|HS|  |TAMS 0x0000000089d00000| PB 0x0000000089d00000| Complete 
| 118|0x0000000089e00000, 0x0000000089f00000, 0x0000000089f00000|100%|HS|  |TAMS 0x0000000089e00000| PB 0x0000000089e00000| Complete 
| 119|0x0000000089f00000, 0x000000008a000000, 0x000000008a000000|100%|HS|  |TAMS 0x0000000089f00000| PB 0x0000000089f00000| Complete 
| 120|0x000000008a000000, 0x000000008a100000, 0x000000008a100000|100%|HS|  |TAMS 0x000000008a000000| PB 0x000000008a000000| Complete 
| 121|0x000000008a100000, 0x000000008a200000, 0x000000008a200000|100%|HS|  |TAMS 0x000000008a100000| PB 0x000000008a100000| Complete 
| 122|0x000000008a200000, 0x000000008a300000, 0x000000008a300000|100%|HS|  |TAMS 0x000000008a200000| PB 0x000000008a200000| Complete 
| 123|0x000000008a300000, 0x000000008a400000, 0x000000008a400000|100%|HS|  |TAMS 0x000000008a300000| PB 0x000000008a300000| Complete 
| 124|0x000000008a400000, 0x000000008a500000, 0x000000008a500000|100%|HS|  |TAMS 0x000000008a400000| PB 0x000000008a400000| Complete 
| 125|0x000000008a500000, 0x000000008a600000, 0x000000008a600000|100%|HS|  |TAMS 0x000000008a500000| PB 0x000000008a500000| Complete 
| 126|0x000000008a600000, 0x000000008a700000, 0x000000008a700000|100%|HS|  |TAMS 0x000000008a600000| PB 0x000000008a600000| Complete 
| 127|0x000000008a700000, 0x000000008a800000, 0x000000008a800000|100%|HS|  |TAMS 0x000000008a700000| PB 0x000000008a700000| Complete 
| 128|0x000000008a800000, 0x000000008a900000, 0x000000008a900000|100%|HS|  |TAMS 0x000000008a800000| PB 0x000000008a800000| Complete 
| 129|0x000000008a900000, 0x000000008aa00000, 0x000000008aa00000|100%|HS|  |TAMS 0x000000008a900000| PB 0x000000008a900000| Complete 
| 130|0x000000008aa00000, 0x000000008ab00000, 0x000000008ab00000|100%|HS|  |TAMS 0x000000008aa00000| PB 0x000000008aa00000| Complete 
| 131|0x000000008ab00000, 0x000000008ac00000, 0x000000008ac00000|100%|HS|  |TAMS 0x000000008ab00000| PB 0x000000008ab00000| Complete 
| 132|0x000000008ac00000, 0x000000008ad00000, 0x000000008ad00000|100%|HS|  |TAMS 0x000000008ac00000| PB 0x000000008ac00000| Complete 
| 133|0x000000008ad00000, 0x000000008ae00000, 0x000000008ae00000|100%|HS|  |TAMS 0x000000008ad00000| PB 0x000000008ad00000| Complete 
| 134|0x000000008ae00000, 0x000000008af00000, 0x000000008af00000|100%|HS|  |TAMS 0x000000008ae00000| PB 0x000000008ae00000| Complete 
| 135|0x000000008af00000, 0x000000008b000000, 0x000000008b000000|100%|HS|  |TAMS 0x000000008af00000| PB 0x000000008af00000| Complete 
| 136|0x000000008b000000, 0x000000008b100000, 0x000000008b100000|100%|HS|  |TAMS 0x000000008b000000| PB 0x000000008b000000| Complete 
| 137|0x000000008b100000, 0x000000008b100000, 0x000000008b200000|  0%| F|  |TAMS 0x000000008b100000| PB 0x000000008b100000| Untracked 
| 138|0x000000008b200000, 0x000000008b300000, 0x000000008b300000|100%|HS|  |TAMS 0x000000008b200000| PB 0x000000008b200000| Complete 
| 139|0x000000008b300000, 0x000000008b400000, 0x000000008b400000|100%|HS|  |TAMS 0x000000008b300000| PB 0x000000008b300000| Complete 
| 140|0x000000008b400000, 0x000000008b500000, 0x000000008b500000|100%|HS|  |TAMS 0x000000008b400000| PB 0x000000008b400000| Complete 
| 141|0x000000008b500000, 0x000000008b600000, 0x000000008b600000|100%|HS|  |TAMS 0x000000008b500000| PB 0x000000008b500000| Complete 
| 142|0x000000008b600000, 0x000000008b700000, 0x000000008b700000|100%|HS|  |TAMS 0x000000008b600000| PB 0x000000008b600000| Complete 
| 143|0x000000008b700000, 0x000000008b800000, 0x000000008b800000|100%|HS|  |TAMS 0x000000008b700000| PB 0x000000008b700000| Complete 
| 144|0x000000008b800000, 0x000000008b900000, 0x000000008b900000|100%|HS|  |TAMS 0x000000008b800000| PB 0x000000008b800000| Complete 
| 145|0x000000008b900000, 0x000000008ba00000, 0x000000008ba00000|100%|HS|  |TAMS 0x000000008b900000| PB 0x000000008b900000| Complete 
| 146|0x000000008ba00000, 0x000000008bb00000, 0x000000008bb00000|100%|HS|  |TAMS 0x000000008ba00000| PB 0x000000008ba00000| Complete 
| 147|0x000000008bb00000, 0x000000008bc00000, 0x000000008bc00000|100%|HS|  |TAMS 0x000000008bb00000| PB 0x000000008bb00000| Complete 
| 148|0x000000008bc00000, 0x000000008bd00000, 0x000000008bd00000|100%|HS|  |TAMS 0x000000008bc00000| PB 0x000000008bc00000| Complete 
| 149|0x000000008bd00000, 0x000000008be00000, 0x000000008be00000|100%|HS|  |TAMS 0x000000008bd00000| PB 0x000000008bd00000| Complete 
| 150|0x000000008be00000, 0x000000008bf00000, 0x000000008bf00000|100%|HS|  |TAMS 0x000000008be00000| PB 0x000000008be00000| Complete 
| 151|0x000000008bf00000, 0x000000008c000000, 0x000000008c000000|100%|HS|  |TAMS 0x000000008bf00000| PB 0x000000008bf00000| Complete 
| 152|0x000000008c000000, 0x000000008c100000, 0x000000008c100000|100%|HS|  |TAMS 0x000000008c000000| PB 0x000000008c000000| Complete 
| 153|0x000000008c100000, 0x000000008c200000, 0x000000008c200000|100%|HS|  |TAMS 0x000000008c100000| PB 0x000000008c100000| Complete 
| 154|0x000000008c200000, 0x000000008c300000, 0x000000008c300000|100%|HS|  |TAMS 0x000000008c200000| PB 0x000000008c200000| Complete 
| 155|0x000000008c300000, 0x000000008c400000, 0x000000008c400000|100%|HS|  |TAMS 0x000000008c300000| PB 0x000000008c300000| Complete 
| 156|0x000000008c400000, 0x000000008c500000, 0x000000008c500000|100%|HC|  |TAMS 0x000000008c400000| PB 0x000000008c400000| Complete 
| 157|0x000000008c500000, 0x000000008c600000, 0x000000008c600000|100%|HS|  |TAMS 0x000000008c500000| PB 0x000000008c500000| Complete 
| 158|0x000000008c600000, 0x000000008c700000, 0x000000008c700000|100%|HC|  |TAMS 0x000000008c600000| PB 0x000000008c600000| Complete 
| 159|0x000000008c700000, 0x000000008c800000, 0x000000008c800000|100%|HS|  |TAMS 0x000000008c700000| PB 0x000000008c700000| Complete 
| 160|0x000000008c800000, 0x000000008c900000, 0x000000008c900000|100%|HC|  |TAMS 0x000000008c800000| PB 0x000000008c800000| Complete 
| 161|0x000000008c900000, 0x000000008c900000, 0x000000008ca00000|  0%| F|  |TAMS 0x000000008c900000| PB 0x000000008c900000| Untracked 
| 162|0x000000008ca00000, 0x000000008ca00000, 0x000000008cb00000|  0%| F|  |TAMS 0x000000008ca00000| PB 0x000000008ca00000| Untracked 
| 163|0x000000008cb00000, 0x000000008cb00000, 0x000000008cc00000|  0%| F|  |TAMS 0x000000008cb00000| PB 0x000000008cb00000| Untracked 
| 164|0x000000008cc00000, 0x000000008cc00000, 0x000000008cd00000|  0%| F|  |TAMS 0x000000008cc00000| PB 0x000000008cc00000| Untracked 
| 165|0x000000008cd00000, 0x000000008cd00000, 0x000000008ce00000|  0%| F|  |TAMS 0x000000008cd00000| PB 0x000000008cd00000| Untracked 
| 166|0x000000008ce00000, 0x000000008ce00000, 0x000000008cf00000|  0%| F|  |TAMS 0x000000008ce00000| PB 0x000000008ce00000| Untracked 
| 167|0x000000008cf00000, 0x000000008cf00000, 0x000000008d000000|  0%| F|  |TAMS 0x000000008cf00000| PB 0x000000008cf00000| Untracked 
| 168|0x000000008d000000, 0x000000008d000000, 0x000000008d100000|  0%| F|  |TAMS 0x000000008d000000| PB 0x000000008d000000| Untracked 
| 169|0x000000008d100000, 0x000000008d100000, 0x000000008d200000|  0%| F|  |TAMS 0x000000008d100000| PB 0x000000008d100000| Untracked 
| 170|0x000000008d200000, 0x000000008d200000, 0x000000008d300000|  0%| F|  |TAMS 0x000000008d200000| PB 0x000000008d200000| Untracked 
| 171|0x000000008d300000, 0x000000008d300000, 0x000000008d400000|  0%| F|  |TAMS 0x000000008d300000| PB 0x000000008d300000| Untracked 
| 172|0x000000008d400000, 0x000000008d400000, 0x000000008d500000|  0%| F|  |TAMS 0x000000008d400000| PB 0x000000008d400000| Untracked 
| 173|0x000000008d500000, 0x000000008d500000, 0x000000008d600000|  0%| F|  |TAMS 0x000000008d500000| PB 0x000000008d500000| Untracked 
| 174|0x000000008d600000, 0x000000008d600000, 0x000000008d700000|  0%| F|  |TAMS 0x000000008d600000| PB 0x000000008d600000| Untracked 
| 175|0x000000008d700000, 0x000000008d800000, 0x000000008d800000|100%| E|  |TAMS 0x000000008d700000| PB 0x000000008d700000| Complete 
| 176|0x000000008d800000, 0x000000008d900000, 0x000000008d900000|100%| E|  |TAMS 0x000000008d800000| PB 0x000000008d800000| Complete 
| 177|0x000000008d900000, 0x000000008da00000, 0x000000008da00000|100%| E|CS|TAMS 0x000000008d900000| PB 0x000000008d900000| Complete 
| 178|0x000000008da00000, 0x000000008db00000, 0x000000008db00000|100%| E|CS|TAMS 0x000000008da00000| PB 0x000000008da00000| Complete 
| 179|0x000000008db00000, 0x000000008dc00000, 0x000000008dc00000|100%| E|CS|TAMS 0x000000008db00000| PB 0x000000008db00000| Complete 
| 180|0x000000008dc00000, 0x000000008dd00000, 0x000000008dd00000|100%| E|CS|TAMS 0x000000008dc00000| PB 0x000000008dc00000| Complete 
| 181|0x000000008dd00000, 0x000000008de00000, 0x000000008de00000|100%| E|CS|TAMS 0x000000008dd00000| PB 0x000000008dd00000| Complete 
| 182|0x000000008de00000, 0x000000008df00000, 0x000000008df00000|100%| E|CS|TAMS 0x000000008de00000| PB 0x000000008de00000| Complete 
| 183|0x000000008df00000, 0x000000008e000000, 0x000000008e000000|100%| E|CS|TAMS 0x000000008df00000| PB 0x000000008df00000| Complete 
| 184|0x000000008e000000, 0x000000008e100000, 0x000000008e100000|100%| E|CS|TAMS 0x000000008e000000| PB 0x000000008e000000| Complete 
| 185|0x000000008e100000, 0x000000008e200000, 0x000000008e200000|100%| E|CS|TAMS 0x000000008e100000| PB 0x000000008e100000| Complete 
| 186|0x000000008e200000, 0x000000008e300000, 0x000000008e300000|100%| E|CS|TAMS 0x000000008e200000| PB 0x000000008e200000| Complete 
| 187|0x000000008e300000, 0x000000008e400000, 0x000000008e400000|100%| E|CS|TAMS 0x000000008e300000| PB 0x000000008e300000| Complete 
| 188|0x000000008e400000, 0x000000008e500000, 0x000000008e500000|100%| E|CS|TAMS 0x000000008e400000| PB 0x000000008e400000| Complete 
| 189|0x000000008e500000, 0x000000008e600000, 0x000000008e600000|100%| E|CS|TAMS 0x000000008e500000| PB 0x000000008e500000| Complete 
| 190|0x000000008e600000, 0x000000008e700000, 0x000000008e700000|100%| E|CS|TAMS 0x000000008e600000| PB 0x000000008e600000| Complete 
| 191|0x000000008e700000, 0x000000008e800000, 0x000000008e800000|100%| E|CS|TAMS 0x000000008e700000| PB 0x000000008e700000| Complete 
| 192|0x000000008e800000, 0x000000008e900000, 0x000000008e900000|100%| E|CS|TAMS 0x000000008e800000| PB 0x000000008e800000| Complete 
| 193|0x000000008e900000, 0x000000008ea00000, 0x000000008ea00000|100%| E|CS|TAMS 0x000000008e900000| PB 0x000000008e900000| Complete 
| 194|0x000000008ea00000, 0x000000008eb00000, 0x000000008eb00000|100%| E|CS|TAMS 0x000000008ea00000| PB 0x000000008ea00000| Complete 
| 195|0x000000008eb00000, 0x000000008ec00000, 0x000000008ec00000|100%| E|CS|TAMS 0x000000008eb00000| PB 0x000000008eb00000| Complete 
| 196|0x000000008ec00000, 0x000000008ed00000, 0x000000008ed00000|100%| E|CS|TAMS 0x000000008ec00000| PB 0x000000008ec00000| Complete 
| 197|0x000000008ed00000, 0x000000008ee00000, 0x000000008ee00000|100%| E|CS|TAMS 0x000000008ed00000| PB 0x000000008ed00000| Complete 
| 198|0x000000008ee00000, 0x000000008ef00000, 0x000000008ef00000|100%| E|CS|TAMS 0x000000008ee00000| PB 0x000000008ee00000| Complete 
| 199|0x000000008ef00000, 0x000000008f000000, 0x000000008f000000|100%| E|CS|TAMS 0x000000008ef00000| PB 0x000000008ef00000| Complete 
| 200|0x000000008f000000, 0x000000008f100000, 0x000000008f100000|100%| E|CS|TAMS 0x000000008f000000| PB 0x000000008f000000| Complete 
| 201|0x000000008f100000, 0x000000008f200000, 0x000000008f200000|100%| E|CS|TAMS 0x000000008f100000| PB 0x000000008f100000| Complete 
| 202|0x000000008f200000, 0x000000008f300000, 0x000000008f300000|100%| E|CS|TAMS 0x000000008f200000| PB 0x000000008f200000| Complete 
| 203|0x000000008f300000, 0x000000008f400000, 0x000000008f400000|100%| E|CS|TAMS 0x000000008f300000| PB 0x000000008f300000| Complete 
| 204|0x000000008f400000, 0x000000008f500000, 0x000000008f500000|100%| E|CS|TAMS 0x000000008f400000| PB 0x000000008f400000| Complete 
| 205|0x000000008f500000, 0x000000008f600000, 0x000000008f600000|100%| E|CS|TAMS 0x000000008f500000| PB 0x000000008f500000| Complete 
| 206|0x000000008f600000, 0x000000008f700000, 0x000000008f700000|100%| E|CS|TAMS 0x000000008f600000| PB 0x000000008f600000| Complete 
| 207|0x000000008f700000, 0x000000008f800000, 0x000000008f800000|100%| E|CS|TAMS 0x000000008f700000| PB 0x000000008f700000| Complete 
| 208|0x000000008f800000, 0x000000008f900000, 0x000000008f900000|100%| E|CS|TAMS 0x000000008f800000| PB 0x000000008f800000| Complete 
| 209|0x000000008f900000, 0x000000008fa00000, 0x000000008fa00000|100%| E|CS|TAMS 0x000000008f900000| PB 0x000000008f900000| Complete 
| 210|0x000000008fa00000, 0x000000008fb00000, 0x000000008fb00000|100%| E|CS|TAMS 0x000000008fa00000| PB 0x000000008fa00000| Complete 
| 211|0x000000008fb00000, 0x000000008fc00000, 0x000000008fc00000|100%| E|CS|TAMS 0x000000008fb00000| PB 0x000000008fb00000| Complete 
| 212|0x000000008fc00000, 0x000000008fd00000, 0x000000008fd00000|100%| E|CS|TAMS 0x000000008fc00000| PB 0x000000008fc00000| Complete 
| 213|0x000000008fd00000, 0x000000008fe00000, 0x000000008fe00000|100%| E|CS|TAMS 0x000000008fd00000| PB 0x000000008fd00000| Complete 
| 214|0x000000008fe00000, 0x000000008ff00000, 0x000000008ff00000|100%| E|CS|TAMS 0x000000008fe00000| PB 0x000000008fe00000| Complete 
| 215|0x000000008ff00000, 0x0000000090000000, 0x0000000090000000|100%| E|CS|TAMS 0x000000008ff00000| PB 0x000000008ff00000| Complete 
| 216|0x0000000090000000, 0x0000000090100000, 0x0000000090100000|100%| E|CS|TAMS 0x0000000090000000| PB 0x0000000090000000| Complete 
| 217|0x0000000090100000, 0x0000000090200000, 0x0000000090200000|100%| E|CS|TAMS 0x0000000090100000| PB 0x0000000090100000| Complete 
| 218|0x0000000090200000, 0x0000000090300000, 0x0000000090300000|100%| E|CS|TAMS 0x0000000090200000| PB 0x0000000090200000| Complete 
| 219|0x0000000090300000, 0x0000000090400000, 0x0000000090400000|100%| E|CS|TAMS 0x0000000090300000| PB 0x0000000090300000| Complete 
| 220|0x0000000090400000, 0x0000000090500000, 0x0000000090500000|100%| E|CS|TAMS 0x0000000090400000| PB 0x0000000090400000| Complete 
| 221|0x0000000090500000, 0x0000000090600000, 0x0000000090600000|100%| E|CS|TAMS 0x0000000090500000| PB 0x0000000090500000| Complete 
| 222|0x0000000090600000, 0x0000000090700000, 0x0000000090700000|100%| E|CS|TAMS 0x0000000090600000| PB 0x0000000090600000| Complete 
| 223|0x0000000090700000, 0x0000000090800000, 0x0000000090800000|100%| E|CS|TAMS 0x0000000090700000| PB 0x0000000090700000| Complete 
| 224|0x0000000090800000, 0x0000000090900000, 0x0000000090900000|100%| E|CS|TAMS 0x0000000090800000| PB 0x0000000090800000| Complete 
| 225|0x0000000090900000, 0x0000000090a00000, 0x0000000090a00000|100%| E|CS|TAMS 0x0000000090900000| PB 0x0000000090900000| Complete 
| 226|0x0000000090a00000, 0x0000000090b00000, 0x0000000090b00000|100%| E|CS|TAMS 0x0000000090a00000| PB 0x0000000090a00000| Complete 
| 227|0x0000000090b00000, 0x0000000090c00000, 0x0000000090c00000|100%| E|CS|TAMS 0x0000000090b00000| PB 0x0000000090b00000| Complete 
| 228|0x0000000090c00000, 0x0000000090d00000, 0x0000000090d00000|100%| E|CS|TAMS 0x0000000090c00000| PB 0x0000000090c00000| Complete 
| 229|0x0000000090d00000, 0x0000000090e00000, 0x0000000090e00000|100%| E|CS|TAMS 0x0000000090d00000| PB 0x0000000090d00000| Complete 
| 230|0x0000000090e00000, 0x0000000090f00000, 0x0000000090f00000|100%| E|CS|TAMS 0x0000000090e00000| PB 0x0000000090e00000| Complete 
| 231|0x0000000090f00000, 0x0000000090f2fd00, 0x0000000091000000| 18%| S|CS|TAMS 0x0000000090f00000| PB 0x0000000090f00000| Complete 
| 232|0x0000000091000000, 0x0000000091100000, 0x0000000091100000|100%| E|CS|TAMS 0x0000000091000000| PB 0x0000000091000000| Complete 
| 233|0x0000000091100000, 0x0000000091200000, 0x0000000091200000|100%| E|CS|TAMS 0x0000000091100000| PB 0x0000000091100000| Complete 
| 234|0x0000000091200000, 0x0000000091300000, 0x0000000091300000|100%| E|CS|TAMS 0x0000000091200000| PB 0x0000000091200000| Complete 
|2003|0x00000000ffb00000, 0x00000000ffbadf88, 0x00000000ffc00000| 67%| O|  |TAMS 0x00000000ffb00000| PB 0x00000000ffb00000| Untracked 
|2004|0x00000000ffc00000, 0x00000000ffd00000, 0x00000000ffd00000|100%| O|  |TAMS 0x00000000ffc00000| PB 0x00000000ffc00000| Untracked 
|2005|0x00000000ffd00000, 0x00000000ffe00000, 0x00000000ffe00000|100%| O|  |TAMS 0x00000000ffd00000| PB 0x00000000ffd00000| Untracked 
|2006|0x00000000ffe00000, 0x00000000fff00000, 0x00000000fff00000|100%| O|  |TAMS 0x00000000ffe00000| PB 0x00000000ffe00000| Untracked 
|2007|0x00000000fff00000, 0x0000000100000000, 0x0000000100000000|100%| O|  |TAMS 0x00000000fff00000| PB 0x00000000fff00000| Untracked 

Card table byte_map: [0x00000195194f0000,0x00000195198e0000] _byte_map_base: 0x00000195190dc000

Marking Bits: (CMBitMap*) 0x000001957fe2abe0
 Bits: [0x00000195198e0000, 0x000001951b840000)

Polling page: 0x000001957f8f0000

Metaspace:

Usage:
  Non-class:     18.26 MB used.
      Class:      2.96 MB used.
       Both:     21.22 MB used.

Virtual space:
  Non-class space:       64.00 MB reserved,      18.44 MB ( 29%) committed,  1 nodes.
      Class space:        1.00 GB reserved,       3.12 MB ( <1%) committed,  1 nodes.
             Both:        1.06 GB reserved,      21.56 MB (  2%) committed. 

Chunk freelists:
   Non-Class:  12.89 MB
       Class:  12.77 MB
        Both:  25.66 MB

MaxMetaspaceSize: unlimited
CompressedClassSpaceSize: 1.00 GB
Initial GC threshold: 21.00 MB
Current GC threshold: 23.56 MB
CDS: on
 - commit_granule_bytes: 65536.
 - commit_granule_words: 8192.
 - virtual_space_node_default_size: 8388608.
 - enlarge_chunks_in_place: 1.
 - use_allocation_guard: 0.


Internal statistics:

num_allocs_failed_limit: 0.
num_arena_births: 402.
num_arena_deaths: 0.
num_vsnodes_births: 2.
num_vsnodes_deaths: 0.
num_space_committed: 345.
num_space_uncommitted: 0.
num_chunks_returned_to_freelist: 0.
num_chunks_taken_from_freelist: 1138.
num_chunk_merges: 0.
num_chunk_splits: 785.
num_chunks_enlarged: 579.
num_inconsistent_stats: 0.

CodeHeap 'non-profiled nmethods': size=120000Kb used=1374Kb max_used=1374Kb free=118625Kb
 bounds [0x0000019511260000, 0x00000195114d0000, 0x0000019518790000]
CodeHeap 'profiled nmethods': size=120000Kb used=7579Kb max_used=7579Kb free=112420Kb
 bounds [0x0000019509790000, 0x0000019509f00000, 0x0000019510cc0000]
CodeHeap 'non-nmethods': size=5760Kb used=1868Kb max_used=1868Kb free=3891Kb
 bounds [0x0000019510cc0000, 0x0000019510f30000, 0x0000019511260000]
 total_blobs=4693 nmethods=3825 adapters=772
 compilation: enabled
              stopped_count=0, restarted_count=0
 full_count=0

Compilation events (20 events):
Event: 7.192 Thread 0x000001951e3307d0 4017       3       jdk.internal.misc.Unsafe::getByte (7 bytes)
Event: 7.192 Thread 0x000001951e3307d0 nmethod 4017 0x0000019509ecd890 code [0x0000019509ecda20, 0x0000019509ecdb40]
Event: 7.192 Thread 0x000001951e3307d0 4022       3       com.sun.marlin.FloatMath::max (11 bytes)
Event: 7.193 Thread 0x000001951e3307d0 nmethod 4022 0x0000019509ecdc10 code [0x0000019509ecdda0, 0x0000019509ecdee0]
Event: 7.193 Thread 0x000001951e3307d0 4023       3       com.sun.marlin.FloatMath::min (11 bytes)
Event: 7.193 Thread 0x000001951e3307d0 nmethod 4023 0x0000019509ecdf90 code [0x0000019509ece120, 0x0000019509ece260]
Event: 7.193 Thread 0x000001951e3307d0 4024       3       com.sun.marlin.MaskMarlinAlphaConsumer::setAndClearRelativeAlphas (641 bytes)
Event: 7.198 Thread 0x000001951e3307d0 nmethod 4024 0x0000019509ece310 code [0x0000019509ece640, 0x0000019509ecff60]
Event: 7.207 Thread 0x000001951e3307d0 4025       1       com.sun.prism.paint.Color::getAlpha (5 bytes)
Event: 7.207 Thread 0x000001951e3307d0 nmethod 4025 0x00000195113af110 code [0x00000195113af2a0, 0x00000195113af368]
Event: 7.253 Thread 0x000001951e3307d0 4027       3       com.sun.javafx.geom.Point2D::<init> (15 bytes)
Event: 7.253 Thread 0x000001951e3307d0 nmethod 4027 0x0000019509ed0d10 code [0x0000019509ed0ec0, 0x0000019509ed1030]
Event: 7.283 Thread 0x000001951e3307d0 4028       1       com.sun.prism.impl.BaseContext::isDisposed (5 bytes)
Event: 7.283 Thread 0x000001951e3307d0 nmethod 4028 0x00000195113af410 code [0x00000195113af5a0, 0x00000195113af670]
Event: 7.283 Thread 0x000001951e3307d0 4029       1       java.nio.Buffer::capacity (5 bytes)
Event: 7.283 Thread 0x000001951e3307d0 nmethod 4029 0x00000195113af710 code [0x00000195113af8a0, 0x00000195113af968]
Event: 7.285 Thread 0x000001951e3307d0 4030       3       com.sun.javafx.font.directwrite.IUnknown::Release (26 bytes)
Event: 7.285 Thread 0x000001951e3307d0 nmethod 4030 0x0000019509ed1110 code [0x0000019509ed12c0, 0x0000019509ed1478]
Event: 7.286 Thread 0x000001951e3307d0 4032       1       com.sun.prism.PixelFormat::getDataType (5 bytes)
Event: 7.286 Thread 0x000001951e3307d0 nmethod 4032 0x00000195113afe10 code [0x00000195113affa0, 0x00000195113b0068]

GC Heap History (14 events):
Event: 1.207 GC heap before
{Heap before GC invocations=0 (full 0):
 garbage-first heap   total 129024K, used 22528K [0x0000000082800000, 0x0000000100000000)
  region size 1024K, 23 young (23552K), 0 survivors (0K)
 Metaspace       used 3961K, committed 4096K, reserved 1114112K
  class space    used 459K, committed 512K, reserved 1048576K
}
Event: 1.213 GC heap after
{Heap after GC invocations=1 (full 0):
 garbage-first heap   total 129024K, used 2730K [0x0000000082800000, 0x0000000100000000)
  region size 1024K, 3 young (3072K), 3 survivors (3072K)
 Metaspace       used 3961K, committed 4096K, reserved 1114112K
  class space    used 459K, committed 512K, reserved 1048576K
}
Event: 3.122 GC heap before
{Heap before GC invocations=1 (full 0):
 garbage-first heap   total 129024K, used 46762K [0x0000000082800000, 0x0000000100000000)
  region size 1024K, 37 young (37888K), 3 survivors (3072K)
 Metaspace       used 13502K, committed 13824K, reserved 1114112K
  class space    used 1670K, committed 1792K, reserved 1048576K
}
Event: 3.130 GC heap after
{Heap after GC invocations=2 (full 0):
 garbage-first heap   total 129024K, used 18883K [0x0000000082800000, 0x0000000100000000)
  region size 1024K, 5 young (5120K), 5 survivors (5120K)
 Metaspace       used 13502K, committed 13824K, reserved 1114112K
  class space    used 1670K, committed 1792K, reserved 1048576K
}
Event: 3.437 GC heap before
{Heap before GC invocations=2 (full 0):
 garbage-first heap   total 129024K, used 73155K [0x0000000082800000, 0x0000000100000000)
  region size 1024K, 18 young (18432K), 5 survivors (5120K)
 Metaspace       used 14183K, committed 14464K, reserved 1114112K
  class space    used 1785K, committed 1920K, reserved 1048576K
}
Event: 3.444 GC heap after
{Heap after GC invocations=3 (full 0):
 garbage-first heap   total 129024K, used 63615K [0x0000000082800000, 0x0000000100000000)
  region size 1024K, 5 young (5120K), 5 survivors (5120K)
 Metaspace       used 14183K, committed 14464K, reserved 1114112K
  class space    used 1785K, committed 1920K, reserved 1048576K
}
Event: 3.611 GC heap before
{Heap before GC invocations=4 (full 0):
 garbage-first heap   total 134144K, used 132223K [0x0000000082800000, 0x0000000100000000)
  region size 1024K, 15 young (15360K), 5 survivors (5120K)
 Metaspace       used 14183K, committed 14464K, reserved 1114112K
  class space    used 1785K, committed 1920K, reserved 1048576K
}
Event: 3.616 GC heap after
{Heap after GC invocations=5 (full 0):
 garbage-first heap   total 138240K, used 122796K [0x0000000082800000, 0x0000000100000000)
  region size 1024K, 1 young (1024K), 1 survivors (1024K)
 Metaspace       used 14183K, committed 14464K, reserved 1114112K
  class space    used 1785K, committed 1920K, reserved 1048576K
}
Event: 3.663 GC heap before
{Heap before GC invocations=5 (full 0):
 garbage-first heap   total 143360K, used 143276K [0x0000000082800000, 0x0000000100000000)
  region size 1024K, 4 young (4096K), 1 survivors (1024K)
 Metaspace       used 14183K, committed 14464K, reserved 1114112K
  class space    used 1785K, committed 1920K, reserved 1048576K
}
Event: 3.669 GC heap after
{Heap after GC invocations=6 (full 0):
 garbage-first heap   total 146432K, used 140047K [0x0000000082800000, 0x0000000100000000)
  region size 1024K, 1 young (1024K), 1 survivors (1024K)
 Metaspace       used 14183K, committed 14464K, reserved 1114112K
  class space    used 1785K, committed 1920K, reserved 1048576K
}
Event: 3.671 GC heap before
{Heap before GC invocations=6 (full 0):
 garbage-first heap   total 146432K, used 140047K [0x0000000082800000, 0x0000000100000000)
  region size 1024K, 2 young (2048K), 1 survivors (1024K)
 Metaspace       used 14183K, committed 14464K, reserved 1114112K
  class space    used 1785K, committed 1920K, reserved 1048576K
}
Event: 3.673 GC heap after
{Heap after GC invocations=7 (full 0):
 garbage-first heap   total 146432K, used 140156K [0x0000000082800000, 0x0000000100000000)
  region size 1024K, 1 young (1024K), 1 survivors (1024K)
 Metaspace       used 14183K, committed 14464K, reserved 1114112K
  class space    used 1785K, committed 1920K, reserved 1048576K
}
Event: 3.956 GC heap before
{Heap before GC invocations=8 (full 0):
 garbage-first heap   total 245760K, used 164732K [0x0000000082800000, 0x0000000100000000)
  region size 1024K, 5 young (5120K), 1 survivors (1024K)
 Metaspace       used 14279K, committed 14656K, reserved 1114112K
  class space    used 1820K, committed 1984K, reserved 1048576K
}
Event: 3.957 GC heap after
{Heap after GC invocations=9 (full 0):
 garbage-first heap   total 245760K, used 161655K [0x0000000082800000, 0x0000000100000000)
  region size 1024K, 1 young (1024K), 1 survivors (1024K)
 Metaspace       used 14279K, committed 14656K, reserved 1114112K
  class space    used 1820K, committed 1984K, reserved 1048576K
}

Dll operation events (20 events):
Event: 0.725 Loaded shared library C:\Users\Lenovo\.openjfx\cache\17\api-ms-win-crt-heap-l1-1-0.dll
Event: 0.730 Loaded shared library C:\Users\Lenovo\.openjfx\cache\17\api-ms-win-crt-locale-l1-1-0.dll
Event: 0.738 Loaded shared library C:\Users\Lenovo\.openjfx\cache\17\api-ms-win-crt-math-l1-1-0.dll
Event: 0.743 Loaded shared library C:\Users\Lenovo\.openjfx\cache\17\api-ms-win-crt-multibyte-l1-1-0.dll
Event: 0.749 Loaded shared library C:\Users\Lenovo\.openjfx\cache\17\api-ms-win-crt-private-l1-1-0.dll
Event: 0.755 Loaded shared library C:\Users\Lenovo\.openjfx\cache\17\api-ms-win-crt-process-l1-1-0.dll
Event: 0.760 Loaded shared library C:\Users\Lenovo\.openjfx\cache\17\api-ms-win-crt-runtime-l1-1-0.dll
Event: 0.767 Loaded shared library C:\Users\Lenovo\.openjfx\cache\17\api-ms-win-crt-stdio-l1-1-0.dll
Event: 0.773 Loaded shared library C:\Users\Lenovo\.openjfx\cache\17\api-ms-win-crt-string-l1-1-0.dll
Event: 0.777 Loaded shared library C:\Users\Lenovo\.openjfx\cache\17\api-ms-win-crt-time-l1-1-0.dll
Event: 0.782 Loaded shared library C:\Users\Lenovo\.openjfx\cache\17\api-ms-win-crt-utility-l1-1-0.dll
Event: 0.805 Loaded shared library C:\Users\Lenovo\.openjfx\cache\17\ucrtbase.dll
Event: 0.810 Loaded shared library C:\Users\Lenovo\.openjfx\cache\17\vcruntime140.dll
Event: 0.815 Loaded shared library C:\Users\Lenovo\.openjfx\cache\17\vcruntime140_1.dll
Event: 0.830 Loaded shared library C:\Users\Lenovo\.openjfx\cache\17\msvcp140.dll
Event: 0.918 Loaded shared library C:\Users\Lenovo\.openjfx\cache\17\prism_d3d.dll
Event: 1.039 Loaded shared library C:\Users\Lenovo\.openjfx\cache\17\glass.dll
Event: 1.206 Loaded shared library C:\Users\Lenovo\.jdks\openjdk-21\bin\jimage.dll
Event: 1.675 Loaded shared library C:\Users\Lenovo\.jdks\openjdk-21\bin\extnet.dll
Event: 2.348 Loaded shared library C:\Users\Lenovo\.openjfx\cache\17\javafx_font.dll

Deoptimization events (20 events):
Event: 6.588 Thread 0x000001951e301c50 Uncommon trap: trap_request=0xffffff45 fr.pc=0x00000195112ccf84 relative=0x00000000000007c4
Event: 6.588 Thread 0x000001951e301c50 Uncommon trap: reason=unstable_if action=reinterpret pc=0x00000195112ccf84 method=java.util.regex.Pattern$BmpCharPropertyGreedy.match(Ljava/util/regex/Matcher;ILjava/lang/CharSequence;)Z @ 12 c2
Event: 6.588 Thread 0x000001951e301c50 DEOPT PACKING pc=0x00000195112ccf84 sp=0x0000001dfb1fc490
Event: 6.588 Thread 0x000001951e301c50 DEOPT UNPACKING pc=0x0000019510d146a2 sp=0x0000001dfb1fc358 mode 2
Event: 6.840 Thread 0x000001951e301c50 Uncommon trap: trap_request=0xffffffde fr.pc=0x000001951139eeac relative=0x000000000000008c
Event: 6.840 Thread 0x000001951e301c50 Uncommon trap: reason=class_check action=maybe_recompile pc=0x000001951139eeac method=javafx.beans.property.DoublePropertyBase.get()D @ 23 c2
Event: 6.840 Thread 0x000001951e301c50 DEOPT PACKING pc=0x000001951139eeac sp=0x0000001dfb1fdeb0
Event: 6.840 Thread 0x000001951e301c50 DEOPT UNPACKING pc=0x0000019510d146a2 sp=0x0000001dfb1fde40 mode 2
Event: 6.840 Thread 0x000001951e301c50 Uncommon trap: trap_request=0xffffffde fr.pc=0x000001951139eeac relative=0x000000000000008c
Event: 6.840 Thread 0x000001951e301c50 Uncommon trap: reason=class_check action=maybe_recompile pc=0x000001951139eeac method=javafx.beans.property.DoublePropertyBase.get()D @ 23 c2
Event: 6.840 Thread 0x000001951e301c50 DEOPT PACKING pc=0x000001951139eeac sp=0x0000001dfb1fdeb0
Event: 6.840 Thread 0x000001951e301c50 DEOPT UNPACKING pc=0x0000019510d146a2 sp=0x0000001dfb1fde40 mode 2
Event: 6.840 Thread 0x000001951e301c50 Uncommon trap: trap_request=0xffffffde fr.pc=0x000001951139eeac relative=0x000000000000008c
Event: 6.840 Thread 0x000001951e301c50 Uncommon trap: reason=class_check action=maybe_recompile pc=0x000001951139eeac method=javafx.beans.property.DoublePropertyBase.get()D @ 23 c2
Event: 6.840 Thread 0x000001951e301c50 DEOPT PACKING pc=0x000001951139eeac sp=0x0000001dfb1fde40
Event: 6.840 Thread 0x000001951e301c50 DEOPT UNPACKING pc=0x0000019510d146a2 sp=0x0000001dfb1fddd0 mode 2
Event: 6.840 Thread 0x000001951e301c50 Uncommon trap: trap_request=0xffffffde fr.pc=0x000001951139eeac relative=0x000000000000008c
Event: 6.840 Thread 0x000001951e301c50 Uncommon trap: reason=class_check action=maybe_recompile pc=0x000001951139eeac method=javafx.beans.property.DoublePropertyBase.get()D @ 23 c2
Event: 6.840 Thread 0x000001951e301c50 DEOPT PACKING pc=0x000001951139eeac sp=0x0000001dfb1fd980
Event: 6.840 Thread 0x000001951e301c50 DEOPT UNPACKING pc=0x0000019510d146a2 sp=0x0000001dfb1fd910 mode 2

Classes loaded (20 events):
Event: 6.753 Loading class java/util/concurrent/ConcurrentLinkedQueue$Node
Event: 6.754 Loading class java/util/concurrent/ConcurrentLinkedQueue$Node done
Event: 6.982 Loading class java/lang/FdLibm$Acos
Event: 6.983 Loading class java/lang/FdLibm$Acos done
Event: 7.101 Loading class java/nio/ShortBuffer
Event: 7.102 Loading class java/nio/ShortBuffer done
Event: 7.102 Loading class java/nio/DoubleBuffer
Event: 7.104 Loading class java/nio/DoubleBuffer done
Event: 7.105 Loading class java/nio/DirectFloatBufferU
Event: 7.106 Loading class java/nio/DirectFloatBufferU done
Event: 7.138 Loading class jdk/internal/ref/CleanerImpl$InnocuousThreadFactory
Event: 7.139 Loading class jdk/internal/ref/CleanerImpl$InnocuousThreadFactory done
Event: 7.153 Loading class sun/misc/Unsafe
Event: 7.154 Loading class sun/misc/Unsafe done
Event: 7.154 Loading class java/lang/invoke/DirectMethodHandle$StaticAccessor
Event: 7.155 Loading class java/lang/invoke/DirectMethodHandle$StaticAccessor done
Event: 7.206 Loading class java/lang/FdLibm$Atan2
Event: 7.206 Loading class java/lang/FdLibm$Atan2 done
Event: 7.206 Loading class java/lang/FdLibm$Atan
Event: 7.206 Loading class java/lang/FdLibm$Atan done

Classes unloaded (0 events):
No events

Classes redefined (0 events):
No events

Internal exceptions (20 events):
Event: 6.442 Thread 0x000001951e301c50 Exception <a 'java/io/FileNotFoundException'{0x000000008dfc9920}> (0x000000008dfc9920) 
thrown [s\open\src\hotspot\share\prims\jni.cpp, line 520]
Event: 6.442 Thread 0x000001951e301c50 Exception <a 'java/io/FileNotFoundException'{0x000000008dfcaa08}> (0x000000008dfcaa08) 
thrown [s\open\src\hotspot\share\prims\jni.cpp, line 520]
Event: 6.442 Thread 0x000001951e301c50 Exception <a 'java/io/FileNotFoundException'{0x000000008dfcbad0}> (0x000000008dfcbad0) 
thrown [s\open\src\hotspot\share\prims\jni.cpp, line 520]
Event: 6.513 Thread 0x000001951e301c50 Exception <a 'java/lang/NoSuchMethodError'{0x000000008de692d8}: 'void java.lang.invoke.DirectMethodHandle$Holder.invokeSpecial(java.lang.Object, java.lang.Object, int, int)'> (0x000000008de692d8) 
thrown [s\open\src\hotspot\share\interpreter\linkResolver.cpp, line 773]
Event: 6.514 Thread 0x000001951e301c50 Exception <a 'java/lang/NoSuchMethodError'{0x000000008de6f0d0}: 'java.lang.Object java.lang.invoke.DirectMethodHandle$Holder.newInvokeSpecial(java.lang.Object, java.lang.Object, int, int)'> (0x000000008de6f0d0) 
thrown [s\open\src\hotspot\share\interpreter\linkResolver.cpp, line 773]
Event: 6.524 Thread 0x000001951e301c50 Exception <a 'java/lang/NoSuchMethodError'{0x000000008de73030}: 'java.lang.Object java.lang.invoke.DirectMethodHandle$Holder.invokeSpecial(java.lang.Object, java.lang.Object, java.lang.Object, int, int)'> (0x000000008de73030) 
thrown [s\open\src\hotspot\share\interpreter\linkResolver.cpp, line 773]
Event: 6.544 Thread 0x000001951e301c50 Exception <a 'java/io/FileNotFoundException'{0x000000008de893c8}> (0x000000008de893c8) 
thrown [s\open\src\hotspot\share\prims\jni.cpp, line 520]
Event: 6.545 Thread 0x000001951e301c50 Exception <a 'java/io/FileNotFoundException'{0x000000008de8a9f8}> (0x000000008de8a9f8) 
thrown [s\open\src\hotspot\share\prims\jni.cpp, line 520]
Event: 6.545 Thread 0x000001951e301c50 Exception <a 'java/io/FileNotFoundException'{0x000000008de8c040}> (0x000000008de8c040) 
thrown [s\open\src\hotspot\share\prims\jni.cpp, line 520]
Event: 6.545 Thread 0x000001951e301c50 Exception <a 'java/io/FileNotFoundException'{0x000000008de8d668}> (0x000000008de8d668) 
thrown [s\open\src\hotspot\share\prims\jni.cpp, line 520]
Event: 6.550 Thread 0x000001951e301c50 Exception <a 'java/io/FileNotFoundException'{0x000000008de9cb90}> (0x000000008de9cb90) 
thrown [s\open\src\hotspot\share\prims\jni.cpp, line 520]
Event: 6.550 Thread 0x000001951e301c50 Exception <a 'java/io/FileNotFoundException'{0x000000008de9e1c0}> (0x000000008de9e1c0) 
thrown [s\open\src\hotspot\share\prims\jni.cpp, line 520]
Event: 6.551 Thread 0x000001951e301c50 Exception <a 'java/io/FileNotFoundException'{0x000000008de9f808}> (0x000000008de9f808) 
thrown [s\open\src\hotspot\share\prims\jni.cpp, line 520]
Event: 6.552 Thread 0x000001951e301c50 Exception <a 'java/io/FileNotFoundException'{0x000000008dea0e30}> (0x000000008dea0e30) 
thrown [s\open\src\hotspot\share\prims\jni.cpp, line 520]
Event: 6.659 Thread 0x000001951e301c50 Exception <a 'java/lang/NoSuchMethodError'{0x000000008dd69bf0}: 'java.lang.Object java.lang.invoke.DirectMethodHandle$Holder.newInvokeSpecial(java.lang.Object, java.lang.Object, int)'> (0x000000008dd69bf0) 
thrown [s\open\src\hotspot\share\interpreter\linkResolver.cpp, line 773]
Event: 6.757 Thread 0x000001951e301c50 Exception <a 'java/lang/NoSuchMethodError'{0x000000008dc84d60}: 'long java.lang.invoke.DirectMethodHandle$Holder.invokeStatic(java.lang.Object, java.lang.Object, java.lang.Object)'> (0x000000008dc84d60) 
thrown [s\open\src\hotspot\share\interpreter\linkResolver.cpp, line 773]
Event: 6.758 Thread 0x000001951e301c50 Exception <a 'java/lang/NoSuchMethodError'{0x000000008dc88130}: 'long java.lang.invoke.DirectMethodHandle$Holder.invokeStaticInit(java.lang.Object, java.lang.Object, java.lang.Object)'> (0x000000008dc88130) 
thrown [s\open\src\hotspot\share\interpreter\linkResolver.cpp, line 773]
Event: 6.766 Thread 0x000001951e301c50 Exception <a 'java/lang/NoSuchMethodError'{0x000000008dc9cab0}: 'java.lang.Object java.lang.invoke.DirectMethodHandle$Holder.newInvokeSpecial(java.lang.Object, java.lang.Object, long)'> (0x000000008dc9cab0) 
thrown [s\open\src\hotspot\share\interpreter\linkResolver.cpp, line 773]
Event: 6.768 Thread 0x000001951e301c50 Exception <a 'java/lang/NoSuchMethodError'{0x000000008dca03a8}: 'java.lang.Object java.lang.invoke.Invokers$Holder.linkToTargetMethod(java.lang.Object, long, java.lang.Object)'> (0x000000008dca03a8) 
thrown [s\open\src\hotspot\share\interpreter\linkResolver.cpp, line 773]
Event: 7.026 Thread 0x000001951e3008a0 Exception <a 'java/lang/NoSuchMethodError'{0x000000008da4b598}: 'int java.lang.invoke.DirectMethodHandle$Holder.invokeStaticInit(java.lang.Object, java.lang.Object)'> (0x000000008da4b598) 
thrown [s\open\src\hotspot\share\interpreter\linkResolver.cpp, line 773]

ZGC Phase Switch (0 events):
No events

VM Operations (20 events):
Event: 4.260 Executing VM operation: HandshakeAllThreads (Deoptimize)
Event: 4.260 Executing VM operation: HandshakeAllThreads (Deoptimize) done
Event: 4.670 Executing VM operation: HandshakeAllThreads (Deoptimize)
Event: 4.670 Executing VM operation: HandshakeAllThreads (Deoptimize) done
Event: 4.829 Executing VM operation: ICBufferFull
Event: 4.830 Executing VM operation: ICBufferFull done
Event: 5.036 Executing VM operation: HandshakeAllThreads (Deoptimize)
Event: 5.036 Executing VM operation: HandshakeAllThreads (Deoptimize) done
Event: 5.193 Executing VM operation: HandshakeAllThreads (Deoptimize)
Event: 5.193 Executing VM operation: HandshakeAllThreads (Deoptimize) done
Event: 5.194 Executing VM operation: HandshakeAllThreads (Deoptimize)
Event: 5.194 Executing VM operation: HandshakeAllThreads (Deoptimize) done
Event: 5.493 Executing VM operation: ICBufferFull
Event: 5.493 Executing VM operation: ICBufferFull done
Event: 5.955 Executing VM operation: HandshakeAllThreads (Deoptimize)
Event: 5.955 Executing VM operation: HandshakeAllThreads (Deoptimize) done
Event: 6.067 Executing VM operation: ICBufferFull
Event: 6.067 Executing VM operation: ICBufferFull done
Event: 6.787 Executing VM operation: ICBufferFull
Event: 6.787 Executing VM operation: ICBufferFull done

Events (20 events):
Event: 3.690 Thread 0x000001951e2d1470 flushing nmethod 0x00000195112a9790
Event: 3.690 Thread 0x000001951e2d1470 flushing nmethod 0x00000195112a7b90
Event: 3.690 Thread 0x000001951e2d1470 flushing nmethod 0x00000195112b5090
Event: 3.690 Thread 0x000001951e2d1470 flushing nmethod 0x0000019511292890
Event: 3.690 Thread 0x000001951e2d1470 flushing nmethod 0x0000019511292590
Event: 3.690 Thread 0x000001951e2d1470 flushing nmethod 0x0000019511291110
Event: 3.690 Thread 0x000001951e2d1470 flushing nmethod 0x0000019511272910
Event: 3.690 Thread 0x000001951e2d1470 flushing nmethod 0x000001951127c490
Event: 3.690 Thread 0x000001951e2d1470 flushing nmethod 0x000001951126c910
Event: 3.690 Thread 0x000001951e2d1470 flushing nmethod 0x0000019511280a90
Event: 3.690 Thread 0x000001951e2d1470 flushing nmethod 0x0000019511277010
Event: 3.690 Thread 0x000001951e2d1470 flushing nmethod 0x000001951127aa10
Event: 3.690 Thread 0x000001951e2d1470 flushing nmethod 0x000001951126c610
Event: 3.690 Thread 0x000001951e2d1470 flushing nmethod 0x0000019511282c90
Event: 3.690 Thread 0x000001951e2d1470 flushing nmethod 0x0000019511276510
Event: 3.690 Thread 0x000001951e2d1470 flushing nmethod 0x0000019511270e90
Event: 3.690 Thread 0x000001951e2d1470 flushing nmethod 0x000001951126b990
Event: 3.690 Thread 0x000001951e2d1470 flushing nmethod 0x000001951126a690
Event: 3.690 Thread 0x000001951e2d1470 flushing nmethod 0x000001951126d590
Event: 7.140 Thread 0x00000195691b2640 Thread added: 0x00000195691b2640


Dynamic libraries:
0x00007ff613ec0000 - 0x00007ff613ece000 	C:\Users\Lenovo\.jdks\openjdk-21\bin\java.exe
0x00007ffa0a0b0000 - 0x00007ffa0a2a8000 	C:\Windows\SYSTEM32\ntdll.dll
0x00007ffa010b0000 - 0x00007ffa010c9000 	C:\Program Files\Avast Software\Avast\aswhook.dll
0x00007ffa08bb0000 - 0x00007ffa08c6d000 	C:\Windows\System32\KERNEL32.DLL
0x00007ffa07810000 - 0x00007ffa07b06000 	C:\Windows\System32\KERNELBASE.dll
0x00007ffa07e60000 - 0x00007ffa07f60000 	C:\Windows\System32\ucrtbase.dll
0x00007ff9e6da0000 - 0x00007ff9e6dbb000 	C:\Users\Lenovo\.jdks\openjdk-21\bin\VCRUNTIME140.dll
0x00007ff9e6dc0000 - 0x00007ff9e6dd8000 	C:\Users\Lenovo\.jdks\openjdk-21\bin\jli.dll
0x00007ffa09cc0000 - 0x00007ffa09e5f000 	C:\Windows\System32\USER32.dll
0x00007ffa080b0000 - 0x00007ffa080d2000 	C:\Windows\System32\win32u.dll
0x00007ff9f0da0000 - 0x00007ff9f103a000 	C:\Windows\WinSxS\amd64_microsoft.windows.common-controls_6595b64144ccf1df_6.0.19041.3636_none_60b6a03d71f818d5\COMCTL32.dll
0x00007ffa09420000 - 0x00007ffa0944b000 	C:\Windows\System32\GDI32.dll
0x00007ffa07d40000 - 0x00007ffa07e57000 	C:\Windows\System32\gdi32full.dll
0x00007ffa09460000 - 0x00007ffa094fe000 	C:\Windows\System32\msvcrt.dll
0x00007ffa07b10000 - 0x00007ffa07bad000 	C:\Windows\System32\msvcp_win.dll
0x00007ffa093e0000 - 0x00007ffa09412000 	C:\Windows\System32\IMM32.DLL
0x00007ff9e6d90000 - 0x00007ff9e6d9c000 	C:\Users\Lenovo\.jdks\openjdk-21\bin\vcruntime140_1.dll
0x00007ff9c5f70000 - 0x00007ff9c5ffe000 	C:\Users\Lenovo\.jdks\openjdk-21\bin\msvcp140.dll
0x00007ff9abc40000 - 0x00007ff9ac953000 	C:\Users\Lenovo\.jdks\openjdk-21\bin\server\jvm.dll
0x00007ffa09f20000 - 0x00007ffa09fd0000 	C:\Windows\System32\ADVAPI32.dll
0x00007ffa09fd0000 - 0x00007ffa0a070000 	C:\Windows\System32\sechost.dll
0x00007ffa09500000 - 0x00007ffa09623000 	C:\Windows\System32\RPCRT4.dll
0x00007ffa07d10000 - 0x00007ffa07d37000 	C:\Windows\System32\bcrypt.dll
0x00007ffa09310000 - 0x00007ffa0937b000 	C:\Windows\System32\WS2_32.dll
0x00007ffa06cf0000 - 0x00007ffa06d3b000 	C:\Windows\SYSTEM32\POWRPROF.dll
0x00007ffa01b90000 - 0x00007ffa01b9a000 	C:\Windows\SYSTEM32\VERSION.dll
0x00007ff9f11f0000 - 0x00007ff9f1217000 	C:\Windows\SYSTEM32\WINMM.dll
0x00007ffa06b60000 - 0x00007ffa06b72000 	C:\Windows\SYSTEM32\UMPDC.dll
0x00007ffa055f0000 - 0x00007ffa05602000 	C:\Windows\SYSTEM32\kernel.appcore.dll
0x00007ff9e6d80000 - 0x00007ff9e6d8a000 	C:\Users\Lenovo\.jdks\openjdk-21\bin\jimage.dll
0x00007ff9fdff0000 - 0x00007ff9fe1d4000 	C:\Windows\SYSTEM32\DBGHELP.DLL
0x00007ff9fe4a0000 - 0x00007ff9fe4d4000 	C:\Windows\SYSTEM32\dbgcore.DLL
0x00007ffa07fd0000 - 0x00007ffa08052000 	C:\Windows\System32\bcryptPrimitives.dll
0x00007ff9e24e0000 - 0x00007ff9e24ff000 	C:\Users\Lenovo\.jdks\openjdk-21\bin\java.dll
0x00007ffa08440000 - 0x00007ffa08bab000 	C:\Windows\System32\SHELL32.dll
0x00007ffa057f0000 - 0x00007ffa05f8e000 	C:\Windows\SYSTEM32\windows.storage.dll
0x00007ffa08c70000 - 0x00007ffa08fc3000 	C:\Windows\System32\combase.dll
0x00007ffa07190000 - 0x00007ffa071be000 	C:\Windows\SYSTEM32\Wldp.dll
0x00007ffa081c0000 - 0x00007ffa0828d000 	C:\Windows\System32\OLEAUT32.dll
0x00007ffa09e70000 - 0x00007ffa09f1d000 	C:\Windows\System32\SHCORE.dll
0x00007ffa09380000 - 0x00007ffa093d5000 	C:\Windows\System32\shlwapi.dll
0x00007ffa07690000 - 0x00007ffa076b3000 	C:\Windows\SYSTEM32\profapi.dll
0x00007ff9c5e90000 - 0x00007ff9c5f67000 	C:\Users\Lenovo\.jdks\openjdk-21\bin\jsvml.dll
0x00007ff9e6d60000 - 0x00007ff9e6d70000 	C:\Users\Lenovo\.jdks\openjdk-21\bin\net.dll
0x00007ff9fe590000 - 0x00007ff9fe69a000 	C:\Windows\SYSTEM32\WINHTTP.dll
0x00007ffa06ef0000 - 0x00007ffa06f5a000 	C:\Windows\system32\mswsock.dll
0x00007ff9dd7d0000 - 0x00007ff9dd7e6000 	C:\Users\Lenovo\.jdks\openjdk-21\bin\nio.dll
0x00007ff9e24b0000 - 0x00007ff9e24c8000 	C:\Users\Lenovo\.jdks\openjdk-21\bin\zip.dll
0x000001951e8a0000 - 0x000001951e8a3000 	C:\Users\Lenovo\.openjfx\cache\17\api-ms-win-core-console-l1-1-0.dll
0x000001951e8b0000 - 0x000001951e8b3000 	C:\Users\Lenovo\.openjfx\cache\17\api-ms-win-core-console-l1-2-0.dll
0x000001951e8c0000 - 0x000001951e8c3000 	C:\Users\Lenovo\.openjfx\cache\17\api-ms-win-core-datetime-l1-1-0.dll
0x000001951e8d0000 - 0x000001951e8d3000 	C:\Users\Lenovo\.openjfx\cache\17\api-ms-win-core-debug-l1-1-0.dll
0x000001951e8e0000 - 0x000001951e8e3000 	C:\Users\Lenovo\.openjfx\cache\17\api-ms-win-core-errorhandling-l1-1-0.dll
0x000001951e8f0000 - 0x000001951e8f4000 	C:\Users\Lenovo\.openjfx\cache\17\api-ms-win-core-file-l1-1-0.dll
0x000001951e900000 - 0x000001951e903000 	C:\Users\Lenovo\.openjfx\cache\17\api-ms-win-core-file-l1-2-0.dll
0x000001951e910000 - 0x000001951e913000 	C:\Users\Lenovo\.openjfx\cache\17\api-ms-win-core-file-l2-1-0.dll
0x000001951e920000 - 0x000001951e923000 	C:\Users\Lenovo\.openjfx\cache\17\api-ms-win-core-handle-l1-1-0.dll
0x000001951e930000 - 0x000001951e933000 	C:\Users\Lenovo\.openjfx\cache\17\api-ms-win-core-heap-l1-1-0.dll
0x000001951e940000 - 0x000001951e943000 	C:\Users\Lenovo\.openjfx\cache\17\api-ms-win-core-interlocked-l1-1-0.dll
0x000001951e950000 - 0x000001951e953000 	C:\Users\Lenovo\.openjfx\cache\17\api-ms-win-core-libraryloader-l1-1-0.dll
0x000001951e960000 - 0x000001951e963000 	C:\Users\Lenovo\.openjfx\cache\17\api-ms-win-core-localization-l1-2-0.dll
0x000001951e970000 - 0x000001951e973000 	C:\Users\Lenovo\.openjfx\cache\17\api-ms-win-core-memory-l1-1-0.dll
0x000001951e980000 - 0x000001951e983000 	C:\Users\Lenovo\.openjfx\cache\17\api-ms-win-core-namedpipe-l1-1-0.dll
0x000001951e990000 - 0x000001951e993000 	C:\Users\Lenovo\.openjfx\cache\17\api-ms-win-core-processenvironment-l1-1-0.dll
0x000001951e9a0000 - 0x000001951e9a3000 	C:\Users\Lenovo\.openjfx\cache\17\api-ms-win-core-processthreads-l1-1-0.dll
0x000001951e9b0000 - 0x000001951e9b3000 	C:\Users\Lenovo\.openjfx\cache\17\api-ms-win-core-processthreads-l1-1-1.dll
0x000001951e9c0000 - 0x000001951e9c3000 	C:\Users\Lenovo\.openjfx\cache\17\api-ms-win-core-profile-l1-1-0.dll
0x000001951e9d0000 - 0x000001951e9d3000 	C:\Users\Lenovo\.openjfx\cache\17\api-ms-win-core-rtlsupport-l1-1-0.dll
0x000001951e9e0000 - 0x000001951e9e3000 	C:\Users\Lenovo\.openjfx\cache\17\api-ms-win-core-string-l1-1-0.dll
0x000001951e9f0000 - 0x000001951e9f3000 	C:\Users\Lenovo\.openjfx\cache\17\api-ms-win-core-synch-l1-1-0.dll
0x000001951ea00000 - 0x000001951ea03000 	C:\Users\Lenovo\.openjfx\cache\17\api-ms-win-core-synch-l1-2-0.dll
0x000001951ea10000 - 0x000001951ea13000 	C:\Users\Lenovo\.openjfx\cache\17\api-ms-win-core-sysinfo-l1-1-0.dll
0x000001951ea20000 - 0x000001951ea23000 	C:\Users\Lenovo\.openjfx\cache\17\api-ms-win-core-timezone-l1-1-0.dll
0x000001951ea30000 - 0x000001951ea33000 	C:\Users\Lenovo\.openjfx\cache\17\api-ms-win-core-util-l1-1-0.dll
0x000001951ea40000 - 0x000001951ea43000 	C:\Users\Lenovo\.openjfx\cache\17\api-ms-win-crt-conio-l1-1-0.dll
0x000001951ea50000 - 0x000001951ea54000 	C:\Users\Lenovo\.openjfx\cache\17\api-ms-win-crt-convert-l1-1-0.dll
0x000001951ea60000 - 0x000001951ea63000 	C:\Users\Lenovo\.openjfx\cache\17\api-ms-win-crt-environment-l1-1-0.dll
0x000001951ea70000 - 0x000001951ea73000 	C:\Users\Lenovo\.openjfx\cache\17\api-ms-win-crt-filesystem-l1-1-0.dll
0x000001951ea80000 - 0x000001951ea83000 	C:\Users\Lenovo\.openjfx\cache\17\api-ms-win-crt-heap-l1-1-0.dll
0x000001951ea90000 - 0x000001951ea93000 	C:\Users\Lenovo\.openjfx\cache\17\api-ms-win-crt-locale-l1-1-0.dll
0x000001951eaa0000 - 0x000001951eaa5000 	C:\Users\Lenovo\.openjfx\cache\17\api-ms-win-crt-math-l1-1-0.dll
0x000001951eab0000 - 0x000001951eab5000 	C:\Users\Lenovo\.openjfx\cache\17\api-ms-win-crt-multibyte-l1-1-0.dll
0x000001951eac0000 - 0x000001951ead0000 	C:\Users\Lenovo\.openjfx\cache\17\api-ms-win-crt-private-l1-1-0.dll
0x000001951ead0000 - 0x000001951ead3000 	C:\Users\Lenovo\.openjfx\cache\17\api-ms-win-crt-process-l1-1-0.dll
0x000001951eae0000 - 0x000001951eae4000 	C:\Users\Lenovo\.openjfx\cache\17\api-ms-win-crt-runtime-l1-1-0.dll
0x000001951eaf0000 - 0x000001951eaf4000 	C:\Users\Lenovo\.openjfx\cache\17\api-ms-win-crt-stdio-l1-1-0.dll
0x000001951eb00000 - 0x000001951eb04000 	C:\Users\Lenovo\.openjfx\cache\17\api-ms-win-crt-string-l1-1-0.dll
0x000001951eb10000 - 0x000001951eb13000 	C:\Users\Lenovo\.openjfx\cache\17\api-ms-win-crt-time-l1-1-0.dll
0x000001951eb20000 - 0x000001951eb23000 	C:\Users\Lenovo\.openjfx\cache\17\api-ms-win-crt-utility-l1-1-0.dll
0x00007ff9c69a0000 - 0x00007ff9c6a9c000 	C:\Users\Lenovo\.openjfx\cache\17\ucrtbase.dll
0x00007ff9ea210000 - 0x00007ff9ea22a000 	C:\Users\Lenovo\.openjfx\cache\17\vcruntime140.dll
0x00007ffa01260000 - 0x00007ffa0126c000 	C:\Users\Lenovo\.openjfx\cache\17\vcruntime140_1.dll
0x00007ff9e2300000 - 0x00007ff9e238d000 	C:\Users\Lenovo\.openjfx\cache\17\msvcp140.dll
0x00007ff9e9500000 - 0x00007ff9e952a000 	C:\Users\Lenovo\.openjfx\cache\17\prism_d3d.dll
0x00007ff9fa060000 - 0x00007ff9fa22d000 	C:\Windows\system32\d3d9.dll
0x00007ffa05300000 - 0x00007ffa0532f000 	C:\Windows\SYSTEM32\dwmapi.dll
0x00007ffa05120000 - 0x00007ffa051be000 	C:\Windows\system32\uxtheme.dll
0x00007ff9c6db0000 - 0x00007ff9c6f15000 	C:\Windows\System32\DriverStore\FileRepository\iigd_dch.inf_amd64_4b31d9b38e2bb506\igdumdim64.dll
0x00007ffa09690000 - 0x00007ffa097bb000 	C:\Windows\System32\ole32.dll
0x00007ff9a6990000 - 0x00007ff9aa61b000 	C:\Windows\System32\DriverStore\FileRepository\iigd_dch.inf_amd64_4b31d9b38e2bb506\igd9dxva64.dll
0x00007ffa09850000 - 0x00007ffa09cbe000 	C:\Windows\System32\SETUPAPI.dll
0x00007ffa08060000 - 0x00007ffa080ae000 	C:\Windows\System32\cfgmgr32.dll
0x00007ff9f8c60000 - 0x00007ff9f8f96000 	C:\Windows\System32\DriverStore\FileRepository\iigd_dch.inf_amd64_4b31d9b38e2bb506\igdgmm64.dll
0x00007ff9e8af0000 - 0x00007ff9e8b32000 	C:\Users\Lenovo\.openjfx\cache\17\glass.dll
0x00007ffa091c0000 - 0x00007ffa0929a000 	C:\Windows\System32\COMDLG32.dll
0x00007ffa08fd0000 - 0x00007ffa090e5000 	C:\Windows\System32\MSCTF.dll
0x00007ff9b2440000 - 0x00007ff9b2467000 	C:\Windows\System32\DriverStore\FileRepository\iigd_dch.inf_amd64_4b31d9b38e2bb506\igdinfo64.dll
0x00007ffa070f0000 - 0x00007ffa07108000 	C:\Windows\SYSTEM32\CRYPTSP.dll
0x00007ffa067a0000 - 0x00007ffa067d4000 	C:\Windows\system32\rsaenh.dll
0x00007ffa070e0000 - 0x00007ffa070ec000 	C:\Windows\SYSTEM32\CRYPTBASE.dll
0x00007ff9f54f0000 - 0x00007ff9f827f000 	C:\Windows\System32\DriverStore\FileRepository\iigd_dch.inf_amd64_4b31d9b38e2bb506\igc64.dll
0x00007ff9fc570000 - 0x00007ff9fc5ab000 	C:\Windows\SYSTEM32\dxcore.dll
0x00007ffa06bc0000 - 0x00007ffa06c8b000 	C:\Windows\SYSTEM32\DNSAPI.dll
0x00007ffa06b80000 - 0x00007ffa06bbb000 	C:\Windows\SYSTEM32\IPHLPAPI.DLL
0x00007ffa09e60000 - 0x00007ffa09e68000 	C:\Windows\System32\NSI.dll
0x00007ff9feab0000 - 0x00007ff9feaba000 	C:\Windows\System32\rasadhlp.dll
0x00007ff9f42c0000 - 0x00007ff9f4340000 	C:\Windows\System32\fwpuclnt.dll
0x00007ff9e63e0000 - 0x00007ff9e63e7000 	C:\Users\Lenovo\.jdks\openjdk-21\bin\extnet.dll
0x00007ff9e9ec0000 - 0x00007ff9e9ed4000 	C:\Users\Lenovo\.openjfx\cache\17\javafx_font.dll
0x00007ff9f29f0000 - 0x00007ff9f2c6f000 	C:\Windows\SYSTEM32\dwrite.dll
0x00007ffa09110000 - 0x00007ffa091b9000 	C:\Windows\System32\clbcatq.dll
0x00007ffa000d0000 - 0x00007ffa00284000 	C:\Windows\SYSTEM32\WindowsCodecs.dll
0x00007ff9d11c0000 - 0x00007ff9d11fe000 	C:\Windows\system32\dataexchange.dll
0x00007ffa041e0000 - 0x00007ffa04443000 	C:\Windows\system32\d3d11.dll
0x00007ffa04480000 - 0x00007ffa04665000 	C:\Windows\system32\dcomp.dll
0x00007ffa05ff0000 - 0x00007ffa060e3000 	C:\Windows\system32\dxgi.dll
0x00007ffa00ac0000 - 0x00007ffa00cc3000 	C:\Windows\system32\twinapi.appcore.dll
0x00007ff9eac40000 - 0x00007ff9eac74000 	C:\Program Files\Common Files\Microsoft Shared\Ink\rtscom.dll

dbghelp: loaded successfully - version: 4.0.5 - missing functions: none
symbol engine: initialized successfully - sym options: 0x614 - pdb path: .;C:\Users\Lenovo\.jdks\openjdk-21\bin;C:\Windows\SYSTEM32;C:\Program Files\Avast Software\Avast;C:\Windows\WinSxS\amd64_microsoft.windows.common-controls_6595b64144ccf1df_6.0.19041.3636_none_60b6a03d71f818d5;C:\Users\Lenovo\.jdks\openjdk-21\bin\server;C:\Users\Lenovo\.openjfx\cache\17;C:\Windows\System32\DriverStore\FileRepository\iigd_dch.inf_amd64_4b31d9b38e2bb506;C:\Program Files\Common Files\Microsoft Shared\Ink

VM Arguments:
jvm_args: --module-path=C:\Users\Lenovo\.m2\repository\org\openjfx\javafx-base\17\javafx-base-17-win.jar;C:\Users\Lenovo\.m2\repository\org\openjfx\javafx-base\17\javafx-base-17.jar;C:\Users\Lenovo\.m2\repository\org\openjfx\javafx-controls\17\javafx-controls-17-win.jar;C:\Users\Lenovo\.m2\repository\org\openjfx\javafx-controls\17\javafx-controls-17.jar;C:\Users\Lenovo\.m2\repository\org\openjfx\javafx-fxml\20.0.1\javafx-fxml-20.0.1-win.jar;C:\Users\Lenovo\.m2\repository\org\openjfx\javafx-fxml\20.0.1\javafx-fxml-20.0.1.jar;C:\Users\Lenovo\.m2\repository\org\openjfx\javafx-graphics\17\javafx-graphics-17-win.jar;C:\Users\Lenovo\.m2\repository\org\openjfx\javafx-graphics\17\javafx-graphics-17.jar;C:\Users\Lenovo\.m2\repository\org\openjfx\javafx-media\20.0.2\javafx-media-20.0.2-win.jar;C:\Users\Lenovo\.m2\repository\org\openjfx\javafx-media\20.0.2\javafx-media-20.0.2.jar;C:\Users\Lenovo\.m2\repository\org\openjfx\javafx-web\20.0.2\javafx-web-20.0.2-win.jar;C:\Users\Lenovo\.m2\repository\org\openjfx\javafx-web\20.0.2\javafx-web-20.0.2.jar --add-modules=javafx.base,javafx.base,javafx.controls,javafx.controls,javafx.fxml,javafx.graphics,javafx.graphics,javafx.media,javafx.web 
java_command: test.Main
java_class_path (initial): C:\Users\Lenovo\Desktop\java\PIJAVA\target\classes;C:\Users\Lenovo\.m2\repository\com\beust\jcommander\1.78\jcommander-1.78.jar;C:\Users\Lenovo\.m2\repository\com\github\jai-imageio\jai-imageio-core\1.4.0\jai-imageio-core-1.4.0.jar;C:\Users\Lenovo\.m2\repository\com\google\protobuf\protobuf-java\3.21.9\protobuf-java-3.21.9.jar;C:\Users\Lenovo\.m2\repository\com\google\zxing\core\3.4.1\core-3.4.1.jar;C:\Users\Lenovo\.m2\repository\com\google\zxing\javase\3.4.1\javase-3.4.1.jar;C:\Users\Lenovo\.m2\repository\com\mysql\mysql-connector-j\8.0.33\mysql-connector-j-8.0.33.jar;C:\Users\Lenovo\.m2\repository\commons-logging\commons-logging\1.2\commons-logging-1.2.jar;C:\Users\Lenovo\.m2\repository\de\jensd\fontawesomefx-commons\9.1.2\fontawesomefx-commons-9.1.2.jar;C:\Users\Lenovo\.m2\repository\de\jensd\fontawesomefx-fontawesome\4.7.0-9.1.2\fontawesomefx-fontawesome-4.7.0-9.1.2.jar;C:\Users\Lenovo\.m2\repository\org\apache\pdfbox\fontbox\2.0.24\fontbox-2.0.24.jar;C:\Users\Lenovo\.m2\repository\org\apache\pdfbox\pdfbox\2.0.24\pdfbox-2.0.24.jar
Launcher Type: SUN_STANDARD

[Global flags]
     intx CICompilerCount                          = 4                                         {product} {ergonomic}
     uint ConcGCThreads                            = 2                                         {product} {ergonomic}
     uint G1ConcRefinementThreads                  = 8                                         {product} {ergonomic}
   size_t G1HeapRegionSize                         = 1048576                                   {product} {ergonomic}
    uintx GCDrainStackTargetSize                   = 64                                        {product} {ergonomic}
   size_t InitialHeapSize                          = 132120576                                 {product} {ergonomic}
   size_t MarkStackSize                            = 4194304                                   {product} {ergonomic}
   size_t MaxHeapSize                              = 2105540608                                {product} {ergonomic}
   size_t MaxNewSize                               = 1262485504                                {product} {ergonomic}
   size_t MinHeapDeltaBytes                        = 1048576                                   {product} {ergonomic}
   size_t MinHeapSize                              = 8388608                                   {product} {ergonomic}
    uintx NonNMethodCodeHeapSize                   = 5839372                                {pd product} {ergonomic}
    uintx NonProfiledCodeHeapSize                  = 122909434                              {pd product} {ergonomic}
    uintx ProfiledCodeHeapSize                     = 122909434                              {pd product} {ergonomic}
    uintx ReservedCodeCacheSize                    = 251658240                              {pd product} {ergonomic}
     bool SegmentedCodeCache                       = true                                      {product} {ergonomic}
   size_t SoftMaxHeapSize                          = 2105540608                             {manageable} {ergonomic}
     bool UseCompressedOops                        = true                           {product lp64_product} {ergonomic}
     bool UseG1GC                                  = true                                      {product} {ergonomic}
     bool UseLargePagesIndividualAllocation        = false                                  {pd product} {ergonomic}

Logging:
Log output configuration:
 #0: stdout all=warning uptime,level,tags foldmultilines=false
 #1: stderr all=off uptime,level,tags foldmultilines=false

Environment Variables:
PATH=C:\oraclexe\app\oracle\product\10.2.0\server\bin;C:\Program Files (x86)\VMware\VMware Player\bin\;C:\Windows\system32;C:\Windows;C:\Windows\System32\Wbem;C:\Windows\System32\WindowsPowerShell\v1.0\;C:\Windows\System32\OpenSSH\;C:\xampp\php;C:\Program Files\Git\cmd;C:\composer;C:\Users\Lenovo\AppData\Local\Programs\Python\Launcher\;C:\Users\Lenovo\scoop\shims;C:\Users\Lenovo\AppData\Local\Microsoft\WindowsApps;C:\Microsoft VS Code\bin;C:\Users\Lenovo\AppData\Roaming\Composer\vendor\bin;C:\Flex Windows\gcc\bin;C:\Flex Windows\Lex\bin;C:\Flex Windows\bison\bin
USERNAME=Lenovo
OS=Windows_NT
PROCESSOR_IDENTIFIER=Intel64 Family 6 Model 142 Stepping 12, GenuineIntel
TMP=C:\Users\Lenovo\AppData\Local\Temp
TEMP=C:\Users\Lenovo\AppData\Local\Temp




---------------  S Y S T E M  ---------------

OS:
 Windows 10 , 64 bit Build 19041 (10.0.19041.3636)
OS uptime: 2 days 22:07 hours

CPU: total 8 (initial active 8) (4 cores per cpu, 2 threads per core) family 6 model 142 stepping 12 microcode 0xde, cx8, cmov, fxsr, ht, mmx, 3dnowpref, sse, sse2, sse3, ssse3, sse4.1, sse4.2, popcnt, lzcnt, tsc, tscinvbit, avx, avx2, aes, erms, clmul, bmi1, bmi2, adx, fma, vzeroupper, clflush, clflushopt, rdtscp, f16c
Processor Information for all 8 processors :
  Max Mhz: 2112, Current Mhz: 1609, Mhz Limit: 1605

Memory: 4k page, system-wide physical 8027M (68M free)
TotalPageFile size 32603M (AvailPageFile size 0M)
current process WorkingSet (physical memory assigned to process): 374M, peak: 374M
current process commit charge ("private bytes"): 430M, peak: 431M

vm_info: OpenJDK 64-Bit Server VM (21+35-2513) for windows-amd64 JRE (21+35-2513), built on 2023-08-09T20:25:10Z by "mach5one" with MS VC++ 17.1 (VS2022)

END.
